[0.059s] DEBUG:colcon:Command line arguments: ['/usr/bin/colcon', 'build']
[0.059s] DEBUG:colcon:Parsed command line arguments: Namespace(log_base=None, log_level=None, verb_name='build', build_base='build', install_base='install', merge_install=False, symlink_install=False, test_result_base=None, continue_on_error=False, executor='parallel', parallel_workers=4, event_handlers=None, ignore_user_meta=False, metas=['./colcon.meta'], base_paths=['.'], packages_ignore=None, packages_ignore_regex=None, paths=None, packages_up_to=None, packages_up_to_regex=None, packages_above=None, packages_above_and_dependencies=None, packages_above_depth=None, packages_select_by_dep=None, packages_skip_by_dep=None, packages_skip_up_to=None, packages_select_build_failed=False, packages_skip_build_finished=False, packages_select_test_failures=False, packages_skip_test_passed=False, packages_select=None, packages_skip=None, packages_select_regex=None, packages_skip_regex=None, packages_start=None, packages_end=None, allow_overriding=[], cmake_args=None, cmake_target=None, cmake_target_skip_unavailable=False, cmake_clean_cache=False, cmake_clean_first=False, cmake_force_configure=False, ament_cmake_args=None, catkin_cmake_args=None, catkin_skip_building_tests=False, mixin_files=None, mixin=None, verb_parser=<colcon_mixin.mixin.mixin_argument.MixinArgumentDecorator object at 0xffff8cd1f070>, verb_extension=<colcon_core.verb.build.BuildVerb object at 0xffff8ccdc820>, main=<bound method BuildVerb.main of <colcon_core.verb.build.BuildVerb object at 0xffff8ccdc820>>, mixin_verb=('build',))
[0.139s] Level 1:colcon.colcon_core.package_discovery:discover_packages(colcon_meta) check parameters
[0.139s] Level 1:colcon.colcon_core.package_discovery:discover_packages(recursive) check parameters
[0.139s] Level 1:colcon.colcon_core.package_discovery:discover_packages(ignore) check parameters
[0.139s] Level 1:colcon.colcon_core.package_discovery:discover_packages(path) check parameters
[0.139s] Level 1:colcon.colcon_core.package_discovery:discover_packages(colcon_meta) discover
[0.139s] Level 1:colcon.colcon_core.package_discovery:discover_packages(recursive) discover
[0.139s] INFO:colcon.colcon_core.package_discovery:Crawling recursively for packages in '/home/abhinandan/ROS2-projects/manipulation'
[0.139s] Level 1:colcon.colcon_core.package_identification:_identify(.) by extensions ['ignore', 'ignore_ament_install']
[0.139s] Level 1:colcon.colcon_core.package_identification:_identify(.) by extension 'ignore'
[0.139s] Level 1:colcon.colcon_core.package_identification:_identify(.) by extension 'ignore_ament_install'
[0.139s] Level 1:colcon.colcon_core.package_identification:_identify(.) by extensions ['colcon_pkg']
[0.139s] Level 1:colcon.colcon_core.package_identification:_identify(.) by extension 'colcon_pkg'
[0.139s] Level 1:colcon.colcon_core.package_identification:_identify(.) by extensions ['colcon_meta']
[0.139s] Level 1:colcon.colcon_core.package_identification:_identify(.) by extension 'colcon_meta'
[0.139s] Level 1:colcon.colcon_core.package_identification:_identify(.) by extensions ['ros']
[0.139s] Level 1:colcon.colcon_core.package_identification:_identify(.) by extension 'ros'
[0.145s] Level 1:colcon.colcon_core.package_identification:_identify(.) by extensions ['cmake', 'python']
[0.145s] Level 1:colcon.colcon_core.package_identification:_identify(.) by extension 'cmake'
[0.145s] Level 1:colcon.colcon_core.package_identification:_identify(.) by extension 'python'
[0.145s] Level 1:colcon.colcon_core.package_identification:_identify(.) by extensions ['python_setup_py']
[0.145s] Level 1:colcon.colcon_core.package_identification:_identify(.) by extension 'python_setup_py'
[0.145s] Level 1:colcon.colcon_core.package_identification:_identify(build) by extensions ['ignore', 'ignore_ament_install']
[0.145s] Level 1:colcon.colcon_core.package_identification:_identify(build) by extension 'ignore'
[0.145s] Level 1:colcon.colcon_core.package_identification:_identify(build) ignored
[0.145s] Level 1:colcon.colcon_core.package_identification:_identify(install) by extensions ['ignore', 'ignore_ament_install']
[0.145s] Level 1:colcon.colcon_core.package_identification:_identify(install) by extension 'ignore'
[0.145s] Level 1:colcon.colcon_core.package_identification:_identify(install) ignored
[0.145s] Level 1:colcon.colcon_core.package_identification:_identify(log) by extensions ['ignore', 'ignore_ament_install']
[0.145s] Level 1:colcon.colcon_core.package_identification:_identify(log) by extension 'ignore'
[0.145s] Level 1:colcon.colcon_core.package_identification:_identify(log) ignored
[0.145s] Level 1:colcon.colcon_core.package_identification:_identify(src) by extensions ['ignore', 'ignore_ament_install']
[0.145s] Level 1:colcon.colcon_core.package_identification:_identify(src) by extension 'ignore'
[0.145s] Level 1:colcon.colcon_core.package_identification:_identify(src) by extension 'ignore_ament_install'
[0.145s] Level 1:colcon.colcon_core.package_identification:_identify(src) by extensions ['colcon_pkg']
[0.145s] Level 1:colcon.colcon_core.package_identification:_identify(src) by extension 'colcon_pkg'
[0.145s] Level 1:colcon.colcon_core.package_identification:_identify(src) by extensions ['colcon_meta']
[0.145s] Level 1:colcon.colcon_core.package_identification:_identify(src) by extension 'colcon_meta'
[0.145s] Level 1:colcon.colcon_core.package_identification:_identify(src) by extensions ['ros']
[0.145s] Level 1:colcon.colcon_core.package_identification:_identify(src) by extension 'ros'
[0.146s] Level 1:colcon.colcon_core.package_identification:_identify(src) by extensions ['cmake', 'python']
[0.146s] Level 1:colcon.colcon_core.package_identification:_identify(src) by extension 'cmake'
[0.146s] Level 1:colcon.colcon_core.package_identification:_identify(src) by extension 'python'
[0.146s] Level 1:colcon.colcon_core.package_identification:_identify(src) by extensions ['python_setup_py']
[0.146s] Level 1:colcon.colcon_core.package_identification:_identify(src) by extension 'python_setup_py'
[0.146s] Level 1:colcon.colcon_core.package_identification:_identify(src/arduinobot_controller) by extensions ['ignore', 'ignore_ament_install']
[0.146s] Level 1:colcon.colcon_core.package_identification:_identify(src/arduinobot_controller) by extension 'ignore'
[0.146s] Level 1:colcon.colcon_core.package_identification:_identify(src/arduinobot_controller) by extension 'ignore_ament_install'
[0.146s] Level 1:colcon.colcon_core.package_identification:_identify(src/arduinobot_controller) by extensions ['colcon_pkg']
[0.146s] Level 1:colcon.colcon_core.package_identification:_identify(src/arduinobot_controller) by extension 'colcon_pkg'
[0.146s] Level 1:colcon.colcon_core.package_identification:_identify(src/arduinobot_controller) by extensions ['colcon_meta']
[0.146s] Level 1:colcon.colcon_core.package_identification:_identify(src/arduinobot_controller) by extension 'colcon_meta'
[0.146s] Level 1:colcon.colcon_core.package_identification:_identify(src/arduinobot_controller) by extensions ['ros']
[0.146s] Level 1:colcon.colcon_core.package_identification:_identify(src/arduinobot_controller) by extension 'ros'
[0.147s] DEBUG:colcon.colcon_core.package_identification:Package 'src/arduinobot_controller' with type 'ros.ament_cmake' and name 'arduinobot_controller'
[0.147s] Level 1:colcon.colcon_core.package_identification:_identify(src/arduinobot_cpp_examples) by extensions ['ignore', 'ignore_ament_install']
[0.147s] Level 1:colcon.colcon_core.package_identification:_identify(src/arduinobot_cpp_examples) by extension 'ignore'
[0.147s] Level 1:colcon.colcon_core.package_identification:_identify(src/arduinobot_cpp_examples) by extension 'ignore_ament_install'
[0.147s] Level 1:colcon.colcon_core.package_identification:_identify(src/arduinobot_cpp_examples) by extensions ['colcon_pkg']
[0.147s] Level 1:colcon.colcon_core.package_identification:_identify(src/arduinobot_cpp_examples) by extension 'colcon_pkg'
[0.147s] Level 1:colcon.colcon_core.package_identification:_identify(src/arduinobot_cpp_examples) by extensions ['colcon_meta']
[0.147s] Level 1:colcon.colcon_core.package_identification:_identify(src/arduinobot_cpp_examples) by extension 'colcon_meta'
[0.147s] Level 1:colcon.colcon_core.package_identification:_identify(src/arduinobot_cpp_examples) by extensions ['ros']
[0.147s] Level 1:colcon.colcon_core.package_identification:_identify(src/arduinobot_cpp_examples) by extension 'ros'
[0.147s] DEBUG:colcon.colcon_core.package_identification:Package 'src/arduinobot_cpp_examples' with type 'ros.ament_cmake' and name 'arduinobot_cpp_examples'
[0.147s] Level 1:colcon.colcon_core.package_identification:_identify(src/arduinobot_description) by extensions ['ignore', 'ignore_ament_install']
[0.147s] Level 1:colcon.colcon_core.package_identification:_identify(src/arduinobot_description) by extension 'ignore'
[0.147s] Level 1:colcon.colcon_core.package_identification:_identify(src/arduinobot_description) by extension 'ignore_ament_install'
[0.147s] Level 1:colcon.colcon_core.package_identification:_identify(src/arduinobot_description) by extensions ['colcon_pkg']
[0.147s] Level 1:colcon.colcon_core.package_identification:_identify(src/arduinobot_description) by extension 'colcon_pkg'
[0.147s] Level 1:colcon.colcon_core.package_identification:_identify(src/arduinobot_description) by extensions ['colcon_meta']
[0.147s] Level 1:colcon.colcon_core.package_identification:_identify(src/arduinobot_description) by extension 'colcon_meta'
[0.147s] Level 1:colcon.colcon_core.package_identification:_identify(src/arduinobot_description) by extensions ['ros']
[0.147s] Level 1:colcon.colcon_core.package_identification:_identify(src/arduinobot_description) by extension 'ros'
[0.153s] DEBUG:colcon.colcon_core.package_identification:Package 'src/arduinobot_description' with type 'ros.ament_cmake' and name 'arduinobot_description'
[0.153s] Level 1:colcon.colcon_core.package_identification:_identify(src/arduinobot_messages) by extensions ['ignore', 'ignore_ament_install']
[0.153s] Level 1:colcon.colcon_core.package_identification:_identify(src/arduinobot_messages) by extension 'ignore'
[0.153s] Level 1:colcon.colcon_core.package_identification:_identify(src/arduinobot_messages) by extension 'ignore_ament_install'
[0.153s] Level 1:colcon.colcon_core.package_identification:_identify(src/arduinobot_messages) by extensions ['colcon_pkg']
[0.153s] Level 1:colcon.colcon_core.package_identification:_identify(src/arduinobot_messages) by extension 'colcon_pkg'
[0.153s] Level 1:colcon.colcon_core.package_identification:_identify(src/arduinobot_messages) by extensions ['colcon_meta']
[0.153s] Level 1:colcon.colcon_core.package_identification:_identify(src/arduinobot_messages) by extension 'colcon_meta'
[0.153s] Level 1:colcon.colcon_core.package_identification:_identify(src/arduinobot_messages) by extensions ['ros']
[0.153s] Level 1:colcon.colcon_core.package_identification:_identify(src/arduinobot_messages) by extension 'ros'
[0.153s] DEBUG:colcon.colcon_core.package_identification:Package 'src/arduinobot_messages' with type 'ros.ament_cmake' and name 'arduinobot_messages'
[0.153s] Level 1:colcon.colcon_core.package_identification:_identify(src/arduinobot_py_examples) by extensions ['ignore', 'ignore_ament_install']
[0.153s] Level 1:colcon.colcon_core.package_identification:_identify(src/arduinobot_py_examples) by extension 'ignore'
[0.153s] Level 1:colcon.colcon_core.package_identification:_identify(src/arduinobot_py_examples) by extension 'ignore_ament_install'
[0.153s] Level 1:colcon.colcon_core.package_identification:_identify(src/arduinobot_py_examples) by extensions ['colcon_pkg']
[0.153s] Level 1:colcon.colcon_core.package_identification:_identify(src/arduinobot_py_examples) by extension 'colcon_pkg'
[0.153s] Level 1:colcon.colcon_core.package_identification:_identify(src/arduinobot_py_examples) by extensions ['colcon_meta']
[0.153s] Level 1:colcon.colcon_core.package_identification:_identify(src/arduinobot_py_examples) by extension 'colcon_meta'
[0.153s] Level 1:colcon.colcon_core.package_identification:_identify(src/arduinobot_py_examples) by extensions ['ros']
[0.153s] Level 1:colcon.colcon_core.package_identification:_identify(src/arduinobot_py_examples) by extension 'ros'
[0.154s] DEBUG:colcon.colcon_core.package_identification:Package 'src/arduinobot_py_examples' with type 'ros.ament_python' and name 'arduinobot_py_examples'
[0.154s] Level 1:colcon.colcon_core.package_identification:_identify(src/arduinobot_utils) by extensions ['ignore', 'ignore_ament_install']
[0.154s] Level 1:colcon.colcon_core.package_identification:_identify(src/arduinobot_utils) by extension 'ignore'
[0.154s] Level 1:colcon.colcon_core.package_identification:_identify(src/arduinobot_utils) by extension 'ignore_ament_install'
[0.154s] Level 1:colcon.colcon_core.package_identification:_identify(src/arduinobot_utils) by extensions ['colcon_pkg']
[0.154s] Level 1:colcon.colcon_core.package_identification:_identify(src/arduinobot_utils) by extension 'colcon_pkg'
[0.154s] Level 1:colcon.colcon_core.package_identification:_identify(src/arduinobot_utils) by extensions ['colcon_meta']
[0.154s] Level 1:colcon.colcon_core.package_identification:_identify(src/arduinobot_utils) by extension 'colcon_meta'
[0.154s] Level 1:colcon.colcon_core.package_identification:_identify(src/arduinobot_utils) by extensions ['ros']
[0.154s] Level 1:colcon.colcon_core.package_identification:_identify(src/arduinobot_utils) by extension 'ros'
[0.154s] DEBUG:colcon.colcon_core.package_identification:Package 'src/arduinobot_utils' with type 'ros.ament_cmake' and name 'arduinobot_utils'
[0.154s] Level 1:colcon.colcon_core.package_discovery:discover_packages(recursive) using defaults
[0.154s] Level 1:colcon.colcon_core.package_discovery:discover_packages(ignore) discover
[0.154s] Level 1:colcon.colcon_core.package_discovery:discover_packages(ignore) using defaults
[0.154s] Level 1:colcon.colcon_core.package_discovery:discover_packages(path) discover
[0.154s] Level 1:colcon.colcon_core.package_discovery:discover_packages(path) using defaults
[0.166s] Level 1:colcon.colcon_core.package_discovery:discover_packages(prefix_path) check parameters
[0.166s] Level 1:colcon.colcon_core.package_discovery:discover_packages(prefix_path) discover
[0.167s] DEBUG:colcon.colcon_installed_package_information.package_discovery:Found 6 installed packages in /home/abhinandan/ROS2-projects/manipulation/install
[0.168s] DEBUG:colcon.colcon_installed_package_information.package_discovery:Found 405 installed packages in /opt/ros/humble
[0.170s] Level 1:colcon.colcon_core.package_discovery:discover_packages(prefix_path) using defaults
[0.201s] Level 5:colcon.colcon_core.verb:set package 'arduinobot_controller' build argument 'cmake_args' from command line to 'None'
[0.201s] Level 5:colcon.colcon_core.verb:set package 'arduinobot_controller' build argument 'cmake_target' from command line to 'None'
[0.201s] Level 5:colcon.colcon_core.verb:set package 'arduinobot_controller' build argument 'cmake_target_skip_unavailable' from command line to 'False'
[0.201s] Level 5:colcon.colcon_core.verb:set package 'arduinobot_controller' build argument 'cmake_clean_cache' from command line to 'False'
[0.201s] Level 5:colcon.colcon_core.verb:set package 'arduinobot_controller' build argument 'cmake_clean_first' from command line to 'False'
[0.201s] Level 5:colcon.colcon_core.verb:set package 'arduinobot_controller' build argument 'cmake_force_configure' from command line to 'False'
[0.201s] Level 5:colcon.colcon_core.verb:set package 'arduinobot_controller' build argument 'ament_cmake_args' from command line to 'None'
[0.201s] Level 5:colcon.colcon_core.verb:set package 'arduinobot_controller' build argument 'catkin_cmake_args' from command line to 'None'
[0.201s] Level 5:colcon.colcon_core.verb:set package 'arduinobot_controller' build argument 'catkin_skip_building_tests' from command line to 'False'
[0.201s] DEBUG:colcon.colcon_core.verb:Building package 'arduinobot_controller' with the following arguments: {'ament_cmake_args': None, 'build_base': '/home/abhinandan/ROS2-projects/manipulation/build/arduinobot_controller', 'catkin_cmake_args': None, 'catkin_skip_building_tests': False, 'cmake_args': None, 'cmake_clean_cache': False, 'cmake_clean_first': False, 'cmake_force_configure': False, 'cmake_target': None, 'cmake_target_skip_unavailable': False, 'install_base': '/home/abhinandan/ROS2-projects/manipulation/install/arduinobot_controller', 'merge_install': False, 'path': '/home/abhinandan/ROS2-projects/manipulation/src/arduinobot_controller', 'symlink_install': False, 'test_result_base': None}
[0.201s] Level 5:colcon.colcon_core.verb:set package 'arduinobot_cpp_examples' build argument 'cmake_args' from command line to 'None'
[0.201s] Level 5:colcon.colcon_core.verb:set package 'arduinobot_cpp_examples' build argument 'cmake_target' from command line to 'None'
[0.201s] Level 5:colcon.colcon_core.verb:set package 'arduinobot_cpp_examples' build argument 'cmake_target_skip_unavailable' from command line to 'False'
[0.201s] Level 5:colcon.colcon_core.verb:set package 'arduinobot_cpp_examples' build argument 'cmake_clean_cache' from command line to 'False'
[0.201s] Level 5:colcon.colcon_core.verb:set package 'arduinobot_cpp_examples' build argument 'cmake_clean_first' from command line to 'False'
[0.201s] Level 5:colcon.colcon_core.verb:set package 'arduinobot_cpp_examples' build argument 'cmake_force_configure' from command line to 'False'
[0.201s] Level 5:colcon.colcon_core.verb:set package 'arduinobot_cpp_examples' build argument 'ament_cmake_args' from command line to 'None'
[0.201s] Level 5:colcon.colcon_core.verb:set package 'arduinobot_cpp_examples' build argument 'catkin_cmake_args' from command line to 'None'
[0.201s] Level 5:colcon.colcon_core.verb:set package 'arduinobot_cpp_examples' build argument 'catkin_skip_building_tests' from command line to 'False'
[0.201s] DEBUG:colcon.colcon_core.verb:Building package 'arduinobot_cpp_examples' with the following arguments: {'ament_cmake_args': None, 'build_base': '/home/abhinandan/ROS2-projects/manipulation/build/arduinobot_cpp_examples', 'catkin_cmake_args': None, 'catkin_skip_building_tests': False, 'cmake_args': None, 'cmake_clean_cache': False, 'cmake_clean_first': False, 'cmake_force_configure': False, 'cmake_target': None, 'cmake_target_skip_unavailable': False, 'install_base': '/home/abhinandan/ROS2-projects/manipulation/install/arduinobot_cpp_examples', 'merge_install': False, 'path': '/home/abhinandan/ROS2-projects/manipulation/src/arduinobot_cpp_examples', 'symlink_install': False, 'test_result_base': None}
[0.201s] Level 5:colcon.colcon_core.verb:set package 'arduinobot_description' build argument 'cmake_args' from command line to 'None'
[0.201s] Level 5:colcon.colcon_core.verb:set package 'arduinobot_description' build argument 'cmake_target' from command line to 'None'
[0.201s] Level 5:colcon.colcon_core.verb:set package 'arduinobot_description' build argument 'cmake_target_skip_unavailable' from command line to 'False'
[0.201s] Level 5:colcon.colcon_core.verb:set package 'arduinobot_description' build argument 'cmake_clean_cache' from command line to 'False'
[0.201s] Level 5:colcon.colcon_core.verb:set package 'arduinobot_description' build argument 'cmake_clean_first' from command line to 'False'
[0.201s] Level 5:colcon.colcon_core.verb:set package 'arduinobot_description' build argument 'cmake_force_configure' from command line to 'False'
[0.201s] Level 5:colcon.colcon_core.verb:set package 'arduinobot_description' build argument 'ament_cmake_args' from command line to 'None'
[0.201s] Level 5:colcon.colcon_core.verb:set package 'arduinobot_description' build argument 'catkin_cmake_args' from command line to 'None'
[0.201s] Level 5:colcon.colcon_core.verb:set package 'arduinobot_description' build argument 'catkin_skip_building_tests' from command line to 'False'
[0.201s] DEBUG:colcon.colcon_core.verb:Building package 'arduinobot_description' with the following arguments: {'ament_cmake_args': None, 'build_base': '/home/abhinandan/ROS2-projects/manipulation/build/arduinobot_description', 'catkin_cmake_args': None, 'catkin_skip_building_tests': False, 'cmake_args': None, 'cmake_clean_cache': False, 'cmake_clean_first': False, 'cmake_force_configure': False, 'cmake_target': None, 'cmake_target_skip_unavailable': False, 'install_base': '/home/abhinandan/ROS2-projects/manipulation/install/arduinobot_description', 'merge_install': False, 'path': '/home/abhinandan/ROS2-projects/manipulation/src/arduinobot_description', 'symlink_install': False, 'test_result_base': None}
[0.201s] Level 5:colcon.colcon_core.verb:set package 'arduinobot_messages' build argument 'cmake_args' from command line to 'None'
[0.201s] Level 5:colcon.colcon_core.verb:set package 'arduinobot_messages' build argument 'cmake_target' from command line to 'None'
[0.201s] Level 5:colcon.colcon_core.verb:set package 'arduinobot_messages' build argument 'cmake_target_skip_unavailable' from command line to 'False'
[0.201s] Level 5:colcon.colcon_core.verb:set package 'arduinobot_messages' build argument 'cmake_clean_cache' from command line to 'False'
[0.201s] Level 5:colcon.colcon_core.verb:set package 'arduinobot_messages' build argument 'cmake_clean_first' from command line to 'False'
[0.201s] Level 5:colcon.colcon_core.verb:set package 'arduinobot_messages' build argument 'cmake_force_configure' from command line to 'False'
[0.201s] Level 5:colcon.colcon_core.verb:set package 'arduinobot_messages' build argument 'ament_cmake_args' from command line to 'None'
[0.201s] Level 5:colcon.colcon_core.verb:set package 'arduinobot_messages' build argument 'catkin_cmake_args' from command line to 'None'
[0.201s] Level 5:colcon.colcon_core.verb:set package 'arduinobot_messages' build argument 'catkin_skip_building_tests' from command line to 'False'
[0.201s] DEBUG:colcon.colcon_core.verb:Building package 'arduinobot_messages' with the following arguments: {'ament_cmake_args': None, 'build_base': '/home/abhinandan/ROS2-projects/manipulation/build/arduinobot_messages', 'catkin_cmake_args': None, 'catkin_skip_building_tests': False, 'cmake_args': None, 'cmake_clean_cache': False, 'cmake_clean_first': False, 'cmake_force_configure': False, 'cmake_target': None, 'cmake_target_skip_unavailable': False, 'install_base': '/home/abhinandan/ROS2-projects/manipulation/install/arduinobot_messages', 'merge_install': False, 'path': '/home/abhinandan/ROS2-projects/manipulation/src/arduinobot_messages', 'symlink_install': False, 'test_result_base': None}
[0.202s] Level 5:colcon.colcon_core.verb:set package 'arduinobot_py_examples' build argument 'cmake_args' from command line to 'None'
[0.202s] Level 5:colcon.colcon_core.verb:set package 'arduinobot_py_examples' build argument 'cmake_target' from command line to 'None'
[0.202s] Level 5:colcon.colcon_core.verb:set package 'arduinobot_py_examples' build argument 'cmake_target_skip_unavailable' from command line to 'False'
[0.202s] Level 5:colcon.colcon_core.verb:set package 'arduinobot_py_examples' build argument 'cmake_clean_cache' from command line to 'False'
[0.202s] Level 5:colcon.colcon_core.verb:set package 'arduinobot_py_examples' build argument 'cmake_clean_first' from command line to 'False'
[0.202s] Level 5:colcon.colcon_core.verb:set package 'arduinobot_py_examples' build argument 'cmake_force_configure' from command line to 'False'
[0.202s] Level 5:colcon.colcon_core.verb:set package 'arduinobot_py_examples' build argument 'ament_cmake_args' from command line to 'None'
[0.202s] Level 5:colcon.colcon_core.verb:set package 'arduinobot_py_examples' build argument 'catkin_cmake_args' from command line to 'None'
[0.202s] Level 5:colcon.colcon_core.verb:set package 'arduinobot_py_examples' build argument 'catkin_skip_building_tests' from command line to 'False'
[0.202s] DEBUG:colcon.colcon_core.verb:Building package 'arduinobot_py_examples' with the following arguments: {'ament_cmake_args': None, 'build_base': '/home/abhinandan/ROS2-projects/manipulation/build/arduinobot_py_examples', 'catkin_cmake_args': None, 'catkin_skip_building_tests': False, 'cmake_args': None, 'cmake_clean_cache': False, 'cmake_clean_first': False, 'cmake_force_configure': False, 'cmake_target': None, 'cmake_target_skip_unavailable': False, 'install_base': '/home/abhinandan/ROS2-projects/manipulation/install/arduinobot_py_examples', 'merge_install': False, 'path': '/home/abhinandan/ROS2-projects/manipulation/src/arduinobot_py_examples', 'symlink_install': False, 'test_result_base': None}
[0.202s] Level 5:colcon.colcon_core.verb:set package 'arduinobot_utils' build argument 'cmake_args' from command line to 'None'
[0.202s] Level 5:colcon.colcon_core.verb:set package 'arduinobot_utils' build argument 'cmake_target' from command line to 'None'
[0.202s] Level 5:colcon.colcon_core.verb:set package 'arduinobot_utils' build argument 'cmake_target_skip_unavailable' from command line to 'False'
[0.202s] Level 5:colcon.colcon_core.verb:set package 'arduinobot_utils' build argument 'cmake_clean_cache' from command line to 'False'
[0.202s] Level 5:colcon.colcon_core.verb:set package 'arduinobot_utils' build argument 'cmake_clean_first' from command line to 'False'
[0.202s] Level 5:colcon.colcon_core.verb:set package 'arduinobot_utils' build argument 'cmake_force_configure' from command line to 'False'
[0.202s] Level 5:colcon.colcon_core.verb:set package 'arduinobot_utils' build argument 'ament_cmake_args' from command line to 'None'
[0.202s] Level 5:colcon.colcon_core.verb:set package 'arduinobot_utils' build argument 'catkin_cmake_args' from command line to 'None'
[0.202s] Level 5:colcon.colcon_core.verb:set package 'arduinobot_utils' build argument 'catkin_skip_building_tests' from command line to 'False'
[0.202s] DEBUG:colcon.colcon_core.verb:Building package 'arduinobot_utils' with the following arguments: {'ament_cmake_args': None, 'build_base': '/home/abhinandan/ROS2-projects/manipulation/build/arduinobot_utils', 'catkin_cmake_args': None, 'catkin_skip_building_tests': False, 'cmake_args': None, 'cmake_clean_cache': False, 'cmake_clean_first': False, 'cmake_force_configure': False, 'cmake_target': None, 'cmake_target_skip_unavailable': False, 'install_base': '/home/abhinandan/ROS2-projects/manipulation/install/arduinobot_utils', 'merge_install': False, 'path': '/home/abhinandan/ROS2-projects/manipulation/src/arduinobot_utils', 'symlink_install': False, 'test_result_base': None}
[0.202s] INFO:colcon.colcon_core.executor:Executing jobs using 'parallel' executor
[0.203s] DEBUG:colcon.colcon_parallel_executor.executor.parallel:run_until_complete
[0.203s] INFO:colcon.colcon_ros.task.ament_cmake.build:Building ROS package in '/home/abhinandan/ROS2-projects/manipulation/src/arduinobot_messages' with build type 'ament_cmake'
[0.203s] INFO:colcon.colcon_cmake.task.cmake.build:Building CMake package in '/home/abhinandan/ROS2-projects/manipulation/src/arduinobot_messages'
[0.204s] INFO:colcon.colcon_core.plugin_system:Skipping extension 'colcon_core.shell.bat': Not used on non-Windows systems
[0.204s] INFO:colcon.colcon_core.shell:Skip shell extension 'powershell' for command environment: Not usable outside of PowerShell
[0.204s] DEBUG:colcon.colcon_core.shell:Skip shell extension 'dsv' for command environment
[0.206s] INFO:colcon.colcon_ros.task.ament_cmake.build:Building ROS package in '/home/abhinandan/ROS2-projects/manipulation/src/arduinobot_controller' with build type 'ament_cmake'
[0.206s] INFO:colcon.colcon_cmake.task.cmake.build:Building CMake package in '/home/abhinandan/ROS2-projects/manipulation/src/arduinobot_controller'
[0.206s] INFO:colcon.colcon_core.shell:Skip shell extension 'powershell' for command environment: Not usable outside of PowerShell
[0.206s] DEBUG:colcon.colcon_core.shell:Skip shell extension 'dsv' for command environment
[0.208s] INFO:colcon.colcon_ros.task.ament_cmake.build:Building ROS package in '/home/abhinandan/ROS2-projects/manipulation/src/arduinobot_cpp_examples' with build type 'ament_cmake'
[0.208s] INFO:colcon.colcon_cmake.task.cmake.build:Building CMake package in '/home/abhinandan/ROS2-projects/manipulation/src/arduinobot_cpp_examples'
[0.208s] INFO:colcon.colcon_core.shell:Skip shell extension 'powershell' for command environment: Not usable outside of PowerShell
[0.208s] DEBUG:colcon.colcon_core.shell:Skip shell extension 'dsv' for command environment
[0.210s] INFO:colcon.colcon_ros.task.ament_cmake.build:Building ROS package in '/home/abhinandan/ROS2-projects/manipulation/src/arduinobot_description' with build type 'ament_cmake'
[0.210s] INFO:colcon.colcon_cmake.task.cmake.build:Building CMake package in '/home/abhinandan/ROS2-projects/manipulation/src/arduinobot_description'
[0.210s] INFO:colcon.colcon_core.shell:Skip shell extension 'powershell' for command environment: Not usable outside of PowerShell
[0.210s] DEBUG:colcon.colcon_core.shell:Skip shell extension 'dsv' for command environment
[0.214s] DEBUG:colcon.colcon_core.event_handler.log_command:Invoking command in '/home/abhinandan/ROS2-projects/manipulation/build/arduinobot_messages': CMAKE_PREFIX_PATH=${CMAKE_PREFIX_PATH}:/home/abhinandan/ROS2-projects/manipulation/install/arduinobot_py_examples:/opt/ros/humble /usr/bin/cmake --build /home/abhinandan/ROS2-projects/manipulation/build/arduinobot_messages -- -j4 -l4
[0.216s] DEBUG:colcon.colcon_core.event_handler.log_command:Invoking command in '/home/abhinandan/ROS2-projects/manipulation/build/arduinobot_controller': CMAKE_PREFIX_PATH=${CMAKE_PREFIX_PATH}:/home/abhinandan/ROS2-projects/manipulation/install/arduinobot_py_examples:/opt/ros/humble /usr/bin/cmake --build /home/abhinandan/ROS2-projects/manipulation/build/arduinobot_controller -- -j4 -l4
[0.217s] DEBUG:colcon.colcon_core.event_handler.log_command:Invoking command in '/home/abhinandan/ROS2-projects/manipulation/build/arduinobot_cpp_examples': CMAKE_PREFIX_PATH=${CMAKE_PREFIX_PATH}:/home/abhinandan/ROS2-projects/manipulation/install/arduinobot_py_examples:/opt/ros/humble /usr/bin/cmake --build /home/abhinandan/ROS2-projects/manipulation/build/arduinobot_cpp_examples -- -j4 -l4
[0.225s] DEBUG:colcon.colcon_core.event_handler.log_command:Invoking command in '/home/abhinandan/ROS2-projects/manipulation/build/arduinobot_description': CMAKE_PREFIX_PATH=${CMAKE_PREFIX_PATH}:/home/abhinandan/ROS2-projects/manipulation/install/arduinobot_py_examples:/opt/ros/humble /usr/bin/cmake --build /home/abhinandan/ROS2-projects/manipulation/build/arduinobot_description -- -j4 -l4
[0.252s] DEBUG:colcon.colcon_core.event_handler.log_command:Invoked command in '/home/abhinandan/ROS2-projects/manipulation/build/arduinobot_cpp_examples' returned '0': CMAKE_PREFIX_PATH=${CMAKE_PREFIX_PATH}:/home/abhinandan/ROS2-projects/manipulation/install/arduinobot_py_examples:/opt/ros/humble /usr/bin/cmake --build /home/abhinandan/ROS2-projects/manipulation/build/arduinobot_cpp_examples -- -j4 -l4
[0.264s] DEBUG:colcon.colcon_core.event_handler.log_command:Invoking command in '/home/abhinandan/ROS2-projects/manipulation/build/arduinobot_cpp_examples': CMAKE_PREFIX_PATH=${CMAKE_PREFIX_PATH}:/home/abhinandan/ROS2-projects/manipulation/install/arduinobot_py_examples:/opt/ros/humble /usr/bin/cmake --install /home/abhinandan/ROS2-projects/manipulation/build/arduinobot_cpp_examples
[0.279s] DEBUG:colcon.colcon_core.event_handler.log_command:Invoked command in '/home/abhinandan/ROS2-projects/manipulation/build/arduinobot_description' returned '0': CMAKE_PREFIX_PATH=${CMAKE_PREFIX_PATH}:/home/abhinandan/ROS2-projects/manipulation/install/arduinobot_py_examples:/opt/ros/humble /usr/bin/cmake --build /home/abhinandan/ROS2-projects/manipulation/build/arduinobot_description -- -j4 -l4
[0.280s] DEBUG:colcon.colcon_core.event_handler.log_command:Invoking command in '/home/abhinandan/ROS2-projects/manipulation/build/arduinobot_description': CMAKE_PREFIX_PATH=${CMAKE_PREFIX_PATH}:/home/abhinandan/ROS2-projects/manipulation/install/arduinobot_py_examples:/opt/ros/humble /usr/bin/cmake --install /home/abhinandan/ROS2-projects/manipulation/build/arduinobot_description
[0.281s] DEBUG:colcon.colcon_core.event_handler.log_command:Invoked command in '/home/abhinandan/ROS2-projects/manipulation/build/arduinobot_controller' returned '0': CMAKE_PREFIX_PATH=${CMAKE_PREFIX_PATH}:/home/abhinandan/ROS2-projects/manipulation/install/arduinobot_py_examples:/opt/ros/humble /usr/bin/cmake --build /home/abhinandan/ROS2-projects/manipulation/build/arduinobot_controller -- -j4 -l4
[0.281s] DEBUG:colcon.colcon_core.event_handler.log_command:Invoking command in '/home/abhinandan/ROS2-projects/manipulation/build/arduinobot_controller': CMAKE_PREFIX_PATH=${CMAKE_PREFIX_PATH}:/home/abhinandan/ROS2-projects/manipulation/install/arduinobot_py_examples:/opt/ros/humble /usr/bin/cmake --install /home/abhinandan/ROS2-projects/manipulation/build/arduinobot_controller
[0.287s] Level 1:colcon.colcon_core.environment:create_environment_scripts_only(arduinobot_cpp_examples)
[0.288s] Level 1:colcon.colcon_core.environment:checking '/home/abhinandan/ROS2-projects/manipulation/install/arduinobot_cpp_examples' for CMake module files
[0.289s] DEBUG:colcon.colcon_core.event_handler.log_command:Invoked command in '/home/abhinandan/ROS2-projects/manipulation/build/arduinobot_cpp_examples' returned '0': CMAKE_PREFIX_PATH=${CMAKE_PREFIX_PATH}:/home/abhinandan/ROS2-projects/manipulation/install/arduinobot_py_examples:/opt/ros/humble /usr/bin/cmake --install /home/abhinandan/ROS2-projects/manipulation/build/arduinobot_cpp_examples
[0.289s] Level 1:colcon.colcon_core.environment:checking '/home/abhinandan/ROS2-projects/manipulation/install/arduinobot_cpp_examples' for CMake config files
[0.289s] Level 1:colcon.colcon_core.shell:create_environment_hook('arduinobot_cpp_examples', 'cmake_prefix_path')
[0.289s] INFO:colcon.colcon_core.shell:Creating environment hook '/home/abhinandan/ROS2-projects/manipulation/install/arduinobot_cpp_examples/share/arduinobot_cpp_examples/hook/cmake_prefix_path.ps1'
[0.290s] INFO:colcon.colcon_core.shell:Creating environment descriptor '/home/abhinandan/ROS2-projects/manipulation/install/arduinobot_cpp_examples/share/arduinobot_cpp_examples/hook/cmake_prefix_path.dsv'
[0.290s] INFO:colcon.colcon_core.shell:Creating environment hook '/home/abhinandan/ROS2-projects/manipulation/install/arduinobot_cpp_examples/share/arduinobot_cpp_examples/hook/cmake_prefix_path.sh'
[0.290s] Level 1:colcon.colcon_core.environment:checking '/home/abhinandan/ROS2-projects/manipulation/install/arduinobot_cpp_examples/bin'
[0.290s] Level 1:colcon.colcon_core.environment:checking '/home/abhinandan/ROS2-projects/manipulation/install/arduinobot_cpp_examples/lib/pkgconfig/arduinobot_cpp_examples.pc'
[0.291s] Level 1:colcon.colcon_core.environment:checking '/home/abhinandan/ROS2-projects/manipulation/install/arduinobot_cpp_examples/lib/python3.10/site-packages'
[0.291s] Level 1:colcon.colcon_core.environment:checking '/home/abhinandan/ROS2-projects/manipulation/install/arduinobot_cpp_examples/bin'
[0.291s] INFO:colcon.colcon_core.shell:Creating package script '/home/abhinandan/ROS2-projects/manipulation/install/arduinobot_cpp_examples/share/arduinobot_cpp_examples/package.ps1'
[0.291s] INFO:colcon.colcon_core.shell:Creating package descriptor '/home/abhinandan/ROS2-projects/manipulation/install/arduinobot_cpp_examples/share/arduinobot_cpp_examples/package.dsv'
[0.291s] INFO:colcon.colcon_core.shell:Creating package script '/home/abhinandan/ROS2-projects/manipulation/install/arduinobot_cpp_examples/share/arduinobot_cpp_examples/package.sh'
[0.300s] INFO:colcon.colcon_core.shell:Creating package script '/home/abhinandan/ROS2-projects/manipulation/install/arduinobot_cpp_examples/share/arduinobot_cpp_examples/package.bash'
[0.301s] INFO:colcon.colcon_core.shell:Creating package script '/home/abhinandan/ROS2-projects/manipulation/install/arduinobot_cpp_examples/share/arduinobot_cpp_examples/package.zsh'
[0.301s] Level 1:colcon.colcon_core.environment:create_file_with_runtime_dependencies(/home/abhinandan/ROS2-projects/manipulation/install/arduinobot_cpp_examples/share/colcon-core/packages/arduinobot_cpp_examples)
[0.301s] Level 1:colcon.colcon_core.environment:create_environment_scripts_only(arduinobot_cpp_examples)
[0.301s] Level 1:colcon.colcon_core.environment:checking '/home/abhinandan/ROS2-projects/manipulation/install/arduinobot_cpp_examples' for CMake module files
[0.301s] Level 1:colcon.colcon_core.environment:checking '/home/abhinandan/ROS2-projects/manipulation/install/arduinobot_cpp_examples' for CMake config files
[0.302s] Level 1:colcon.colcon_core.shell:create_environment_hook('arduinobot_cpp_examples', 'cmake_prefix_path')
[0.302s] INFO:colcon.colcon_core.shell:Creating environment hook '/home/abhinandan/ROS2-projects/manipulation/install/arduinobot_cpp_examples/share/arduinobot_cpp_examples/hook/cmake_prefix_path.ps1'
[0.302s] INFO:colcon.colcon_core.shell:Creating environment descriptor '/home/abhinandan/ROS2-projects/manipulation/install/arduinobot_cpp_examples/share/arduinobot_cpp_examples/hook/cmake_prefix_path.dsv'
[0.302s] INFO:colcon.colcon_core.shell:Creating environment hook '/home/abhinandan/ROS2-projects/manipulation/install/arduinobot_cpp_examples/share/arduinobot_cpp_examples/hook/cmake_prefix_path.sh'
[0.302s] Level 1:colcon.colcon_core.environment:checking '/home/abhinandan/ROS2-projects/manipulation/install/arduinobot_cpp_examples/bin'
[0.302s] Level 1:colcon.colcon_core.environment:checking '/home/abhinandan/ROS2-projects/manipulation/install/arduinobot_cpp_examples/lib/pkgconfig/arduinobot_cpp_examples.pc'
[0.302s] Level 1:colcon.colcon_core.environment:checking '/home/abhinandan/ROS2-projects/manipulation/install/arduinobot_cpp_examples/lib/python3.10/site-packages'
[0.303s] Level 1:colcon.colcon_core.environment:checking '/home/abhinandan/ROS2-projects/manipulation/install/arduinobot_cpp_examples/bin'
[0.303s] INFO:colcon.colcon_core.shell:Creating package script '/home/abhinandan/ROS2-projects/manipulation/install/arduinobot_cpp_examples/share/arduinobot_cpp_examples/package.ps1'
[0.303s] INFO:colcon.colcon_core.shell:Creating package descriptor '/home/abhinandan/ROS2-projects/manipulation/install/arduinobot_cpp_examples/share/arduinobot_cpp_examples/package.dsv'
[0.303s] INFO:colcon.colcon_core.shell:Creating package script '/home/abhinandan/ROS2-projects/manipulation/install/arduinobot_cpp_examples/share/arduinobot_cpp_examples/package.sh'
[0.303s] INFO:colcon.colcon_core.shell:Creating package script '/home/abhinandan/ROS2-projects/manipulation/install/arduinobot_cpp_examples/share/arduinobot_cpp_examples/package.bash'
[0.303s] INFO:colcon.colcon_core.shell:Creating package script '/home/abhinandan/ROS2-projects/manipulation/install/arduinobot_cpp_examples/share/arduinobot_cpp_examples/package.zsh'
[0.303s] Level 1:colcon.colcon_core.environment:create_file_with_runtime_dependencies(/home/abhinandan/ROS2-projects/manipulation/install/arduinobot_cpp_examples/share/colcon-core/packages/arduinobot_cpp_examples)
[0.304s] Level 1:colcon.colcon_core.environment:create_environment_scripts_only(arduinobot_description)
[0.304s] DEBUG:colcon.colcon_core.event_handler.log_command:Invoked command in '/home/abhinandan/ROS2-projects/manipulation/build/arduinobot_description' returned '0': CMAKE_PREFIX_PATH=${CMAKE_PREFIX_PATH}:/home/abhinandan/ROS2-projects/manipulation/install/arduinobot_py_examples:/opt/ros/humble /usr/bin/cmake --install /home/abhinandan/ROS2-projects/manipulation/build/arduinobot_description
[0.304s] Level 1:colcon.colcon_core.environment:checking '/home/abhinandan/ROS2-projects/manipulation/install/arduinobot_description' for CMake module files
[0.313s] Level 1:colcon.colcon_core.environment:checking '/home/abhinandan/ROS2-projects/manipulation/install/arduinobot_description' for CMake config files
[0.313s] Level 1:colcon.colcon_core.shell:create_environment_hook('arduinobot_description', 'cmake_prefix_path')
[0.314s] INFO:colcon.colcon_core.shell:Creating environment hook '/home/abhinandan/ROS2-projects/manipulation/install/arduinobot_description/share/arduinobot_description/hook/cmake_prefix_path.ps1'
[0.314s] INFO:colcon.colcon_core.shell:Creating environment descriptor '/home/abhinandan/ROS2-projects/manipulation/install/arduinobot_description/share/arduinobot_description/hook/cmake_prefix_path.dsv'
[0.314s] INFO:colcon.colcon_core.shell:Creating environment hook '/home/abhinandan/ROS2-projects/manipulation/install/arduinobot_description/share/arduinobot_description/hook/cmake_prefix_path.sh'
[0.314s] Level 1:colcon.colcon_core.environment:checking '/home/abhinandan/ROS2-projects/manipulation/install/arduinobot_description/bin'
[0.314s] Level 1:colcon.colcon_core.environment:checking '/home/abhinandan/ROS2-projects/manipulation/install/arduinobot_description/lib/pkgconfig/arduinobot_description.pc'
[0.314s] Level 1:colcon.colcon_core.environment:checking '/home/abhinandan/ROS2-projects/manipulation/install/arduinobot_description/lib/python3.10/site-packages'
[0.314s] Level 1:colcon.colcon_core.environment:checking '/home/abhinandan/ROS2-projects/manipulation/install/arduinobot_description/bin'
[0.314s] INFO:colcon.colcon_core.shell:Creating package script '/home/abhinandan/ROS2-projects/manipulation/install/arduinobot_description/share/arduinobot_description/package.ps1'
[0.315s] INFO:colcon.colcon_core.shell:Creating package descriptor '/home/abhinandan/ROS2-projects/manipulation/install/arduinobot_description/share/arduinobot_description/package.dsv'
[0.315s] INFO:colcon.colcon_core.shell:Creating package script '/home/abhinandan/ROS2-projects/manipulation/install/arduinobot_description/share/arduinobot_description/package.sh'
[0.315s] INFO:colcon.colcon_core.shell:Creating package script '/home/abhinandan/ROS2-projects/manipulation/install/arduinobot_description/share/arduinobot_description/package.bash'
[0.315s] INFO:colcon.colcon_core.shell:Creating package script '/home/abhinandan/ROS2-projects/manipulation/install/arduinobot_description/share/arduinobot_description/package.zsh'
[0.315s] Level 1:colcon.colcon_core.environment:create_file_with_runtime_dependencies(/home/abhinandan/ROS2-projects/manipulation/install/arduinobot_description/share/colcon-core/packages/arduinobot_description)
[0.315s] Level 1:colcon.colcon_core.environment:create_environment_scripts_only(arduinobot_description)
[0.315s] Level 1:colcon.colcon_core.environment:checking '/home/abhinandan/ROS2-projects/manipulation/install/arduinobot_description' for CMake module files
[0.316s] Level 1:colcon.colcon_core.environment:checking '/home/abhinandan/ROS2-projects/manipulation/install/arduinobot_description' for CMake config files
[0.316s] Level 1:colcon.colcon_core.shell:create_environment_hook('arduinobot_description', 'cmake_prefix_path')
[0.316s] INFO:colcon.colcon_core.shell:Creating environment hook '/home/abhinandan/ROS2-projects/manipulation/install/arduinobot_description/share/arduinobot_description/hook/cmake_prefix_path.ps1'
[0.316s] INFO:colcon.colcon_core.shell:Creating environment descriptor '/home/abhinandan/ROS2-projects/manipulation/install/arduinobot_description/share/arduinobot_description/hook/cmake_prefix_path.dsv'
[0.316s] INFO:colcon.colcon_core.shell:Creating environment hook '/home/abhinandan/ROS2-projects/manipulation/install/arduinobot_description/share/arduinobot_description/hook/cmake_prefix_path.sh'
[0.316s] Level 1:colcon.colcon_core.environment:checking '/home/abhinandan/ROS2-projects/manipulation/install/arduinobot_description/bin'
[0.316s] Level 1:colcon.colcon_core.environment:checking '/home/abhinandan/ROS2-projects/manipulation/install/arduinobot_description/lib/pkgconfig/arduinobot_description.pc'
[0.316s] Level 1:colcon.colcon_core.environment:checking '/home/abhinandan/ROS2-projects/manipulation/install/arduinobot_description/lib/python3.10/site-packages'
[0.317s] Level 1:colcon.colcon_core.environment:checking '/home/abhinandan/ROS2-projects/manipulation/install/arduinobot_description/bin'
[0.317s] INFO:colcon.colcon_core.shell:Creating package script '/home/abhinandan/ROS2-projects/manipulation/install/arduinobot_description/share/arduinobot_description/package.ps1'
[0.317s] INFO:colcon.colcon_core.shell:Creating package descriptor '/home/abhinandan/ROS2-projects/manipulation/install/arduinobot_description/share/arduinobot_description/package.dsv'
[0.317s] INFO:colcon.colcon_core.shell:Creating package script '/home/abhinandan/ROS2-projects/manipulation/install/arduinobot_description/share/arduinobot_description/package.sh'
[0.318s] INFO:colcon.colcon_core.shell:Creating package script '/home/abhinandan/ROS2-projects/manipulation/install/arduinobot_description/share/arduinobot_description/package.bash'
[0.318s] INFO:colcon.colcon_core.shell:Creating package script '/home/abhinandan/ROS2-projects/manipulation/install/arduinobot_description/share/arduinobot_description/package.zsh'
[0.318s] Level 1:colcon.colcon_core.environment:create_file_with_runtime_dependencies(/home/abhinandan/ROS2-projects/manipulation/install/arduinobot_description/share/colcon-core/packages/arduinobot_description)
[0.319s] Level 1:colcon.colcon_core.environment:create_environment_scripts_only(arduinobot_controller)
[0.319s] DEBUG:colcon.colcon_core.event_handler.log_command:Invoked command in '/home/abhinandan/ROS2-projects/manipulation/build/arduinobot_controller' returned '0': CMAKE_PREFIX_PATH=${CMAKE_PREFIX_PATH}:/home/abhinandan/ROS2-projects/manipulation/install/arduinobot_py_examples:/opt/ros/humble /usr/bin/cmake --install /home/abhinandan/ROS2-projects/manipulation/build/arduinobot_controller
[0.319s] Level 1:colcon.colcon_core.environment:checking '/home/abhinandan/ROS2-projects/manipulation/install/arduinobot_controller' for CMake module files
[0.319s] Level 1:colcon.colcon_core.environment:checking '/home/abhinandan/ROS2-projects/manipulation/install/arduinobot_controller' for CMake config files
[0.320s] Level 1:colcon.colcon_core.shell:create_environment_hook('arduinobot_controller', 'cmake_prefix_path')
[0.320s] INFO:colcon.colcon_core.shell:Creating environment hook '/home/abhinandan/ROS2-projects/manipulation/install/arduinobot_controller/share/arduinobot_controller/hook/cmake_prefix_path.ps1'
[0.321s] INFO:colcon.colcon_core.shell:Creating environment descriptor '/home/abhinandan/ROS2-projects/manipulation/install/arduinobot_controller/share/arduinobot_controller/hook/cmake_prefix_path.dsv'
[0.321s] INFO:colcon.colcon_core.shell:Creating environment hook '/home/abhinandan/ROS2-projects/manipulation/install/arduinobot_controller/share/arduinobot_controller/hook/cmake_prefix_path.sh'
[0.321s] Level 1:colcon.colcon_core.environment:checking '/home/abhinandan/ROS2-projects/manipulation/install/arduinobot_controller/bin'
[0.321s] Level 1:colcon.colcon_core.environment:checking '/home/abhinandan/ROS2-projects/manipulation/install/arduinobot_controller/lib/pkgconfig/arduinobot_controller.pc'
[0.322s] Level 1:colcon.colcon_core.environment:checking '/home/abhinandan/ROS2-projects/manipulation/install/arduinobot_controller/lib/python3.10/site-packages'
[0.322s] Level 1:colcon.colcon_core.environment:checking '/home/abhinandan/ROS2-projects/manipulation/install/arduinobot_controller/bin'
[0.322s] INFO:colcon.colcon_core.shell:Creating package script '/home/abhinandan/ROS2-projects/manipulation/install/arduinobot_controller/share/arduinobot_controller/package.ps1'
[0.322s] INFO:colcon.colcon_core.shell:Creating package descriptor '/home/abhinandan/ROS2-projects/manipulation/install/arduinobot_controller/share/arduinobot_controller/package.dsv'
[0.322s] INFO:colcon.colcon_core.shell:Creating package script '/home/abhinandan/ROS2-projects/manipulation/install/arduinobot_controller/share/arduinobot_controller/package.sh'
[0.323s] INFO:colcon.colcon_core.shell:Creating package script '/home/abhinandan/ROS2-projects/manipulation/install/arduinobot_controller/share/arduinobot_controller/package.bash'
[0.323s] INFO:colcon.colcon_core.shell:Creating package script '/home/abhinandan/ROS2-projects/manipulation/install/arduinobot_controller/share/arduinobot_controller/package.zsh'
[0.323s] Level 1:colcon.colcon_core.environment:create_file_with_runtime_dependencies(/home/abhinandan/ROS2-projects/manipulation/install/arduinobot_controller/share/colcon-core/packages/arduinobot_controller)
[0.324s] Level 1:colcon.colcon_core.environment:create_environment_scripts_only(arduinobot_controller)
[0.324s] Level 1:colcon.colcon_core.environment:checking '/home/abhinandan/ROS2-projects/manipulation/install/arduinobot_controller' for CMake module files
[0.324s] Level 1:colcon.colcon_core.environment:checking '/home/abhinandan/ROS2-projects/manipulation/install/arduinobot_controller' for CMake config files
[0.324s] Level 1:colcon.colcon_core.shell:create_environment_hook('arduinobot_controller', 'cmake_prefix_path')
[0.324s] INFO:colcon.colcon_core.shell:Creating environment hook '/home/abhinandan/ROS2-projects/manipulation/install/arduinobot_controller/share/arduinobot_controller/hook/cmake_prefix_path.ps1'
[0.325s] INFO:colcon.colcon_core.shell:Creating environment descriptor '/home/abhinandan/ROS2-projects/manipulation/install/arduinobot_controller/share/arduinobot_controller/hook/cmake_prefix_path.dsv'
[0.326s] INFO:colcon.colcon_core.shell:Creating environment hook '/home/abhinandan/ROS2-projects/manipulation/install/arduinobot_controller/share/arduinobot_controller/hook/cmake_prefix_path.sh'
[0.326s] Level 1:colcon.colcon_core.environment:checking '/home/abhinandan/ROS2-projects/manipulation/install/arduinobot_controller/bin'
[0.326s] Level 1:colcon.colcon_core.environment:checking '/home/abhinandan/ROS2-projects/manipulation/install/arduinobot_controller/lib/pkgconfig/arduinobot_controller.pc'
[0.326s] Level 1:colcon.colcon_core.environment:checking '/home/abhinandan/ROS2-projects/manipulation/install/arduinobot_controller/lib/python3.10/site-packages'
[0.326s] Level 1:colcon.colcon_core.environment:checking '/home/abhinandan/ROS2-projects/manipulation/install/arduinobot_controller/bin'
[0.326s] INFO:colcon.colcon_core.shell:Creating package script '/home/abhinandan/ROS2-projects/manipulation/install/arduinobot_controller/share/arduinobot_controller/package.ps1'
[0.332s] INFO:colcon.colcon_core.shell:Creating package descriptor '/home/abhinandan/ROS2-projects/manipulation/install/arduinobot_controller/share/arduinobot_controller/package.dsv'
[0.333s] INFO:colcon.colcon_core.shell:Creating package script '/home/abhinandan/ROS2-projects/manipulation/install/arduinobot_controller/share/arduinobot_controller/package.sh'
[0.333s] INFO:colcon.colcon_core.shell:Creating package script '/home/abhinandan/ROS2-projects/manipulation/install/arduinobot_controller/share/arduinobot_controller/package.bash'
[0.333s] INFO:colcon.colcon_core.shell:Creating package script '/home/abhinandan/ROS2-projects/manipulation/install/arduinobot_controller/share/arduinobot_controller/package.zsh'
[0.333s] Level 1:colcon.colcon_core.environment:create_file_with_runtime_dependencies(/home/abhinandan/ROS2-projects/manipulation/install/arduinobot_controller/share/colcon-core/packages/arduinobot_controller)
[0.559s] DEBUG:colcon.colcon_core.event_handler.log_command:Invoked command in '/home/abhinandan/ROS2-projects/manipulation/build/arduinobot_messages' returned '0': CMAKE_PREFIX_PATH=${CMAKE_PREFIX_PATH}:/home/abhinandan/ROS2-projects/manipulation/install/arduinobot_py_examples:/opt/ros/humble /usr/bin/cmake --build /home/abhinandan/ROS2-projects/manipulation/build/arduinobot_messages -- -j4 -l4
[0.559s] DEBUG:colcon.colcon_core.event_handler.log_command:Invoking command in '/home/abhinandan/ROS2-projects/manipulation/build/arduinobot_messages': CMAKE_PREFIX_PATH=${CMAKE_PREFIX_PATH}:/home/abhinandan/ROS2-projects/manipulation/install/arduinobot_py_examples:/opt/ros/humble /usr/bin/cmake --install /home/abhinandan/ROS2-projects/manipulation/build/arduinobot_messages
[0.631s] Level 1:colcon.colcon_core.environment:create_environment_scripts_only(arduinobot_messages)
[0.631s] Level 1:colcon.colcon_core.environment:checking '/home/abhinandan/ROS2-projects/manipulation/install/arduinobot_messages' for CMake module files
[0.631s] Level 1:colcon.colcon_core.environment:checking '/home/abhinandan/ROS2-projects/manipulation/install/arduinobot_messages' for CMake config files
[0.632s] Level 1:colcon.colcon_core.shell:create_environment_hook('arduinobot_messages', 'cmake_prefix_path')
[0.632s] INFO:colcon.colcon_core.shell:Creating environment hook '/home/abhinandan/ROS2-projects/manipulation/install/arduinobot_messages/share/arduinobot_messages/hook/cmake_prefix_path.ps1'
[0.632s] INFO:colcon.colcon_core.shell:Creating environment descriptor '/home/abhinandan/ROS2-projects/manipulation/install/arduinobot_messages/share/arduinobot_messages/hook/cmake_prefix_path.dsv'
[0.632s] INFO:colcon.colcon_core.shell:Creating environment hook '/home/abhinandan/ROS2-projects/manipulation/install/arduinobot_messages/share/arduinobot_messages/hook/cmake_prefix_path.sh'
[0.633s] Level 1:colcon.colcon_core.environment:checking '/home/abhinandan/ROS2-projects/manipulation/install/arduinobot_messages/lib'
[0.633s] Level 1:colcon.colcon_core.shell:create_environment_hook('arduinobot_messages', 'ld_library_path_lib')
[0.633s] INFO:colcon.colcon_core.shell:Creating environment hook '/home/abhinandan/ROS2-projects/manipulation/install/arduinobot_messages/share/arduinobot_messages/hook/ld_library_path_lib.ps1'
[0.633s] INFO:colcon.colcon_core.shell:Creating environment descriptor '/home/abhinandan/ROS2-projects/manipulation/install/arduinobot_messages/share/arduinobot_messages/hook/ld_library_path_lib.dsv'
[0.633s] INFO:colcon.colcon_core.shell:Creating environment hook '/home/abhinandan/ROS2-projects/manipulation/install/arduinobot_messages/share/arduinobot_messages/hook/ld_library_path_lib.sh'
[0.633s] Level 1:colcon.colcon_core.environment:checking '/home/abhinandan/ROS2-projects/manipulation/install/arduinobot_messages/bin'
[0.633s] Level 1:colcon.colcon_core.environment:checking '/home/abhinandan/ROS2-projects/manipulation/install/arduinobot_messages/lib/pkgconfig/arduinobot_messages.pc'
[0.633s] Level 1:colcon.colcon_core.environment:checking '/home/abhinandan/ROS2-projects/manipulation/install/arduinobot_messages/lib/python3.10/site-packages'
[0.633s] Level 1:colcon.colcon_core.environment:checking '/home/abhinandan/ROS2-projects/manipulation/install/arduinobot_messages/bin'
[0.634s] INFO:colcon.colcon_core.shell:Creating package script '/home/abhinandan/ROS2-projects/manipulation/install/arduinobot_messages/share/arduinobot_messages/package.ps1'
[0.634s] INFO:colcon.colcon_core.shell:Creating package descriptor '/home/abhinandan/ROS2-projects/manipulation/install/arduinobot_messages/share/arduinobot_messages/package.dsv'
[0.634s] INFO:colcon.colcon_core.shell:Creating package script '/home/abhinandan/ROS2-projects/manipulation/install/arduinobot_messages/share/arduinobot_messages/package.sh'
[0.637s] DEBUG:colcon.colcon_core.event_handler.log_command:Invoked command in '/home/abhinandan/ROS2-projects/manipulation/build/arduinobot_messages' returned '0': CMAKE_PREFIX_PATH=${CMAKE_PREFIX_PATH}:/home/abhinandan/ROS2-projects/manipulation/install/arduinobot_py_examples:/opt/ros/humble /usr/bin/cmake --install /home/abhinandan/ROS2-projects/manipulation/build/arduinobot_messages
[0.637s] INFO:colcon.colcon_core.shell:Creating package script '/home/abhinandan/ROS2-projects/manipulation/install/arduinobot_messages/share/arduinobot_messages/package.bash'
[0.637s] INFO:colcon.colcon_core.shell:Creating package script '/home/abhinandan/ROS2-projects/manipulation/install/arduinobot_messages/share/arduinobot_messages/package.zsh'
[0.638s] Level 1:colcon.colcon_core.environment:create_file_with_runtime_dependencies(/home/abhinandan/ROS2-projects/manipulation/install/arduinobot_messages/share/colcon-core/packages/arduinobot_messages)
[0.638s] Level 1:colcon.colcon_core.environment:create_environment_scripts_only(arduinobot_messages)
[0.638s] Level 1:colcon.colcon_core.environment:checking '/home/abhinandan/ROS2-projects/manipulation/install/arduinobot_messages' for CMake module files
[0.638s] Level 1:colcon.colcon_core.environment:checking '/home/abhinandan/ROS2-projects/manipulation/install/arduinobot_messages' for CMake config files
[0.639s] Level 1:colcon.colcon_core.shell:create_environment_hook('arduinobot_messages', 'cmake_prefix_path')
[0.639s] INFO:colcon.colcon_core.shell:Creating environment hook '/home/abhinandan/ROS2-projects/manipulation/install/arduinobot_messages/share/arduinobot_messages/hook/cmake_prefix_path.ps1'
[0.639s] INFO:colcon.colcon_core.shell:Creating environment descriptor '/home/abhinandan/ROS2-projects/manipulation/install/arduinobot_messages/share/arduinobot_messages/hook/cmake_prefix_path.dsv'
[0.639s] INFO:colcon.colcon_core.shell:Creating environment hook '/home/abhinandan/ROS2-projects/manipulation/install/arduinobot_messages/share/arduinobot_messages/hook/cmake_prefix_path.sh'
[0.639s] Level 1:colcon.colcon_core.environment:checking '/home/abhinandan/ROS2-projects/manipulation/install/arduinobot_messages/lib'
[0.639s] Level 1:colcon.colcon_core.shell:create_environment_hook('arduinobot_messages', 'ld_library_path_lib')
[0.639s] INFO:colcon.colcon_core.shell:Creating environment hook '/home/abhinandan/ROS2-projects/manipulation/install/arduinobot_messages/share/arduinobot_messages/hook/ld_library_path_lib.ps1'
[0.640s] INFO:colcon.colcon_core.shell:Creating environment descriptor '/home/abhinandan/ROS2-projects/manipulation/install/arduinobot_messages/share/arduinobot_messages/hook/ld_library_path_lib.dsv'
[0.640s] INFO:colcon.colcon_core.shell:Creating environment hook '/home/abhinandan/ROS2-projects/manipulation/install/arduinobot_messages/share/arduinobot_messages/hook/ld_library_path_lib.sh'
[0.640s] Level 1:colcon.colcon_core.environment:checking '/home/abhinandan/ROS2-projects/manipulation/install/arduinobot_messages/bin'
[0.640s] Level 1:colcon.colcon_core.environment:checking '/home/abhinandan/ROS2-projects/manipulation/install/arduinobot_messages/lib/pkgconfig/arduinobot_messages.pc'
[0.640s] Level 1:colcon.colcon_core.environment:checking '/home/abhinandan/ROS2-projects/manipulation/install/arduinobot_messages/lib/python3.10/site-packages'
[0.640s] Level 1:colcon.colcon_core.environment:checking '/home/abhinandan/ROS2-projects/manipulation/install/arduinobot_messages/bin'
[0.640s] INFO:colcon.colcon_core.shell:Creating package script '/home/abhinandan/ROS2-projects/manipulation/install/arduinobot_messages/share/arduinobot_messages/package.ps1'
[0.640s] INFO:colcon.colcon_core.shell:Creating package descriptor '/home/abhinandan/ROS2-projects/manipulation/install/arduinobot_messages/share/arduinobot_messages/package.dsv'
[0.641s] INFO:colcon.colcon_core.shell:Creating package script '/home/abhinandan/ROS2-projects/manipulation/install/arduinobot_messages/share/arduinobot_messages/package.sh'
[0.641s] INFO:colcon.colcon_core.shell:Creating package script '/home/abhinandan/ROS2-projects/manipulation/install/arduinobot_messages/share/arduinobot_messages/package.bash'
[0.641s] INFO:colcon.colcon_core.shell:Creating package script '/home/abhinandan/ROS2-projects/manipulation/install/arduinobot_messages/share/arduinobot_messages/package.zsh'
[0.641s] Level 1:colcon.colcon_core.environment:create_file_with_runtime_dependencies(/home/abhinandan/ROS2-projects/manipulation/install/arduinobot_messages/share/colcon-core/packages/arduinobot_messages)
[0.641s] INFO:colcon.colcon_ros.task.ament_python.build:Building ROS package in '/home/abhinandan/ROS2-projects/manipulation/src/arduinobot_py_examples' with build type 'ament_python'
[0.641s] Level 1:colcon.colcon_core.shell:create_environment_hook('arduinobot_py_examples', 'ament_prefix_path')
[0.642s] INFO:colcon.colcon_core.shell:Creating environment hook '/home/abhinandan/ROS2-projects/manipulation/install/arduinobot_py_examples/share/arduinobot_py_examples/hook/ament_prefix_path.ps1'
[0.642s] INFO:colcon.colcon_core.shell:Creating environment descriptor '/home/abhinandan/ROS2-projects/manipulation/install/arduinobot_py_examples/share/arduinobot_py_examples/hook/ament_prefix_path.dsv'
[0.642s] INFO:colcon.colcon_core.shell:Creating environment hook '/home/abhinandan/ROS2-projects/manipulation/install/arduinobot_py_examples/share/arduinobot_py_examples/hook/ament_prefix_path.sh'
[0.642s] INFO:colcon.colcon_core.shell:Skip shell extension 'powershell' for command environment: Not usable outside of PowerShell
[0.642s] DEBUG:colcon.colcon_core.shell:Skip shell extension 'dsv' for command environment
[0.662s] INFO:colcon.colcon_ros.task.ament_cmake.build:Building ROS package in '/home/abhinandan/ROS2-projects/manipulation/src/arduinobot_utils' with build type 'ament_cmake'
[0.662s] INFO:colcon.colcon_cmake.task.cmake.build:Building CMake package in '/home/abhinandan/ROS2-projects/manipulation/src/arduinobot_utils'
[0.662s] INFO:colcon.colcon_core.shell:Skip shell extension 'powershell' for command environment: Not usable outside of PowerShell
[0.662s] DEBUG:colcon.colcon_core.shell:Skip shell extension 'dsv' for command environment
[0.895s] INFO:colcon.colcon_core.task.python.build:Building Python package in '/home/abhinandan/ROS2-projects/manipulation/src/arduinobot_py_examples'
[0.895s] INFO:colcon.colcon_core.shell:Skip shell extension 'powershell' for command environment: Not usable outside of PowerShell
[0.895s] DEBUG:colcon.colcon_core.shell:Skip shell extension 'dsv' for command environment
[0.899s] DEBUG:colcon.colcon_core.event_handler.log_command:Invoking command in '/home/abhinandan/ROS2-projects/manipulation/build/arduinobot_utils': CMAKE_PREFIX_PATH=/home/abhinandan/ROS2-projects/manipulation/install/arduinobot_messages:/home/abhinandan/ROS2-projects/manipulation/install/arduinobot_utils:/home/abhinandan/ROS2-projects/manipulation/install/arduinobot_description:/home/abhinandan/ROS2-projects/manipulation/install/arduinobot_cpp_examples:/home/abhinandan/ROS2-projects/manipulation/install/arduinobot_controller:/home/abhinandan/ROS2-projects/manipulation/install/arduinobot_py_examples:/opt/ros/humble /usr/bin/cmake --build /home/abhinandan/ROS2-projects/manipulation/build/arduinobot_utils -- -j4 -l4
[1.009s] Level 1:colcon.colcon_core.environment:create_environment_scripts_only(arduinobot_utils)
[1.010s] Level 1:colcon.colcon_core.environment:checking '/home/abhinandan/ROS2-projects/manipulation/install/arduinobot_utils' for CMake module files
[1.010s] Level 1:colcon.colcon_core.environment:checking '/home/abhinandan/ROS2-projects/manipulation/install/arduinobot_utils' for CMake config files
[1.010s] Level 1:colcon.colcon_core.shell:create_environment_hook('arduinobot_utils', 'cmake_prefix_path')
[1.010s] INFO:colcon.colcon_core.shell:Creating environment hook '/home/abhinandan/ROS2-projects/manipulation/install/arduinobot_utils/share/arduinobot_utils/hook/cmake_prefix_path.ps1'
[1.010s] INFO:colcon.colcon_core.shell:Creating environment descriptor '/home/abhinandan/ROS2-projects/manipulation/install/arduinobot_utils/share/arduinobot_utils/hook/cmake_prefix_path.dsv'
[1.010s] INFO:colcon.colcon_core.shell:Creating environment hook '/home/abhinandan/ROS2-projects/manipulation/install/arduinobot_utils/share/arduinobot_utils/hook/cmake_prefix_path.sh'
[1.011s] Level 1:colcon.colcon_core.environment:checking '/home/abhinandan/ROS2-projects/manipulation/install/arduinobot_utils/bin'
[1.011s] Level 1:colcon.colcon_core.environment:checking '/home/abhinandan/ROS2-projects/manipulation/install/arduinobot_utils/lib/pkgconfig/arduinobot_utils.pc'
[1.011s] Level 1:colcon.colcon_core.environment:checking '/home/abhinandan/ROS2-projects/manipulation/install/arduinobot_utils/lib/python3.10/site-packages'
[1.011s] Level 1:colcon.colcon_core.environment:checking '/home/abhinandan/ROS2-projects/manipulation/install/arduinobot_utils/bin'
[1.011s] INFO:colcon.colcon_core.shell:Creating package script '/home/abhinandan/ROS2-projects/manipulation/install/arduinobot_utils/share/arduinobot_utils/package.ps1'
[1.011s] INFO:colcon.colcon_core.shell:Creating package descriptor '/home/abhinandan/ROS2-projects/manipulation/install/arduinobot_utils/share/arduinobot_utils/package.dsv'
[1.012s] INFO:colcon.colcon_core.shell:Creating package script '/home/abhinandan/ROS2-projects/manipulation/install/arduinobot_utils/share/arduinobot_utils/package.sh'
[1.012s] INFO:colcon.colcon_core.shell:Creating package script '/home/abhinandan/ROS2-projects/manipulation/install/arduinobot_utils/share/arduinobot_utils/package.bash'
[1.012s] INFO:colcon.colcon_core.shell:Creating package script '/home/abhinandan/ROS2-projects/manipulation/install/arduinobot_utils/share/arduinobot_utils/package.zsh'
[1.012s] Level 1:colcon.colcon_core.environment:create_file_with_runtime_dependencies(/home/abhinandan/ROS2-projects/manipulation/install/arduinobot_utils/share/colcon-core/packages/arduinobot_utils)
[1.012s] DEBUG:colcon.colcon_core.event_handler.log_command:Invoked command in '/home/abhinandan/ROS2-projects/manipulation/build/arduinobot_utils' returned '2': CMAKE_PREFIX_PATH=/home/abhinandan/ROS2-projects/manipulation/install/arduinobot_messages:/home/abhinandan/ROS2-projects/manipulation/install/arduinobot_utils:/home/abhinandan/ROS2-projects/manipulation/install/arduinobot_description:/home/abhinandan/ROS2-projects/manipulation/install/arduinobot_cpp_examples:/home/abhinandan/ROS2-projects/manipulation/install/arduinobot_controller:/home/abhinandan/ROS2-projects/manipulation/install/arduinobot_py_examples:/opt/ros/humble /usr/bin/cmake --build /home/abhinandan/ROS2-projects/manipulation/build/arduinobot_utils -- -j4 -l4
[1.192s] DEBUG:colcon.colcon_parallel_executor.executor.parallel:closing loop
[1.192s] DEBUG:colcon.colcon_parallel_executor.executor.parallel:loop closed
[1.192s] DEBUG:colcon.colcon_parallel_executor.executor.parallel:run_until_complete finished with '2'
[1.192s] DEBUG:colcon.colcon_core.event_reactor:joining thread
[1.195s] INFO:colcon.colcon_core.plugin_system:Skipping extension 'colcon_notification.desktop_notification.terminal_notifier': Not used on non-Darwin systems
[1.195s] INFO:colcon.colcon_core.plugin_system:Skipping extension 'colcon_notification.desktop_notification.win32': Not used on non-Windows systems
[1.195s] INFO:colcon.colcon_notification.desktop_notification:Sending desktop notification using 'notify2'
[1.208s] DEBUG:colcon.colcon_core.event_reactor:joined thread
[1.208s] INFO:colcon.colcon_core.shell:Creating prefix script '/home/abhinandan/ROS2-projects/manipulation/install/local_setup.ps1'
[1.209s] INFO:colcon.colcon_core.shell:Creating prefix util module '/home/abhinandan/ROS2-projects/manipulation/install/_local_setup_util_ps1.py'
[1.209s] INFO:colcon.colcon_core.shell:Creating prefix chain script '/home/abhinandan/ROS2-projects/manipulation/install/setup.ps1'
[1.210s] INFO:colcon.colcon_core.shell:Creating prefix script '/home/abhinandan/ROS2-projects/manipulation/install/local_setup.sh'
[1.210s] INFO:colcon.colcon_core.shell:Creating prefix util module '/home/abhinandan/ROS2-projects/manipulation/install/_local_setup_util_sh.py'
[1.210s] INFO:colcon.colcon_core.shell:Creating prefix chain script '/home/abhinandan/ROS2-projects/manipulation/install/setup.sh'
[1.211s] INFO:colcon.colcon_core.shell:Creating prefix script '/home/abhinandan/ROS2-projects/manipulation/install/local_setup.bash'
[1.211s] INFO:colcon.colcon_core.shell:Creating prefix chain script '/home/abhinandan/ROS2-projects/manipulation/install/setup.bash'
[1.211s] INFO:colcon.colcon_core.shell:Creating prefix script '/home/abhinandan/ROS2-projects/manipulation/install/local_setup.zsh'
[1.212s] INFO:colcon.colcon_core.shell:Creating prefix chain script '/home/abhinandan/ROS2-projects/manipulation/install/setup.zsh'
