[0.011s] Invoking command in '/home/abhinandan/ROS2-projects/manipulation/build/arduinobot_messages': CMAKE_PREFIX_PATH=${CMAKE_PREFIX_PATH}:/home/abhinandan/ROS2-projects/manipulation/install/arduinobot_py_examples:/opt/ros/humble /usr/bin/cmake --build /home/abhinandan/ROS2-projects/manipulation/build/arduinobot_messages -- -j4 -l4
[0.097s] [  2%] Built target arduinobot_messages__cpp
[0.098s] [ 12%] Built target arduinobot_messages__rosidl_generator_c
[0.114s] [ 12%] Built target ament_cmake_python_copy_arduinobot_messages
[0.117s] [ 23%] Built target arduinobot_messages__rosidl_typesupport_cpp
[0.122s] [ 34%] Built target arduinobot_messages__rosidl_typesupport_fastrtps_cpp
[0.129s] [ 44%] Built target arduinobot_messages__rosidl_typesupport_introspection_cpp
[0.131s] [ 55%] Built target arduinobot_messages__rosidl_typesupport_introspection_c
[0.135s] [ 65%] Built target arduinobot_messages__rosidl_typesupport_fastrtps_c
[0.139s] [ 76%] Built target arduinobot_messages__rosidl_typesupport_c
[0.146s] [ 76%] Built target arduinobot_messages
[0.153s] [ 78%] Built target arduinobot_messages__py
[0.167s] [ 87%] Built target arduinobot_messages__rosidl_generator_py
[0.176s] [ 91%] Built target arduinobot_messages__rosidl_typesupport_introspection_c__pyext
[0.212s] [ 95%] Built target arduinobot_messages__rosidl_typesupport_fastrtps_c__pyext
[0.241s] [100%] Built target arduinobot_messages__rosidl_typesupport_c__pyext
[0.326s] running egg_info
[0.326s] writing arduinobot_messages.egg-info/PKG-INFO
[0.326s] writing dependency_links to arduinobot_messages.egg-info/dependency_links.txt
[0.327s] writing top-level names to arduinobot_messages.egg-info/top_level.txt
[0.328s] reading manifest file 'arduinobot_messages.egg-info/SOURCES.txt'
[0.329s] writing manifest file 'arduinobot_messages.egg-info/SOURCES.txt'
[0.342s] [100%] Built target ament_cmake_python_build_arduinobot_messages_egg
[0.356s] Invoked command in '/home/abhinandan/ROS2-projects/manipulation/build/arduinobot_messages' returned '0': CMAKE_PREFIX_PATH=${CMAKE_PREFIX_PATH}:/home/abhinandan/ROS2-projects/manipulation/install/arduinobot_py_examples:/opt/ros/humble /usr/bin/cmake --build /home/abhinandan/ROS2-projects/manipulation/build/arduinobot_messages -- -j4 -l4
[0.356s] Invoking command in '/home/abhinandan/ROS2-projects/manipulation/build/arduinobot_messages': CMAKE_PREFIX_PATH=${CMAKE_PREFIX_PATH}:/home/abhinandan/ROS2-projects/manipulation/install/arduinobot_py_examples:/opt/ros/humble /usr/bin/cmake --install /home/abhinandan/ROS2-projects/manipulation/build/arduinobot_messages
[0.372s] -- Install configuration: ""
[0.372s] -- Up-to-date: /home/abhinandan/ROS2-projects/manipulation/install/arduinobot_messages/share/ament_index/resource_index/rosidl_interfaces/arduinobot_messages
[0.372s] -- Up-to-date: /home/abhinandan/ROS2-projects/manipulation/install/arduinobot_messages/include/arduinobot_messages/arduinobot_messages
[0.372s] -- Up-to-date: /home/abhinandan/ROS2-projects/manipulation/install/arduinobot_messages/include/arduinobot_messages/arduinobot_messages/srv
[0.372s] -- Up-to-date: /home/abhinandan/ROS2-projects/manipulation/install/arduinobot_messages/include/arduinobot_messages/arduinobot_messages/srv/quaternion_to_euler.h
[0.372s] -- Up-to-date: /home/abhinandan/ROS2-projects/manipulation/install/arduinobot_messages/include/arduinobot_messages/arduinobot_messages/srv/add_twoints.h
[0.372s] -- Up-to-date: /home/abhinandan/ROS2-projects/manipulation/install/arduinobot_messages/include/arduinobot_messages/arduinobot_messages/srv/detail
[0.372s] -- Up-to-date: /home/abhinandan/ROS2-projects/manipulation/install/arduinobot_messages/include/arduinobot_messages/arduinobot_messages/srv/detail/euler_to_quaternion__functions.c
[0.373s] -- Up-to-date: /home/abhinandan/ROS2-projects/manipulation/install/arduinobot_messages/include/arduinobot_messages/arduinobot_messages/srv/detail/euler_to_quaternion__struct.h
[0.373s] -- Up-to-date: /home/abhinandan/ROS2-projects/manipulation/install/arduinobot_messages/include/arduinobot_messages/arduinobot_messages/srv/detail/euler_to_quaternion__type_support.h
[0.373s] -- Up-to-date: /home/abhinandan/ROS2-projects/manipulation/install/arduinobot_messages/include/arduinobot_messages/arduinobot_messages/srv/detail/quaternion_to_euler__struct.h
[0.373s] -- Up-to-date: /home/abhinandan/ROS2-projects/manipulation/install/arduinobot_messages/include/arduinobot_messages/arduinobot_messages/srv/detail/quaternion_to_euler__type_support.h
[0.373s] -- Up-to-date: /home/abhinandan/ROS2-projects/manipulation/install/arduinobot_messages/include/arduinobot_messages/arduinobot_messages/srv/detail/add_twoints__struct.h
[0.373s] -- Up-to-date: /home/abhinandan/ROS2-projects/manipulation/install/arduinobot_messages/include/arduinobot_messages/arduinobot_messages/srv/detail/add_twoints__type_support.h
[0.373s] -- Up-to-date: /home/abhinandan/ROS2-projects/manipulation/install/arduinobot_messages/include/arduinobot_messages/arduinobot_messages/srv/detail/quaternion_to_euler__functions.h
[0.373s] -- Up-to-date: /home/abhinandan/ROS2-projects/manipulation/install/arduinobot_messages/include/arduinobot_messages/arduinobot_messages/srv/detail/add_twoints__functions.c
[0.373s] -- Up-to-date: /home/abhinandan/ROS2-projects/manipulation/install/arduinobot_messages/include/arduinobot_messages/arduinobot_messages/srv/detail/add_twoints__functions.h
[0.373s] -- Up-to-date: /home/abhinandan/ROS2-projects/manipulation/install/arduinobot_messages/include/arduinobot_messages/arduinobot_messages/srv/detail/quaternion_to_euler__functions.c
[0.373s] -- Up-to-date: /home/abhinandan/ROS2-projects/manipulation/install/arduinobot_messages/include/arduinobot_messages/arduinobot_messages/srv/detail/euler_to_quaternion__functions.h
[0.373s] -- Up-to-date: /home/abhinandan/ROS2-projects/manipulation/install/arduinobot_messages/include/arduinobot_messages/arduinobot_messages/srv/euler_to_quaternion.h
[0.373s] -- Up-to-date: /home/abhinandan/ROS2-projects/manipulation/install/arduinobot_messages/include/arduinobot_messages/arduinobot_messages/msg
[0.373s] -- Up-to-date: /home/abhinandan/ROS2-projects/manipulation/install/arduinobot_messages/include/arduinobot_messages/arduinobot_messages/msg/rosidl_generator_c__visibility_control.h
[0.373s] -- Up-to-date: /home/abhinandan/ROS2-projects/manipulation/install/arduinobot_messages/share/arduinobot_messages/environment/library_path.sh
[0.373s] -- Up-to-date: /home/abhinandan/ROS2-projects/manipulation/install/arduinobot_messages/share/arduinobot_messages/environment/library_path.dsv
[0.373s] -- Up-to-date: /home/abhinandan/ROS2-projects/manipulation/install/arduinobot_messages/lib/libarduinobot_messages__rosidl_generator_c.so
[0.373s] -- Up-to-date: /home/abhinandan/ROS2-projects/manipulation/install/arduinobot_messages/include/arduinobot_messages/arduinobot_messages
[0.373s] -- Up-to-date: /home/abhinandan/ROS2-projects/manipulation/install/arduinobot_messages/include/arduinobot_messages/arduinobot_messages/srv
[0.373s] -- Up-to-date: /home/abhinandan/ROS2-projects/manipulation/install/arduinobot_messages/include/arduinobot_messages/arduinobot_messages/srv/detail
[0.374s] -- Up-to-date: /home/abhinandan/ROS2-projects/manipulation/install/arduinobot_messages/include/arduinobot_messages/arduinobot_messages/srv/detail/euler_to_quaternion__rosidl_typesupport_fastrtps_c.h
[0.374s] -- Up-to-date: /home/abhinandan/ROS2-projects/manipulation/install/arduinobot_messages/include/arduinobot_messages/arduinobot_messages/srv/detail/add_twoints__rosidl_typesupport_fastrtps_c.h
[0.374s] -- Up-to-date: /home/abhinandan/ROS2-projects/manipulation/install/arduinobot_messages/include/arduinobot_messages/arduinobot_messages/srv/detail/quaternion_to_euler__rosidl_typesupport_fastrtps_c.h
[0.374s] -- Up-to-date: /home/abhinandan/ROS2-projects/manipulation/install/arduinobot_messages/include/arduinobot_messages/arduinobot_messages/msg
[0.374s] -- Up-to-date: /home/abhinandan/ROS2-projects/manipulation/install/arduinobot_messages/include/arduinobot_messages/arduinobot_messages/msg/rosidl_typesupport_fastrtps_c__visibility_control.h
[0.374s] -- Up-to-date: /home/abhinandan/ROS2-projects/manipulation/install/arduinobot_messages/lib/libarduinobot_messages__rosidl_typesupport_fastrtps_c.so
[0.374s] -- Up-to-date: /home/abhinandan/ROS2-projects/manipulation/install/arduinobot_messages/include/arduinobot_messages/arduinobot_messages
[0.374s] -- Up-to-date: /home/abhinandan/ROS2-projects/manipulation/install/arduinobot_messages/include/arduinobot_messages/arduinobot_messages/srv
[0.374s] -- Up-to-date: /home/abhinandan/ROS2-projects/manipulation/install/arduinobot_messages/include/arduinobot_messages/arduinobot_messages/srv/euler_to_quaternion.hpp
[0.374s] -- Up-to-date: /home/abhinandan/ROS2-projects/manipulation/install/arduinobot_messages/include/arduinobot_messages/arduinobot_messages/srv/quaternion_to_euler.hpp
[0.374s] -- Up-to-date: /home/abhinandan/ROS2-projects/manipulation/install/arduinobot_messages/include/arduinobot_messages/arduinobot_messages/srv/add_twoints.hpp
[0.374s] -- Up-to-date: /home/abhinandan/ROS2-projects/manipulation/install/arduinobot_messages/include/arduinobot_messages/arduinobot_messages/srv/detail
[0.374s] -- Up-to-date: /home/abhinandan/ROS2-projects/manipulation/install/arduinobot_messages/include/arduinobot_messages/arduinobot_messages/srv/detail/euler_to_quaternion__builder.hpp
[0.374s] -- Up-to-date: /home/abhinandan/ROS2-projects/manipulation/install/arduinobot_messages/include/arduinobot_messages/arduinobot_messages/srv/detail/add_twoints__traits.hpp
[0.374s] -- Up-to-date: /home/abhinandan/ROS2-projects/manipulation/install/arduinobot_messages/include/arduinobot_messages/arduinobot_messages/srv/detail/quaternion_to_euler__type_support.hpp
[0.374s] -- Up-to-date: /home/abhinandan/ROS2-projects/manipulation/install/arduinobot_messages/include/arduinobot_messages/arduinobot_messages/srv/detail/add_twoints__builder.hpp
[0.374s] -- Up-to-date: /home/abhinandan/ROS2-projects/manipulation/install/arduinobot_messages/include/arduinobot_messages/arduinobot_messages/srv/detail/euler_to_quaternion__traits.hpp
[0.374s] -- Up-to-date: /home/abhinandan/ROS2-projects/manipulation/install/arduinobot_messages/include/arduinobot_messages/arduinobot_messages/srv/detail/euler_to_quaternion__type_support.hpp
[0.374s] -- Up-to-date: /home/abhinandan/ROS2-projects/manipulation/install/arduinobot_messages/include/arduinobot_messages/arduinobot_messages/srv/detail/euler_to_quaternion__struct.hpp
[0.374s] -- Up-to-date: /home/abhinandan/ROS2-projects/manipulation/install/arduinobot_messages/include/arduinobot_messages/arduinobot_messages/srv/detail/quaternion_to_euler__traits.hpp
[0.374s] -- Up-to-date: /home/abhinandan/ROS2-projects/manipulation/install/arduinobot_messages/include/arduinobot_messages/arduinobot_messages/srv/detail/quaternion_to_euler__builder.hpp
[0.374s] -- Up-to-date: /home/abhinandan/ROS2-projects/manipulation/install/arduinobot_messages/include/arduinobot_messages/arduinobot_messages/srv/detail/add_twoints__struct.hpp
[0.374s] -- Up-to-date: /home/abhinandan/ROS2-projects/manipulation/install/arduinobot_messages/include/arduinobot_messages/arduinobot_messages/srv/detail/add_twoints__type_support.hpp
[0.374s] -- Up-to-date: /home/abhinandan/ROS2-projects/manipulation/install/arduinobot_messages/include/arduinobot_messages/arduinobot_messages/srv/detail/quaternion_to_euler__struct.hpp
[0.374s] -- Up-to-date: /home/abhinandan/ROS2-projects/manipulation/install/arduinobot_messages/include/arduinobot_messages/arduinobot_messages/msg
[0.374s] -- Up-to-date: /home/abhinandan/ROS2-projects/manipulation/install/arduinobot_messages/include/arduinobot_messages/arduinobot_messages/msg/rosidl_generator_cpp__visibility_control.hpp
[0.374s] -- Up-to-date: /home/abhinandan/ROS2-projects/manipulation/install/arduinobot_messages/include/arduinobot_messages/arduinobot_messages
[0.374s] -- Up-to-date: /home/abhinandan/ROS2-projects/manipulation/install/arduinobot_messages/include/arduinobot_messages/arduinobot_messages/srv
[0.374s] -- Up-to-date: /home/abhinandan/ROS2-projects/manipulation/install/arduinobot_messages/include/arduinobot_messages/arduinobot_messages/srv/detail
[0.374s] -- Up-to-date: /home/abhinandan/ROS2-projects/manipulation/install/arduinobot_messages/include/arduinobot_messages/arduinobot_messages/srv/detail/quaternion_to_euler__rosidl_typesupport_fastrtps_cpp.hpp
[0.374s] -- Up-to-date: /home/abhinandan/ROS2-projects/manipulation/install/arduinobot_messages/include/arduinobot_messages/arduinobot_messages/srv/detail/euler_to_quaternion__rosidl_typesupport_fastrtps_cpp.hpp
[0.374s] -- Up-to-date: /home/abhinandan/ROS2-projects/manipulation/install/arduinobot_messages/include/arduinobot_messages/arduinobot_messages/srv/detail/dds_fastrtps
[0.374s] -- Up-to-date: /home/abhinandan/ROS2-projects/manipulation/install/arduinobot_messages/include/arduinobot_messages/arduinobot_messages/srv/detail/add_twoints__rosidl_typesupport_fastrtps_cpp.hpp
[0.374s] -- Up-to-date: /home/abhinandan/ROS2-projects/manipulation/install/arduinobot_messages/include/arduinobot_messages/arduinobot_messages/msg
[0.374s] -- Up-to-date: /home/abhinandan/ROS2-projects/manipulation/install/arduinobot_messages/include/arduinobot_messages/arduinobot_messages/msg/rosidl_typesupport_fastrtps_cpp__visibility_control.h
[0.374s] -- Up-to-date: /home/abhinandan/ROS2-projects/manipulation/install/arduinobot_messages/lib/libarduinobot_messages__rosidl_typesupport_fastrtps_cpp.so
[0.374s] -- Up-to-date: /home/abhinandan/ROS2-projects/manipulation/install/arduinobot_messages/include/arduinobot_messages/arduinobot_messages
[0.374s] -- Up-to-date: /home/abhinandan/ROS2-projects/manipulation/install/arduinobot_messages/include/arduinobot_messages/arduinobot_messages/srv
[0.374s] -- Up-to-date: /home/abhinandan/ROS2-projects/manipulation/install/arduinobot_messages/include/arduinobot_messages/arduinobot_messages/srv/detail
[0.374s] -- Up-to-date: /home/abhinandan/ROS2-projects/manipulation/install/arduinobot_messages/include/arduinobot_messages/arduinobot_messages/srv/detail/quaternion_to_euler__type_support.c
[0.375s] -- Up-to-date: /home/abhinandan/ROS2-projects/manipulation/install/arduinobot_messages/include/arduinobot_messages/arduinobot_messages/srv/detail/euler_to_quaternion__type_support.c
[0.375s] -- Up-to-date: /home/abhinandan/ROS2-projects/manipulation/install/arduinobot_messages/include/arduinobot_messages/arduinobot_messages/srv/detail/quaternion_to_euler__rosidl_typesupport_introspection_c.h
[0.375s] -- Up-to-date: /home/abhinandan/ROS2-projects/manipulation/install/arduinobot_messages/include/arduinobot_messages/arduinobot_messages/srv/detail/add_twoints__rosidl_typesupport_introspection_c.h
[0.375s] -- Up-to-date: /home/abhinandan/ROS2-projects/manipulation/install/arduinobot_messages/include/arduinobot_messages/arduinobot_messages/srv/detail/euler_to_quaternion__rosidl_typesupport_introspection_c.h
[0.375s] -- Up-to-date: /home/abhinandan/ROS2-projects/manipulation/install/arduinobot_messages/include/arduinobot_messages/arduinobot_messages/srv/detail/add_twoints__type_support.c
[0.375s] -- Up-to-date: /home/abhinandan/ROS2-projects/manipulation/install/arduinobot_messages/include/arduinobot_messages/arduinobot_messages/msg
[0.375s] -- Up-to-date: /home/abhinandan/ROS2-projects/manipulation/install/arduinobot_messages/include/arduinobot_messages/arduinobot_messages/msg/rosidl_typesupport_introspection_c__visibility_control.h
[0.375s] -- Up-to-date: /home/abhinandan/ROS2-projects/manipulation/install/arduinobot_messages/lib/libarduinobot_messages__rosidl_typesupport_introspection_c.so
[0.375s] -- Up-to-date: /home/abhinandan/ROS2-projects/manipulation/install/arduinobot_messages/lib/libarduinobot_messages__rosidl_typesupport_c.so
[0.375s] -- Up-to-date: /home/abhinandan/ROS2-projects/manipulation/install/arduinobot_messages/include/arduinobot_messages/arduinobot_messages
[0.375s] -- Up-to-date: /home/abhinandan/ROS2-projects/manipulation/install/arduinobot_messages/include/arduinobot_messages/arduinobot_messages/srv
[0.375s] -- Up-to-date: /home/abhinandan/ROS2-projects/manipulation/install/arduinobot_messages/include/arduinobot_messages/arduinobot_messages/srv/detail
[0.375s] -- Up-to-date: /home/abhinandan/ROS2-projects/manipulation/install/arduinobot_messages/include/arduinobot_messages/arduinobot_messages/srv/detail/quaternion_to_euler__type_support.cpp
[0.375s] -- Up-to-date: /home/abhinandan/ROS2-projects/manipulation/install/arduinobot_messages/include/arduinobot_messages/arduinobot_messages/srv/detail/quaternion_to_euler__rosidl_typesupport_introspection_cpp.hpp
[0.375s] -- Up-to-date: /home/abhinandan/ROS2-projects/manipulation/install/arduinobot_messages/include/arduinobot_messages/arduinobot_messages/srv/detail/euler_to_quaternion__type_support.cpp
[0.375s] -- Up-to-date: /home/abhinandan/ROS2-projects/manipulation/install/arduinobot_messages/include/arduinobot_messages/arduinobot_messages/srv/detail/add_twoints__type_support.cpp
[0.375s] -- Up-to-date: /home/abhinandan/ROS2-projects/manipulation/install/arduinobot_messages/include/arduinobot_messages/arduinobot_messages/srv/detail/add_twoints__rosidl_typesupport_introspection_cpp.hpp
[0.375s] -- Up-to-date: /home/abhinandan/ROS2-projects/manipulation/install/arduinobot_messages/include/arduinobot_messages/arduinobot_messages/srv/detail/euler_to_quaternion__rosidl_typesupport_introspection_cpp.hpp
[0.375s] -- Up-to-date: /home/abhinandan/ROS2-projects/manipulation/install/arduinobot_messages/lib/libarduinobot_messages__rosidl_typesupport_introspection_cpp.so
[0.375s] -- Up-to-date: /home/abhinandan/ROS2-projects/manipulation/install/arduinobot_messages/lib/libarduinobot_messages__rosidl_typesupport_cpp.so
[0.375s] -- Up-to-date: /home/abhinandan/ROS2-projects/manipulation/install/arduinobot_messages/share/arduinobot_messages/environment/pythonpath.sh
[0.375s] -- Up-to-date: /home/abhinandan/ROS2-projects/manipulation/install/arduinobot_messages/share/arduinobot_messages/environment/pythonpath.dsv
[0.375s] -- Up-to-date: /home/abhinandan/ROS2-projects/manipulation/install/arduinobot_messages/local/lib/python3.10/dist-packages/arduinobot_messages-0.0.0-py3.10.egg-info
[0.375s] -- Installing: /home/abhinandan/ROS2-projects/manipulation/install/arduinobot_messages/local/lib/python3.10/dist-packages/arduinobot_messages-0.0.0-py3.10.egg-info/SOURCES.txt
[0.375s] -- Installing: /home/abhinandan/ROS2-projects/manipulation/install/arduinobot_messages/local/lib/python3.10/dist-packages/arduinobot_messages-0.0.0-py3.10.egg-info/top_level.txt
[0.375s] -- Installing: /home/abhinandan/ROS2-projects/manipulation/install/arduinobot_messages/local/lib/python3.10/dist-packages/arduinobot_messages-0.0.0-py3.10.egg-info/dependency_links.txt
[0.375s] -- Installing: /home/abhinandan/ROS2-projects/manipulation/install/arduinobot_messages/local/lib/python3.10/dist-packages/arduinobot_messages-0.0.0-py3.10.egg-info/PKG-INFO
[0.375s] -- Up-to-date: /home/abhinandan/ROS2-projects/manipulation/install/arduinobot_messages/local/lib/python3.10/dist-packages/arduinobot_messages
[0.375s] -- Up-to-date: /home/abhinandan/ROS2-projects/manipulation/install/arduinobot_messages/local/lib/python3.10/dist-packages/arduinobot_messages/_arduinobot_messages_s.ep.rosidl_typesupport_fastrtps_c.c
[0.375s] -- Up-to-date: /home/abhinandan/ROS2-projects/manipulation/install/arduinobot_messages/local/lib/python3.10/dist-packages/arduinobot_messages/srv
[0.375s] -- Up-to-date: /home/abhinandan/ROS2-projects/manipulation/install/arduinobot_messages/local/lib/python3.10/dist-packages/arduinobot_messages/srv/_add_twoints_s.c
[0.375s] -- Up-to-date: /home/abhinandan/ROS2-projects/manipulation/install/arduinobot_messages/local/lib/python3.10/dist-packages/arduinobot_messages/srv/_quaternion_to_euler.py
[0.375s] -- Up-to-date: /home/abhinandan/ROS2-projects/manipulation/install/arduinobot_messages/local/lib/python3.10/dist-packages/arduinobot_messages/srv/_quaternion_to_euler_s.c
[0.375s] -- Up-to-date: /home/abhinandan/ROS2-projects/manipulation/install/arduinobot_messages/local/lib/python3.10/dist-packages/arduinobot_messages/srv/_euler_to_quaternion_s.c
[0.375s] -- Up-to-date: /home/abhinandan/ROS2-projects/manipulation/install/arduinobot_messages/local/lib/python3.10/dist-packages/arduinobot_messages/srv/_euler_to_quaternion.py
[0.375s] -- Up-to-date: /home/abhinandan/ROS2-projects/manipulation/install/arduinobot_messages/local/lib/python3.10/dist-packages/arduinobot_messages/srv/__init__.py
[0.375s] -- Up-to-date: /home/abhinandan/ROS2-projects/manipulation/install/arduinobot_messages/local/lib/python3.10/dist-packages/arduinobot_messages/srv/_add_twoints.py
[0.375s] -- Up-to-date: /home/abhinandan/ROS2-projects/manipulation/install/arduinobot_messages/local/lib/python3.10/dist-packages/arduinobot_messages/libarduinobot_messages__rosidl_generator_py.so
[0.380s] -- Up-to-date: /home/abhinandan/ROS2-projects/manipulation/install/arduinobot_messages/local/lib/python3.10/dist-packages/arduinobot_messages/arduinobot_messages_s__rosidl_typesupport_introspection_c.cpython-310-aarch64-linux-gnu.so
[0.380s] -- Up-to-date: /home/abhinandan/ROS2-projects/manipulation/install/arduinobot_messages/local/lib/python3.10/dist-packages/arduinobot_messages/arduinobot_messages_s__rosidl_typesupport_c.cpython-310-aarch64-linux-gnu.so
[0.380s] -- Up-to-date: /home/abhinandan/ROS2-projects/manipulation/install/arduinobot_messages/local/lib/python3.10/dist-packages/arduinobot_messages/_arduinobot_messages_s.ep.rosidl_typesupport_introspection_c.c
[0.380s] -- Up-to-date: /home/abhinandan/ROS2-projects/manipulation/install/arduinobot_messages/local/lib/python3.10/dist-packages/arduinobot_messages/_arduinobot_messages_s.ep.rosidl_typesupport_c.c
[0.380s] -- Up-to-date: /home/abhinandan/ROS2-projects/manipulation/install/arduinobot_messages/local/lib/python3.10/dist-packages/arduinobot_messages/__init__.py
[0.380s] -- Up-to-date: /home/abhinandan/ROS2-projects/manipulation/install/arduinobot_messages/local/lib/python3.10/dist-packages/arduinobot_messages/arduinobot_messages_s__rosidl_typesupport_fastrtps_c.cpython-310-aarch64-linux-gnu.so
[0.421s] Listing '/home/abhinandan/ROS2-projects/manipulation/install/arduinobot_messages/local/lib/python3.10/dist-packages/arduinobot_messages'...
[0.421s] Listing '/home/abhinandan/ROS2-projects/manipulation/install/arduinobot_messages/local/lib/python3.10/dist-packages/arduinobot_messages/srv'...
[0.424s] -- Up-to-date: /home/abhinandan/ROS2-projects/manipulation/install/arduinobot_messages/local/lib/python3.10/dist-packages/arduinobot_messages/arduinobot_messages_s__rosidl_typesupport_fastrtps_c.cpython-310-aarch64-linux-gnu.so
[0.424s] -- Up-to-date: /home/abhinandan/ROS2-projects/manipulation/install/arduinobot_messages/local/lib/python3.10/dist-packages/arduinobot_messages/arduinobot_messages_s__rosidl_typesupport_introspection_c.cpython-310-aarch64-linux-gnu.so
[0.424s] -- Up-to-date: /home/abhinandan/ROS2-projects/manipulation/install/arduinobot_messages/local/lib/python3.10/dist-packages/arduinobot_messages/arduinobot_messages_s__rosidl_typesupport_c.cpython-310-aarch64-linux-gnu.so
[0.425s] -- Up-to-date: /home/abhinandan/ROS2-projects/manipulation/install/arduinobot_messages/lib/libarduinobot_messages__rosidl_generator_py.so
[0.425s] -- Up-to-date: /home/abhinandan/ROS2-projects/manipulation/install/arduinobot_messages/share/arduinobot_messages/srv/AddTwoints.idl
[0.425s] -- Up-to-date: /home/abhinandan/ROS2-projects/manipulation/install/arduinobot_messages/share/arduinobot_messages/srv/EulerToQuaternion.idl
[0.425s] -- Up-to-date: /home/abhinandan/ROS2-projects/manipulation/install/arduinobot_messages/share/arduinobot_messages/srv/QuaternionToEuler.idl
[0.425s] -- Up-to-date: /home/abhinandan/ROS2-projects/manipulation/install/arduinobot_messages/share/arduinobot_messages/srv/AddTwoints.srv
[0.425s] -- Up-to-date: /home/abhinandan/ROS2-projects/manipulation/install/arduinobot_messages/share/arduinobot_messages/srv/AddTwoints_Request.msg
[0.425s] -- Up-to-date: /home/abhinandan/ROS2-projects/manipulation/install/arduinobot_messages/share/arduinobot_messages/srv/AddTwoints_Response.msg
[0.425s] -- Up-to-date: /home/abhinandan/ROS2-projects/manipulation/install/arduinobot_messages/share/arduinobot_messages/srv/EulerToQuaternion.srv
[0.425s] -- Up-to-date: /home/abhinandan/ROS2-projects/manipulation/install/arduinobot_messages/share/arduinobot_messages/srv/EulerToQuaternion_Request.msg
[0.425s] -- Up-to-date: /home/abhinandan/ROS2-projects/manipulation/install/arduinobot_messages/share/arduinobot_messages/srv/EulerToQuaternion_Response.msg
[0.425s] -- Up-to-date: /home/abhinandan/ROS2-projects/manipulation/install/arduinobot_messages/share/arduinobot_messages/srv/QuaternionToEuler.srv
[0.425s] -- Up-to-date: /home/abhinandan/ROS2-projects/manipulation/install/arduinobot_messages/share/arduinobot_messages/srv/QuaternionToEuler_Request.msg
[0.425s] -- Up-to-date: /home/abhinandan/ROS2-projects/manipulation/install/arduinobot_messages/share/arduinobot_messages/srv/QuaternionToEuler_Response.msg
[0.425s] -- Up-to-date: /home/abhinandan/ROS2-projects/manipulation/install/arduinobot_messages/share/ament_index/resource_index/package_run_dependencies/arduinobot_messages
[0.425s] -- Up-to-date: /home/abhinandan/ROS2-projects/manipulation/install/arduinobot_messages/share/ament_index/resource_index/parent_prefix_path/arduinobot_messages
[0.425s] -- Up-to-date: /home/abhinandan/ROS2-projects/manipulation/install/arduinobot_messages/share/arduinobot_messages/environment/ament_prefix_path.sh
[0.427s] -- Up-to-date: /home/abhinandan/ROS2-projects/manipulation/install/arduinobot_messages/share/arduinobot_messages/environment/ament_prefix_path.dsv
[0.428s] -- Up-to-date: /home/abhinandan/ROS2-projects/manipulation/install/arduinobot_messages/share/arduinobot_messages/environment/path.sh
[0.433s] -- Up-to-date: /home/abhinandan/ROS2-projects/manipulation/install/arduinobot_messages/share/arduinobot_messages/environment/path.dsv
[0.433s] -- Up-to-date: /home/abhinandan/ROS2-projects/manipulation/install/arduinobot_messages/share/arduinobot_messages/local_setup.bash
[0.433s] -- Up-to-date: /home/abhinandan/ROS2-projects/manipulation/install/arduinobot_messages/share/arduinobot_messages/local_setup.sh
[0.433s] -- Up-to-date: /home/abhinandan/ROS2-projects/manipulation/install/arduinobot_messages/share/arduinobot_messages/local_setup.zsh
[0.433s] -- Up-to-date: /home/abhinandan/ROS2-projects/manipulation/install/arduinobot_messages/share/arduinobot_messages/local_setup.dsv
[0.433s] -- Installing: /home/abhinandan/ROS2-projects/manipulation/install/arduinobot_messages/share/arduinobot_messages/package.dsv
[0.433s] -- Up-to-date: /home/abhinandan/ROS2-projects/manipulation/install/arduinobot_messages/share/ament_index/resource_index/packages/arduinobot_messages
[0.433s] -- Up-to-date: /home/abhinandan/ROS2-projects/manipulation/install/arduinobot_messages/share/arduinobot_messages/cmake/export_arduinobot_messages__rosidl_generator_cExport.cmake
[0.433s] -- Up-to-date: /home/abhinandan/ROS2-projects/manipulation/install/arduinobot_messages/share/arduinobot_messages/cmake/export_arduinobot_messages__rosidl_generator_cExport-noconfig.cmake
[0.433s] -- Up-to-date: /home/abhinandan/ROS2-projects/manipulation/install/arduinobot_messages/share/arduinobot_messages/cmake/export_arduinobot_messages__rosidl_typesupport_fastrtps_cExport.cmake
[0.433s] -- Up-to-date: /home/abhinandan/ROS2-projects/manipulation/install/arduinobot_messages/share/arduinobot_messages/cmake/export_arduinobot_messages__rosidl_typesupport_fastrtps_cExport-noconfig.cmake
[0.433s] -- Up-to-date: /home/abhinandan/ROS2-projects/manipulation/install/arduinobot_messages/share/arduinobot_messages/cmake/export_arduinobot_messages__rosidl_generator_cppExport.cmake
[0.433s] -- Up-to-date: /home/abhinandan/ROS2-projects/manipulation/install/arduinobot_messages/share/arduinobot_messages/cmake/export_arduinobot_messages__rosidl_typesupport_fastrtps_cppExport.cmake
[0.433s] -- Up-to-date: /home/abhinandan/ROS2-projects/manipulation/install/arduinobot_messages/share/arduinobot_messages/cmake/export_arduinobot_messages__rosidl_typesupport_fastrtps_cppExport-noconfig.cmake
[0.433s] -- Up-to-date: /home/abhinandan/ROS2-projects/manipulation/install/arduinobot_messages/share/arduinobot_messages/cmake/arduinobot_messages__rosidl_typesupport_introspection_cExport.cmake
[0.434s] -- Up-to-date: /home/abhinandan/ROS2-projects/manipulation/install/arduinobot_messages/share/arduinobot_messages/cmake/arduinobot_messages__rosidl_typesupport_introspection_cExport-noconfig.cmake
[0.434s] -- Up-to-date: /home/abhinandan/ROS2-projects/manipulation/install/arduinobot_messages/share/arduinobot_messages/cmake/arduinobot_messages__rosidl_typesupport_cExport.cmake
[0.434s] -- Up-to-date: /home/abhinandan/ROS2-projects/manipulation/install/arduinobot_messages/share/arduinobot_messages/cmake/arduinobot_messages__rosidl_typesupport_cExport-noconfig.cmake
[0.434s] -- Up-to-date: /home/abhinandan/ROS2-projects/manipulation/install/arduinobot_messages/share/arduinobot_messages/cmake/arduinobot_messages__rosidl_typesupport_introspection_cppExport.cmake
[0.434s] -- Up-to-date: /home/abhinandan/ROS2-projects/manipulation/install/arduinobot_messages/share/arduinobot_messages/cmake/arduinobot_messages__rosidl_typesupport_introspection_cppExport-noconfig.cmake
[0.434s] -- Up-to-date: /home/abhinandan/ROS2-projects/manipulation/install/arduinobot_messages/share/arduinobot_messages/cmake/arduinobot_messages__rosidl_typesupport_cppExport.cmake
[0.434s] -- Up-to-date: /home/abhinandan/ROS2-projects/manipulation/install/arduinobot_messages/share/arduinobot_messages/cmake/arduinobot_messages__rosidl_typesupport_cppExport-noconfig.cmake
[0.434s] -- Up-to-date: /home/abhinandan/ROS2-projects/manipulation/install/arduinobot_messages/share/arduinobot_messages/cmake/export_arduinobot_messages__rosidl_generator_pyExport.cmake
[0.434s] -- Up-to-date: /home/abhinandan/ROS2-projects/manipulation/install/arduinobot_messages/share/arduinobot_messages/cmake/export_arduinobot_messages__rosidl_generator_pyExport-noconfig.cmake
[0.434s] -- Up-to-date: /home/abhinandan/ROS2-projects/manipulation/install/arduinobot_messages/share/arduinobot_messages/cmake/rosidl_cmake-extras.cmake
[0.434s] -- Up-to-date: /home/abhinandan/ROS2-projects/manipulation/install/arduinobot_messages/share/arduinobot_messages/cmake/ament_cmake_export_include_directories-extras.cmake
[0.434s] -- Up-to-date: /home/abhinandan/ROS2-projects/manipulation/install/arduinobot_messages/share/arduinobot_messages/cmake/ament_cmake_export_libraries-extras.cmake
[0.434s] -- Up-to-date: /home/abhinandan/ROS2-projects/manipulation/install/arduinobot_messages/share/arduinobot_messages/cmake/ament_cmake_export_targets-extras.cmake
[0.434s] -- Up-to-date: /home/abhinandan/ROS2-projects/manipulation/install/arduinobot_messages/share/arduinobot_messages/cmake/rosidl_cmake_export_typesupport_targets-extras.cmake
[0.434s] -- Up-to-date: /home/abhinandan/ROS2-projects/manipulation/install/arduinobot_messages/share/arduinobot_messages/cmake/ament_cmake_export_dependencies-extras.cmake
[0.434s] -- Up-to-date: /home/abhinandan/ROS2-projects/manipulation/install/arduinobot_messages/share/arduinobot_messages/cmake/rosidl_cmake_export_typesupport_libraries-extras.cmake
[0.434s] -- Up-to-date: /home/abhinandan/ROS2-projects/manipulation/install/arduinobot_messages/share/arduinobot_messages/cmake/arduinobot_messagesConfig.cmake
[0.434s] -- Up-to-date: /home/abhinandan/ROS2-projects/manipulation/install/arduinobot_messages/share/arduinobot_messages/cmake/arduinobot_messagesConfig-version.cmake
[0.434s] -- Up-to-date: /home/abhinandan/ROS2-projects/manipulation/install/arduinobot_messages/share/arduinobot_messages/package.xml
[0.434s] Invoked command in '/home/abhinandan/ROS2-projects/manipulation/build/arduinobot_messages' returned '0': CMAKE_PREFIX_PATH=${CMAKE_PREFIX_PATH}:/home/abhinandan/ROS2-projects/manipulation/install/arduinobot_py_examples:/opt/ros/humble /usr/bin/cmake --install /home/abhinandan/ROS2-projects/manipulation/build/arduinobot_messages
