[0.011s] Invoking command in '/home/abhinandan/ROS2-projects/manipulation/build/arduinobot_messages': CMAKE_PREFIX_PATH=${CMAKE_PREFIX_PATH}:/home/abhinandan/ROS2-projects/manipulation/install/arduinobot_py_examples:/opt/ros/humble /usr/bin/cmake --build /home/abhinandan/ROS2-projects/manipulation/build/arduinobot_messages -- -j4 -l4
[0.074s] [  9%] Built target arduinobot_messages__rosidl_generator_c
[0.081s] [ 12%] Built target arduinobot_messages__cpp
[0.098s] [ 22%] Built target arduinobot_messages__rosidl_typesupport_introspection_c
[0.101s] [ 32%] Built target arduinobot_messages__rosidl_typesupport_fastrtps_cpp
[0.113s] [ 41%] Built target arduinobot_messages__rosidl_typesupport_introspection_cpp
[0.117s] [ 51%] Built target arduinobot_messages__rosidl_typesupport_fastrtps_c
[0.123s] [ 61%] Built target arduinobot_messages__rosidl_typesupport_c
[0.130s] [ 70%] Built target arduinobot_messages__rosidl_typesupport_cpp
[0.137s] [ 70%] Built target arduinobot_messages
[0.156s] [ 74%] Built target arduinobot_messages__py
[0.172s] [ 80%] Built target arduinobot_messages__rosidl_generator_py
[0.181s] [ 80%] Built target ament_cmake_python_copy_arduinobot_messages
[0.213s] [ 87%] Built target arduinobot_messages__rosidl_typesupport_c__pyext
[0.230s] [ 93%] Built target arduinobot_messages__rosidl_typesupport_introspection_c__pyext
[0.231s] [100%] Built target arduinobot_messages__rosidl_typesupport_fastrtps_c__pyext
[0.368s] running egg_info
[0.368s] writing arduinobot_messages.egg-info/PKG-INFO
[0.368s] writing dependency_links to arduinobot_messages.egg-info/dependency_links.txt
[0.368s] writing top-level names to arduinobot_messages.egg-info/top_level.txt
[0.370s] reading manifest file 'arduinobot_messages.egg-info/SOURCES.txt'
[0.370s] writing manifest file 'arduinobot_messages.egg-info/SOURCES.txt'
[0.413s] [100%] Built target ament_cmake_python_build_arduinobot_messages_egg
[0.440s] Invoked command in '/home/abhinandan/ROS2-projects/manipulation/build/arduinobot_messages' returned '0': CMAKE_PREFIX_PATH=${CMAKE_PREFIX_PATH}:/home/abhinandan/ROS2-projects/manipulation/install/arduinobot_py_examples:/opt/ros/humble /usr/bin/cmake --build /home/abhinandan/ROS2-projects/manipulation/build/arduinobot_messages -- -j4 -l4
[0.449s] Invoking command in '/home/abhinandan/ROS2-projects/manipulation/build/arduinobot_messages': CMAKE_PREFIX_PATH=${CMAKE_PREFIX_PATH}:/home/abhinandan/ROS2-projects/manipulation/install/arduinobot_py_examples:/opt/ros/humble /usr/bin/cmake --install /home/abhinandan/ROS2-projects/manipulation/build/arduinobot_messages
[0.455s] -- Install configuration: ""
[0.455s] -- Up-to-date: /home/abhinandan/ROS2-projects/manipulation/install/arduinobot_messages/share/ament_index/resource_index/rosidl_interfaces/arduinobot_messages
[0.455s] -- Up-to-date: /home/abhinandan/ROS2-projects/manipulation/install/arduinobot_messages/include/arduinobot_messages/arduinobot_messages
[0.456s] -- Up-to-date: /home/abhinandan/ROS2-projects/manipulation/install/arduinobot_messages/include/arduinobot_messages/arduinobot_messages/srv
[0.456s] -- Up-to-date: /home/abhinandan/ROS2-projects/manipulation/install/arduinobot_messages/include/arduinobot_messages/arduinobot_messages/srv/add_twoints.h
[0.456s] -- Up-to-date: /home/abhinandan/ROS2-projects/manipulation/install/arduinobot_messages/include/arduinobot_messages/arduinobot_messages/srv/detail
[0.456s] -- Up-to-date: /home/abhinandan/ROS2-projects/manipulation/install/arduinobot_messages/include/arduinobot_messages/arduinobot_messages/srv/detail/add_twoints__struct.h
[0.456s] -- Up-to-date: /home/abhinandan/ROS2-projects/manipulation/install/arduinobot_messages/include/arduinobot_messages/arduinobot_messages/srv/detail/add_twoints__type_support.h
[0.456s] -- Up-to-date: /home/abhinandan/ROS2-projects/manipulation/install/arduinobot_messages/include/arduinobot_messages/arduinobot_messages/srv/detail/add_twoints__functions.c
[0.456s] -- Up-to-date: /home/abhinandan/ROS2-projects/manipulation/install/arduinobot_messages/include/arduinobot_messages/arduinobot_messages/srv/detail/add_twoints__functions.h
[0.456s] -- Up-to-date: /home/abhinandan/ROS2-projects/manipulation/install/arduinobot_messages/include/arduinobot_messages/arduinobot_messages/msg
[0.457s] -- Up-to-date: /home/abhinandan/ROS2-projects/manipulation/install/arduinobot_messages/include/arduinobot_messages/arduinobot_messages/msg/rosidl_generator_c__visibility_control.h
[0.457s] -- Up-to-date: /home/abhinandan/ROS2-projects/manipulation/install/arduinobot_messages/share/arduinobot_messages/environment/library_path.sh
[0.457s] -- Up-to-date: /home/abhinandan/ROS2-projects/manipulation/install/arduinobot_messages/share/arduinobot_messages/environment/library_path.dsv
[0.458s] -- Up-to-date: /home/abhinandan/ROS2-projects/manipulation/install/arduinobot_messages/lib/libarduinobot_messages__rosidl_generator_c.so
[0.458s] -- Up-to-date: /home/abhinandan/ROS2-projects/manipulation/install/arduinobot_messages/include/arduinobot_messages/arduinobot_messages
[0.458s] -- Up-to-date: /home/abhinandan/ROS2-projects/manipulation/install/arduinobot_messages/include/arduinobot_messages/arduinobot_messages/srv
[0.458s] -- Up-to-date: /home/abhinandan/ROS2-projects/manipulation/install/arduinobot_messages/include/arduinobot_messages/arduinobot_messages/srv/detail
[0.458s] -- Up-to-date: /home/abhinandan/ROS2-projects/manipulation/install/arduinobot_messages/include/arduinobot_messages/arduinobot_messages/srv/detail/add_twoints__rosidl_typesupport_fastrtps_c.h
[0.458s] -- Up-to-date: /home/abhinandan/ROS2-projects/manipulation/install/arduinobot_messages/include/arduinobot_messages/arduinobot_messages/msg
[0.459s] -- Up-to-date: /home/abhinandan/ROS2-projects/manipulation/install/arduinobot_messages/include/arduinobot_messages/arduinobot_messages/msg/rosidl_typesupport_fastrtps_c__visibility_control.h
[0.459s] -- Up-to-date: /home/abhinandan/ROS2-projects/manipulation/install/arduinobot_messages/lib/libarduinobot_messages__rosidl_typesupport_fastrtps_c.so
[0.459s] -- Up-to-date: /home/abhinandan/ROS2-projects/manipulation/install/arduinobot_messages/include/arduinobot_messages/arduinobot_messages
[0.459s] -- Up-to-date: /home/abhinandan/ROS2-projects/manipulation/install/arduinobot_messages/include/arduinobot_messages/arduinobot_messages/srv
[0.460s] -- Up-to-date: /home/abhinandan/ROS2-projects/manipulation/install/arduinobot_messages/include/arduinobot_messages/arduinobot_messages/srv/add_twoints.hpp
[0.460s] -- Up-to-date: /home/abhinandan/ROS2-projects/manipulation/install/arduinobot_messages/include/arduinobot_messages/arduinobot_messages/srv/detail
[0.460s] -- Up-to-date: /home/abhinandan/ROS2-projects/manipulation/install/arduinobot_messages/include/arduinobot_messages/arduinobot_messages/srv/detail/add_twoints__traits.hpp
[0.460s] -- Up-to-date: /home/abhinandan/ROS2-projects/manipulation/install/arduinobot_messages/include/arduinobot_messages/arduinobot_messages/srv/detail/add_twoints__builder.hpp
[0.460s] -- Up-to-date: /home/abhinandan/ROS2-projects/manipulation/install/arduinobot_messages/include/arduinobot_messages/arduinobot_messages/srv/detail/add_twoints__struct.hpp
[0.460s] -- Up-to-date: /home/abhinandan/ROS2-projects/manipulation/install/arduinobot_messages/include/arduinobot_messages/arduinobot_messages/srv/detail/add_twoints__type_support.hpp
[0.460s] -- Up-to-date: /home/abhinandan/ROS2-projects/manipulation/install/arduinobot_messages/include/arduinobot_messages/arduinobot_messages/msg
[0.461s] -- Up-to-date: /home/abhinandan/ROS2-projects/manipulation/install/arduinobot_messages/include/arduinobot_messages/arduinobot_messages/msg/rosidl_generator_cpp__visibility_control.hpp
[0.461s] -- Up-to-date: /home/abhinandan/ROS2-projects/manipulation/install/arduinobot_messages/include/arduinobot_messages/arduinobot_messages
[0.462s] -- Up-to-date: /home/abhinandan/ROS2-projects/manipulation/install/arduinobot_messages/include/arduinobot_messages/arduinobot_messages/srv
[0.462s] -- Up-to-date: /home/abhinandan/ROS2-projects/manipulation/install/arduinobot_messages/include/arduinobot_messages/arduinobot_messages/srv/detail
[0.462s] -- Up-to-date: /home/abhinandan/ROS2-projects/manipulation/install/arduinobot_messages/include/arduinobot_messages/arduinobot_messages/srv/detail/dds_fastrtps
[0.462s] -- Up-to-date: /home/abhinandan/ROS2-projects/manipulation/install/arduinobot_messages/include/arduinobot_messages/arduinobot_messages/srv/detail/add_twoints__rosidl_typesupport_fastrtps_cpp.hpp
[0.462s] -- Up-to-date: /home/abhinandan/ROS2-projects/manipulation/install/arduinobot_messages/include/arduinobot_messages/arduinobot_messages/msg
[0.462s] -- Up-to-date: /home/abhinandan/ROS2-projects/manipulation/install/arduinobot_messages/include/arduinobot_messages/arduinobot_messages/msg/rosidl_typesupport_fastrtps_cpp__visibility_control.h
[0.463s] -- Up-to-date: /home/abhinandan/ROS2-projects/manipulation/install/arduinobot_messages/lib/libarduinobot_messages__rosidl_typesupport_fastrtps_cpp.so
[0.463s] -- Up-to-date: /home/abhinandan/ROS2-projects/manipulation/install/arduinobot_messages/include/arduinobot_messages/arduinobot_messages
[0.463s] -- Up-to-date: /home/abhinandan/ROS2-projects/manipulation/install/arduinobot_messages/include/arduinobot_messages/arduinobot_messages/srv
[0.463s] -- Up-to-date: /home/abhinandan/ROS2-projects/manipulation/install/arduinobot_messages/include/arduinobot_messages/arduinobot_messages/srv/detail
[0.463s] -- Up-to-date: /home/abhinandan/ROS2-projects/manipulation/install/arduinobot_messages/include/arduinobot_messages/arduinobot_messages/srv/detail/add_twoints__rosidl_typesupport_introspection_c.h
[0.464s] -- Up-to-date: /home/abhinandan/ROS2-projects/manipulation/install/arduinobot_messages/include/arduinobot_messages/arduinobot_messages/srv/detail/add_twoints__type_support.c
[0.464s] -- Up-to-date: /home/abhinandan/ROS2-projects/manipulation/install/arduinobot_messages/include/arduinobot_messages/arduinobot_messages/msg
[0.464s] -- Up-to-date: /home/abhinandan/ROS2-projects/manipulation/install/arduinobot_messages/include/arduinobot_messages/arduinobot_messages/msg/rosidl_typesupport_introspection_c__visibility_control.h
[0.464s] -- Up-to-date: /home/abhinandan/ROS2-projects/manipulation/install/arduinobot_messages/lib/libarduinobot_messages__rosidl_typesupport_introspection_c.so
[0.465s] -- Up-to-date: /home/abhinandan/ROS2-projects/manipulation/install/arduinobot_messages/lib/libarduinobot_messages__rosidl_typesupport_c.so
[0.465s] -- Up-to-date: /home/abhinandan/ROS2-projects/manipulation/install/arduinobot_messages/include/arduinobot_messages/arduinobot_messages
[0.465s] -- Up-to-date: /home/abhinandan/ROS2-projects/manipulation/install/arduinobot_messages/include/arduinobot_messages/arduinobot_messages/srv
[0.465s] -- Up-to-date: /home/abhinandan/ROS2-projects/manipulation/install/arduinobot_messages/include/arduinobot_messages/arduinobot_messages/srv/detail
[0.465s] -- Up-to-date: /home/abhinandan/ROS2-projects/manipulation/install/arduinobot_messages/include/arduinobot_messages/arduinobot_messages/srv/detail/add_twoints__type_support.cpp
[0.466s] -- Up-to-date: /home/abhinandan/ROS2-projects/manipulation/install/arduinobot_messages/include/arduinobot_messages/arduinobot_messages/srv/detail/add_twoints__rosidl_typesupport_introspection_cpp.hpp
[0.466s] -- Up-to-date: /home/abhinandan/ROS2-projects/manipulation/install/arduinobot_messages/lib/libarduinobot_messages__rosidl_typesupport_introspection_cpp.so
[0.466s] -- Up-to-date: /home/abhinandan/ROS2-projects/manipulation/install/arduinobot_messages/lib/libarduinobot_messages__rosidl_typesupport_cpp.so
[0.466s] -- Up-to-date: /home/abhinandan/ROS2-projects/manipulation/install/arduinobot_messages/share/arduinobot_messages/environment/pythonpath.sh
[0.466s] -- Up-to-date: /home/abhinandan/ROS2-projects/manipulation/install/arduinobot_messages/share/arduinobot_messages/environment/pythonpath.dsv
[0.466s] -- Up-to-date: /home/abhinandan/ROS2-projects/manipulation/install/arduinobot_messages/local/lib/python3.10/dist-packages/arduinobot_messages-0.0.0-py3.10.egg-info
[0.466s] -- Installing: /home/abhinandan/ROS2-projects/manipulation/install/arduinobot_messages/local/lib/python3.10/dist-packages/arduinobot_messages-0.0.0-py3.10.egg-info/SOURCES.txt
[0.466s] -- Installing: /home/abhinandan/ROS2-projects/manipulation/install/arduinobot_messages/local/lib/python3.10/dist-packages/arduinobot_messages-0.0.0-py3.10.egg-info/top_level.txt
[0.466s] -- Installing: /home/abhinandan/ROS2-projects/manipulation/install/arduinobot_messages/local/lib/python3.10/dist-packages/arduinobot_messages-0.0.0-py3.10.egg-info/dependency_links.txt
[0.466s] -- Installing: /home/abhinandan/ROS2-projects/manipulation/install/arduinobot_messages/local/lib/python3.10/dist-packages/arduinobot_messages-0.0.0-py3.10.egg-info/PKG-INFO
[0.466s] -- Up-to-date: /home/abhinandan/ROS2-projects/manipulation/install/arduinobot_messages/local/lib/python3.10/dist-packages/arduinobot_messages
[0.467s] -- Up-to-date: /home/abhinandan/ROS2-projects/manipulation/install/arduinobot_messages/local/lib/python3.10/dist-packages/arduinobot_messages/_arduinobot_messages_s.ep.rosidl_typesupport_fastrtps_c.c
[0.467s] -- Up-to-date: /home/abhinandan/ROS2-projects/manipulation/install/arduinobot_messages/local/lib/python3.10/dist-packages/arduinobot_messages/srv
[0.467s] -- Up-to-date: /home/abhinandan/ROS2-projects/manipulation/install/arduinobot_messages/local/lib/python3.10/dist-packages/arduinobot_messages/srv/_add_twoints_s.c
[0.467s] -- Up-to-date: /home/abhinandan/ROS2-projects/manipulation/install/arduinobot_messages/local/lib/python3.10/dist-packages/arduinobot_messages/srv/__init__.py
[0.467s] -- Up-to-date: /home/abhinandan/ROS2-projects/manipulation/install/arduinobot_messages/local/lib/python3.10/dist-packages/arduinobot_messages/srv/_add_twoints.py
[0.467s] -- Up-to-date: /home/abhinandan/ROS2-projects/manipulation/install/arduinobot_messages/local/lib/python3.10/dist-packages/arduinobot_messages/libarduinobot_messages__rosidl_generator_py.so
[0.467s] -- Up-to-date: /home/abhinandan/ROS2-projects/manipulation/install/arduinobot_messages/local/lib/python3.10/dist-packages/arduinobot_messages/arduinobot_messages_s__rosidl_typesupport_introspection_c.cpython-310-aarch64-linux-gnu.so
[0.467s] -- Up-to-date: /home/abhinandan/ROS2-projects/manipulation/install/arduinobot_messages/local/lib/python3.10/dist-packages/arduinobot_messages/arduinobot_messages_s__rosidl_typesupport_c.cpython-310-aarch64-linux-gnu.so
[0.467s] -- Up-to-date: /home/abhinandan/ROS2-projects/manipulation/install/arduinobot_messages/local/lib/python3.10/dist-packages/arduinobot_messages/_arduinobot_messages_s.ep.rosidl_typesupport_introspection_c.c
[0.467s] -- Up-to-date: /home/abhinandan/ROS2-projects/manipulation/install/arduinobot_messages/local/lib/python3.10/dist-packages/arduinobot_messages/_arduinobot_messages_s.ep.rosidl_typesupport_c.c
[0.467s] -- Up-to-date: /home/abhinandan/ROS2-projects/manipulation/install/arduinobot_messages/local/lib/python3.10/dist-packages/arduinobot_messages/__init__.py
[0.467s] -- Up-to-date: /home/abhinandan/ROS2-projects/manipulation/install/arduinobot_messages/local/lib/python3.10/dist-packages/arduinobot_messages/arduinobot_messages_s__rosidl_typesupport_fastrtps_c.cpython-310-aarch64-linux-gnu.so
[0.518s] Listing '/home/abhinandan/ROS2-projects/manipulation/install/arduinobot_messages/local/lib/python3.10/dist-packages/arduinobot_messages'...
[0.518s] Listing '/home/abhinandan/ROS2-projects/manipulation/install/arduinobot_messages/local/lib/python3.10/dist-packages/arduinobot_messages/srv'...
[0.521s] -- Up-to-date: /home/abhinandan/ROS2-projects/manipulation/install/arduinobot_messages/local/lib/python3.10/dist-packages/arduinobot_messages/arduinobot_messages_s__rosidl_typesupport_fastrtps_c.cpython-310-aarch64-linux-gnu.so
[0.521s] -- Up-to-date: /home/abhinandan/ROS2-projects/manipulation/install/arduinobot_messages/local/lib/python3.10/dist-packages/arduinobot_messages/arduinobot_messages_s__rosidl_typesupport_introspection_c.cpython-310-aarch64-linux-gnu.so
[0.521s] -- Up-to-date: /home/abhinandan/ROS2-projects/manipulation/install/arduinobot_messages/local/lib/python3.10/dist-packages/arduinobot_messages/arduinobot_messages_s__rosidl_typesupport_c.cpython-310-aarch64-linux-gnu.so
[0.521s] -- Up-to-date: /home/abhinandan/ROS2-projects/manipulation/install/arduinobot_messages/lib/libarduinobot_messages__rosidl_generator_py.so
[0.521s] -- Up-to-date: /home/abhinandan/ROS2-projects/manipulation/install/arduinobot_messages/share/arduinobot_messages/srv/AddTwoints.idl
[0.522s] -- Up-to-date: /home/abhinandan/ROS2-projects/manipulation/install/arduinobot_messages/share/arduinobot_messages/srv/AddTwoints.srv
[0.522s] -- Up-to-date: /home/abhinandan/ROS2-projects/manipulation/install/arduinobot_messages/share/arduinobot_messages/srv/AddTwoints_Request.msg
[0.522s] -- Up-to-date: /home/abhinandan/ROS2-projects/manipulation/install/arduinobot_messages/share/arduinobot_messages/srv/AddTwoints_Response.msg
[0.522s] -- Up-to-date: /home/abhinandan/ROS2-projects/manipulation/install/arduinobot_messages/share/ament_index/resource_index/package_run_dependencies/arduinobot_messages
[0.522s] -- Up-to-date: /home/abhinandan/ROS2-projects/manipulation/install/arduinobot_messages/share/ament_index/resource_index/parent_prefix_path/arduinobot_messages
[0.522s] -- Up-to-date: /home/abhinandan/ROS2-projects/manipulation/install/arduinobot_messages/share/arduinobot_messages/environment/ament_prefix_path.sh
[0.522s] -- Up-to-date: /home/abhinandan/ROS2-projects/manipulation/install/arduinobot_messages/share/arduinobot_messages/environment/ament_prefix_path.dsv
[0.522s] -- Up-to-date: /home/abhinandan/ROS2-projects/manipulation/install/arduinobot_messages/share/arduinobot_messages/environment/path.sh
[0.522s] -- Up-to-date: /home/abhinandan/ROS2-projects/manipulation/install/arduinobot_messages/share/arduinobot_messages/environment/path.dsv
[0.522s] -- Up-to-date: /home/abhinandan/ROS2-projects/manipulation/install/arduinobot_messages/share/arduinobot_messages/local_setup.bash
[0.522s] -- Up-to-date: /home/abhinandan/ROS2-projects/manipulation/install/arduinobot_messages/share/arduinobot_messages/local_setup.sh
[0.522s] -- Up-to-date: /home/abhinandan/ROS2-projects/manipulation/install/arduinobot_messages/share/arduinobot_messages/local_setup.zsh
[0.522s] -- Up-to-date: /home/abhinandan/ROS2-projects/manipulation/install/arduinobot_messages/share/arduinobot_messages/local_setup.dsv
[0.522s] -- Installing: /home/abhinandan/ROS2-projects/manipulation/install/arduinobot_messages/share/arduinobot_messages/package.dsv
[0.522s] -- Up-to-date: /home/abhinandan/ROS2-projects/manipulation/install/arduinobot_messages/share/ament_index/resource_index/packages/arduinobot_messages
[0.522s] -- Up-to-date: /home/abhinandan/ROS2-projects/manipulation/install/arduinobot_messages/share/arduinobot_messages/cmake/export_arduinobot_messages__rosidl_generator_cExport.cmake
[0.522s] -- Up-to-date: /home/abhinandan/ROS2-projects/manipulation/install/arduinobot_messages/share/arduinobot_messages/cmake/export_arduinobot_messages__rosidl_generator_cExport-noconfig.cmake
[0.522s] -- Up-to-date: /home/abhinandan/ROS2-projects/manipulation/install/arduinobot_messages/share/arduinobot_messages/cmake/export_arduinobot_messages__rosidl_typesupport_fastrtps_cExport.cmake
[0.522s] -- Up-to-date: /home/abhinandan/ROS2-projects/manipulation/install/arduinobot_messages/share/arduinobot_messages/cmake/export_arduinobot_messages__rosidl_typesupport_fastrtps_cExport-noconfig.cmake
[0.522s] -- Up-to-date: /home/abhinandan/ROS2-projects/manipulation/install/arduinobot_messages/share/arduinobot_messages/cmake/export_arduinobot_messages__rosidl_generator_cppExport.cmake
[0.522s] -- Up-to-date: /home/abhinandan/ROS2-projects/manipulation/install/arduinobot_messages/share/arduinobot_messages/cmake/export_arduinobot_messages__rosidl_typesupport_fastrtps_cppExport.cmake
[0.522s] -- Up-to-date: /home/abhinandan/ROS2-projects/manipulation/install/arduinobot_messages/share/arduinobot_messages/cmake/export_arduinobot_messages__rosidl_typesupport_fastrtps_cppExport-noconfig.cmake
[0.522s] -- Up-to-date: /home/abhinandan/ROS2-projects/manipulation/install/arduinobot_messages/share/arduinobot_messages/cmake/arduinobot_messages__rosidl_typesupport_introspection_cExport.cmake
[0.523s] -- Up-to-date: /home/abhinandan/ROS2-projects/manipulation/install/arduinobot_messages/share/arduinobot_messages/cmake/arduinobot_messages__rosidl_typesupport_introspection_cExport-noconfig.cmake
[0.523s] -- Up-to-date: /home/abhinandan/ROS2-projects/manipulation/install/arduinobot_messages/share/arduinobot_messages/cmake/arduinobot_messages__rosidl_typesupport_cExport.cmake
[0.523s] -- Up-to-date: /home/abhinandan/ROS2-projects/manipulation/install/arduinobot_messages/share/arduinobot_messages/cmake/arduinobot_messages__rosidl_typesupport_cExport-noconfig.cmake
[0.523s] -- Up-to-date: /home/abhinandan/ROS2-projects/manipulation/install/arduinobot_messages/share/arduinobot_messages/cmake/arduinobot_messages__rosidl_typesupport_introspection_cppExport.cmake
[0.523s] -- Up-to-date: /home/abhinandan/ROS2-projects/manipulation/install/arduinobot_messages/share/arduinobot_messages/cmake/arduinobot_messages__rosidl_typesupport_introspection_cppExport-noconfig.cmake
[0.523s] -- Up-to-date: /home/abhinandan/ROS2-projects/manipulation/install/arduinobot_messages/share/arduinobot_messages/cmake/arduinobot_messages__rosidl_typesupport_cppExport.cmake
[0.523s] -- Up-to-date: /home/abhinandan/ROS2-projects/manipulation/install/arduinobot_messages/share/arduinobot_messages/cmake/arduinobot_messages__rosidl_typesupport_cppExport-noconfig.cmake
[0.523s] -- Up-to-date: /home/abhinandan/ROS2-projects/manipulation/install/arduinobot_messages/share/arduinobot_messages/cmake/export_arduinobot_messages__rosidl_generator_pyExport.cmake
[0.523s] -- Up-to-date: /home/abhinandan/ROS2-projects/manipulation/install/arduinobot_messages/share/arduinobot_messages/cmake/export_arduinobot_messages__rosidl_generator_pyExport-noconfig.cmake
[0.523s] -- Up-to-date: /home/abhinandan/ROS2-projects/manipulation/install/arduinobot_messages/share/arduinobot_messages/cmake/rosidl_cmake-extras.cmake
[0.523s] -- Up-to-date: /home/abhinandan/ROS2-projects/manipulation/install/arduinobot_messages/share/arduinobot_messages/cmake/ament_cmake_export_include_directories-extras.cmake
[0.523s] -- Up-to-date: /home/abhinandan/ROS2-projects/manipulation/install/arduinobot_messages/share/arduinobot_messages/cmake/ament_cmake_export_libraries-extras.cmake
[0.523s] -- Up-to-date: /home/abhinandan/ROS2-projects/manipulation/install/arduinobot_messages/share/arduinobot_messages/cmake/ament_cmake_export_targets-extras.cmake
[0.523s] -- Up-to-date: /home/abhinandan/ROS2-projects/manipulation/install/arduinobot_messages/share/arduinobot_messages/cmake/rosidl_cmake_export_typesupport_targets-extras.cmake
[0.523s] -- Up-to-date: /home/abhinandan/ROS2-projects/manipulation/install/arduinobot_messages/share/arduinobot_messages/cmake/ament_cmake_export_dependencies-extras.cmake
[0.523s] -- Up-to-date: /home/abhinandan/ROS2-projects/manipulation/install/arduinobot_messages/share/arduinobot_messages/cmake/rosidl_cmake_export_typesupport_libraries-extras.cmake
[0.523s] -- Up-to-date: /home/abhinandan/ROS2-projects/manipulation/install/arduinobot_messages/share/arduinobot_messages/cmake/arduinobot_messagesConfig.cmake
[0.523s] -- Up-to-date: /home/abhinandan/ROS2-projects/manipulation/install/arduinobot_messages/share/arduinobot_messages/cmake/arduinobot_messagesConfig-version.cmake
[0.523s] -- Up-to-date: /home/abhinandan/ROS2-projects/manipulation/install/arduinobot_messages/share/arduinobot_messages/package.xml
[0.529s] Invoked command in '/home/abhinandan/ROS2-projects/manipulation/build/arduinobot_messages' returned '0': CMAKE_PREFIX_PATH=${CMAKE_PREFIX_PATH}:/home/abhinandan/ROS2-projects/manipulation/install/arduinobot_py_examples:/opt/ros/humble /usr/bin/cmake --install /home/abhinandan/ROS2-projects/manipulation/build/arduinobot_messages
