[0.021s] Invoking command in '/home/abhinandan/ROS2-projects/manipulation/build/arduinobot_controller': CMAKE_PREFIX_PATH=${CMAKE_PREFIX_PATH}:/home/abhinandan/ROS2-projects/manipulation/install/arduinobot_py_examples:/opt/ros/humble /usr/bin/cmake /home/abhinandan/ROS2-projects/manipulation/src/arduinobot_controller -DCMAKE_INSTALL_PREFIX=/home/abhinandan/ROS2-projects/manipulation/install/arduinobot_controller
[0.129s] -- The C compiler identification is GNU 11.4.0
[0.204s] -- The CXX compiler identification is GNU 11.4.0
[0.228s] -- Detecting C compiler ABI info
[0.381s] -- Detecting C compiler ABI info - done
[0.385s] -- Check for working C compiler: /usr/bin/cc - skipped
[0.385s] -- Detecting C compile features
[0.386s] -- Detecting C compile features - done
[0.388s] -- Detecting CXX compiler ABI info
[0.543s] -- Detecting CXX compiler ABI info - done
[0.549s] -- Check for working CXX compiler: /usr/bin/c++ - skipped
[0.549s] -- Detecting CXX compile features
[0.549s] -- Detecting CXX compile features - done
[0.551s] -- Found ament_cmake: 1.3.11 (/opt/ros/humble/share/ament_cmake/cmake)
[0.725s] -- Found Python3: /usr/bin/python3 (found version "3.10.12") found components: Interpreter 
[0.885s] -- Found ament_lint_auto: 0.12.12 (/opt/ros/humble/share/ament_lint_auto/cmake)
[0.952s] -- Added test 'lint_cmake' to check CMake code style
[0.953s] -- Added test 'xmllint' to check XML markup files
[0.955s] -- Configuring done
[0.960s] -- Generating done
[0.963s] -- Build files have been written to: /home/abhinandan/ROS2-projects/manipulation/build/arduinobot_controller
[0.965s] Invoked command in '/home/abhinandan/ROS2-projects/manipulation/build/arduinobot_controller' returned '0': CMAKE_PREFIX_PATH=${CMAKE_PREFIX_PATH}:/home/abhinandan/ROS2-projects/manipulation/install/arduinobot_py_examples:/opt/ros/humble /usr/bin/cmake /home/abhinandan/ROS2-projects/manipulation/src/arduinobot_controller -DCMAKE_INSTALL_PREFIX=/home/abhinandan/ROS2-projects/manipulation/install/arduinobot_controller
[0.975s] Invoking command in '/home/abhinandan/ROS2-projects/manipulation/build/arduinobot_controller': CMAKE_PREFIX_PATH=${CMAKE_PREFIX_PATH}:/home/abhinandan/ROS2-projects/manipulation/install/arduinobot_py_examples:/opt/ros/humble /usr/bin/cmake --build /home/abhinandan/ROS2-projects/manipulation/build/arduinobot_controller -- -j4 -l4
[1.005s] Invoked command in '/home/abhinandan/ROS2-projects/manipulation/build/arduinobot_controller' returned '0': CMAKE_PREFIX_PATH=${CMAKE_PREFIX_PATH}:/home/abhinandan/ROS2-projects/manipulation/install/arduinobot_py_examples:/opt/ros/humble /usr/bin/cmake --build /home/abhinandan/ROS2-projects/manipulation/build/arduinobot_controller -- -j4 -l4
[1.005s] Invoking command in '/home/abhinandan/ROS2-projects/manipulation/build/arduinobot_controller': CMAKE_PREFIX_PATH=${CMAKE_PREFIX_PATH}:/home/abhinandan/ROS2-projects/manipulation/install/arduinobot_py_examples:/opt/ros/humble /usr/bin/cmake --install /home/abhinandan/ROS2-projects/manipulation/build/arduinobot_controller
[1.008s] -- Install configuration: ""
[1.008s] -- Installing: /home/abhinandan/ROS2-projects/manipulation/install/arduinobot_controller/share/$(PROJECT_NAME)/config
[1.008s] -- Installing: /home/abhinandan/ROS2-projects/manipulation/install/arduinobot_controller/share/$(PROJECT_NAME)/config/arduinobot_controllers.yaml
[1.008s] -- Installing: /home/abhinandan/ROS2-projects/manipulation/install/arduinobot_controller/share/ament_index/resource_index/package_run_dependencies/arduinobot_controller
[1.008s] -- Installing: /home/abhinandan/ROS2-projects/manipulation/install/arduinobot_controller/share/ament_index/resource_index/parent_prefix_path/arduinobot_controller
[1.009s] -- Installing: /home/abhinandan/ROS2-projects/manipulation/install/arduinobot_controller/share/arduinobot_controller/environment/ament_prefix_path.sh
[1.009s] -- Installing: /home/abhinandan/ROS2-projects/manipulation/install/arduinobot_controller/share/arduinobot_controller/environment/ament_prefix_path.dsv
[1.009s] -- Installing: /home/abhinandan/ROS2-projects/manipulation/install/arduinobot_controller/share/arduinobot_controller/environment/path.sh
[1.009s] -- Installing: /home/abhinandan/ROS2-projects/manipulation/install/arduinobot_controller/share/arduinobot_controller/environment/path.dsv
[1.009s] -- Installing: /home/abhinandan/ROS2-projects/manipulation/install/arduinobot_controller/share/arduinobot_controller/local_setup.bash
[1.009s] -- Installing: /home/abhinandan/ROS2-projects/manipulation/install/arduinobot_controller/share/arduinobot_controller/local_setup.sh
[1.009s] -- Installing: /home/abhinandan/ROS2-projects/manipulation/install/arduinobot_controller/share/arduinobot_controller/local_setup.zsh
[1.009s] -- Installing: /home/abhinandan/ROS2-projects/manipulation/install/arduinobot_controller/share/arduinobot_controller/local_setup.dsv
[1.009s] -- Installing: /home/abhinandan/ROS2-projects/manipulation/install/arduinobot_controller/share/arduinobot_controller/package.dsv
[1.009s] -- Installing: /home/abhinandan/ROS2-projects/manipulation/install/arduinobot_controller/share/ament_index/resource_index/packages/arduinobot_controller
[1.009s] -- Installing: /home/abhinandan/ROS2-projects/manipulation/install/arduinobot_controller/share/arduinobot_controller/cmake/arduinobot_controllerConfig.cmake
[1.009s] -- Installing: /home/abhinandan/ROS2-projects/manipulation/install/arduinobot_controller/share/arduinobot_controller/cmake/arduinobot_controllerConfig-version.cmake
[1.009s] -- Installing: /home/abhinandan/ROS2-projects/manipulation/install/arduinobot_controller/share/arduinobot_controller/package.xml
[1.028s] Invoked command in '/home/abhinandan/ROS2-projects/manipulation/build/arduinobot_controller' returned '0': CMAKE_PREFIX_PATH=${CMAKE_PREFIX_PATH}:/home/abhinandan/ROS2-projects/manipulation/install/arduinobot_py_examples:/opt/ros/humble /usr/bin/cmake --install /home/abhinandan/ROS2-projects/manipulation/build/arduinobot_controller
