[0.236s] Invoking command in '/home/abhinandan/ROS2-projects/manipulation/build/arduinobot_utils': CMAKE_PREFIX_PATH=/home/abhinandan/ROS2-projects/manipulation/install/arduinobot_messages:/home/abhinandan/ROS2-projects/manipulation/install/arduinobot_utils:/home/abhinandan/ROS2-projects/manipulation/install/arduinobot_description:/home/abhinandan/ROS2-projects/manipulation/install/arduinobot_cpp_examples:/home/abhinandan/ROS2-projects/manipulation/install/arduinobot_controller:/home/abhinandan/ROS2-projects/manipulation/install/arduinobot_py_examples:/opt/ros/humble /usr/bin/cmake --build /home/abhinandan/ROS2-projects/manipulation/build/arduinobot_utils -- -j4 -l4
[0.247s] -- Found ament_cmake: 1.3.11 (/opt/ros/humble/share/ament_cmake/cmake)
[0.331s] -- Found rclpy: 3.3.16 (/opt/ros/humble/share/rclpy/cmake)
[0.339s] [31mCMake Error at CMakeLists.txt:11 (find_package):
[0.339s]   By not providing "Findarduinobot_msgs.cmake" in CMAKE_MODULE_PATH this
[0.339s]   project has asked CMake to find a package configuration file provided by
[0.339s]   "arduinobot_msgs", but CMake did not find one.
[0.339s] 
[0.340s]   Could not find a package configuration file provided by "arduinobot_msgs"
[0.340s]   with any of the following names:
[0.340s] 
[0.340s]     arduinobot_msgsConfig.cmake
[0.340s]     arduinobot_msgs-config.cmake
[0.340s] 
[0.340s]   Add the installation prefix of "arduinobot_msgs" to CMAKE_PREFIX_PATH or
[0.340s]   set "arduinobot_msgs_DIR" to a directory containing one of the above files.
[0.340s]   If "arduinobot_msgs" provides a separate development package or SDK, be
[0.340s]   sure it has been installed.
[0.340s] 
[0.340s] [0m
[0.340s] -- Configuring incomplete, errors occurred!
[0.340s] See also "/home/abhinandan/ROS2-projects/manipulation/build/arduinobot_utils/CMakeFiles/CMakeOutput.log".
[0.345s] gmake: *** [Makefile:226: cmake_check_build_system] Error 1
[0.349s] Invoked command in '/home/abhinandan/ROS2-projects/manipulation/build/arduinobot_utils' returned '2': CMAKE_PREFIX_PATH=/home/abhinandan/ROS2-projects/manipulation/install/arduinobot_messages:/home/abhinandan/ROS2-projects/manipulation/install/arduinobot_utils:/home/abhinandan/ROS2-projects/manipulation/install/arduinobot_description:/home/abhinandan/ROS2-projects/manipulation/install/arduinobot_cpp_examples:/home/abhinandan/ROS2-projects/manipulation/install/arduinobot_controller:/home/abhinandan/ROS2-projects/manipulation/install/arduinobot_py_examples:/opt/ros/humble /usr/bin/cmake --build /home/abhinandan/ROS2-projects/manipulation/build/arduinobot_utils -- -j4 -l4
