-- Found ament_cmake: 1.3.11 (/opt/ros/humble/share/ament_cmake/cmake)
-- Found std_msgs: 4.8.0 (/opt/ros/humble/share/std_msgs/cmake)
-- Found rosidl_generator_c: 3.1.6 (/opt/ros/humble/share/rosidl_generator_c/cmake)
-- Found rosidl_adapter: 3.1.6 (/opt/ros/humble/share/rosidl_adapter/cmake)
-- Found rosidl_generator_cpp: 3.1.6 (/opt/ros/humble/share/rosidl_generator_cpp/cmake)
-- Using all available rosidl_typesupport_c: rosidl_typesupport_fastrtps_c;rosidl_typesupport_introspection_c
-- Using all available rosidl_typesupport_cpp: rosidl_typesupport_fastrtps_cpp;rosidl_typesupport_introspection_cpp
-- Found rosidl_default_generators: 1.2.0 (/opt/ros/humble/share/rosidl_default_generators/cmake)
-- Found ament_cmake_ros: 0.10.0 (/opt/ros/humble/share/ament_cmake_ros/cmake)
-- Using all available rosidl_typesupport_c: rosidl_typesupport_fastrtps_c;rosidl_typesupport_introspection_c
-- Using all available rosidl_typesupport_cpp: rosidl_typesupport_fastrtps_cpp;rosidl_typesupport_introspection_cpp
-- Found PythonInterp: /usr/bin/python3 (found suitable version "3.10.12", minimum required is "3.6") 
-- Found python_cmake_module: 0.10.0 (/opt/ros/humble/share/python_cmake_module/cmake)
-- Found PythonLibs: /usr/lib/aarch64-linux-gnu/libpython3.10.so (found suitable version "3.10.12", minimum required is "3.5") 
-- Using PYTHON_EXECUTABLE: /usr/bin/python3
-- Using PYTHON_INCLUDE_DIRS: /usr/include/python3.10
-- Using PYTHON_LIBRARIES: /usr/lib/aarch64-linux-gnu/libpython3.10.so
-- Found PythonExtra: .so  
-- Found ament_lint_auto: 0.12.12 (/opt/ros/humble/share/ament_lint_auto/cmake)
-- Added test 'lint_cmake' to check CMake code style
-- Added test 'xmllint' to check XML markup files
-- Configuring done
-- Generating done
-- Build files have been written to: /home/abhinandan/ROS2-projects/manipulation/build/arduinobot_messages
[  3%] [34m[1mGenerating C code for ROS interfaces[0m
[  6%] [34m[1mGenerating C++ code for ROS interfaces[0m
[  6%] Built target ament_cmake_python_copy_arduinobot_messages
running egg_info
creating arduinobot_messages.egg-info
writing arduinobot_messages.egg-info/PKG-INFO
writing dependency_links to arduinobot_messages.egg-info/dependency_links.txt
writing top-level names to arduinobot_messages.egg-info/top_level.txt
writing manifest file 'arduinobot_messages.egg-info/SOURCES.txt'
reading manifest file 'arduinobot_messages.egg-info/SOURCES.txt'
writing manifest file 'arduinobot_messages.egg-info/SOURCES.txt'
[  6%] Built target ament_cmake_python_build_arduinobot_messages_egg
[  9%] [32mBuilding C object CMakeFiles/arduinobot_messages__rosidl_generator_c.dir/rosidl_generator_c/arduinobot_messages/srv/detail/add_twoints__functions.c.o[0m
[  9%] Built target arduinobot_messages__cpp
[ 12%] [32m[1mLinking C shared library libarduinobot_messages__rosidl_generator_c.so[0m
[ 16%] [34m[1mGenerating C++ type support for eProsima Fast-RTPS[0m
[ 19%] [34m[1mGenerating C++ introspection for ROS interfaces[0m
[ 22%] [34m[1mGenerating C++ type support dispatch for ROS interfaces[0m
[ 22%] Built target arduinobot_messages__rosidl_generator_c
[ 25%] [34m[1mGenerating C type support for eProsima Fast-RTPS[0m
[ 29%] [32mBuilding CXX object CMakeFiles/arduinobot_messages__rosidl_typesupport_cpp.dir/rosidl_typesupport_cpp/arduinobot_messages/srv/add_twoints__type_support.cpp.o[0m
[ 32%] [32mBuilding CXX object CMakeFiles/arduinobot_messages__rosidl_typesupport_introspection_cpp.dir/rosidl_typesupport_introspection_cpp/arduinobot_messages/srv/detail/add_twoints__type_support.cpp.o[0m
[ 35%] [32mBuilding CXX object CMakeFiles/arduinobot_messages__rosidl_typesupport_fastrtps_cpp.dir/rosidl_typesupport_fastrtps_cpp/arduinobot_messages/srv/detail/dds_fastrtps/add_twoints__type_support.cpp.o[0m
[ 38%] [32mBuilding CXX object CMakeFiles/arduinobot_messages__rosidl_typesupport_fastrtps_c.dir/rosidl_typesupport_fastrtps_c/arduinobot_messages/srv/detail/add_twoints__type_support_c.cpp.o[0m
[ 41%] [32m[1mLinking CXX shared library libarduinobot_messages__rosidl_typesupport_cpp.so[0m
[ 41%] Built target arduinobot_messages__rosidl_typesupport_cpp
[ 45%] [34m[1mGenerating C introspection for ROS interfaces[0m
[ 48%] [32m[1mLinking CXX shared library libarduinobot_messages__rosidl_typesupport_introspection_cpp.so[0m
[ 51%] [32m[1mLinking CXX shared library libarduinobot_messages__rosidl_typesupport_fastrtps_c.so[0m
[ 54%] [32m[1mLinking CXX shared library libarduinobot_messages__rosidl_typesupport_fastrtps_cpp.so[0m
[ 54%] Built target arduinobot_messages__rosidl_typesupport_introspection_cpp
[ 58%] [34m[1mGenerating C type support dispatch for ROS interfaces[0m
[ 58%] Built target arduinobot_messages__rosidl_typesupport_fastrtps_cpp
[ 58%] Built target arduinobot_messages__rosidl_typesupport_fastrtps_c
[ 61%] [32mBuilding CXX object CMakeFiles/arduinobot_messages__rosidl_typesupport_c.dir/rosidl_typesupport_c/arduinobot_messages/srv/add_twoints__type_support.cpp.o[0m
[ 64%] [32m[1mLinking CXX shared library libarduinobot_messages__rosidl_typesupport_c.so[0m
[ 64%] Built target arduinobot_messages__rosidl_typesupport_c
[ 67%] [32mBuilding C object CMakeFiles/arduinobot_messages__rosidl_typesupport_introspection_c.dir/rosidl_typesupport_introspection_c/arduinobot_messages/srv/detail/add_twoints__type_support.c.o[0m
[ 70%] [32m[1mLinking C shared library libarduinobot_messages__rosidl_typesupport_introspection_c.so[0m
[ 70%] Built target arduinobot_messages__rosidl_typesupport_introspection_c
[ 70%] Built target arduinobot_messages
[ 74%] [34m[1mGenerating Python code for ROS interfaces[0m
[ 74%] Built target arduinobot_messages__py
[ 77%] [32mBuilding C object CMakeFiles/arduinobot_messages__rosidl_generator_py.dir/rosidl_generator_py/arduinobot_messages/srv/_add_twoints_s.c.o[0m
[ 80%] [32m[1mLinking C shared library rosidl_generator_py/arduinobot_messages/libarduinobot_messages__rosidl_generator_py.so[0m
[ 80%] Built target arduinobot_messages__rosidl_generator_py
[ 83%] [32mBuilding C object CMakeFiles/arduinobot_messages__rosidl_typesupport_introspection_c__pyext.dir/rosidl_generator_py/arduinobot_messages/_arduinobot_messages_s.ep.rosidl_typesupport_introspection_c.c.o[0m
[ 87%] [32mBuilding C object CMakeFiles/arduinobot_messages__rosidl_typesupport_c__pyext.dir/rosidl_generator_py/arduinobot_messages/_arduinobot_messages_s.ep.rosidl_typesupport_c.c.o[0m
[ 90%] [32mBuilding C object CMakeFiles/arduinobot_messages__rosidl_typesupport_fastrtps_c__pyext.dir/rosidl_generator_py/arduinobot_messages/_arduinobot_messages_s.ep.rosidl_typesupport_fastrtps_c.c.o[0m
[ 93%] [32m[1mLinking C shared library rosidl_generator_py/arduinobot_messages/arduinobot_messages_s__rosidl_typesupport_introspection_c.cpython-310-aarch64-linux-gnu.so[0m
[ 96%] [32m[1mLinking C shared library rosidl_generator_py/arduinobot_messages/arduinobot_messages_s__rosidl_typesupport_fastrtps_c.cpython-310-aarch64-linux-gnu.so[0m
[100%] [32m[1mLinking C shared library rosidl_generator_py/arduinobot_messages/arduinobot_messages_s__rosidl_typesupport_c.cpython-310-aarch64-linux-gnu.so[0m
[100%] Built target arduinobot_messages__rosidl_typesupport_fastrtps_c__pyext
[100%] Built target arduinobot_messages__rosidl_typesupport_introspection_c__pyext
[100%] Built target arduinobot_messages__rosidl_typesupport_c__pyext
-- Install configuration: ""
-- Installing: /home/abhinandan/ROS2-projects/manipulation/install/arduinobot_messages/share/ament_index/resource_index/rosidl_interfaces/arduinobot_messages
-- Installing: /home/abhinandan/ROS2-projects/manipulation/install/arduinobot_messages/include/arduinobot_messages/arduinobot_messages
-- Installing: /home/abhinandan/ROS2-projects/manipulation/install/arduinobot_messages/include/arduinobot_messages/arduinobot_messages/srv
-- Installing: /home/abhinandan/ROS2-projects/manipulation/install/arduinobot_messages/include/arduinobot_messages/arduinobot_messages/srv/add_twoints.h
-- Installing: /home/abhinandan/ROS2-projects/manipulation/install/arduinobot_messages/include/arduinobot_messages/arduinobot_messages/srv/detail
-- Installing: /home/abhinandan/ROS2-projects/manipulation/install/arduinobot_messages/include/arduinobot_messages/arduinobot_messages/srv/detail/add_twoints__struct.h
-- Installing: /home/abhinandan/ROS2-projects/manipulation/install/arduinobot_messages/include/arduinobot_messages/arduinobot_messages/srv/detail/add_twoints__type_support.h
-- Installing: /home/abhinandan/ROS2-projects/manipulation/install/arduinobot_messages/include/arduinobot_messages/arduinobot_messages/srv/detail/add_twoints__functions.c
-- Installing: /home/abhinandan/ROS2-projects/manipulation/install/arduinobot_messages/include/arduinobot_messages/arduinobot_messages/srv/detail/add_twoints__functions.h
-- Installing: /home/abhinandan/ROS2-projects/manipulation/install/arduinobot_messages/include/arduinobot_messages/arduinobot_messages/msg
-- Installing: /home/abhinandan/ROS2-projects/manipulation/install/arduinobot_messages/include/arduinobot_messages/arduinobot_messages/msg/rosidl_generator_c__visibility_control.h
-- Installing: /home/abhinandan/ROS2-projects/manipulation/install/arduinobot_messages/share/arduinobot_messages/environment/library_path.sh
-- Installing: /home/abhinandan/ROS2-projects/manipulation/install/arduinobot_messages/share/arduinobot_messages/environment/library_path.dsv
-- Installing: /home/abhinandan/ROS2-projects/manipulation/install/arduinobot_messages/lib/libarduinobot_messages__rosidl_generator_c.so
-- Set runtime path of "/home/abhinandan/ROS2-projects/manipulation/install/arduinobot_messages/lib/libarduinobot_messages__rosidl_generator_c.so" to ""
-- Up-to-date: /home/abhinandan/ROS2-projects/manipulation/install/arduinobot_messages/include/arduinobot_messages/arduinobot_messages
-- Up-to-date: /home/abhinandan/ROS2-projects/manipulation/install/arduinobot_messages/include/arduinobot_messages/arduinobot_messages/srv
-- Up-to-date: /home/abhinandan/ROS2-projects/manipulation/install/arduinobot_messages/include/arduinobot_messages/arduinobot_messages/srv/detail
-- Installing: /home/abhinandan/ROS2-projects/manipulation/install/arduinobot_messages/include/arduinobot_messages/arduinobot_messages/srv/detail/add_twoints__rosidl_typesupport_fastrtps_c.h
-- Up-to-date: /home/abhinandan/ROS2-projects/manipulation/install/arduinobot_messages/include/arduinobot_messages/arduinobot_messages/msg
-- Installing: /home/abhinandan/ROS2-projects/manipulation/install/arduinobot_messages/include/arduinobot_messages/arduinobot_messages/msg/rosidl_typesupport_fastrtps_c__visibility_control.h
-- Installing: /home/abhinandan/ROS2-projects/manipulation/install/arduinobot_messages/lib/libarduinobot_messages__rosidl_typesupport_fastrtps_c.so
-- Set runtime path of "/home/abhinandan/ROS2-projects/manipulation/install/arduinobot_messages/lib/libarduinobot_messages__rosidl_typesupport_fastrtps_c.so" to ""
-- Up-to-date: /home/abhinandan/ROS2-projects/manipulation/install/arduinobot_messages/include/arduinobot_messages/arduinobot_messages
-- Up-to-date: /home/abhinandan/ROS2-projects/manipulation/install/arduinobot_messages/include/arduinobot_messages/arduinobot_messages/srv
-- Installing: /home/abhinandan/ROS2-projects/manipulation/install/arduinobot_messages/include/arduinobot_messages/arduinobot_messages/srv/add_twoints.hpp
-- Up-to-date: /home/abhinandan/ROS2-projects/manipulation/install/arduinobot_messages/include/arduinobot_messages/arduinobot_messages/srv/detail
-- Installing: /home/abhinandan/ROS2-projects/manipulation/install/arduinobot_messages/include/arduinobot_messages/arduinobot_messages/srv/detail/add_twoints__traits.hpp
-- Installing: /home/abhinandan/ROS2-projects/manipulation/install/arduinobot_messages/include/arduinobot_messages/arduinobot_messages/srv/detail/add_twoints__builder.hpp
-- Installing: /home/abhinandan/ROS2-projects/manipulation/install/arduinobot_messages/include/arduinobot_messages/arduinobot_messages/srv/detail/add_twoints__struct.hpp
-- Installing: /home/abhinandan/ROS2-projects/manipulation/install/arduinobot_messages/include/arduinobot_messages/arduinobot_messages/srv/detail/add_twoints__type_support.hpp
-- Up-to-date: /home/abhinandan/ROS2-projects/manipulation/install/arduinobot_messages/include/arduinobot_messages/arduinobot_messages/msg
-- Installing: /home/abhinandan/ROS2-projects/manipulation/install/arduinobot_messages/include/arduinobot_messages/arduinobot_messages/msg/rosidl_generator_cpp__visibility_control.hpp
-- Up-to-date: /home/abhinandan/ROS2-projects/manipulation/install/arduinobot_messages/include/arduinobot_messages/arduinobot_messages
-- Up-to-date: /home/abhinandan/ROS2-projects/manipulation/install/arduinobot_messages/include/arduinobot_messages/arduinobot_messages/srv
-- Up-to-date: /home/abhinandan/ROS2-projects/manipulation/install/arduinobot_messages/include/arduinobot_messages/arduinobot_messages/srv/detail
-- Installing: /home/abhinandan/ROS2-projects/manipulation/install/arduinobot_messages/include/arduinobot_messages/arduinobot_messages/srv/detail/dds_fastrtps
-- Installing: /home/abhinandan/ROS2-projects/manipulation/install/arduinobot_messages/include/arduinobot_messages/arduinobot_messages/srv/detail/add_twoints__rosidl_typesupport_fastrtps_cpp.hpp
-- Up-to-date: /home/abhinandan/ROS2-projects/manipulation/install/arduinobot_messages/include/arduinobot_messages/arduinobot_messages/msg
-- Installing: /home/abhinandan/ROS2-projects/manipulation/install/arduinobot_messages/include/arduinobot_messages/arduinobot_messages/msg/rosidl_typesupport_fastrtps_cpp__visibility_control.h
-- Installing: /home/abhinandan/ROS2-projects/manipulation/install/arduinobot_messages/lib/libarduinobot_messages__rosidl_typesupport_fastrtps_cpp.so
-- Set runtime path of "/home/abhinandan/ROS2-projects/manipulation/install/arduinobot_messages/lib/libarduinobot_messages__rosidl_typesupport_fastrtps_cpp.so" to ""
-- Up-to-date: /home/abhinandan/ROS2-projects/manipulation/install/arduinobot_messages/include/arduinobot_messages/arduinobot_messages
-- Up-to-date: /home/abhinandan/ROS2-projects/manipulation/install/arduinobot_messages/include/arduinobot_messages/arduinobot_messages/srv
-- Up-to-date: /home/abhinandan/ROS2-projects/manipulation/install/arduinobot_messages/include/arduinobot_messages/arduinobot_messages/srv/detail
-- Installing: /home/abhinandan/ROS2-projects/manipulation/install/arduinobot_messages/include/arduinobot_messages/arduinobot_messages/srv/detail/add_twoints__rosidl_typesupport_introspection_c.h
-- Installing: /home/abhinandan/ROS2-projects/manipulation/install/arduinobot_messages/include/arduinobot_messages/arduinobot_messages/srv/detail/add_twoints__type_support.c
-- Up-to-date: /home/abhinandan/ROS2-projects/manipulation/install/arduinobot_messages/include/arduinobot_messages/arduinobot_messages/msg
-- Installing: /home/abhinandan/ROS2-projects/manipulation/install/arduinobot_messages/include/arduinobot_messages/arduinobot_messages/msg/rosidl_typesupport_introspection_c__visibility_control.h
-- Installing: /home/abhinandan/ROS2-projects/manipulation/install/arduinobot_messages/lib/libarduinobot_messages__rosidl_typesupport_introspection_c.so
-- Set runtime path of "/home/abhinandan/ROS2-projects/manipulation/install/arduinobot_messages/lib/libarduinobot_messages__rosidl_typesupport_introspection_c.so" to ""
-- Installing: /home/abhinandan/ROS2-projects/manipulation/install/arduinobot_messages/lib/libarduinobot_messages__rosidl_typesupport_c.so
-- Set runtime path of "/home/abhinandan/ROS2-projects/manipulation/install/arduinobot_messages/lib/libarduinobot_messages__rosidl_typesupport_c.so" to ""
-- Up-to-date: /home/abhinandan/ROS2-projects/manipulation/install/arduinobot_messages/include/arduinobot_messages/arduinobot_messages
-- Up-to-date: /home/abhinandan/ROS2-projects/manipulation/install/arduinobot_messages/include/arduinobot_messages/arduinobot_messages/srv
-- Up-to-date: /home/abhinandan/ROS2-projects/manipulation/install/arduinobot_messages/include/arduinobot_messages/arduinobot_messages/srv/detail
-- Installing: /home/abhinandan/ROS2-projects/manipulation/install/arduinobot_messages/include/arduinobot_messages/arduinobot_messages/srv/detail/add_twoints__type_support.cpp
-- Installing: /home/abhinandan/ROS2-projects/manipulation/install/arduinobot_messages/include/arduinobot_messages/arduinobot_messages/srv/detail/add_twoints__rosidl_typesupport_introspection_cpp.hpp
-- Installing: /home/abhinandan/ROS2-projects/manipulation/install/arduinobot_messages/lib/libarduinobot_messages__rosidl_typesupport_introspection_cpp.so
-- Set runtime path of "/home/abhinandan/ROS2-projects/manipulation/install/arduinobot_messages/lib/libarduinobot_messages__rosidl_typesupport_introspection_cpp.so" to ""
-- Installing: /home/abhinandan/ROS2-projects/manipulation/install/arduinobot_messages/lib/libarduinobot_messages__rosidl_typesupport_cpp.so
-- Set runtime path of "/home/abhinandan/ROS2-projects/manipulation/install/arduinobot_messages/lib/libarduinobot_messages__rosidl_typesupport_cpp.so" to ""
-- Installing: /home/abhinandan/ROS2-projects/manipulation/install/arduinobot_messages/share/arduinobot_messages/environment/pythonpath.sh
-- Installing: /home/abhinandan/ROS2-projects/manipulation/install/arduinobot_messages/share/arduinobot_messages/environment/pythonpath.dsv
-- Installing: /home/abhinandan/ROS2-projects/manipulation/install/arduinobot_messages/local/lib/python3.10/dist-packages/arduinobot_messages-0.0.0-py3.10.egg-info
-- Installing: /home/abhinandan/ROS2-projects/manipulation/install/arduinobot_messages/local/lib/python3.10/dist-packages/arduinobot_messages-0.0.0-py3.10.egg-info/SOURCES.txt
-- Installing: /home/abhinandan/ROS2-projects/manipulation/install/arduinobot_messages/local/lib/python3.10/dist-packages/arduinobot_messages-0.0.0-py3.10.egg-info/top_level.txt
-- Installing: /home/abhinandan/ROS2-projects/manipulation/install/arduinobot_messages/local/lib/python3.10/dist-packages/arduinobot_messages-0.0.0-py3.10.egg-info/dependency_links.txt
-- Installing: /home/abhinandan/ROS2-projects/manipulation/install/arduinobot_messages/local/lib/python3.10/dist-packages/arduinobot_messages-0.0.0-py3.10.egg-info/PKG-INFO
-- Installing: /home/abhinandan/ROS2-projects/manipulation/install/arduinobot_messages/local/lib/python3.10/dist-packages/arduinobot_messages
-- Installing: /home/abhinandan/ROS2-projects/manipulation/install/arduinobot_messages/local/lib/python3.10/dist-packages/arduinobot_messages/_arduinobot_messages_s.ep.rosidl_typesupport_fastrtps_c.c
-- Installing: /home/abhinandan/ROS2-projects/manipulation/install/arduinobot_messages/local/lib/python3.10/dist-packages/arduinobot_messages/srv
-- Installing: /home/abhinandan/ROS2-projects/manipulation/install/arduinobot_messages/local/lib/python3.10/dist-packages/arduinobot_messages/srv/_add_twoints_s.c
-- Installing: /home/abhinandan/ROS2-projects/manipulation/install/arduinobot_messages/local/lib/python3.10/dist-packages/arduinobot_messages/srv/__init__.py
-- Installing: /home/abhinandan/ROS2-projects/manipulation/install/arduinobot_messages/local/lib/python3.10/dist-packages/arduinobot_messages/srv/_add_twoints.py
-- Installing: /home/abhinandan/ROS2-projects/manipulation/install/arduinobot_messages/local/lib/python3.10/dist-packages/arduinobot_messages/libarduinobot_messages__rosidl_generator_py.so
-- Installing: /home/abhinandan/ROS2-projects/manipulation/install/arduinobot_messages/local/lib/python3.10/dist-packages/arduinobot_messages/arduinobot_messages_s__rosidl_typesupport_introspection_c.cpython-310-aarch64-linux-gnu.so
-- Installing: /home/abhinandan/ROS2-projects/manipulation/install/arduinobot_messages/local/lib/python3.10/dist-packages/arduinobot_messages/arduinobot_messages_s__rosidl_typesupport_c.cpython-310-aarch64-linux-gnu.so
-- Installing: /home/abhinandan/ROS2-projects/manipulation/install/arduinobot_messages/local/lib/python3.10/dist-packages/arduinobot_messages/_arduinobot_messages_s.ep.rosidl_typesupport_introspection_c.c
-- Installing: /home/abhinandan/ROS2-projects/manipulation/install/arduinobot_messages/local/lib/python3.10/dist-packages/arduinobot_messages/_arduinobot_messages_s.ep.rosidl_typesupport_c.c
-- Installing: /home/abhinandan/ROS2-projects/manipulation/install/arduinobot_messages/local/lib/python3.10/dist-packages/arduinobot_messages/__init__.py
-- Installing: /home/abhinandan/ROS2-projects/manipulation/install/arduinobot_messages/local/lib/python3.10/dist-packages/arduinobot_messages/arduinobot_messages_s__rosidl_typesupport_fastrtps_c.cpython-310-aarch64-linux-gnu.so
Listing '/home/abhinandan/ROS2-projects/manipulation/install/arduinobot_messages/local/lib/python3.10/dist-packages/arduinobot_messages'...
Compiling '/home/abhinandan/ROS2-projects/manipulation/install/arduinobot_messages/local/lib/python3.10/dist-packages/arduinobot_messages/__init__.py'...
Listing '/home/abhinandan/ROS2-projects/manipulation/install/arduinobot_messages/local/lib/python3.10/dist-packages/arduinobot_messages/srv'...
Compiling '/home/abhinandan/ROS2-projects/manipulation/install/arduinobot_messages/local/lib/python3.10/dist-packages/arduinobot_messages/srv/__init__.py'...
Compiling '/home/abhinandan/ROS2-projects/manipulation/install/arduinobot_messages/local/lib/python3.10/dist-packages/arduinobot_messages/srv/_add_twoints.py'...
-- Installing: /home/abhinandan/ROS2-projects/manipulation/install/arduinobot_messages/local/lib/python3.10/dist-packages/arduinobot_messages/arduinobot_messages_s__rosidl_typesupport_fastrtps_c.cpython-310-aarch64-linux-gnu.so
-- Set runtime path of "/home/abhinandan/ROS2-projects/manipulation/install/arduinobot_messages/local/lib/python3.10/dist-packages/arduinobot_messages/arduinobot_messages_s__rosidl_typesupport_fastrtps_c.cpython-310-aarch64-linux-gnu.so" to ""
-- Installing: /home/abhinandan/ROS2-projects/manipulation/install/arduinobot_messages/local/lib/python3.10/dist-packages/arduinobot_messages/arduinobot_messages_s__rosidl_typesupport_introspection_c.cpython-310-aarch64-linux-gnu.so
-- Set runtime path of "/home/abhinandan/ROS2-projects/manipulation/install/arduinobot_messages/local/lib/python3.10/dist-packages/arduinobot_messages/arduinobot_messages_s__rosidl_typesupport_introspection_c.cpython-310-aarch64-linux-gnu.so" to ""
-- Installing: /home/abhinandan/ROS2-projects/manipulation/install/arduinobot_messages/local/lib/python3.10/dist-packages/arduinobot_messages/arduinobot_messages_s__rosidl_typesupport_c.cpython-310-aarch64-linux-gnu.so
-- Set runtime path of "/home/abhinandan/ROS2-projects/manipulation/install/arduinobot_messages/local/lib/python3.10/dist-packages/arduinobot_messages/arduinobot_messages_s__rosidl_typesupport_c.cpython-310-aarch64-linux-gnu.so" to ""
-- Installing: /home/abhinandan/ROS2-projects/manipulation/install/arduinobot_messages/lib/libarduinobot_messages__rosidl_generator_py.so
-- Set runtime path of "/home/abhinandan/ROS2-projects/manipulation/install/arduinobot_messages/lib/libarduinobot_messages__rosidl_generator_py.so" to ""
-- Installing: /home/abhinandan/ROS2-projects/manipulation/install/arduinobot_messages/share/arduinobot_messages/srv/AddTwoints.idl
-- Installing: /home/abhinandan/ROS2-projects/manipulation/install/arduinobot_messages/share/arduinobot_messages/srv/AddTwoints.srv
-- Installing: /home/abhinandan/ROS2-projects/manipulation/install/arduinobot_messages/share/arduinobot_messages/srv/AddTwoints_Request.msg
-- Installing: /home/abhinandan/ROS2-projects/manipulation/install/arduinobot_messages/share/arduinobot_messages/srv/AddTwoints_Response.msg
-- Installing: /home/abhinandan/ROS2-projects/manipulation/install/arduinobot_messages/share/ament_index/resource_index/package_run_dependencies/arduinobot_messages
-- Installing: /home/abhinandan/ROS2-projects/manipulation/install/arduinobot_messages/share/ament_index/resource_index/parent_prefix_path/arduinobot_messages
-- Up-to-date: /home/abhinandan/ROS2-projects/manipulation/install/arduinobot_messages/share/arduinobot_messages/environment/ament_prefix_path.sh
-- Installing: /home/abhinandan/ROS2-projects/manipulation/install/arduinobot_messages/share/arduinobot_messages/environment/ament_prefix_path.dsv
-- Up-to-date: /home/abhinandan/ROS2-projects/manipulation/install/arduinobot_messages/share/arduinobot_messages/environment/path.sh
-- Installing: /home/abhinandan/ROS2-projects/manipulation/install/arduinobot_messages/share/arduinobot_messages/environment/path.dsv
-- Up-to-date: /home/abhinandan/ROS2-projects/manipulation/install/arduinobot_messages/share/arduinobot_messages/local_setup.bash
-- Installing: /home/abhinandan/ROS2-projects/manipulation/install/arduinobot_messages/share/arduinobot_messages/local_setup.sh
-- Up-to-date: /home/abhinandan/ROS2-projects/manipulation/install/arduinobot_messages/share/arduinobot_messages/local_setup.zsh
-- Installing: /home/abhinandan/ROS2-projects/manipulation/install/arduinobot_messages/share/arduinobot_messages/local_setup.dsv
-- Installing: /home/abhinandan/ROS2-projects/manipulation/install/arduinobot_messages/share/arduinobot_messages/package.dsv
-- Up-to-date: /home/abhinandan/ROS2-projects/manipulation/install/arduinobot_messages/share/ament_index/resource_index/packages/arduinobot_messages
-- Installing: /home/abhinandan/ROS2-projects/manipulation/install/arduinobot_messages/share/arduinobot_messages/cmake/export_arduinobot_messages__rosidl_generator_cExport.cmake
-- Installing: /home/abhinandan/ROS2-projects/manipulation/install/arduinobot_messages/share/arduinobot_messages/cmake/export_arduinobot_messages__rosidl_generator_cExport-noconfig.cmake
-- Installing: /home/abhinandan/ROS2-projects/manipulation/install/arduinobot_messages/share/arduinobot_messages/cmake/export_arduinobot_messages__rosidl_typesupport_fastrtps_cExport.cmake
-- Installing: /home/abhinandan/ROS2-projects/manipulation/install/arduinobot_messages/share/arduinobot_messages/cmake/export_arduinobot_messages__rosidl_typesupport_fastrtps_cExport-noconfig.cmake
-- Installing: /home/abhinandan/ROS2-projects/manipulation/install/arduinobot_messages/share/arduinobot_messages/cmake/export_arduinobot_messages__rosidl_generator_cppExport.cmake
-- Installing: /home/abhinandan/ROS2-projects/manipulation/install/arduinobot_messages/share/arduinobot_messages/cmake/export_arduinobot_messages__rosidl_typesupport_fastrtps_cppExport.cmake
-- Installing: /home/abhinandan/ROS2-projects/manipulation/install/arduinobot_messages/share/arduinobot_messages/cmake/export_arduinobot_messages__rosidl_typesupport_fastrtps_cppExport-noconfig.cmake
-- Installing: /home/abhinandan/ROS2-projects/manipulation/install/arduinobot_messages/share/arduinobot_messages/cmake/arduinobot_messages__rosidl_typesupport_introspection_cExport.cmake
-- Installing: /home/abhinandan/ROS2-projects/manipulation/install/arduinobot_messages/share/arduinobot_messages/cmake/arduinobot_messages__rosidl_typesupport_introspection_cExport-noconfig.cmake
-- Installing: /home/abhinandan/ROS2-projects/manipulation/install/arduinobot_messages/share/arduinobot_messages/cmake/arduinobot_messages__rosidl_typesupport_cExport.cmake
-- Installing: /home/abhinandan/ROS2-projects/manipulation/install/arduinobot_messages/share/arduinobot_messages/cmake/arduinobot_messages__rosidl_typesupport_cExport-noconfig.cmake
-- Installing: /home/abhinandan/ROS2-projects/manipulation/install/arduinobot_messages/share/arduinobot_messages/cmake/arduinobot_messages__rosidl_typesupport_introspection_cppExport.cmake
-- Installing: /home/abhinandan/ROS2-projects/manipulation/install/arduinobot_messages/share/arduinobot_messages/cmake/arduinobot_messages__rosidl_typesupport_introspection_cppExport-noconfig.cmake
-- Installing: /home/abhinandan/ROS2-projects/manipulation/install/arduinobot_messages/share/arduinobot_messages/cmake/arduinobot_messages__rosidl_typesupport_cppExport.cmake
-- Installing: /home/abhinandan/ROS2-projects/manipulation/install/arduinobot_messages/share/arduinobot_messages/cmake/arduinobot_messages__rosidl_typesupport_cppExport-noconfig.cmake
-- Installing: /home/abhinandan/ROS2-projects/manipulation/install/arduinobot_messages/share/arduinobot_messages/cmake/export_arduinobot_messages__rosidl_generator_pyExport.cmake
-- Installing: /home/abhinandan/ROS2-projects/manipulation/install/arduinobot_messages/share/arduinobot_messages/cmake/export_arduinobot_messages__rosidl_generator_pyExport-noconfig.cmake
-- Installing: /home/abhinandan/ROS2-projects/manipulation/install/arduinobot_messages/share/arduinobot_messages/cmake/rosidl_cmake-extras.cmake
-- Installing: /home/abhinandan/ROS2-projects/manipulation/install/arduinobot_messages/share/arduinobot_messages/cmake/ament_cmake_export_include_directories-extras.cmake
-- Installing: /home/abhinandan/ROS2-projects/manipulation/install/arduinobot_messages/share/arduinobot_messages/cmake/ament_cmake_export_libraries-extras.cmake
-- Installing: /home/abhinandan/ROS2-projects/manipulation/install/arduinobot_messages/share/arduinobot_messages/cmake/ament_cmake_export_targets-extras.cmake
-- Installing: /home/abhinandan/ROS2-projects/manipulation/install/arduinobot_messages/share/arduinobot_messages/cmake/rosidl_cmake_export_typesupport_targets-extras.cmake
-- Installing: /home/abhinandan/ROS2-projects/manipulation/install/arduinobot_messages/share/arduinobot_messages/cmake/ament_cmake_export_dependencies-extras.cmake
-- Installing: /home/abhinandan/ROS2-projects/manipulation/install/arduinobot_messages/share/arduinobot_messages/cmake/rosidl_cmake_export_typesupport_libraries-extras.cmake
-- Installing: /home/abhinandan/ROS2-projects/manipulation/install/arduinobot_messages/share/arduinobot_messages/cmake/arduinobot_messagesConfig.cmake
-- Up-to-date: /home/abhinandan/ROS2-projects/manipulation/install/arduinobot_messages/share/arduinobot_messages/cmake/arduinobot_messagesConfig-version.cmake
-- Installing: /home/abhinandan/ROS2-projects/manipulation/install/arduinobot_messages/share/arduinobot_messages/package.xml
