[0.539s] Invoking command in '/home/abhinandan/ROS2-projects/manipulation/src/arduinobot_py_examples': PYTHONPATH=/home/abhinandan/ROS2-projects/manipulation/build/arduinobot_py_examples/prefix_override:/usr/lib/python3/dist-packages/colcon_core/task/python/colcon_distutils_commands:/home/abhinandan/ROS2-projects/manipulation/install/arduinobot_py_examples/lib/python3.10/site-packages:${PYTHONPATH} /usr/bin/python3 -W ignore:setup.py install is deprecated -W ignore:easy_install command is deprecated setup.py egg_info --egg-base ../../build/arduinobot_py_examples build --build-base /home/abhinandan/ROS2-projects/manipulation/build/arduinobot_py_examples/build install --record /home/abhinandan/ROS2-projects/manipulation/build/arduinobot_py_examples/install.log --single-version-externally-managed install_data
[0.675s] running egg_info
[0.675s] creating ../../build/arduinobot_py_examples/arduinobot_py_examples.egg-info
[0.675s] writing ../../build/arduinobot_py_examples/arduinobot_py_examples.egg-info/PKG-INFO
[0.676s] writing dependency_links to ../../build/arduinobot_py_examples/arduinobot_py_examples.egg-info/dependency_links.txt
[0.676s] writing entry points to ../../build/arduinobot_py_examples/arduinobot_py_examples.egg-info/entry_points.txt
[0.676s] writing requirements to ../../build/arduinobot_py_examples/arduinobot_py_examples.egg-info/requires.txt
[0.676s] writing top-level names to ../../build/arduinobot_py_examples/arduinobot_py_examples.egg-info/top_level.txt
[0.676s] writing manifest file '../../build/arduinobot_py_examples/arduinobot_py_examples.egg-info/SOURCES.txt'
[0.677s] reading manifest file '../../build/arduinobot_py_examples/arduinobot_py_examples.egg-info/SOURCES.txt'
[0.677s] writing manifest file '../../build/arduinobot_py_examples/arduinobot_py_examples.egg-info/SOURCES.txt'
[0.678s] running build
[0.678s] running build_py
[0.678s] creating /home/abhinandan/ROS2-projects/manipulation/build/arduinobot_py_examples/build
[0.678s] creating /home/abhinandan/ROS2-projects/manipulation/build/arduinobot_py_examples/build/lib
[0.678s] creating /home/abhinandan/ROS2-projects/manipulation/build/arduinobot_py_examples/build/lib/arduinobot_py_examples
[0.678s] copying arduinobot_py_examples/simple_parameter.py -> /home/abhinandan/ROS2-projects/manipulation/build/arduinobot_py_examples/build/lib/arduinobot_py_examples
[0.678s] copying arduinobot_py_examples/simple_publisher.py -> /home/abhinandan/ROS2-projects/manipulation/build/arduinobot_py_examples/build/lib/arduinobot_py_examples
[0.678s] copying arduinobot_py_examples/__init__.py -> /home/abhinandan/ROS2-projects/manipulation/build/arduinobot_py_examples/build/lib/arduinobot_py_examples
[0.678s] copying arduinobot_py_examples/simple_subscriber.py -> /home/abhinandan/ROS2-projects/manipulation/build/arduinobot_py_examples/build/lib/arduinobot_py_examples
[0.679s] running install
[0.679s] running install_lib
[0.679s] creating /home/abhinandan/ROS2-projects/manipulation/install/arduinobot_py_examples/lib/python3.10/site-packages/arduinobot_py_examples
[0.679s] copying /home/abhinandan/ROS2-projects/manipulation/build/arduinobot_py_examples/build/lib/arduinobot_py_examples/simple_parameter.py -> /home/abhinandan/ROS2-projects/manipulation/install/arduinobot_py_examples/lib/python3.10/site-packages/arduinobot_py_examples
[0.679s] copying /home/abhinandan/ROS2-projects/manipulation/build/arduinobot_py_examples/build/lib/arduinobot_py_examples/simple_publisher.py -> /home/abhinandan/ROS2-projects/manipulation/install/arduinobot_py_examples/lib/python3.10/site-packages/arduinobot_py_examples
[0.679s] copying /home/abhinandan/ROS2-projects/manipulation/build/arduinobot_py_examples/build/lib/arduinobot_py_examples/__init__.py -> /home/abhinandan/ROS2-projects/manipulation/install/arduinobot_py_examples/lib/python3.10/site-packages/arduinobot_py_examples
[0.679s] copying /home/abhinandan/ROS2-projects/manipulation/build/arduinobot_py_examples/build/lib/arduinobot_py_examples/simple_subscriber.py -> /home/abhinandan/ROS2-projects/manipulation/install/arduinobot_py_examples/lib/python3.10/site-packages/arduinobot_py_examples
[0.680s] byte-compiling /home/abhinandan/ROS2-projects/manipulation/install/arduinobot_py_examples/lib/python3.10/site-packages/arduinobot_py_examples/simple_parameter.py to simple_parameter.cpython-310.pyc
[0.680s] byte-compiling /home/abhinandan/ROS2-projects/manipulation/install/arduinobot_py_examples/lib/python3.10/site-packages/arduinobot_py_examples/simple_publisher.py to simple_publisher.cpython-310.pyc
[0.680s] byte-compiling /home/abhinandan/ROS2-projects/manipulation/install/arduinobot_py_examples/lib/python3.10/site-packages/arduinobot_py_examples/__init__.py to __init__.cpython-310.pyc
[0.680s] byte-compiling /home/abhinandan/ROS2-projects/manipulation/install/arduinobot_py_examples/lib/python3.10/site-packages/arduinobot_py_examples/simple_subscriber.py to simple_subscriber.cpython-310.pyc
[0.680s] running install_data
[0.680s] creating /home/abhinandan/ROS2-projects/manipulation/install/arduinobot_py_examples/share/ament_index
[0.680s] creating /home/abhinandan/ROS2-projects/manipulation/install/arduinobot_py_examples/share/ament_index/resource_index
[0.680s] creating /home/abhinandan/ROS2-projects/manipulation/install/arduinobot_py_examples/share/ament_index/resource_index/packages
[0.680s] copying resource/arduinobot_py_examples -> /home/abhinandan/ROS2-projects/manipulation/install/arduinobot_py_examples/share/ament_index/resource_index/packages
[0.680s] copying package.xml -> /home/abhinandan/ROS2-projects/manipulation/install/arduinobot_py_examples/share/arduinobot_py_examples
[0.680s] running install_egg_info
[0.681s] Copying ../../build/arduinobot_py_examples/arduinobot_py_examples.egg-info to /home/abhinandan/ROS2-projects/manipulation/install/arduinobot_py_examples/lib/python3.10/site-packages/arduinobot_py_examples-0.0.0-py3.10.egg-info
[0.682s] running install_scripts
[0.695s] Installing simple_parameter script to /home/abhinandan/ROS2-projects/manipulation/install/arduinobot_py_examples/lib/arduinobot_py_examples
[0.695s] Installing simple_publisher script to /home/abhinandan/ROS2-projects/manipulation/install/arduinobot_py_examples/lib/arduinobot_py_examples
[0.695s] Installing simple_subscriber script to /home/abhinandan/ROS2-projects/manipulation/install/arduinobot_py_examples/lib/arduinobot_py_examples
[0.695s] writing list of installed files to '/home/abhinandan/ROS2-projects/manipulation/build/arduinobot_py_examples/install.log'
[0.722s] Invoked command in '/home/abhinandan/ROS2-projects/manipulation/src/arduinobot_py_examples' returned '0': PYTHONPATH=/home/abhinandan/ROS2-projects/manipulation/build/arduinobot_py_examples/prefix_override:/usr/lib/python3/dist-packages/colcon_core/task/python/colcon_distutils_commands:/home/abhinandan/ROS2-projects/manipulation/install/arduinobot_py_examples/lib/python3.10/site-packages:${PYTHONPATH} /usr/bin/python3 -W ignore:setup.py install is deprecated -W ignore:easy_install command is deprecated setup.py egg_info --egg-base ../../build/arduinobot_py_examples build --build-base /home/abhinandan/ROS2-projects/manipulation/build/arduinobot_py_examples/build install --record /home/abhinandan/ROS2-projects/manipulation/build/arduinobot_py_examples/install.log --single-version-externally-managed install_data
