[0.008s] Invoking command in '/home/abhinandan/ROS2-projects/manipulation/build/arduinobot_description': CMAKE_PREFIX_PATH=/opt/ros/humble /usr/bin/cmake /home/abhinandan/ROS2-projects/manipulation/src/arduinobot_description -DCMAKE_INSTALL_PREFIX=/home/abhinandan/ROS2-projects/manipulation/install/arduinobot_description
[0.131s] -- The C compiler identification is GNU 11.4.0
[0.232s] -- The CXX compiler identification is GNU 11.4.0
[0.252s] -- Detecting C compiler ABI info
[0.394s] -- Detecting C compiler ABI info - done
[0.398s] -- Check for working C compiler: /usr/bin/cc - skipped
[0.399s] -- Detecting C compile features
[0.399s] -- Detecting C compile features - done
[0.402s] -- Detecting CXX compiler ABI info
[0.518s] -- Detecting CXX compiler ABI info - done
[0.522s] -- Check for working CXX compiler: /usr/bin/c++ - skipped
[0.523s] -- Detecting CXX compile features
[0.524s] -- Detecting CXX compile features - done
[0.526s] -- Found ament_cmake: 1.3.11 (/opt/ros/humble/share/ament_cmake/cmake)
[0.601s] -- Found Python3: /usr/bin/python3 (found version "3.10.12") found components: Interpreter 
[0.652s] -- Found ament_lint_auto: 0.12.12 (/opt/ros/humble/share/ament_lint_auto/cmake)
[0.707s] -- Added test 'lint_cmake' to check CMake code style
[0.708s] -- Added test 'xmllint' to check XML markup files
[0.708s] -- Configuring done
[0.710s] -- Generating done
[0.711s] -- Build files have been written to: /home/abhinandan/ROS2-projects/manipulation/build/arduinobot_description
[0.713s] Invoked command in '/home/abhinandan/ROS2-projects/manipulation/build/arduinobot_description' returned '0': CMAKE_PREFIX_PATH=/opt/ros/humble /usr/bin/cmake /home/abhinandan/ROS2-projects/manipulation/src/arduinobot_description -DCMAKE_INSTALL_PREFIX=/home/abhinandan/ROS2-projects/manipulation/install/arduinobot_description
[0.714s] Invoking command in '/home/abhinandan/ROS2-projects/manipulation/build/arduinobot_description': CMAKE_PREFIX_PATH=/opt/ros/humble /usr/bin/cmake --build /home/abhinandan/ROS2-projects/manipulation/build/arduinobot_description -- -j4 -l4
[0.728s] Invoked command in '/home/abhinandan/ROS2-projects/manipulation/build/arduinobot_description' returned '0': CMAKE_PREFIX_PATH=/opt/ros/humble /usr/bin/cmake --build /home/abhinandan/ROS2-projects/manipulation/build/arduinobot_description -- -j4 -l4
[0.729s] Invoking command in '/home/abhinandan/ROS2-projects/manipulation/build/arduinobot_description': CMAKE_PREFIX_PATH=/opt/ros/humble /usr/bin/cmake --install /home/abhinandan/ROS2-projects/manipulation/build/arduinobot_description
[0.732s] -- Install configuration: ""
[0.732s] -- Installing: /home/abhinandan/ROS2-projects/manipulation/install/arduinobot_description/share/ament_index/resource_index/package_run_dependencies/arduinobot_description
[0.732s] -- Installing: /home/abhinandan/ROS2-projects/manipulation/install/arduinobot_description/share/ament_index/resource_index/parent_prefix_path/arduinobot_description
[0.732s] -- Installing: /home/abhinandan/ROS2-projects/manipulation/install/arduinobot_description/share/arduinobot_description/environment/ament_prefix_path.sh
[0.732s] -- Installing: /home/abhinandan/ROS2-projects/manipulation/install/arduinobot_description/share/arduinobot_description/environment/ament_prefix_path.dsv
[0.732s] -- Installing: /home/abhinandan/ROS2-projects/manipulation/install/arduinobot_description/share/arduinobot_description/environment/path.sh
[0.732s] -- Installing: /home/abhinandan/ROS2-projects/manipulation/install/arduinobot_description/share/arduinobot_description/environment/path.dsv
[0.732s] -- Installing: /home/abhinandan/ROS2-projects/manipulation/install/arduinobot_description/share/arduinobot_description/local_setup.bash
[0.732s] -- Installing: /home/abhinandan/ROS2-projects/manipulation/install/arduinobot_description/share/arduinobot_description/local_setup.sh
[0.733s] -- Installing: /home/abhinandan/ROS2-projects/manipulation/install/arduinobot_description/share/arduinobot_description/local_setup.zsh
[0.733s] -- Installing: /home/abhinandan/ROS2-projects/manipulation/install/arduinobot_description/share/arduinobot_description/local_setup.dsv
[0.733s] -- Installing: /home/abhinandan/ROS2-projects/manipulation/install/arduinobot_description/share/arduinobot_description/package.dsv
[0.733s] -- Installing: /home/abhinandan/ROS2-projects/manipulation/install/arduinobot_description/share/ament_index/resource_index/packages/arduinobot_description
[0.733s] -- Installing: /home/abhinandan/ROS2-projects/manipulation/install/arduinobot_description/share/arduinobot_description/cmake/arduinobot_descriptionConfig.cmake
[0.733s] -- Installing: /home/abhinandan/ROS2-projects/manipulation/install/arduinobot_description/share/arduinobot_description/cmake/arduinobot_descriptionConfig-version.cmake
[0.733s] -- Installing: /home/abhinandan/ROS2-projects/manipulation/install/arduinobot_description/share/arduinobot_description/package.xml
[0.739s] Invoked command in '/home/abhinandan/ROS2-projects/manipulation/build/arduinobot_description' returned '0': CMAKE_PREFIX_PATH=/opt/ros/humble /usr/bin/cmake --install /home/abhinandan/ROS2-projects/manipulation/build/arduinobot_description
