[0.019s] Invoking command in '/home/abhinandan/ROS2-projects/manipulation/build/arduinobot_description': CMAKE_PREFIX_PATH=${CMAKE_PREFIX_PATH}:/home/abhinandan/ROS2-projects/manipulation/install/arduinobot_py_examples:/opt/ros/humble /usr/bin/cmake /home/abhinandan/ROS2-projects/manipulation/src/arduinobot_description -DCMAKE_INSTALL_PREFIX=/home/abhinandan/ROS2-projects/manipulation/install/arduinobot_description
[0.163s] -- The C compiler identification is GNU 11.4.0
[0.228s] -- The CXX compiler identification is GNU 11.4.0
[0.257s] -- Detecting C compiler ABI info
[0.347s] -- Detecting C compiler ABI info - done
[0.351s] -- Check for working C compiler: /usr/bin/cc - skipped
[0.351s] -- Detecting C compile features
[0.352s] -- Detecting C compile features - done
[0.354s] -- Detecting CXX compiler ABI info
[0.470s] -- Detecting CXX compiler ABI info - done
[0.476s] -- Check for working CXX compiler: /usr/bin/c++ - skipped
[0.477s] -- Detecting CXX compile features
[0.477s] -- Detecting CXX compile features - done
[0.495s] -- Found ament_cmake: 1.3.11 (/opt/ros/humble/share/ament_cmake/cmake)
[0.643s] -- Found Python3: /usr/bin/python3 (found version "3.10.12") found components: Interpreter 
[0.758s] -- Found ament_lint_auto: 0.12.12 (/opt/ros/humble/share/ament_lint_auto/cmake)
[0.815s] -- Added test 'flake8' to check Python code syntax and style conventions
[0.815s] -- Added test 'lint_cmake' to check CMake code style
[0.816s] -- Added test 'pep257' to check Python code against some of the docstring style conventions in PEP 257
[0.817s] -- Added test 'xmllint' to check XML markup files
[0.817s] -- Configuring done
[0.818s] -- Generating done
[0.819s] -- Build files have been written to: /home/abhinandan/ROS2-projects/manipulation/build/arduinobot_description
[0.825s] Invoked command in '/home/abhinandan/ROS2-projects/manipulation/build/arduinobot_description' returned '0': CMAKE_PREFIX_PATH=${CMAKE_PREFIX_PATH}:/home/abhinandan/ROS2-projects/manipulation/install/arduinobot_py_examples:/opt/ros/humble /usr/bin/cmake /home/abhinandan/ROS2-projects/manipulation/src/arduinobot_description -DCMAKE_INSTALL_PREFIX=/home/abhinandan/ROS2-projects/manipulation/install/arduinobot_description
[0.825s] Invoking command in '/home/abhinandan/ROS2-projects/manipulation/build/arduinobot_description': CMAKE_PREFIX_PATH=${CMAKE_PREFIX_PATH}:/home/abhinandan/ROS2-projects/manipulation/install/arduinobot_py_examples:/opt/ros/humble /usr/bin/cmake --build /home/abhinandan/ROS2-projects/manipulation/build/arduinobot_description -- -j4 -l4
[0.867s] Invoked command in '/home/abhinandan/ROS2-projects/manipulation/build/arduinobot_description' returned '0': CMAKE_PREFIX_PATH=${CMAKE_PREFIX_PATH}:/home/abhinandan/ROS2-projects/manipulation/install/arduinobot_py_examples:/opt/ros/humble /usr/bin/cmake --build /home/abhinandan/ROS2-projects/manipulation/build/arduinobot_description -- -j4 -l4
[0.867s] Invoking command in '/home/abhinandan/ROS2-projects/manipulation/build/arduinobot_description': CMAKE_PREFIX_PATH=${CMAKE_PREFIX_PATH}:/home/abhinandan/ROS2-projects/manipulation/install/arduinobot_py_examples:/opt/ros/humble /usr/bin/cmake --install /home/abhinandan/ROS2-projects/manipulation/build/arduinobot_description
[0.880s] -- Install configuration: ""
[0.880s] -- Installing: /home/abhinandan/ROS2-projects/manipulation/install/arduinobot_description/share/arduinobot_description/meshes
[0.881s] -- Installing: /home/abhinandan/ROS2-projects/manipulation/install/arduinobot_description/share/arduinobot_description/meshes/link.STL
[0.888s] -- Installing: /home/abhinandan/ROS2-projects/manipulation/install/arduinobot_description/share/arduinobot_description/meshes/right_finger.STL
[0.889s] -- Installing: /home/abhinandan/ROS2-projects/manipulation/install/arduinobot_description/share/arduinobot_description/meshes/plate.STL
[0.892s] -- Installing: /home/abhinandan/ROS2-projects/manipulation/install/arduinobot_description/share/arduinobot_description/meshes/left_finger.STL
[0.893s] -- Installing: /home/abhinandan/ROS2-projects/manipulation/install/arduinobot_description/share/arduinobot_description/meshes/base_plate.STL
[0.898s] -- Installing: /home/abhinandan/ROS2-projects/manipulation/install/arduinobot_description/share/arduinobot_description/meshes/servo_plate.STL
[0.899s] -- Installing: /home/abhinandan/ROS2-projects/manipulation/install/arduinobot_description/share/arduinobot_description/meshes/pi_camera.STL
[0.900s] -- Installing: /home/abhinandan/ROS2-projects/manipulation/install/arduinobot_description/share/arduinobot_description/meshes/basement.STL
[0.902s] -- Installing: /home/abhinandan/ROS2-projects/manipulation/install/arduinobot_description/share/arduinobot_description/meshes/horizontal_arm.STL
[0.910s] -- Installing: /home/abhinandan/ROS2-projects/manipulation/install/arduinobot_description/share/arduinobot_description/meshes/claw_support.STL
[0.912s] -- Installing: /home/abhinandan/ROS2-projects/manipulation/install/arduinobot_description/share/arduinobot_description/meshes/vertical_drive_arm.STL
[0.914s] -- Installing: /home/abhinandan/ROS2-projects/manipulation/install/arduinobot_description/share/arduinobot_description/meshes/forward_drive_arm.STL
[0.917s] -- Installing: /home/abhinandan/ROS2-projects/manipulation/install/arduinobot_description/share/arduinobot_description/meshes/triangular_link.STL
[0.919s] -- Installing: /home/abhinandan/ROS2-projects/manipulation/install/arduinobot_description/share/arduinobot_description/meshes/round_plate.STL
[0.920s] -- Installing: /home/abhinandan/ROS2-projects/manipulation/install/arduinobot_description/share/arduinobot_description/urdf
[0.920s] -- Installing: /home/abhinandan/ROS2-projects/manipulation/install/arduinobot_description/share/arduinobot_description/urdf/arduinobot.urdf.xacro
[0.920s] -- Installing: /home/abhinandan/ROS2-projects/manipulation/install/arduinobot_description/share/arduinobot_description/urdf/arduinobot_gazebo.xacro
[0.920s] -- Installing: /home/abhinandan/ROS2-projects/manipulation/install/arduinobot_description/share/arduinobot_description/urdf/arduinobot_ros2_control.xacro
[0.921s] -- Installing: /home/abhinandan/ROS2-projects/manipulation/install/arduinobot_description/share/arduinobot_description/launch
[0.921s] -- Installing: /home/abhinandan/ROS2-projects/manipulation/install/arduinobot_description/share/arduinobot_description/launch/gazebo.launch.py
[0.921s] -- Installing: /home/abhinandan/ROS2-projects/manipulation/install/arduinobot_description/share/arduinobot_description/launch/display.launch.py
[0.921s] -- Installing: /home/abhinandan/ROS2-projects/manipulation/install/arduinobot_description/share/arduinobot_description/rviz
[0.921s] -- Installing: /home/abhinandan/ROS2-projects/manipulation/install/arduinobot_description/share/arduinobot_description/rviz/display.rviz
[0.922s] -- Installing: /home/abhinandan/ROS2-projects/manipulation/install/arduinobot_description/share/ament_index/resource_index/package_run_dependencies/arduinobot_description
[0.922s] -- Installing: /home/abhinandan/ROS2-projects/manipulation/install/arduinobot_description/share/ament_index/resource_index/parent_prefix_path/arduinobot_description
[0.922s] -- Installing: /home/abhinandan/ROS2-projects/manipulation/install/arduinobot_description/share/arduinobot_description/environment/ament_prefix_path.sh
[0.922s] -- Installing: /home/abhinandan/ROS2-projects/manipulation/install/arduinobot_description/share/arduinobot_description/environment/ament_prefix_path.dsv
[0.922s] -- Installing: /home/abhinandan/ROS2-projects/manipulation/install/arduinobot_description/share/arduinobot_description/environment/path.sh
[0.922s] -- Installing: /home/abhinandan/ROS2-projects/manipulation/install/arduinobot_description/share/arduinobot_description/environment/path.dsv
[0.922s] -- Installing: /home/abhinandan/ROS2-projects/manipulation/install/arduinobot_description/share/arduinobot_description/local_setup.bash
[0.922s] -- Installing: /home/abhinandan/ROS2-projects/manipulation/install/arduinobot_description/share/arduinobot_description/local_setup.sh
[0.922s] -- Installing: /home/abhinandan/ROS2-projects/manipulation/install/arduinobot_description/share/arduinobot_description/local_setup.zsh
[0.922s] -- Installing: /home/abhinandan/ROS2-projects/manipulation/install/arduinobot_description/share/arduinobot_description/local_setup.dsv
[0.923s] -- Installing: /home/abhinandan/ROS2-projects/manipulation/install/arduinobot_description/share/arduinobot_description/package.dsv
[0.923s] -- Installing: /home/abhinandan/ROS2-projects/manipulation/install/arduinobot_description/share/ament_index/resource_index/packages/arduinobot_description
[0.923s] -- Installing: /home/abhinandan/ROS2-projects/manipulation/install/arduinobot_description/share/arduinobot_description/cmake/arduinobot_descriptionConfig.cmake
[0.923s] -- Installing: /home/abhinandan/ROS2-projects/manipulation/install/arduinobot_description/share/arduinobot_description/cmake/arduinobot_descriptionConfig-version.cmake
[0.923s] -- Installing: /home/abhinandan/ROS2-projects/manipulation/install/arduinobot_description/share/arduinobot_description/package.xml
[0.927s] Invoked command in '/home/abhinandan/ROS2-projects/manipulation/build/arduinobot_description' returned '0': CMAKE_PREFIX_PATH=${CMAKE_PREFIX_PATH}:/home/abhinandan/ROS2-projects/manipulation/install/arduinobot_py_examples:/opt/ros/humble /usr/bin/cmake --install /home/abhinandan/ROS2-projects/manipulation/build/arduinobot_description
