[0.485s] Invoking command in '/home/abhinandan/ROS2-projects/manipulation/src/arduinobot_py_examples': AMENT_PREFIX_PATH=/home/abhinandan/ROS2-projects/manipulation/install/arduinobot_messages:${AMENT_PREFIX_PATH} CMAKE_PREFIX_PATH=/home/abhinandan/ROS2-projects/manipulation/install/arduinobot_messages:${CMAKE_PREFIX_PATH} LD_LIBRARY_PATH=/home/abhinandan/ROS2-projects/manipulation/install/arduinobot_messages/lib:${LD_LIBRARY_PATH} PYTHONPATH=/home/abhinandan/ROS2-projects/manipulation/build/arduinobot_py_examples/prefix_override:/usr/lib/python3/dist-packages/colcon_core/task/python/colcon_distutils_commands:/home/abhinandan/ROS2-projects/manipulation/install/arduinobot_py_examples/lib/python3.10/site-packages:/home/abhinandan/ROS2-projects/manipulation/install/arduinobot_messages/local/lib/python3.10/dist-packages:${PYTHONPATH} /usr/bin/python3 -W ignore:setup.py install is deprecated -W ignore:easy_install command is deprecated setup.py egg_info --egg-base ../../build/arduinobot_py_examples build --build-base /home/abhinandan/ROS2-projects/manipulation/build/arduinobot_py_examples/build install --record /home/abhinandan/ROS2-projects/manipulation/build/arduinobot_py_examples/install.log --single-version-externally-managed install_data
[0.601s] running egg_info
[0.601s] writing ../../build/arduinobot_py_examples/arduinobot_py_examples.egg-info/PKG-INFO
[0.601s] writing dependency_links to ../../build/arduinobot_py_examples/arduinobot_py_examples.egg-info/dependency_links.txt
[0.601s] writing entry points to ../../build/arduinobot_py_examples/arduinobot_py_examples.egg-info/entry_points.txt
[0.601s] writing requirements to ../../build/arduinobot_py_examples/arduinobot_py_examples.egg-info/requires.txt
[0.601s] writing top-level names to ../../build/arduinobot_py_examples/arduinobot_py_examples.egg-info/top_level.txt
[0.602s] reading manifest file '../../build/arduinobot_py_examples/arduinobot_py_examples.egg-info/SOURCES.txt'
[0.603s] writing manifest file '../../build/arduinobot_py_examples/arduinobot_py_examples.egg-info/SOURCES.txt'
[0.603s] running build
[0.603s] running build_py
[0.603s] copying arduinobot_py_examples/simple_service_server.py -> /home/abhinandan/ROS2-projects/manipulation/build/arduinobot_py_examples/build/lib/arduinobot_py_examples
[0.603s] running install
[0.603s] running install_lib
[0.604s] copying /home/abhinandan/ROS2-projects/manipulation/build/arduinobot_py_examples/build/lib/arduinobot_py_examples/simple_service_server.py -> /home/abhinandan/ROS2-projects/manipulation/install/arduinobot_py_examples/lib/python3.10/site-packages/arduinobot_py_examples
[0.604s] byte-compiling /home/abhinandan/ROS2-projects/manipulation/install/arduinobot_py_examples/lib/python3.10/site-packages/arduinobot_py_examples/simple_service_server.py to simple_service_server.cpython-310.pyc
[0.604s] running install_data
[0.604s] copying package.xml -> /home/abhinandan/ROS2-projects/manipulation/install/arduinobot_py_examples/share/arduinobot_py_examples
[0.604s] running install_egg_info
[0.605s] removing '/home/abhinandan/ROS2-projects/manipulation/install/arduinobot_py_examples/lib/python3.10/site-packages/arduinobot_py_examples-0.0.0-py3.10.egg-info' (and everything under it)
[0.623s] Copying ../../build/arduinobot_py_examples/arduinobot_py_examples.egg-info to /home/abhinandan/ROS2-projects/manipulation/install/arduinobot_py_examples/lib/python3.10/site-packages/arduinobot_py_examples-0.0.0-py3.10.egg-info
[0.624s] running install_scripts
[0.633s] Installing simple_parameter script to /home/abhinandan/ROS2-projects/manipulation/install/arduinobot_py_examples/lib/arduinobot_py_examples
[0.634s] Installing simple_publisher script to /home/abhinandan/ROS2-projects/manipulation/install/arduinobot_py_examples/lib/arduinobot_py_examples
[0.634s] Installing simple_service_server script to /home/abhinandan/ROS2-projects/manipulation/install/arduinobot_py_examples/lib/arduinobot_py_examples
[0.634s] Installing simple_subscriber script to /home/abhinandan/ROS2-projects/manipulation/install/arduinobot_py_examples/lib/arduinobot_py_examples
[0.634s] writing list of installed files to '/home/abhinandan/ROS2-projects/manipulation/build/arduinobot_py_examples/install.log'
[0.645s] Invoked command in '/home/abhinandan/ROS2-projects/manipulation/src/arduinobot_py_examples' returned '0': AMENT_PREFIX_PATH=/home/abhinandan/ROS2-projects/manipulation/install/arduinobot_messages:${AMENT_PREFIX_PATH} CMAKE_PREFIX_PATH=/home/abhinandan/ROS2-projects/manipulation/install/arduinobot_messages:${CMAKE_PREFIX_PATH} LD_LIBRARY_PATH=/home/abhinandan/ROS2-projects/manipulation/install/arduinobot_messages/lib:${LD_LIBRARY_PATH} PYTHONPATH=/home/abhinandan/ROS2-projects/manipulation/build/arduinobot_py_examples/prefix_override:/usr/lib/python3/dist-packages/colcon_core/task/python/colcon_distutils_commands:/home/abhinandan/ROS2-projects/manipulation/install/arduinobot_py_examples/lib/python3.10/site-packages:/home/abhinandan/ROS2-projects/manipulation/install/arduinobot_messages/local/lib/python3.10/dist-packages:${PYTHONPATH} /usr/bin/python3 -W ignore:setup.py install is deprecated -W ignore:easy_install command is deprecated setup.py egg_info --egg-base ../../build/arduinobot_py_examples build --build-base /home/abhinandan/ROS2-projects/manipulation/build/arduinobot_py_examples/build install --record /home/abhinandan/ROS2-projects/manipulation/build/arduinobot_py_examples/install.log --single-version-externally-managed install_data
