[0.351s] Invoking command in '/home/abhinandan/ROS2-projects/manipulation/src/arduinobot_py_examples': PYTHONPATH=/home/abhinandan/ROS2-projects/manipulation/build/arduinobot_py_examples/prefix_override:/usr/lib/python3/dist-packages/colcon_core/task/python/colcon_distutils_commands:/home/abhinandan/ROS2-projects/manipulation/install/arduinobot_py_examples/lib/python3.10/site-packages:${PYTHONPATH} /usr/bin/python3 -W ignore:setup.py install is deprecated -W ignore:easy_install command is deprecated setup.py egg_info --egg-base ../../build/arduinobot_py_examples build --build-base /home/abhinandan/ROS2-projects/manipulation/build/arduinobot_py_examples/build install --record /home/abhinandan/ROS2-projects/manipulation/build/arduinobot_py_examples/install.log --single-version-externally-managed install_data
[0.480s] running egg_info
[0.481s] writing ../../build/arduinobot_py_examples/arduinobot_py_examples.egg-info/PKG-INFO
[0.481s] writing dependency_links to ../../build/arduinobot_py_examples/arduinobot_py_examples.egg-info/dependency_links.txt
[0.481s] writing entry points to ../../build/arduinobot_py_examples/arduinobot_py_examples.egg-info/entry_points.txt
[0.481s] writing requirements to ../../build/arduinobot_py_examples/arduinobot_py_examples.egg-info/requires.txt
[0.481s] writing top-level names to ../../build/arduinobot_py_examples/arduinobot_py_examples.egg-info/top_level.txt
[0.482s] reading manifest file '../../build/arduinobot_py_examples/arduinobot_py_examples.egg-info/SOURCES.txt'
[0.483s] writing manifest file '../../build/arduinobot_py_examples/arduinobot_py_examples.egg-info/SOURCES.txt'
[0.483s] running build
[0.483s] running build_py
[0.483s] copying arduinobot_py_examples/simple_service_client.py -> /home/abhinandan/ROS2-projects/manipulation/build/arduinobot_py_examples/build/lib/arduinobot_py_examples
[0.483s] running install
[0.483s] running install_lib
[0.484s] copying /home/abhinandan/ROS2-projects/manipulation/build/arduinobot_py_examples/build/lib/arduinobot_py_examples/simple_service_client.py -> /home/abhinandan/ROS2-projects/manipulation/install/arduinobot_py_examples/lib/python3.10/site-packages/arduinobot_py_examples
[0.484s] byte-compiling /home/abhinandan/ROS2-projects/manipulation/install/arduinobot_py_examples/lib/python3.10/site-packages/arduinobot_py_examples/simple_service_client.py to simple_service_client.cpython-310.pyc
[0.484s] running install_data
[0.484s] running install_egg_info
[0.485s] removing '/home/abhinandan/ROS2-projects/manipulation/install/arduinobot_py_examples/lib/python3.10/site-packages/arduinobot_py_examples-0.0.0-py3.10.egg-info' (and everything under it)
[0.485s] Copying ../../build/arduinobot_py_examples/arduinobot_py_examples.egg-info to /home/abhinandan/ROS2-projects/manipulation/install/arduinobot_py_examples/lib/python3.10/site-packages/arduinobot_py_examples-0.0.0-py3.10.egg-info
[0.486s] running install_scripts
[0.495s] Installing simple_parameter script to /home/abhinandan/ROS2-projects/manipulation/install/arduinobot_py_examples/lib/arduinobot_py_examples
[0.495s] Installing simple_publisher script to /home/abhinandan/ROS2-projects/manipulation/install/arduinobot_py_examples/lib/arduinobot_py_examples
[0.496s] Installing simple_service_client script to /home/abhinandan/ROS2-projects/manipulation/install/arduinobot_py_examples/lib/arduinobot_py_examples
[0.496s] Installing simple_service_server script to /home/abhinandan/ROS2-projects/manipulation/install/arduinobot_py_examples/lib/arduinobot_py_examples
[0.496s] Installing simple_subscriber script to /home/abhinandan/ROS2-projects/manipulation/install/arduinobot_py_examples/lib/arduinobot_py_examples
[0.496s] writing list of installed files to '/home/abhinandan/ROS2-projects/manipulation/build/arduinobot_py_examples/install.log'
[0.510s] Invoked command in '/home/abhinandan/ROS2-projects/manipulation/src/arduinobot_py_examples' returned '0': PYTHONPATH=/home/abhinandan/ROS2-projects/manipulation/build/arduinobot_py_examples/prefix_override:/usr/lib/python3/dist-packages/colcon_core/task/python/colcon_distutils_commands:/home/abhinandan/ROS2-projects/manipulation/install/arduinobot_py_examples/lib/python3.10/site-packages:${PYTHONPATH} /usr/bin/python3 -W ignore:setup.py install is deprecated -W ignore:easy_install command is deprecated setup.py egg_info --egg-base ../../build/arduinobot_py_examples build --build-base /home/abhinandan/ROS2-projects/manipulation/build/arduinobot_py_examples/build install --record /home/abhinandan/ROS2-projects/manipulation/build/arduinobot_py_examples/install.log --single-version-externally-managed install_data
