[0.313s] Invoking command in '/home/abhinandan/ROS2-projects/manipulation/build/arduinobot_utils': CMAKE_PREFIX_PATH=/home/abhinandan/ROS2-projects/manipulation/install/arduinobot_messages:/home/abhinandan/ROS2-projects/manipulation/install/arduinobot_utils:/home/abhinandan/ROS2-projects/manipulation/install/arduinobot_description:/home/abhinandan/ROS2-projects/manipulation/install/arduinobot_cpp_examples:/home/abhinandan/ROS2-projects/manipulation/install/arduinobot_controller:/home/abhinandan/ROS2-projects/manipulation/install/arduinobot_py_examples:/opt/ros/humble /usr/bin/cmake --build /home/abhinandan/ROS2-projects/manipulation/build/arduinobot_utils -- -j4 -l4
[0.388s] Built target ament_cmake_python_copy_arduinobot_utils
[0.575s] running egg_info
[0.575s] writing arduinobot_utils.egg-info/PKG-INFO
[0.576s] writing dependency_links to arduinobot_utils.egg-info/dependency_links.txt
[0.576s] writing top-level names to arduinobot_utils.egg-info/top_level.txt
[0.577s] reading manifest file 'arduinobot_utils.egg-info/SOURCES.txt'
[0.579s] writing manifest file 'arduinobot_utils.egg-info/SOURCES.txt'
[0.607s] Built target ament_cmake_python_build_arduinobot_utils_egg
[0.622s] Invoked command in '/home/abhinandan/ROS2-projects/manipulation/build/arduinobot_utils' returned '0': CMAKE_PREFIX_PATH=/home/abhinandan/ROS2-projects/manipulation/install/arduinobot_messages:/home/abhinandan/ROS2-projects/manipulation/install/arduinobot_utils:/home/abhinandan/ROS2-projects/manipulation/install/arduinobot_description:/home/abhinandan/ROS2-projects/manipulation/install/arduinobot_cpp_examples:/home/abhinandan/ROS2-projects/manipulation/install/arduinobot_controller:/home/abhinandan/ROS2-projects/manipulation/install/arduinobot_py_examples:/opt/ros/humble /usr/bin/cmake --build /home/abhinandan/ROS2-projects/manipulation/build/arduinobot_utils -- -j4 -l4
[0.630s] Invoking command in '/home/abhinandan/ROS2-projects/manipulation/build/arduinobot_utils': CMAKE_PREFIX_PATH=/home/abhinandan/ROS2-projects/manipulation/install/arduinobot_messages:/home/abhinandan/ROS2-projects/manipulation/install/arduinobot_utils:/home/abhinandan/ROS2-projects/manipulation/install/arduinobot_description:/home/abhinandan/ROS2-projects/manipulation/install/arduinobot_cpp_examples:/home/abhinandan/ROS2-projects/manipulation/install/arduinobot_controller:/home/abhinandan/ROS2-projects/manipulation/install/arduinobot_py_examples:/opt/ros/humble /usr/bin/cmake --install /home/abhinandan/ROS2-projects/manipulation/build/arduinobot_utils
[0.636s] -- Install configuration: ""
[0.636s] -- Up-to-date: /home/abhinandan/ROS2-projects/manipulation/install/arduinobot_utils/share/arduinobot_utils/environment/pythonpath.sh
[0.636s] -- Up-to-date: /home/abhinandan/ROS2-projects/manipulation/install/arduinobot_utils/share/arduinobot_utils/environment/pythonpath.dsv
[0.636s] -- Up-to-date: /home/abhinandan/ROS2-projects/manipulation/install/arduinobot_utils/local/lib/python3.10/dist-packages/arduinobot_utils-0.0.0-py3.10.egg-info
[0.636s] -- Installing: /home/abhinandan/ROS2-projects/manipulation/install/arduinobot_utils/local/lib/python3.10/dist-packages/arduinobot_utils-0.0.0-py3.10.egg-info/SOURCES.txt
[0.636s] -- Installing: /home/abhinandan/ROS2-projects/manipulation/install/arduinobot_utils/local/lib/python3.10/dist-packages/arduinobot_utils-0.0.0-py3.10.egg-info/top_level.txt
[0.636s] -- Installing: /home/abhinandan/ROS2-projects/manipulation/install/arduinobot_utils/local/lib/python3.10/dist-packages/arduinobot_utils-0.0.0-py3.10.egg-info/dependency_links.txt
[0.636s] -- Installing: /home/abhinandan/ROS2-projects/manipulation/install/arduinobot_utils/local/lib/python3.10/dist-packages/arduinobot_utils-0.0.0-py3.10.egg-info/PKG-INFO
[0.636s] -- Up-to-date: /home/abhinandan/ROS2-projects/manipulation/install/arduinobot_utils/local/lib/python3.10/dist-packages/arduinobot_utils
[0.636s] -- Up-to-date: /home/abhinandan/ROS2-projects/manipulation/install/arduinobot_utils/local/lib/python3.10/dist-packages/arduinobot_utils/__init__.py
[0.636s] -- Up-to-date: /home/abhinandan/ROS2-projects/manipulation/install/arduinobot_utils/local/lib/python3.10/dist-packages/arduinobot_utils/angle_conversion.py
[0.660s] Listing '/home/abhinandan/ROS2-projects/manipulation/install/arduinobot_utils/local/lib/python3.10/dist-packages/arduinobot_utils'...
[0.665s] -- Up-to-date: /home/abhinandan/ROS2-projects/manipulation/install/arduinobot_utils/lib/arduinobot_utils/angle_conversion.py
[0.665s] -- Up-to-date: /home/abhinandan/ROS2-projects/manipulation/install/arduinobot_utils/share/ament_index/resource_index/package_run_dependencies/arduinobot_utils
[0.665s] -- Up-to-date: /home/abhinandan/ROS2-projects/manipulation/install/arduinobot_utils/share/ament_index/resource_index/parent_prefix_path/arduinobot_utils
[0.665s] -- Up-to-date: /home/abhinandan/ROS2-projects/manipulation/install/arduinobot_utils/share/arduinobot_utils/environment/ament_prefix_path.sh
[0.665s] -- Up-to-date: /home/abhinandan/ROS2-projects/manipulation/install/arduinobot_utils/share/arduinobot_utils/environment/ament_prefix_path.dsv
[0.665s] -- Up-to-date: /home/abhinandan/ROS2-projects/manipulation/install/arduinobot_utils/share/arduinobot_utils/environment/path.sh
[0.665s] -- Up-to-date: /home/abhinandan/ROS2-projects/manipulation/install/arduinobot_utils/share/arduinobot_utils/environment/path.dsv
[0.665s] -- Up-to-date: /home/abhinandan/ROS2-projects/manipulation/install/arduinobot_utils/share/arduinobot_utils/local_setup.bash
[0.666s] -- Up-to-date: /home/abhinandan/ROS2-projects/manipulation/install/arduinobot_utils/share/arduinobot_utils/local_setup.sh
[0.666s] -- Up-to-date: /home/abhinandan/ROS2-projects/manipulation/install/arduinobot_utils/share/arduinobot_utils/local_setup.zsh
[0.666s] -- Up-to-date: /home/abhinandan/ROS2-projects/manipulation/install/arduinobot_utils/share/arduinobot_utils/local_setup.dsv
[0.666s] -- Up-to-date: /home/abhinandan/ROS2-projects/manipulation/install/arduinobot_utils/share/arduinobot_utils/package.dsv
[0.666s] -- Up-to-date: /home/abhinandan/ROS2-projects/manipulation/install/arduinobot_utils/share/ament_index/resource_index/packages/arduinobot_utils
[0.666s] -- Up-to-date: /home/abhinandan/ROS2-projects/manipulation/install/arduinobot_utils/share/arduinobot_utils/cmake/arduinobot_utilsConfig.cmake
[0.666s] -- Up-to-date: /home/abhinandan/ROS2-projects/manipulation/install/arduinobot_utils/share/arduinobot_utils/cmake/arduinobot_utilsConfig-version.cmake
[0.666s] -- Up-to-date: /home/abhinandan/ROS2-projects/manipulation/install/arduinobot_utils/share/arduinobot_utils/package.xml
[0.666s] Invoked command in '/home/abhinandan/ROS2-projects/manipulation/build/arduinobot_utils' returned '0': CMAKE_PREFIX_PATH=/home/abhinandan/ROS2-projects/manipulation/install/arduinobot_messages:/home/abhinandan/ROS2-projects/manipulation/install/arduinobot_utils:/home/abhinandan/ROS2-projects/manipulation/install/arduinobot_description:/home/abhinandan/ROS2-projects/manipulation/install/arduinobot_cpp_examples:/home/abhinandan/ROS2-projects/manipulation/install/arduinobot_controller:/home/abhinandan/ROS2-projects/manipulation/install/arduinobot_py_examples:/opt/ros/humble /usr/bin/cmake --install /home/abhinandan/ROS2-projects/manipulation/build/arduinobot_utils
