[0.019s] Invoking command in '/home/abhinandan/ROS2-projects/manipulation/build/arduinobot_moveit': CMAKE_PREFIX_PATH=${CMAKE_PREFIX_PATH}:/home/abhinandan/ROS2-projects/manipulation/install/arduinobot_py_examples:/opt/ros/humble /usr/bin/cmake /home/abhinandan/ROS2-projects/manipulation/src/arduinobot_moveit -DCMAKE_INSTALL_PREFIX=/home/abhinandan/ROS2-projects/manipulation/install/arduinobot_moveit
[0.139s] -- The C compiler identification is GNU 11.4.0
[0.275s] -- The CXX compiler identification is GNU 11.4.0
[0.289s] -- Detecting C compiler ABI info
[0.448s] -- Detecting C compiler ABI info - done
[0.454s] -- Check for working C compiler: /usr/bin/cc - skipped
[0.454s] -- Detecting C compile features
[0.455s] -- Detecting C compile features - done
[0.459s] -- Detecting CXX compiler ABI info
[0.583s] -- Detecting CXX compiler ABI info - done
[0.589s] -- Check for working CXX compiler: /usr/bin/c++ - skipped
[0.589s] -- Detecting CXX compile features
[0.590s] -- Detecting CXX compile features - done
[0.600s] -- Found ament_cmake: 1.3.11 (/opt/ros/humble/share/ament_cmake/cmake)
[0.783s] -- Found Python3: /usr/bin/python3 (found version "3.10.12") found components: Interpreter 
[0.918s] -- Found ament_lint_auto: 0.12.12 (/opt/ros/humble/share/ament_lint_auto/cmake)
[1.028s] -- Added test 'lint_cmake' to check CMake code style
[1.029s] -- Added test 'xmllint' to check XML markup files
[1.029s] -- Configuring done
[1.031s] -- Generating done
[1.032s] -- Build files have been written to: /home/abhinandan/ROS2-projects/manipulation/build/arduinobot_moveit
[1.035s] Invoked command in '/home/abhinandan/ROS2-projects/manipulation/build/arduinobot_moveit' returned '0': CMAKE_PREFIX_PATH=${CMAKE_PREFIX_PATH}:/home/abhinandan/ROS2-projects/manipulation/install/arduinobot_py_examples:/opt/ros/humble /usr/bin/cmake /home/abhinandan/ROS2-projects/manipulation/src/arduinobot_moveit -DCMAKE_INSTALL_PREFIX=/home/abhinandan/ROS2-projects/manipulation/install/arduinobot_moveit
[1.035s] Invoking command in '/home/abhinandan/ROS2-projects/manipulation/build/arduinobot_moveit': CMAKE_PREFIX_PATH=${CMAKE_PREFIX_PATH}:/home/abhinandan/ROS2-projects/manipulation/install/arduinobot_py_examples:/opt/ros/humble /usr/bin/cmake --build /home/abhinandan/ROS2-projects/manipulation/build/arduinobot_moveit -- -j4 -l4
[1.065s] Invoked command in '/home/abhinandan/ROS2-projects/manipulation/build/arduinobot_moveit' returned '0': CMAKE_PREFIX_PATH=${CMAKE_PREFIX_PATH}:/home/abhinandan/ROS2-projects/manipulation/install/arduinobot_py_examples:/opt/ros/humble /usr/bin/cmake --build /home/abhinandan/ROS2-projects/manipulation/build/arduinobot_moveit -- -j4 -l4
[1.066s] Invoking command in '/home/abhinandan/ROS2-projects/manipulation/build/arduinobot_moveit': CMAKE_PREFIX_PATH=${CMAKE_PREFIX_PATH}:/home/abhinandan/ROS2-projects/manipulation/install/arduinobot_py_examples:/opt/ros/humble /usr/bin/cmake --install /home/abhinandan/ROS2-projects/manipulation/build/arduinobot_moveit
[1.072s] -- Install configuration: ""
[1.072s] -- Installing: /home/abhinandan/ROS2-projects/manipulation/install/arduinobot_moveit/share/ament_index/resource_index/package_run_dependencies/arduinobot_moveit
[1.072s] -- Installing: /home/abhinandan/ROS2-projects/manipulation/install/arduinobot_moveit/share/ament_index/resource_index/parent_prefix_path/arduinobot_moveit
[1.072s] -- Installing: /home/abhinandan/ROS2-projects/manipulation/install/arduinobot_moveit/share/arduinobot_moveit/environment/ament_prefix_path.sh
[1.072s] -- Installing: /home/abhinandan/ROS2-projects/manipulation/install/arduinobot_moveit/share/arduinobot_moveit/environment/ament_prefix_path.dsv
[1.072s] -- Installing: /home/abhinandan/ROS2-projects/manipulation/install/arduinobot_moveit/share/arduinobot_moveit/environment/path.sh
[1.072s] -- Installing: /home/abhinandan/ROS2-projects/manipulation/install/arduinobot_moveit/share/arduinobot_moveit/environment/path.dsv
[1.072s] -- Installing: /home/abhinandan/ROS2-projects/manipulation/install/arduinobot_moveit/share/arduinobot_moveit/local_setup.bash
[1.072s] -- Installing: /home/abhinandan/ROS2-projects/manipulation/install/arduinobot_moveit/share/arduinobot_moveit/local_setup.sh
[1.072s] -- Installing: /home/abhinandan/ROS2-projects/manipulation/install/arduinobot_moveit/share/arduinobot_moveit/local_setup.zsh
[1.072s] -- Installing: /home/abhinandan/ROS2-projects/manipulation/install/arduinobot_moveit/share/arduinobot_moveit/local_setup.dsv
[1.072s] -- Installing: /home/abhinandan/ROS2-projects/manipulation/install/arduinobot_moveit/share/arduinobot_moveit/package.dsv
[1.072s] -- Installing: /home/abhinandan/ROS2-projects/manipulation/install/arduinobot_moveit/share/ament_index/resource_index/packages/arduinobot_moveit
[1.072s] -- Installing: /home/abhinandan/ROS2-projects/manipulation/install/arduinobot_moveit/share/arduinobot_moveit/cmake/arduinobot_moveitConfig.cmake
[1.072s] -- Installing: /home/abhinandan/ROS2-projects/manipulation/install/arduinobot_moveit/share/arduinobot_moveit/cmake/arduinobot_moveitConfig-version.cmake
[1.072s] -- Installing: /home/abhinandan/ROS2-projects/manipulation/install/arduinobot_moveit/share/arduinobot_moveit/package.xml
[1.073s] Invoked command in '/home/abhinandan/ROS2-projects/manipulation/build/arduinobot_moveit' returned '0': CMAKE_PREFIX_PATH=${CMAKE_PREFIX_PATH}:/home/abhinandan/ROS2-projects/manipulation/install/arduinobot_py_examples:/opt/ros/humble /usr/bin/cmake --install /home/abhinandan/ROS2-projects/manipulation/build/arduinobot_moveit
