[0.007s] Invoking command in '/home/abhinandan/ROS2-projects/manipulation/build/arduinobot_cpp_examples': CMAKE_PREFIX_PATH=${CMAKE_PREFIX_PATH}:/home/abhinandan/ROS2-projects/manipulation/install/arduinobot_py_examples:/opt/ros/humble /usr/bin/cmake /home/abhinandan/ROS2-projects/manipulation/src/arduinobot_cpp_examples -DCMAKE_INSTALL_PREFIX=/home/abhinandan/ROS2-projects/manipulation/install/arduinobot_cpp_examples
[0.081s] -- The C compiler identification is GNU 11.4.0
[0.135s] -- The CXX compiler identification is GNU 11.4.0
[0.149s] -- Detecting C compiler ABI info
[0.208s] -- Detecting C compiler ABI info - done
[0.212s] -- Check for working C compiler: /usr/bin/cc - skipped
[0.212s] -- Detecting C compile features
[0.212s] -- Detecting C compile features - done
[0.214s] -- Detecting CXX compiler ABI info
[0.299s] -- Detecting CXX compiler ABI info - done
[0.306s] -- Check for working CXX compiler: /usr/bin/c++ - skipped
[0.306s] -- Detecting CXX compile features
[0.306s] -- Detecting CXX compile features - done
[0.309s] -- Found ament_cmake: 1.3.11 (/opt/ros/humble/share/ament_cmake/cmake)
[0.396s] -- Found Python3: /usr/bin/python3 (found version "3.10.12") found components: Interpreter 
[0.483s] -- Found ament_lint_auto: 0.12.12 (/opt/ros/humble/share/ament_lint_auto/cmake)
[0.535s] -- Added test 'lint_cmake' to check CMake code style
[0.535s] -- Added test 'xmllint' to check XML markup files
[0.536s] -- Configuring done
[0.538s] -- Generating done
[0.539s] -- Build files have been written to: /home/abhinandan/ROS2-projects/manipulation/build/arduinobot_cpp_examples
[0.547s] Invoked command in '/home/abhinandan/ROS2-projects/manipulation/build/arduinobot_cpp_examples' returned '0': CMAKE_PREFIX_PATH=${CMAKE_PREFIX_PATH}:/home/abhinandan/ROS2-projects/manipulation/install/arduinobot_py_examples:/opt/ros/humble /usr/bin/cmake /home/abhinandan/ROS2-projects/manipulation/src/arduinobot_cpp_examples -DCMAKE_INSTALL_PREFIX=/home/abhinandan/ROS2-projects/manipulation/install/arduinobot_cpp_examples
[0.547s] Invoking command in '/home/abhinandan/ROS2-projects/manipulation/build/arduinobot_cpp_examples': CMAKE_PREFIX_PATH=${CMAKE_PREFIX_PATH}:/home/abhinandan/ROS2-projects/manipulation/install/arduinobot_py_examples:/opt/ros/humble /usr/bin/cmake --build /home/abhinandan/ROS2-projects/manipulation/build/arduinobot_cpp_examples -- -j4 -l4
[0.593s] Invoked command in '/home/abhinandan/ROS2-projects/manipulation/build/arduinobot_cpp_examples' returned '0': CMAKE_PREFIX_PATH=${CMAKE_PREFIX_PATH}:/home/abhinandan/ROS2-projects/manipulation/install/arduinobot_py_examples:/opt/ros/humble /usr/bin/cmake --build /home/abhinandan/ROS2-projects/manipulation/build/arduinobot_cpp_examples -- -j4 -l4
[0.598s] Invoking command in '/home/abhinandan/ROS2-projects/manipulation/build/arduinobot_cpp_examples': CMAKE_PREFIX_PATH=${CMAKE_PREFIX_PATH}:/home/abhinandan/ROS2-projects/manipulation/install/arduinobot_py_examples:/opt/ros/humble /usr/bin/cmake --install /home/abhinandan/ROS2-projects/manipulation/build/arduinobot_cpp_examples
[0.600s] -- Install configuration: ""
[0.600s] -- Installing: /home/abhinandan/ROS2-projects/manipulation/install/arduinobot_cpp_examples/share/ament_index/resource_index/package_run_dependencies/arduinobot_cpp_examples
[0.600s] -- Installing: /home/abhinandan/ROS2-projects/manipulation/install/arduinobot_cpp_examples/share/ament_index/resource_index/parent_prefix_path/arduinobot_cpp_examples
[0.600s] -- Installing: /home/abhinandan/ROS2-projects/manipulation/install/arduinobot_cpp_examples/share/arduinobot_cpp_examples/environment/ament_prefix_path.sh
[0.601s] -- Installing: /home/abhinandan/ROS2-projects/manipulation/install/arduinobot_cpp_examples/share/arduinobot_cpp_examples/environment/ament_prefix_path.dsv
[0.601s] -- Installing: /home/abhinandan/ROS2-projects/manipulation/install/arduinobot_cpp_examples/share/arduinobot_cpp_examples/environment/path.sh
[0.601s] -- Installing: /home/abhinandan/ROS2-projects/manipulation/install/arduinobot_cpp_examples/share/arduinobot_cpp_examples/environment/path.dsv
[0.601s] -- Installing: /home/abhinandan/ROS2-projects/manipulation/install/arduinobot_cpp_examples/share/arduinobot_cpp_examples/local_setup.bash
[0.601s] -- Installing: /home/abhinandan/ROS2-projects/manipulation/install/arduinobot_cpp_examples/share/arduinobot_cpp_examples/local_setup.sh
[0.601s] -- Installing: /home/abhinandan/ROS2-projects/manipulation/install/arduinobot_cpp_examples/share/arduinobot_cpp_examples/local_setup.zsh
[0.601s] -- Installing: /home/abhinandan/ROS2-projects/manipulation/install/arduinobot_cpp_examples/share/arduinobot_cpp_examples/local_setup.dsv
[0.601s] -- Installing: /home/abhinandan/ROS2-projects/manipulation/install/arduinobot_cpp_examples/share/arduinobot_cpp_examples/package.dsv
[0.601s] -- Installing: /home/abhinandan/ROS2-projects/manipulation/install/arduinobot_cpp_examples/share/ament_index/resource_index/packages/arduinobot_cpp_examples
[0.601s] -- Installing: /home/abhinandan/ROS2-projects/manipulation/install/arduinobot_cpp_examples/share/arduinobot_cpp_examples/cmake/arduinobot_cpp_examplesConfig.cmake
[0.601s] -- Installing: /home/abhinandan/ROS2-projects/manipulation/install/arduinobot_cpp_examples/share/arduinobot_cpp_examples/cmake/arduinobot_cpp_examplesConfig-version.cmake
[0.601s] -- Installing: /home/abhinandan/ROS2-projects/manipulation/install/arduinobot_cpp_examples/share/arduinobot_cpp_examples/package.xml
[0.602s] Invoked command in '/home/abhinandan/ROS2-projects/manipulation/build/arduinobot_cpp_examples' returned '0': CMAKE_PREFIX_PATH=${CMAKE_PREFIX_PATH}:/home/abhinandan/ROS2-projects/manipulation/install/arduinobot_py_examples:/opt/ros/humble /usr/bin/cmake --install /home/abhinandan/ROS2-projects/manipulation/build/arduinobot_cpp_examples
