[  2%] Built target arduinobot_messages__cpp
[35m[1mConsolidate compiler generated dependencies of target arduinobot_messages__rosidl_generator_c[0m
[35m[1mConsolidate compiler generated dependencies of target arduinobot_messages__rosidl_typesupport_cpp[0m
[  2%] Built target ament_cmake_python_copy_arduinobot_messages
[35m[1mConsolidate compiler generated dependencies of target arduinobot_messages__rosidl_typesupport_fastrtps_cpp[0m
[ 12%] Built target arduinobot_messages__rosidl_generator_c
[ 25%] Built target arduinobot_messages__rosidl_typesupport_cpp
[ 34%] Built target arduinobot_messages__rosidl_typesupport_fastrtps_cpp
[35m[1mConsolidate compiler generated dependencies of target arduinobot_messages__rosidl_typesupport_introspection_cpp[0m
[35m[1mConsolidate compiler generated dependencies of target arduinobot_messages__rosidl_typesupport_introspection_c[0m
[35m[1mConsolidate compiler generated dependencies of target arduinobot_messages__rosidl_typesupport_fastrtps_c[0m
[ 44%] Built target arduinobot_messages__rosidl_typesupport_introspection_cpp
[ 55%] Built target arduinobot_messages__rosidl_typesupport_introspection_c
[ 65%] Built target arduinobot_messages__rosidl_typesupport_fastrtps_c
[35m[1mConsolidate compiler generated dependencies of target arduinobot_messages__rosidl_typesupport_c[0m
[ 76%] Built target arduinobot_messages__rosidl_typesupport_c
[ 76%] Built target arduinobot_messages
[ 78%] Built target arduinobot_messages__py
[35m[1mConsolidate compiler generated dependencies of target arduinobot_messages__rosidl_generator_py[0m
[ 87%] Built target arduinobot_messages__rosidl_generator_py
[35m[1mConsolidate compiler generated dependencies of target arduinobot_messages__rosidl_typesupport_fastrtps_c__pyext[0m
[35m[1mConsolidate compiler generated dependencies of target arduinobot_messages__rosidl_typesupport_introspection_c__pyext[0m
[35m[1mConsolidate compiler generated dependencies of target arduinobot_messages__rosidl_typesupport_c__pyext[0m
[ 91%] Built target arduinobot_messages__rosidl_typesupport_fastrtps_c__pyext
running egg_info
writing arduinobot_messages.egg-info/PKG-INFO
writing dependency_links to arduinobot_messages.egg-info/dependency_links.txt
writing top-level names to arduinobot_messages.egg-info/top_level.txt
reading manifest file 'arduinobot_messages.egg-info/SOURCES.txt'
writing manifest file 'arduinobot_messages.egg-info/SOURCES.txt'
[ 95%] Built target arduinobot_messages__rosidl_typesupport_introspection_c__pyext
[100%] Built target arduinobot_messages__rosidl_typesupport_c__pyext
[100%] Built target ament_cmake_python_build_arduinobot_messages_egg
