[0.012s] Invoking command in '/home/abhinandan/ROS2-projects/manipulation/build/arduinobot_messages': CMAKE_PREFIX_PATH=${CMAKE_PREFIX_PATH}:/home/abhinandan/ROS2-projects/manipulation/install/arduinobot_py_examples:/opt/ros/humble /usr/bin/cmake --build /home/abhinandan/ROS2-projects/manipulation/build/arduinobot_messages -- -j4 -l4
[0.128s] [  2%] Built target arduinobot_messages__cpp
[0.142s] [35m[1mConsolidate compiler generated dependencies of target arduinobot_messages__rosidl_generator_c[0m
[0.151s] [35m[1mConsolidate compiler generated dependencies of target arduinobot_messages__rosidl_typesupport_cpp[0m
[0.158s] [  2%] Built target ament_cmake_python_copy_arduinobot_messages
[0.183s] [35m[1mConsolidate compiler generated dependencies of target arduinobot_messages__rosidl_typesupport_fastrtps_cpp[0m
[0.183s] [ 12%] Built target arduinobot_messages__rosidl_generator_c
[0.190s] [ 25%] Built target arduinobot_messages__rosidl_typesupport_cpp
[0.190s] [ 34%] Built target arduinobot_messages__rosidl_typesupport_fastrtps_cpp
[0.211s] [35m[1mConsolidate compiler generated dependencies of target arduinobot_messages__rosidl_typesupport_introspection_cpp[0m
[0.211s] [35m[1mConsolidate compiler generated dependencies of target arduinobot_messages__rosidl_typesupport_introspection_c[0m
[0.243s] [35m[1mConsolidate compiler generated dependencies of target arduinobot_messages__rosidl_typesupport_fastrtps_c[0m
[0.245s] [ 44%] Built target arduinobot_messages__rosidl_typesupport_introspection_cpp
[0.253s] [ 55%] Built target arduinobot_messages__rosidl_typesupport_introspection_c
[0.255s] [ 65%] Built target arduinobot_messages__rosidl_typesupport_fastrtps_c
[0.261s] [35m[1mConsolidate compiler generated dependencies of target arduinobot_messages__rosidl_typesupport_c[0m
[0.266s] [ 76%] Built target arduinobot_messages__rosidl_typesupport_c
[0.274s] [ 76%] Built target arduinobot_messages
[0.321s] [ 78%] Built target arduinobot_messages__py
[0.327s] [35m[1mConsolidate compiler generated dependencies of target arduinobot_messages__rosidl_generator_py[0m
[0.339s] [ 87%] Built target arduinobot_messages__rosidl_generator_py
[0.364s] [35m[1mConsolidate compiler generated dependencies of target arduinobot_messages__rosidl_typesupport_fastrtps_c__pyext[0m
[0.381s] [35m[1mConsolidate compiler generated dependencies of target arduinobot_messages__rosidl_typesupport_introspection_c__pyext[0m
[0.399s] [35m[1mConsolidate compiler generated dependencies of target arduinobot_messages__rosidl_typesupport_c__pyext[0m
[0.400s] [ 91%] Built target arduinobot_messages__rosidl_typesupport_fastrtps_c__pyext
[0.401s] running egg_info
[0.402s] writing arduinobot_messages.egg-info/PKG-INFO
[0.402s] writing dependency_links to arduinobot_messages.egg-info/dependency_links.txt
[0.405s] writing top-level names to arduinobot_messages.egg-info/top_level.txt
[0.408s] reading manifest file 'arduinobot_messages.egg-info/SOURCES.txt'
[0.408s] writing manifest file 'arduinobot_messages.egg-info/SOURCES.txt'
[0.414s] [ 95%] Built target arduinobot_messages__rosidl_typesupport_introspection_c__pyext
[0.421s] [100%] Built target arduinobot_messages__rosidl_typesupport_c__pyext
[0.468s] [100%] Built target ament_cmake_python_build_arduinobot_messages_egg
