[0.012s] Invoking command in '/home/abhinandan/ROS2-projects/manipulation/build/arduinobot_controller': CMAKE_PREFIX_PATH=${CMAKE_PREFIX_PATH}:/home/abhinandan/ROS2-projects/manipulation/install/arduinobot_py_examples:/opt/ros/humble /usr/bin/cmake --build /home/abhinandan/ROS2-projects/manipulation/build/arduinobot_controller -- -j4 -l4
[0.186s] Invoked command in '/home/abhinandan/ROS2-projects/manipulation/build/arduinobot_controller' returned '0': CMAKE_PREFIX_PATH=${CMAKE_PREFIX_PATH}:/home/abhinandan/ROS2-projects/manipulation/install/arduinobot_py_examples:/opt/ros/humble /usr/bin/cmake --build /home/abhinandan/ROS2-projects/manipulation/build/arduinobot_controller -- -j4 -l4
[0.191s] Invoking command in '/home/abhinandan/ROS2-projects/manipulation/build/arduinobot_controller': CMAKE_PREFIX_PATH=${CMAKE_PREFIX_PATH}:/home/abhinandan/ROS2-projects/manipulation/install/arduinobot_py_examples:/opt/ros/humble /usr/bin/cmake --install /home/abhinandan/ROS2-projects/manipulation/build/arduinobot_controller
[0.195s] -- Install configuration: ""
[0.195s] -- Up-to-date: /home/abhinandan/ROS2-projects/manipulation/install/arduinobot_controller/share/arduinobot_controller/config
[0.195s] -- Up-to-date: /home/abhinandan/ROS2-projects/manipulation/install/arduinobot_controller/share/arduinobot_controller/config/arduinobot_controllers.yaml
[0.195s] -- Up-to-date: /home/abhinandan/ROS2-projects/manipulation/install/arduinobot_controller/share/arduinobot_controller/launch
[0.195s] -- Installing: /home/abhinandan/ROS2-projects/manipulation/install/arduinobot_controller/share/arduinobot_controller/launch/controller.launch.py
[0.195s] -- Up-to-date: /home/abhinandan/ROS2-projects/manipulation/install/arduinobot_controller/share/ament_index/resource_index/package_run_dependencies/arduinobot_controller
[0.195s] -- Up-to-date: /home/abhinandan/ROS2-projects/manipulation/install/arduinobot_controller/share/ament_index/resource_index/parent_prefix_path/arduinobot_controller
[0.195s] -- Up-to-date: /home/abhinandan/ROS2-projects/manipulation/install/arduinobot_controller/share/arduinobot_controller/environment/ament_prefix_path.sh
[0.195s] -- Up-to-date: /home/abhinandan/ROS2-projects/manipulation/install/arduinobot_controller/share/arduinobot_controller/environment/ament_prefix_path.dsv
[0.195s] -- Up-to-date: /home/abhinandan/ROS2-projects/manipulation/install/arduinobot_controller/share/arduinobot_controller/environment/path.sh
[0.195s] -- Up-to-date: /home/abhinandan/ROS2-projects/manipulation/install/arduinobot_controller/share/arduinobot_controller/environment/path.dsv
[0.195s] -- Up-to-date: /home/abhinandan/ROS2-projects/manipulation/install/arduinobot_controller/share/arduinobot_controller/local_setup.bash
[0.195s] -- Up-to-date: /home/abhinandan/ROS2-projects/manipulation/install/arduinobot_controller/share/arduinobot_controller/local_setup.sh
[0.195s] -- Up-to-date: /home/abhinandan/ROS2-projects/manipulation/install/arduinobot_controller/share/arduinobot_controller/local_setup.zsh
[0.195s] -- Up-to-date: /home/abhinandan/ROS2-projects/manipulation/install/arduinobot_controller/share/arduinobot_controller/local_setup.dsv
[0.195s] -- Installing: /home/abhinandan/ROS2-projects/manipulation/install/arduinobot_controller/share/arduinobot_controller/package.dsv
[0.195s] -- Up-to-date: /home/abhinandan/ROS2-projects/manipulation/install/arduinobot_controller/share/ament_index/resource_index/packages/arduinobot_controller
[0.196s] -- Up-to-date: /home/abhinandan/ROS2-projects/manipulation/install/arduinobot_controller/share/arduinobot_controller/cmake/arduinobot_controllerConfig.cmake
[0.196s] -- Up-to-date: /home/abhinandan/ROS2-projects/manipulation/install/arduinobot_controller/share/arduinobot_controller/cmake/arduinobot_controllerConfig-version.cmake
[0.196s] -- Up-to-date: /home/abhinandan/ROS2-projects/manipulation/install/arduinobot_controller/share/arduinobot_controller/package.xml
[0.207s] Invoked command in '/home/abhinandan/ROS2-projects/manipulation/build/arduinobot_controller' returned '0': CMAKE_PREFIX_PATH=${CMAKE_PREFIX_PATH}:/home/abhinandan/ROS2-projects/manipulation/install/arduinobot_py_examples:/opt/ros/humble /usr/bin/cmake --install /home/abhinandan/ROS2-projects/manipulation/build/arduinobot_controller
