[0.068s] Invoking command in '/home/abhinandan/ROS2-projects/manipulation/build/arduinobot_controller': CMAKE_PREFIX_PATH=${CMAKE_PREFIX_PATH}:/home/abhinandan/ROS2-projects/manipulation/install/arduinobot_py_examples:/opt/ros/humble /usr/bin/cmake --build /home/abhinandan/ROS2-projects/manipulation/build/arduinobot_controller -- -j4 -l4
[0.502s] -- Found ament_cmake: 1.3.11 (/opt/ros/humble/share/ament_cmake/cmake)
[0.502s] -- Found ament_lint_auto: 0.12.12 (/opt/ros/humble/share/ament_lint_auto/cmake)
[0.502s] -- Added test 'flake8' to check Python code syntax and style conventions
[0.502s] -- Added test 'lint_cmake' to check CMake code style
[0.502s] -- Added test 'pep257' to check Python code against some of the docstring style conventions in PEP 257
[0.502s] -- Added test 'xmllint' to check XML markup files
[0.502s] -- Configuring done
[0.502s] -- Generating done
[0.502s] -- Build files have been written to: /home/abhinandan/ROS2-projects/manipulation/build/arduinobot_controller
[0.589s] Invoked command in '/home/abhinandan/ROS2-projects/manipulation/build/arduinobot_controller' returned '0': CMAKE_PREFIX_PATH=${CMAKE_PREFIX_PATH}:/home/abhinandan/ROS2-projects/manipulation/install/arduinobot_py_examples:/opt/ros/humble /usr/bin/cmake --build /home/abhinandan/ROS2-projects/manipulation/build/arduinobot_controller -- -j4 -l4
[0.599s] Invoking command in '/home/abhinandan/ROS2-projects/manipulation/build/arduinobot_controller': CMAKE_PREFIX_PATH=${CMAKE_PREFIX_PATH}:/home/abhinandan/ROS2-projects/manipulation/install/arduinobot_py_examples:/opt/ros/humble /usr/bin/cmake --install /home/abhinandan/ROS2-projects/manipulation/build/arduinobot_controller
[0.607s] -- Install configuration: ""
[0.607s] -- Up-to-date: /home/abhinandan/ROS2-projects/manipulation/install/arduinobot_controller/share/arduinobot_controller/config
[0.607s] -- Up-to-date: /home/abhinandan/ROS2-projects/manipulation/install/arduinobot_controller/share/arduinobot_controller/config/arduinobot_controllers.yaml
[0.607s] -- Installing: /home/abhinandan/ROS2-projects/manipulation/install/arduinobot_controller/share/arduinobot_controller/launch
[0.607s] -- Installing: /home/abhinandan/ROS2-projects/manipulation/install/arduinobot_controller/share/arduinobot_controller/launch/controller.launch.py
[0.607s] -- Installing: /home/abhinandan/ROS2-projects/manipulation/install/arduinobot_controller/share/ament_index/resource_index/package_run_dependencies/arduinobot_controller
[0.607s] -- Up-to-date: /home/abhinandan/ROS2-projects/manipulation/install/arduinobot_controller/share/ament_index/resource_index/parent_prefix_path/arduinobot_controller
[0.607s] -- Up-to-date: /home/abhinandan/ROS2-projects/manipulation/install/arduinobot_controller/share/arduinobot_controller/environment/ament_prefix_path.sh
[0.607s] -- Installing: /home/abhinandan/ROS2-projects/manipulation/install/arduinobot_controller/share/arduinobot_controller/environment/ament_prefix_path.dsv
[0.607s] -- Up-to-date: /home/abhinandan/ROS2-projects/manipulation/install/arduinobot_controller/share/arduinobot_controller/environment/path.sh
[0.607s] -- Installing: /home/abhinandan/ROS2-projects/manipulation/install/arduinobot_controller/share/arduinobot_controller/environment/path.dsv
[0.607s] -- Up-to-date: /home/abhinandan/ROS2-projects/manipulation/install/arduinobot_controller/share/arduinobot_controller/local_setup.bash
[0.607s] -- Up-to-date: /home/abhinandan/ROS2-projects/manipulation/install/arduinobot_controller/share/arduinobot_controller/local_setup.sh
[0.607s] -- Up-to-date: /home/abhinandan/ROS2-projects/manipulation/install/arduinobot_controller/share/arduinobot_controller/local_setup.zsh
[0.607s] -- Installing: /home/abhinandan/ROS2-projects/manipulation/install/arduinobot_controller/share/arduinobot_controller/local_setup.dsv
[0.607s] -- Installing: /home/abhinandan/ROS2-projects/manipulation/install/arduinobot_controller/share/arduinobot_controller/package.dsv
[0.607s] -- Up-to-date: /home/abhinandan/ROS2-projects/manipulation/install/arduinobot_controller/share/ament_index/resource_index/packages/arduinobot_controller
[0.607s] -- Up-to-date: /home/abhinandan/ROS2-projects/manipulation/install/arduinobot_controller/share/arduinobot_controller/cmake/arduinobot_controllerConfig.cmake
[0.607s] -- Up-to-date: /home/abhinandan/ROS2-projects/manipulation/install/arduinobot_controller/share/arduinobot_controller/cmake/arduinobot_controllerConfig-version.cmake
[0.607s] -- Installing: /home/abhinandan/ROS2-projects/manipulation/install/arduinobot_controller/share/arduinobot_controller/package.xml
[0.633s] Invoked command in '/home/abhinandan/ROS2-projects/manipulation/build/arduinobot_controller' returned '0': CMAKE_PREFIX_PATH=${CMAKE_PREFIX_PATH}:/home/abhinandan/ROS2-projects/manipulation/install/arduinobot_py_examples:/opt/ros/humble /usr/bin/cmake --install /home/abhinandan/ROS2-projects/manipulation/build/arduinobot_controller
