[0.059s] DEBUG:colcon:Command line arguments: ['/usr/bin/colcon', 'build']
[0.059s] DEBUG:colcon:Parsed command line arguments: Namespace(log_base=None, log_level=None, verb_name='build', build_base='build', install_base='install', merge_install=False, symlink_install=False, test_result_base=None, continue_on_error=False, executor='parallel', parallel_workers=4, event_handlers=None, ignore_user_meta=False, metas=['./colcon.meta'], base_paths=['.'], packages_ignore=None, packages_ignore_regex=None, paths=None, packages_up_to=None, packages_up_to_regex=None, packages_above=None, packages_above_and_dependencies=None, packages_above_depth=None, packages_select_by_dep=None, packages_skip_by_dep=None, packages_skip_up_to=None, packages_select_build_failed=False, packages_skip_build_finished=False, packages_select_test_failures=False, packages_skip_test_passed=False, packages_select=None, packages_skip=None, packages_select_regex=None, packages_skip_regex=None, packages_start=None, packages_end=None, allow_overriding=[], cmake_args=None, cmake_target=None, cmake_target_skip_unavailable=False, cmake_clean_cache=False, cmake_clean_first=False, cmake_force_configure=False, ament_cmake_args=None, catkin_cmake_args=None, catkin_skip_building_tests=False, mixin_files=None, mixin=None, verb_parser=<colcon_mixin.mixin.mixin_argument.MixinArgumentDecorator object at 0xffff9d20ace0>, verb_extension=<colcon_core.verb.build.BuildVerb object at 0xffff9d1c8820>, main=<bound method BuildVerb.main of <colcon_core.verb.build.BuildVerb object at 0xffff9d1c8820>>, mixin_verb=('build',))
[0.150s] Level 1:colcon.colcon_core.package_discovery:discover_packages(colcon_meta) check parameters
[0.150s] Level 1:colcon.colcon_core.package_discovery:discover_packages(recursive) check parameters
[0.150s] Level 1:colcon.colcon_core.package_discovery:discover_packages(ignore) check parameters
[0.150s] Level 1:colcon.colcon_core.package_discovery:discover_packages(path) check parameters
[0.150s] Level 1:colcon.colcon_core.package_discovery:discover_packages(colcon_meta) discover
[0.150s] Level 1:colcon.colcon_core.package_discovery:discover_packages(recursive) discover
[0.150s] INFO:colcon.colcon_core.package_discovery:Crawling recursively for packages in '/home/abhinandan/ROS2-projects/manipulation'
[0.150s] Level 1:colcon.colcon_core.package_identification:_identify(.) by extensions ['ignore', 'ignore_ament_install']
[0.150s] Level 1:colcon.colcon_core.package_identification:_identify(.) by extension 'ignore'
[0.150s] Level 1:colcon.colcon_core.package_identification:_identify(.) by extension 'ignore_ament_install'
[0.150s] Level 1:colcon.colcon_core.package_identification:_identify(.) by extensions ['colcon_pkg']
[0.150s] Level 1:colcon.colcon_core.package_identification:_identify(.) by extension 'colcon_pkg'
[0.150s] Level 1:colcon.colcon_core.package_identification:_identify(.) by extensions ['colcon_meta']
[0.150s] Level 1:colcon.colcon_core.package_identification:_identify(.) by extension 'colcon_meta'
[0.150s] Level 1:colcon.colcon_core.package_identification:_identify(.) by extensions ['ros']
[0.150s] Level 1:colcon.colcon_core.package_identification:_identify(.) by extension 'ros'
[0.157s] Level 1:colcon.colcon_core.package_identification:_identify(.) by extensions ['cmake', 'python']
[0.157s] Level 1:colcon.colcon_core.package_identification:_identify(.) by extension 'cmake'
[0.157s] Level 1:colcon.colcon_core.package_identification:_identify(.) by extension 'python'
[0.157s] Level 1:colcon.colcon_core.package_identification:_identify(.) by extensions ['python_setup_py']
[0.157s] Level 1:colcon.colcon_core.package_identification:_identify(.) by extension 'python_setup_py'
[0.157s] Level 1:colcon.colcon_core.package_identification:_identify(build) by extensions ['ignore', 'ignore_ament_install']
[0.157s] Level 1:colcon.colcon_core.package_identification:_identify(build) by extension 'ignore'
[0.157s] Level 1:colcon.colcon_core.package_identification:_identify(build) ignored
[0.157s] Level 1:colcon.colcon_core.package_identification:_identify(install) by extensions ['ignore', 'ignore_ament_install']
[0.157s] Level 1:colcon.colcon_core.package_identification:_identify(install) by extension 'ignore'
[0.157s] Level 1:colcon.colcon_core.package_identification:_identify(install) ignored
[0.157s] Level 1:colcon.colcon_core.package_identification:_identify(log) by extensions ['ignore', 'ignore_ament_install']
[0.157s] Level 1:colcon.colcon_core.package_identification:_identify(log) by extension 'ignore'
[0.157s] Level 1:colcon.colcon_core.package_identification:_identify(log) ignored
[0.157s] Level 1:colcon.colcon_core.package_identification:_identify(src) by extensions ['ignore', 'ignore_ament_install']
[0.157s] Level 1:colcon.colcon_core.package_identification:_identify(src) by extension 'ignore'
[0.157s] Level 1:colcon.colcon_core.package_identification:_identify(src) by extension 'ignore_ament_install'
[0.157s] Level 1:colcon.colcon_core.package_identification:_identify(src) by extensions ['colcon_pkg']
[0.157s] Level 1:colcon.colcon_core.package_identification:_identify(src) by extension 'colcon_pkg'
[0.157s] Level 1:colcon.colcon_core.package_identification:_identify(src) by extensions ['colcon_meta']
[0.157s] Level 1:colcon.colcon_core.package_identification:_identify(src) by extension 'colcon_meta'
[0.157s] Level 1:colcon.colcon_core.package_identification:_identify(src) by extensions ['ros']
[0.157s] Level 1:colcon.colcon_core.package_identification:_identify(src) by extension 'ros'
[0.157s] Level 1:colcon.colcon_core.package_identification:_identify(src) by extensions ['cmake', 'python']
[0.157s] Level 1:colcon.colcon_core.package_identification:_identify(src) by extension 'cmake'
[0.157s] Level 1:colcon.colcon_core.package_identification:_identify(src) by extension 'python'
[0.157s] Level 1:colcon.colcon_core.package_identification:_identify(src) by extensions ['python_setup_py']
[0.157s] Level 1:colcon.colcon_core.package_identification:_identify(src) by extension 'python_setup_py'
[0.157s] Level 1:colcon.colcon_core.package_identification:_identify(src/arduinobot_cpp_examples) by extensions ['ignore', 'ignore_ament_install']
[0.157s] Level 1:colcon.colcon_core.package_identification:_identify(src/arduinobot_cpp_examples) by extension 'ignore'
[0.158s] Level 1:colcon.colcon_core.package_identification:_identify(src/arduinobot_cpp_examples) by extension 'ignore_ament_install'
[0.158s] Level 1:colcon.colcon_core.package_identification:_identify(src/arduinobot_cpp_examples) by extensions ['colcon_pkg']
[0.158s] Level 1:colcon.colcon_core.package_identification:_identify(src/arduinobot_cpp_examples) by extension 'colcon_pkg'
[0.158s] Level 1:colcon.colcon_core.package_identification:_identify(src/arduinobot_cpp_examples) by extensions ['colcon_meta']
[0.158s] Level 1:colcon.colcon_core.package_identification:_identify(src/arduinobot_cpp_examples) by extension 'colcon_meta'
[0.158s] Level 1:colcon.colcon_core.package_identification:_identify(src/arduinobot_cpp_examples) by extensions ['ros']
[0.158s] Level 1:colcon.colcon_core.package_identification:_identify(src/arduinobot_cpp_examples) by extension 'ros'
[0.159s] DEBUG:colcon.colcon_core.package_identification:Package 'src/arduinobot_cpp_examples' with type 'ros.ament_cmake' and name 'arduinobot_cpp_examples'
[0.159s] Level 1:colcon.colcon_core.package_identification:_identify(src/arduinobot_description) by extensions ['ignore', 'ignore_ament_install']
[0.159s] Level 1:colcon.colcon_core.package_identification:_identify(src/arduinobot_description) by extension 'ignore'
[0.159s] Level 1:colcon.colcon_core.package_identification:_identify(src/arduinobot_description) by extension 'ignore_ament_install'
[0.159s] Level 1:colcon.colcon_core.package_identification:_identify(src/arduinobot_description) by extensions ['colcon_pkg']
[0.159s] Level 1:colcon.colcon_core.package_identification:_identify(src/arduinobot_description) by extension 'colcon_pkg'
[0.159s] Level 1:colcon.colcon_core.package_identification:_identify(src/arduinobot_description) by extensions ['colcon_meta']
[0.159s] Level 1:colcon.colcon_core.package_identification:_identify(src/arduinobot_description) by extension 'colcon_meta'
[0.159s] Level 1:colcon.colcon_core.package_identification:_identify(src/arduinobot_description) by extensions ['ros']
[0.159s] Level 1:colcon.colcon_core.package_identification:_identify(src/arduinobot_description) by extension 'ros'
[0.164s] DEBUG:colcon.colcon_core.package_identification:Package 'src/arduinobot_description' with type 'ros.ament_cmake' and name 'arduinobot_description'
[0.164s] Level 1:colcon.colcon_core.package_identification:_identify(src/arduinobot_py_examples) by extensions ['ignore', 'ignore_ament_install']
[0.164s] Level 1:colcon.colcon_core.package_identification:_identify(src/arduinobot_py_examples) by extension 'ignore'
[0.164s] Level 1:colcon.colcon_core.package_identification:_identify(src/arduinobot_py_examples) by extension 'ignore_ament_install'
[0.164s] Level 1:colcon.colcon_core.package_identification:_identify(src/arduinobot_py_examples) by extensions ['colcon_pkg']
[0.164s] Level 1:colcon.colcon_core.package_identification:_identify(src/arduinobot_py_examples) by extension 'colcon_pkg'
[0.164s] Level 1:colcon.colcon_core.package_identification:_identify(src/arduinobot_py_examples) by extensions ['colcon_meta']
[0.164s] Level 1:colcon.colcon_core.package_identification:_identify(src/arduinobot_py_examples) by extension 'colcon_meta'
[0.164s] Level 1:colcon.colcon_core.package_identification:_identify(src/arduinobot_py_examples) by extensions ['ros']
[0.164s] Level 1:colcon.colcon_core.package_identification:_identify(src/arduinobot_py_examples) by extension 'ros'
[0.164s] DEBUG:colcon.colcon_core.package_identification:Package 'src/arduinobot_py_examples' with type 'ros.ament_python' and name 'arduinobot_py_examples'
[0.164s] Level 1:colcon.colcon_core.package_discovery:discover_packages(recursive) using defaults
[0.164s] Level 1:colcon.colcon_core.package_discovery:discover_packages(ignore) discover
[0.164s] Level 1:colcon.colcon_core.package_discovery:discover_packages(ignore) using defaults
[0.164s] Level 1:colcon.colcon_core.package_discovery:discover_packages(path) discover
[0.164s] Level 1:colcon.colcon_core.package_discovery:discover_packages(path) using defaults
[0.175s] Level 1:colcon.colcon_core.package_discovery:discover_packages(prefix_path) check parameters
[0.175s] Level 1:colcon.colcon_core.package_discovery:discover_packages(prefix_path) discover
[0.175s] DEBUG:colcon.colcon_installed_package_information.package_discovery:Found 3 installed packages in /home/abhinandan/ROS2-projects/manipulation/install
[0.176s] DEBUG:colcon.colcon_installed_package_information.package_discovery:Found 412 installed packages in /opt/ros/humble
[0.177s] Level 1:colcon.colcon_core.package_discovery:discover_packages(prefix_path) using defaults
[0.204s] Level 5:colcon.colcon_core.verb:set package 'arduinobot_cpp_examples' build argument 'cmake_args' from command line to 'None'
[0.204s] Level 5:colcon.colcon_core.verb:set package 'arduinobot_cpp_examples' build argument 'cmake_target' from command line to 'None'
[0.204s] Level 5:colcon.colcon_core.verb:set package 'arduinobot_cpp_examples' build argument 'cmake_target_skip_unavailable' from command line to 'False'
[0.204s] Level 5:colcon.colcon_core.verb:set package 'arduinobot_cpp_examples' build argument 'cmake_clean_cache' from command line to 'False'
[0.204s] Level 5:colcon.colcon_core.verb:set package 'arduinobot_cpp_examples' build argument 'cmake_clean_first' from command line to 'False'
[0.204s] Level 5:colcon.colcon_core.verb:set package 'arduinobot_cpp_examples' build argument 'cmake_force_configure' from command line to 'False'
[0.204s] Level 5:colcon.colcon_core.verb:set package 'arduinobot_cpp_examples' build argument 'ament_cmake_args' from command line to 'None'
[0.204s] Level 5:colcon.colcon_core.verb:set package 'arduinobot_cpp_examples' build argument 'catkin_cmake_args' from command line to 'None'
[0.204s] Level 5:colcon.colcon_core.verb:set package 'arduinobot_cpp_examples' build argument 'catkin_skip_building_tests' from command line to 'False'
[0.204s] DEBUG:colcon.colcon_core.verb:Building package 'arduinobot_cpp_examples' with the following arguments: {'ament_cmake_args': None, 'build_base': '/home/abhinandan/ROS2-projects/manipulation/build/arduinobot_cpp_examples', 'catkin_cmake_args': None, 'catkin_skip_building_tests': False, 'cmake_args': None, 'cmake_clean_cache': False, 'cmake_clean_first': False, 'cmake_force_configure': False, 'cmake_target': None, 'cmake_target_skip_unavailable': False, 'install_base': '/home/abhinandan/ROS2-projects/manipulation/install/arduinobot_cpp_examples', 'merge_install': False, 'path': '/home/abhinandan/ROS2-projects/manipulation/src/arduinobot_cpp_examples', 'symlink_install': False, 'test_result_base': None}
[0.204s] Level 5:colcon.colcon_core.verb:set package 'arduinobot_description' build argument 'cmake_args' from command line to 'None'
[0.204s] Level 5:colcon.colcon_core.verb:set package 'arduinobot_description' build argument 'cmake_target' from command line to 'None'
[0.204s] Level 5:colcon.colcon_core.verb:set package 'arduinobot_description' build argument 'cmake_target_skip_unavailable' from command line to 'False'
[0.204s] Level 5:colcon.colcon_core.verb:set package 'arduinobot_description' build argument 'cmake_clean_cache' from command line to 'False'
[0.204s] Level 5:colcon.colcon_core.verb:set package 'arduinobot_description' build argument 'cmake_clean_first' from command line to 'False'
[0.204s] Level 5:colcon.colcon_core.verb:set package 'arduinobot_description' build argument 'cmake_force_configure' from command line to 'False'
[0.204s] Level 5:colcon.colcon_core.verb:set package 'arduinobot_description' build argument 'ament_cmake_args' from command line to 'None'
[0.204s] Level 5:colcon.colcon_core.verb:set package 'arduinobot_description' build argument 'catkin_cmake_args' from command line to 'None'
[0.204s] Level 5:colcon.colcon_core.verb:set package 'arduinobot_description' build argument 'catkin_skip_building_tests' from command line to 'False'
[0.204s] DEBUG:colcon.colcon_core.verb:Building package 'arduinobot_description' with the following arguments: {'ament_cmake_args': None, 'build_base': '/home/abhinandan/ROS2-projects/manipulation/build/arduinobot_description', 'catkin_cmake_args': None, 'catkin_skip_building_tests': False, 'cmake_args': None, 'cmake_clean_cache': False, 'cmake_clean_first': False, 'cmake_force_configure': False, 'cmake_target': None, 'cmake_target_skip_unavailable': False, 'install_base': '/home/abhinandan/ROS2-projects/manipulation/install/arduinobot_description', 'merge_install': False, 'path': '/home/abhinandan/ROS2-projects/manipulation/src/arduinobot_description', 'symlink_install': False, 'test_result_base': None}
[0.204s] Level 5:colcon.colcon_core.verb:set package 'arduinobot_py_examples' build argument 'cmake_args' from command line to 'None'
[0.204s] Level 5:colcon.colcon_core.verb:set package 'arduinobot_py_examples' build argument 'cmake_target' from command line to 'None'
[0.204s] Level 5:colcon.colcon_core.verb:set package 'arduinobot_py_examples' build argument 'cmake_target_skip_unavailable' from command line to 'False'
[0.204s] Level 5:colcon.colcon_core.verb:set package 'arduinobot_py_examples' build argument 'cmake_clean_cache' from command line to 'False'
[0.204s] Level 5:colcon.colcon_core.verb:set package 'arduinobot_py_examples' build argument 'cmake_clean_first' from command line to 'False'
[0.204s] Level 5:colcon.colcon_core.verb:set package 'arduinobot_py_examples' build argument 'cmake_force_configure' from command line to 'False'
[0.204s] Level 5:colcon.colcon_core.verb:set package 'arduinobot_py_examples' build argument 'ament_cmake_args' from command line to 'None'
[0.204s] Level 5:colcon.colcon_core.verb:set package 'arduinobot_py_examples' build argument 'catkin_cmake_args' from command line to 'None'
[0.204s] Level 5:colcon.colcon_core.verb:set package 'arduinobot_py_examples' build argument 'catkin_skip_building_tests' from command line to 'False'
[0.204s] DEBUG:colcon.colcon_core.verb:Building package 'arduinobot_py_examples' with the following arguments: {'ament_cmake_args': None, 'build_base': '/home/abhinandan/ROS2-projects/manipulation/build/arduinobot_py_examples', 'catkin_cmake_args': None, 'catkin_skip_building_tests': False, 'cmake_args': None, 'cmake_clean_cache': False, 'cmake_clean_first': False, 'cmake_force_configure': False, 'cmake_target': None, 'cmake_target_skip_unavailable': False, 'install_base': '/home/abhinandan/ROS2-projects/manipulation/install/arduinobot_py_examples', 'merge_install': False, 'path': '/home/abhinandan/ROS2-projects/manipulation/src/arduinobot_py_examples', 'symlink_install': False, 'test_result_base': None}
[0.205s] INFO:colcon.colcon_core.executor:Executing jobs using 'parallel' executor
[0.205s] DEBUG:colcon.colcon_parallel_executor.executor.parallel:run_until_complete
[0.205s] INFO:colcon.colcon_ros.task.ament_cmake.build:Building ROS package in '/home/abhinandan/ROS2-projects/manipulation/src/arduinobot_cpp_examples' with build type 'ament_cmake'
[0.205s] INFO:colcon.colcon_cmake.task.cmake.build:Building CMake package in '/home/abhinandan/ROS2-projects/manipulation/src/arduinobot_cpp_examples'
[0.206s] INFO:colcon.colcon_core.plugin_system:Skipping extension 'colcon_core.shell.bat': Not used on non-Windows systems
[0.206s] INFO:colcon.colcon_core.shell:Skip shell extension 'powershell' for command environment: Not usable outside of PowerShell
[0.207s] DEBUG:colcon.colcon_core.shell:Skip shell extension 'dsv' for command environment
[0.208s] INFO:colcon.colcon_ros.task.ament_cmake.build:Building ROS package in '/home/abhinandan/ROS2-projects/manipulation/src/arduinobot_description' with build type 'ament_cmake'
[0.208s] INFO:colcon.colcon_cmake.task.cmake.build:Building CMake package in '/home/abhinandan/ROS2-projects/manipulation/src/arduinobot_description'
[0.209s] INFO:colcon.colcon_core.shell:Skip shell extension 'powershell' for command environment: Not usable outside of PowerShell
[0.209s] DEBUG:colcon.colcon_core.shell:Skip shell extension 'dsv' for command environment
[0.210s] INFO:colcon.colcon_ros.task.ament_python.build:Building ROS package in '/home/abhinandan/ROS2-projects/manipulation/src/arduinobot_py_examples' with build type 'ament_python'
[0.211s] Level 1:colcon.colcon_core.shell:create_environment_hook('arduinobot_py_examples', 'ament_prefix_path')
[0.211s] INFO:colcon.colcon_core.shell:Creating environment hook '/home/abhinandan/ROS2-projects/manipulation/install/arduinobot_py_examples/share/arduinobot_py_examples/hook/ament_prefix_path.ps1'
[0.211s] INFO:colcon.colcon_core.shell:Creating environment descriptor '/home/abhinandan/ROS2-projects/manipulation/install/arduinobot_py_examples/share/arduinobot_py_examples/hook/ament_prefix_path.dsv'
[0.211s] INFO:colcon.colcon_core.shell:Creating environment hook '/home/abhinandan/ROS2-projects/manipulation/install/arduinobot_py_examples/share/arduinobot_py_examples/hook/ament_prefix_path.sh'
[0.212s] INFO:colcon.colcon_core.shell:Skip shell extension 'powershell' for command environment: Not usable outside of PowerShell
[0.212s] DEBUG:colcon.colcon_core.shell:Skip shell extension 'dsv' for command environment
[0.216s] DEBUG:colcon.colcon_core.event_handler.log_command:Invoking command in '/home/abhinandan/ROS2-projects/manipulation/build/arduinobot_cpp_examples': CMAKE_PREFIX_PATH=${CMAKE_PREFIX_PATH}:/home/abhinandan/ROS2-projects/manipulation/install/arduinobot_py_examples:/opt/ros/humble /usr/bin/cmake --build /home/abhinandan/ROS2-projects/manipulation/build/arduinobot_cpp_examples -- -j4 -l4
[0.350s] INFO:colcon.colcon_core.task.python.build:Building Python package in '/home/abhinandan/ROS2-projects/manipulation/src/arduinobot_py_examples'
[0.350s] INFO:colcon.colcon_core.shell:Skip shell extension 'powershell' for command environment: Not usable outside of PowerShell
[0.351s] DEBUG:colcon.colcon_core.shell:Skip shell extension 'dsv' for command environment
[0.354s] DEBUG:colcon.colcon_core.event_handler.log_command:Invoking command in '/home/abhinandan/ROS2-projects/manipulation/build/arduinobot_description': CMAKE_PREFIX_PATH=${CMAKE_PREFIX_PATH}:/home/abhinandan/ROS2-projects/manipulation/install/arduinobot_py_examples:/opt/ros/humble /usr/bin/cmake --build /home/abhinandan/ROS2-projects/manipulation/build/arduinobot_description -- -j4 -l4
[0.355s] DEBUG:colcon.colcon_core.event_handler.log_command:Invoked command in '/home/abhinandan/ROS2-projects/manipulation/build/arduinobot_cpp_examples' returned '0': CMAKE_PREFIX_PATH=${CMAKE_PREFIX_PATH}:/home/abhinandan/ROS2-projects/manipulation/install/arduinobot_py_examples:/opt/ros/humble /usr/bin/cmake --build /home/abhinandan/ROS2-projects/manipulation/build/arduinobot_cpp_examples -- -j4 -l4
[0.364s] DEBUG:colcon.colcon_core.event_handler.log_command:Invoking command in '/home/abhinandan/ROS2-projects/manipulation/build/arduinobot_cpp_examples': CMAKE_PREFIX_PATH=${CMAKE_PREFIX_PATH}:/home/abhinandan/ROS2-projects/manipulation/install/arduinobot_py_examples:/opt/ros/humble /usr/bin/cmake --install /home/abhinandan/ROS2-projects/manipulation/build/arduinobot_cpp_examples
[0.387s] Level 1:colcon.colcon_core.environment:create_environment_scripts_only(arduinobot_cpp_examples)
[0.388s] Level 1:colcon.colcon_core.environment:checking '/home/abhinandan/ROS2-projects/manipulation/install/arduinobot_cpp_examples' for CMake module files
[0.389s] Level 1:colcon.colcon_core.environment:checking '/home/abhinandan/ROS2-projects/manipulation/install/arduinobot_cpp_examples' for CMake config files
[0.389s] Level 1:colcon.colcon_core.shell:create_environment_hook('arduinobot_cpp_examples', 'cmake_prefix_path')
[0.389s] INFO:colcon.colcon_core.shell:Creating environment hook '/home/abhinandan/ROS2-projects/manipulation/install/arduinobot_cpp_examples/share/arduinobot_cpp_examples/hook/cmake_prefix_path.ps1'
[0.389s] DEBUG:colcon.colcon_core.event_handler.log_command:Invoked command in '/home/abhinandan/ROS2-projects/manipulation/build/arduinobot_cpp_examples' returned '0': CMAKE_PREFIX_PATH=${CMAKE_PREFIX_PATH}:/home/abhinandan/ROS2-projects/manipulation/install/arduinobot_py_examples:/opt/ros/humble /usr/bin/cmake --install /home/abhinandan/ROS2-projects/manipulation/build/arduinobot_cpp_examples
[0.389s] INFO:colcon.colcon_core.shell:Creating environment descriptor '/home/abhinandan/ROS2-projects/manipulation/install/arduinobot_cpp_examples/share/arduinobot_cpp_examples/hook/cmake_prefix_path.dsv'
[0.390s] INFO:colcon.colcon_core.shell:Creating environment hook '/home/abhinandan/ROS2-projects/manipulation/install/arduinobot_cpp_examples/share/arduinobot_cpp_examples/hook/cmake_prefix_path.sh'
[0.390s] Level 1:colcon.colcon_core.environment:checking '/home/abhinandan/ROS2-projects/manipulation/install/arduinobot_cpp_examples/bin'
[0.390s] Level 1:colcon.colcon_core.environment:checking '/home/abhinandan/ROS2-projects/manipulation/install/arduinobot_cpp_examples/lib/pkgconfig/arduinobot_cpp_examples.pc'
[0.390s] Level 1:colcon.colcon_core.environment:checking '/home/abhinandan/ROS2-projects/manipulation/install/arduinobot_cpp_examples/lib/python3.10/site-packages'
[0.390s] Level 1:colcon.colcon_core.environment:checking '/home/abhinandan/ROS2-projects/manipulation/install/arduinobot_cpp_examples/bin'
[0.391s] INFO:colcon.colcon_core.shell:Creating package script '/home/abhinandan/ROS2-projects/manipulation/install/arduinobot_cpp_examples/share/arduinobot_cpp_examples/package.ps1'
[0.391s] INFO:colcon.colcon_core.shell:Creating package descriptor '/home/abhinandan/ROS2-projects/manipulation/install/arduinobot_cpp_examples/share/arduinobot_cpp_examples/package.dsv'
[0.391s] INFO:colcon.colcon_core.shell:Creating package script '/home/abhinandan/ROS2-projects/manipulation/install/arduinobot_cpp_examples/share/arduinobot_cpp_examples/package.sh'
[0.391s] INFO:colcon.colcon_core.shell:Creating package script '/home/abhinandan/ROS2-projects/manipulation/install/arduinobot_cpp_examples/share/arduinobot_cpp_examples/package.bash'
[0.392s] INFO:colcon.colcon_core.shell:Creating package script '/home/abhinandan/ROS2-projects/manipulation/install/arduinobot_cpp_examples/share/arduinobot_cpp_examples/package.zsh'
[0.392s] Level 1:colcon.colcon_core.environment:create_file_with_runtime_dependencies(/home/abhinandan/ROS2-projects/manipulation/install/arduinobot_cpp_examples/share/colcon-core/packages/arduinobot_cpp_examples)
[0.392s] Level 1:colcon.colcon_core.environment:create_environment_scripts_only(arduinobot_cpp_examples)
[0.392s] Level 1:colcon.colcon_core.environment:checking '/home/abhinandan/ROS2-projects/manipulation/install/arduinobot_cpp_examples' for CMake module files
[0.393s] Level 1:colcon.colcon_core.environment:checking '/home/abhinandan/ROS2-projects/manipulation/install/arduinobot_cpp_examples' for CMake config files
[0.393s] Level 1:colcon.colcon_core.shell:create_environment_hook('arduinobot_cpp_examples', 'cmake_prefix_path')
[0.393s] INFO:colcon.colcon_core.shell:Creating environment hook '/home/abhinandan/ROS2-projects/manipulation/install/arduinobot_cpp_examples/share/arduinobot_cpp_examples/hook/cmake_prefix_path.ps1'
[0.393s] INFO:colcon.colcon_core.shell:Creating environment descriptor '/home/abhinandan/ROS2-projects/manipulation/install/arduinobot_cpp_examples/share/arduinobot_cpp_examples/hook/cmake_prefix_path.dsv'
[0.393s] INFO:colcon.colcon_core.shell:Creating environment hook '/home/abhinandan/ROS2-projects/manipulation/install/arduinobot_cpp_examples/share/arduinobot_cpp_examples/hook/cmake_prefix_path.sh'
[0.393s] Level 1:colcon.colcon_core.environment:checking '/home/abhinandan/ROS2-projects/manipulation/install/arduinobot_cpp_examples/bin'
[0.393s] Level 1:colcon.colcon_core.environment:checking '/home/abhinandan/ROS2-projects/manipulation/install/arduinobot_cpp_examples/lib/pkgconfig/arduinobot_cpp_examples.pc'
[0.393s] Level 1:colcon.colcon_core.environment:checking '/home/abhinandan/ROS2-projects/manipulation/install/arduinobot_cpp_examples/lib/python3.10/site-packages'
[0.394s] Level 1:colcon.colcon_core.environment:checking '/home/abhinandan/ROS2-projects/manipulation/install/arduinobot_cpp_examples/bin'
[0.394s] INFO:colcon.colcon_core.shell:Creating package script '/home/abhinandan/ROS2-projects/manipulation/install/arduinobot_cpp_examples/share/arduinobot_cpp_examples/package.ps1'
[0.394s] INFO:colcon.colcon_core.shell:Creating package descriptor '/home/abhinandan/ROS2-projects/manipulation/install/arduinobot_cpp_examples/share/arduinobot_cpp_examples/package.dsv'
[0.394s] INFO:colcon.colcon_core.shell:Creating package script '/home/abhinandan/ROS2-projects/manipulation/install/arduinobot_cpp_examples/share/arduinobot_cpp_examples/package.sh'
[0.394s] INFO:colcon.colcon_core.shell:Creating package script '/home/abhinandan/ROS2-projects/manipulation/install/arduinobot_cpp_examples/share/arduinobot_cpp_examples/package.bash'
[0.394s] INFO:colcon.colcon_core.shell:Creating package script '/home/abhinandan/ROS2-projects/manipulation/install/arduinobot_cpp_examples/share/arduinobot_cpp_examples/package.zsh'
[0.394s] Level 1:colcon.colcon_core.environment:create_file_with_runtime_dependencies(/home/abhinandan/ROS2-projects/manipulation/install/arduinobot_cpp_examples/share/colcon-core/packages/arduinobot_cpp_examples)
[0.429s] DEBUG:colcon.colcon_core.event_handler.log_command:Invoked command in '/home/abhinandan/ROS2-projects/manipulation/build/arduinobot_description' returned '0': CMAKE_PREFIX_PATH=${CMAKE_PREFIX_PATH}:/home/abhinandan/ROS2-projects/manipulation/install/arduinobot_py_examples:/opt/ros/humble /usr/bin/cmake --build /home/abhinandan/ROS2-projects/manipulation/build/arduinobot_description -- -j4 -l4
[0.430s] DEBUG:colcon.colcon_core.event_handler.log_command:Invoking command in '/home/abhinandan/ROS2-projects/manipulation/build/arduinobot_description': CMAKE_PREFIX_PATH=${CMAKE_PREFIX_PATH}:/home/abhinandan/ROS2-projects/manipulation/install/arduinobot_py_examples:/opt/ros/humble /usr/bin/cmake --install /home/abhinandan/ROS2-projects/manipulation/build/arduinobot_description
[0.437s] Level 1:colcon.colcon_core.environment:create_environment_scripts_only(arduinobot_description)
[0.437s] Level 1:colcon.colcon_core.environment:checking '/home/abhinandan/ROS2-projects/manipulation/install/arduinobot_description' for CMake module files
[0.437s] Level 1:colcon.colcon_core.environment:checking '/home/abhinandan/ROS2-projects/manipulation/install/arduinobot_description' for CMake config files
[0.437s] Level 1:colcon.colcon_core.shell:create_environment_hook('arduinobot_description', 'cmake_prefix_path')
[0.437s] INFO:colcon.colcon_core.shell:Creating environment hook '/home/abhinandan/ROS2-projects/manipulation/install/arduinobot_description/share/arduinobot_description/hook/cmake_prefix_path.ps1'
[0.438s] INFO:colcon.colcon_core.shell:Creating environment descriptor '/home/abhinandan/ROS2-projects/manipulation/install/arduinobot_description/share/arduinobot_description/hook/cmake_prefix_path.dsv'
[0.438s] INFO:colcon.colcon_core.shell:Creating environment hook '/home/abhinandan/ROS2-projects/manipulation/install/arduinobot_description/share/arduinobot_description/hook/cmake_prefix_path.sh'
[0.438s] Level 1:colcon.colcon_core.environment:checking '/home/abhinandan/ROS2-projects/manipulation/install/arduinobot_description/bin'
[0.438s] Level 1:colcon.colcon_core.environment:checking '/home/abhinandan/ROS2-projects/manipulation/install/arduinobot_description/lib/pkgconfig/arduinobot_description.pc'
[0.438s] Level 1:colcon.colcon_core.environment:checking '/home/abhinandan/ROS2-projects/manipulation/install/arduinobot_description/lib/python3.10/site-packages'
[0.438s] Level 1:colcon.colcon_core.environment:checking '/home/abhinandan/ROS2-projects/manipulation/install/arduinobot_description/bin'
[0.438s] INFO:colcon.colcon_core.shell:Creating package script '/home/abhinandan/ROS2-projects/manipulation/install/arduinobot_description/share/arduinobot_description/package.ps1'
[0.438s] INFO:colcon.colcon_core.shell:Creating package descriptor '/home/abhinandan/ROS2-projects/manipulation/install/arduinobot_description/share/arduinobot_description/package.dsv'
[0.439s] INFO:colcon.colcon_core.shell:Creating package script '/home/abhinandan/ROS2-projects/manipulation/install/arduinobot_description/share/arduinobot_description/package.sh'
[0.439s] INFO:colcon.colcon_core.shell:Creating package script '/home/abhinandan/ROS2-projects/manipulation/install/arduinobot_description/share/arduinobot_description/package.bash'
[0.439s] INFO:colcon.colcon_core.shell:Creating package script '/home/abhinandan/ROS2-projects/manipulation/install/arduinobot_description/share/arduinobot_description/package.zsh'
[0.439s] Level 1:colcon.colcon_core.environment:create_file_with_runtime_dependencies(/home/abhinandan/ROS2-projects/manipulation/install/arduinobot_description/share/colcon-core/packages/arduinobot_description)
[0.439s] Level 1:colcon.colcon_core.environment:create_environment_scripts_only(arduinobot_description)
[0.439s] Level 1:colcon.colcon_core.environment:checking '/home/abhinandan/ROS2-projects/manipulation/install/arduinobot_description' for CMake module files
[0.439s] Level 1:colcon.colcon_core.environment:checking '/home/abhinandan/ROS2-projects/manipulation/install/arduinobot_description' for CMake config files
[0.439s] Level 1:colcon.colcon_core.shell:create_environment_hook('arduinobot_description', 'cmake_prefix_path')
[0.440s] INFO:colcon.colcon_core.shell:Creating environment hook '/home/abhinandan/ROS2-projects/manipulation/install/arduinobot_description/share/arduinobot_description/hook/cmake_prefix_path.ps1'
[0.440s] INFO:colcon.colcon_core.shell:Creating environment descriptor '/home/abhinandan/ROS2-projects/manipulation/install/arduinobot_description/share/arduinobot_description/hook/cmake_prefix_path.dsv'
[0.440s] INFO:colcon.colcon_core.shell:Creating environment hook '/home/abhinandan/ROS2-projects/manipulation/install/arduinobot_description/share/arduinobot_description/hook/cmake_prefix_path.sh'
[0.440s] Level 1:colcon.colcon_core.environment:checking '/home/abhinandan/ROS2-projects/manipulation/install/arduinobot_description/bin'
[0.440s] Level 1:colcon.colcon_core.environment:checking '/home/abhinandan/ROS2-projects/manipulation/install/arduinobot_description/lib/pkgconfig/arduinobot_description.pc'
[0.440s] Level 1:colcon.colcon_core.environment:checking '/home/abhinandan/ROS2-projects/manipulation/install/arduinobot_description/lib/python3.10/site-packages'
[0.440s] Level 1:colcon.colcon_core.environment:checking '/home/abhinandan/ROS2-projects/manipulation/install/arduinobot_description/bin'
[0.440s] INFO:colcon.colcon_core.shell:Creating package script '/home/abhinandan/ROS2-projects/manipulation/install/arduinobot_description/share/arduinobot_description/package.ps1'
[0.441s] INFO:colcon.colcon_core.shell:Creating package descriptor '/home/abhinandan/ROS2-projects/manipulation/install/arduinobot_description/share/arduinobot_description/package.dsv'
[0.441s] INFO:colcon.colcon_core.shell:Creating package script '/home/abhinandan/ROS2-projects/manipulation/install/arduinobot_description/share/arduinobot_description/package.sh'
[0.441s] INFO:colcon.colcon_core.shell:Creating package script '/home/abhinandan/ROS2-projects/manipulation/install/arduinobot_description/share/arduinobot_description/package.bash'
[0.441s] INFO:colcon.colcon_core.shell:Creating package script '/home/abhinandan/ROS2-projects/manipulation/install/arduinobot_description/share/arduinobot_description/package.zsh'
[0.441s] Level 1:colcon.colcon_core.environment:create_file_with_runtime_dependencies(/home/abhinandan/ROS2-projects/manipulation/install/arduinobot_description/share/colcon-core/packages/arduinobot_description)
[0.441s] DEBUG:colcon.colcon_core.event_handler.log_command:Invoked command in '/home/abhinandan/ROS2-projects/manipulation/build/arduinobot_description' returned '0': CMAKE_PREFIX_PATH=${CMAKE_PREFIX_PATH}:/home/abhinandan/ROS2-projects/manipulation/install/arduinobot_py_examples:/opt/ros/humble /usr/bin/cmake --install /home/abhinandan/ROS2-projects/manipulation/build/arduinobot_description
[0.557s] DEBUG:colcon.colcon_core.event_handler.log_command:Invoking command in '/home/abhinandan/ROS2-projects/manipulation/src/arduinobot_py_examples': PYTHONPATH=/home/abhinandan/ROS2-projects/manipulation/build/arduinobot_py_examples/prefix_override:/usr/lib/python3/dist-packages/colcon_core/task/python/colcon_distutils_commands:/home/abhinandan/ROS2-projects/manipulation/install/arduinobot_py_examples/lib/python3.10/site-packages:${PYTHONPATH} /usr/bin/python3 -W ignore:setup.py install is deprecated -W ignore:easy_install command is deprecated setup.py egg_info --egg-base ../../build/arduinobot_py_examples build --build-base /home/abhinandan/ROS2-projects/manipulation/build/arduinobot_py_examples/build install --record /home/abhinandan/ROS2-projects/manipulation/build/arduinobot_py_examples/install.log --single-version-externally-managed install_data
[0.711s] Level 1:colcon.colcon_core.environment:checking '/home/abhinandan/ROS2-projects/manipulation/install/arduinobot_py_examples' for CMake module files
[0.711s] Level 1:colcon.colcon_core.environment:checking '/home/abhinandan/ROS2-projects/manipulation/install/arduinobot_py_examples' for CMake config files
[0.712s] Level 1:colcon.colcon_core.environment:checking '/home/abhinandan/ROS2-projects/manipulation/install/arduinobot_py_examples/lib'
[0.712s] Level 1:colcon.colcon_core.environment:checking '/home/abhinandan/ROS2-projects/manipulation/install/arduinobot_py_examples/bin'
[0.712s] Level 1:colcon.colcon_core.environment:checking '/home/abhinandan/ROS2-projects/manipulation/install/arduinobot_py_examples/lib/pkgconfig/arduinobot_py_examples.pc'
[0.712s] Level 1:colcon.colcon_core.environment:checking '/home/abhinandan/ROS2-projects/manipulation/install/arduinobot_py_examples/lib/python3.10/site-packages'
[0.712s] Level 1:colcon.colcon_core.shell:create_environment_hook('arduinobot_py_examples', 'pythonpath')
[0.712s] INFO:colcon.colcon_core.shell:Creating environment hook '/home/abhinandan/ROS2-projects/manipulation/install/arduinobot_py_examples/share/arduinobot_py_examples/hook/pythonpath.ps1'
[0.712s] INFO:colcon.colcon_core.shell:Creating environment descriptor '/home/abhinandan/ROS2-projects/manipulation/install/arduinobot_py_examples/share/arduinobot_py_examples/hook/pythonpath.dsv'
[0.713s] INFO:colcon.colcon_core.shell:Creating environment hook '/home/abhinandan/ROS2-projects/manipulation/install/arduinobot_py_examples/share/arduinobot_py_examples/hook/pythonpath.sh'
[0.713s] Level 1:colcon.colcon_core.environment:checking '/home/abhinandan/ROS2-projects/manipulation/install/arduinobot_py_examples/bin'
[0.713s] Level 1:colcon.colcon_core.environment:create_environment_scripts_only(arduinobot_py_examples)
[0.713s] INFO:colcon.colcon_core.shell:Creating package script '/home/abhinandan/ROS2-projects/manipulation/install/arduinobot_py_examples/share/arduinobot_py_examples/package.ps1'
[0.713s] INFO:colcon.colcon_core.shell:Creating package descriptor '/home/abhinandan/ROS2-projects/manipulation/install/arduinobot_py_examples/share/arduinobot_py_examples/package.dsv'
[0.713s] INFO:colcon.colcon_core.shell:Creating package script '/home/abhinandan/ROS2-projects/manipulation/install/arduinobot_py_examples/share/arduinobot_py_examples/package.sh'
[0.713s] INFO:colcon.colcon_core.shell:Creating package script '/home/abhinandan/ROS2-projects/manipulation/install/arduinobot_py_examples/share/arduinobot_py_examples/package.bash'
[0.714s] INFO:colcon.colcon_core.shell:Creating package script '/home/abhinandan/ROS2-projects/manipulation/install/arduinobot_py_examples/share/arduinobot_py_examples/package.zsh'
[0.714s] Level 1:colcon.colcon_core.environment:create_file_with_runtime_dependencies(/home/abhinandan/ROS2-projects/manipulation/install/arduinobot_py_examples/share/colcon-core/packages/arduinobot_py_examples)
[0.714s] DEBUG:colcon.colcon_parallel_executor.executor.parallel:closing loop
[0.714s] DEBUG:colcon.colcon_core.event_handler.log_command:Invoked command in '/home/abhinandan/ROS2-projects/manipulation/src/arduinobot_py_examples' returned '0': PYTHONPATH=/home/abhinandan/ROS2-projects/manipulation/build/arduinobot_py_examples/prefix_override:/usr/lib/python3/dist-packages/colcon_core/task/python/colcon_distutils_commands:/home/abhinandan/ROS2-projects/manipulation/install/arduinobot_py_examples/lib/python3.10/site-packages:${PYTHONPATH} /usr/bin/python3 -W ignore:setup.py install is deprecated -W ignore:easy_install command is deprecated setup.py egg_info --egg-base ../../build/arduinobot_py_examples build --build-base /home/abhinandan/ROS2-projects/manipulation/build/arduinobot_py_examples/build install --record /home/abhinandan/ROS2-projects/manipulation/build/arduinobot_py_examples/install.log --single-version-externally-managed install_data
[0.714s] DEBUG:colcon.colcon_parallel_executor.executor.parallel:loop closed
[0.714s] DEBUG:colcon.colcon_parallel_executor.executor.parallel:run_until_complete finished with '0'
[0.714s] DEBUG:colcon.colcon_core.event_reactor:joining thread
[0.717s] INFO:colcon.colcon_core.plugin_system:Skipping extension 'colcon_notification.desktop_notification.terminal_notifier': Not used on non-Darwin systems
[0.717s] INFO:colcon.colcon_core.plugin_system:Skipping extension 'colcon_notification.desktop_notification.win32': Not used on non-Windows systems
[0.717s] INFO:colcon.colcon_notification.desktop_notification:Sending desktop notification using 'notify2'
[0.746s] DEBUG:colcon.colcon_core.event_reactor:joined thread
[0.746s] INFO:colcon.colcon_core.shell:Creating prefix script '/home/abhinandan/ROS2-projects/manipulation/install/local_setup.ps1'
[0.747s] INFO:colcon.colcon_core.shell:Creating prefix util module '/home/abhinandan/ROS2-projects/manipulation/install/_local_setup_util_ps1.py'
[0.748s] INFO:colcon.colcon_core.shell:Creating prefix chain script '/home/abhinandan/ROS2-projects/manipulation/install/setup.ps1'
[0.748s] INFO:colcon.colcon_core.shell:Creating prefix script '/home/abhinandan/ROS2-projects/manipulation/install/local_setup.sh'
[0.748s] INFO:colcon.colcon_core.shell:Creating prefix util module '/home/abhinandan/ROS2-projects/manipulation/install/_local_setup_util_sh.py'
[0.749s] INFO:colcon.colcon_core.shell:Creating prefix chain script '/home/abhinandan/ROS2-projects/manipulation/install/setup.sh'
[0.749s] INFO:colcon.colcon_core.shell:Creating prefix script '/home/abhinandan/ROS2-projects/manipulation/install/local_setup.bash'
[0.749s] INFO:colcon.colcon_core.shell:Creating prefix chain script '/home/abhinandan/ROS2-projects/manipulation/install/setup.bash'
[0.750s] INFO:colcon.colcon_core.shell:Creating prefix script '/home/abhinandan/ROS2-projects/manipulation/install/local_setup.zsh'
[0.750s] INFO:colcon.colcon_core.shell:Creating prefix chain script '/home/abhinandan/ROS2-projects/manipulation/install/setup.zsh'
