[0.031s] Invoking command in '/home/abhinandan/ROS2-projects/manipulation/build/arduinobot_description': CMAKE_PREFIX_PATH=${CMAKE_PREFIX_PATH}:/home/abhinandan/ROS2-projects/manipulation/install/arduinobot_py_examples:/opt/ros/humble /usr/bin/cmake --build /home/abhinandan/ROS2-projects/manipulation/build/arduinobot_description -- -j4 -l4
[0.095s] -- Found ament_cmake: 1.3.11 (/opt/ros/humble/share/ament_cmake/cmake)
[0.226s] -- Found ament_lint_auto: 0.12.12 (/opt/ros/humble/share/ament_lint_auto/cmake)
[0.264s] -- Added test 'flake8' to check Python code syntax and style conventions
[0.265s] -- Added test 'lint_cmake' to check CMake code style
[0.265s] -- Added test 'pep257' to check Python code against some of the docstring style conventions in PEP 257
[0.266s] -- Added test 'xmllint' to check XML markup files
[0.267s] -- Configuring done
[0.273s] -- Generating done
[0.274s] -- Build files have been written to: /home/abhinandan/ROS2-projects/manipulation/build/arduinobot_description
[0.296s] Invoked command in '/home/abhinandan/ROS2-projects/manipulation/build/arduinobot_description' returned '0': CMAKE_PREFIX_PATH=${CMAKE_PREFIX_PATH}:/home/abhinandan/ROS2-projects/manipulation/install/arduinobot_py_examples:/opt/ros/humble /usr/bin/cmake --build /home/abhinandan/ROS2-projects/manipulation/build/arduinobot_description -- -j4 -l4
[0.296s] Invoking command in '/home/abhinandan/ROS2-projects/manipulation/build/arduinobot_description': CMAKE_PREFIX_PATH=${CMAKE_PREFIX_PATH}:/home/abhinandan/ROS2-projects/manipulation/install/arduinobot_py_examples:/opt/ros/humble /usr/bin/cmake --install /home/abhinandan/ROS2-projects/manipulation/build/arduinobot_description
[0.306s] -- Install configuration: ""
[0.306s] -- Up-to-date: /home/abhinandan/ROS2-projects/manipulation/install/arduinobot_description/share/arduinobot_description/meshes
[0.307s] -- Up-to-date: /home/abhinandan/ROS2-projects/manipulation/install/arduinobot_description/share/arduinobot_description/meshes/link.STL
[0.307s] -- Up-to-date: /home/abhinandan/ROS2-projects/manipulation/install/arduinobot_description/share/arduinobot_description/meshes/right_finger.STL
[0.307s] -- Up-to-date: /home/abhinandan/ROS2-projects/manipulation/install/arduinobot_description/share/arduinobot_description/meshes/plate.STL
[0.307s] -- Up-to-date: /home/abhinandan/ROS2-projects/manipulation/install/arduinobot_description/share/arduinobot_description/meshes/left_finger.STL
[0.307s] -- Up-to-date: /home/abhinandan/ROS2-projects/manipulation/install/arduinobot_description/share/arduinobot_description/meshes/base_plate.STL
[0.307s] -- Up-to-date: /home/abhinandan/ROS2-projects/manipulation/install/arduinobot_description/share/arduinobot_description/meshes/servo_plate.STL
[0.307s] -- Up-to-date: /home/abhinandan/ROS2-projects/manipulation/install/arduinobot_description/share/arduinobot_description/meshes/basement.STL
[0.307s] -- Up-to-date: /home/abhinandan/ROS2-projects/manipulation/install/arduinobot_description/share/arduinobot_description/meshes/horizontal_arm.STL
[0.307s] -- Up-to-date: /home/abhinandan/ROS2-projects/manipulation/install/arduinobot_description/share/arduinobot_description/meshes/claw_support.STL
[0.307s] -- Up-to-date: /home/abhinandan/ROS2-projects/manipulation/install/arduinobot_description/share/arduinobot_description/meshes/vertical_drive_arm.STL
[0.307s] -- Up-to-date: /home/abhinandan/ROS2-projects/manipulation/install/arduinobot_description/share/arduinobot_description/meshes/forward_drive_arm.STL
[0.307s] -- Up-to-date: /home/abhinandan/ROS2-projects/manipulation/install/arduinobot_description/share/arduinobot_description/meshes/triangular_link.STL
[0.307s] -- Up-to-date: /home/abhinandan/ROS2-projects/manipulation/install/arduinobot_description/share/arduinobot_description/meshes/round_plate.STL
[0.307s] -- Up-to-date: /home/abhinandan/ROS2-projects/manipulation/install/arduinobot_description/share/arduinobot_description/urdf
[0.307s] -- Installing: /home/abhinandan/ROS2-projects/manipulation/install/arduinobot_description/share/arduinobot_description/urdf/arduinobot.urdf.xacro
[0.307s] -- Installing: /home/abhinandan/ROS2-projects/manipulation/install/arduinobot_description/share/arduinobot_description/launch
[0.307s] -- Installing: /home/abhinandan/ROS2-projects/manipulation/install/arduinobot_description/share/arduinobot_description/launch/display.launch.py
[0.307s] -- Installing: /home/abhinandan/ROS2-projects/manipulation/install/arduinobot_description/share/arduinobot_description/rviz
[0.307s] -- Up-to-date: /home/abhinandan/ROS2-projects/manipulation/install/arduinobot_description/share/ament_index/resource_index/package_run_dependencies/arduinobot_description
[0.307s] -- Up-to-date: /home/abhinandan/ROS2-projects/manipulation/install/arduinobot_description/share/ament_index/resource_index/parent_prefix_path/arduinobot_description
[0.307s] -- Up-to-date: /home/abhinandan/ROS2-projects/manipulation/install/arduinobot_description/share/arduinobot_description/environment/ament_prefix_path.sh
[0.307s] -- Installing: /home/abhinandan/ROS2-projects/manipulation/install/arduinobot_description/share/arduinobot_description/environment/ament_prefix_path.dsv
[0.307s] -- Up-to-date: /home/abhinandan/ROS2-projects/manipulation/install/arduinobot_description/share/arduinobot_description/environment/path.sh
[0.307s] -- Installing: /home/abhinandan/ROS2-projects/manipulation/install/arduinobot_description/share/arduinobot_description/environment/path.dsv
[0.307s] -- Up-to-date: /home/abhinandan/ROS2-projects/manipulation/install/arduinobot_description/share/arduinobot_description/local_setup.bash
[0.307s] -- Up-to-date: /home/abhinandan/ROS2-projects/manipulation/install/arduinobot_description/share/arduinobot_description/local_setup.sh
[0.307s] -- Up-to-date: /home/abhinandan/ROS2-projects/manipulation/install/arduinobot_description/share/arduinobot_description/local_setup.zsh
[0.307s] -- Installing: /home/abhinandan/ROS2-projects/manipulation/install/arduinobot_description/share/arduinobot_description/local_setup.dsv
[0.307s] -- Installing: /home/abhinandan/ROS2-projects/manipulation/install/arduinobot_description/share/arduinobot_description/package.dsv
[0.307s] -- Up-to-date: /home/abhinandan/ROS2-projects/manipulation/install/arduinobot_description/share/ament_index/resource_index/packages/arduinobot_description
[0.307s] -- Up-to-date: /home/abhinandan/ROS2-projects/manipulation/install/arduinobot_description/share/arduinobot_description/cmake/arduinobot_descriptionConfig.cmake
[0.307s] -- Up-to-date: /home/abhinandan/ROS2-projects/manipulation/install/arduinobot_description/share/arduinobot_description/cmake/arduinobot_descriptionConfig-version.cmake
[0.307s] -- Up-to-date: /home/abhinandan/ROS2-projects/manipulation/install/arduinobot_description/share/arduinobot_description/package.xml
[0.318s] Invoked command in '/home/abhinandan/ROS2-projects/manipulation/build/arduinobot_description' returned '0': CMAKE_PREFIX_PATH=${CMAKE_PREFIX_PATH}:/home/abhinandan/ROS2-projects/manipulation/install/arduinobot_py_examples:/opt/ros/humble /usr/bin/cmake --install /home/abhinandan/ROS2-projects/manipulation/build/arduinobot_description
