[0.011s] Invoking command in '/home/abhinandan/ROS2-projects/manipulation/build/arduinobot_description': CMAKE_PREFIX_PATH=${CMAKE_PREFIX_PATH}:/home/abhinandan/ROS2-projects/manipulation/install/arduinobot_py_examples:/opt/ros/humble /usr/bin/cmake --build /home/abhinandan/ROS2-projects/manipulation/build/arduinobot_description -- -j4 -l4
[0.103s] -- Found ament_cmake: 1.3.11 (/opt/ros/humble/share/ament_cmake/cmake)
[0.236s] -- Found ament_lint_auto: 0.12.12 (/opt/ros/humble/share/ament_lint_auto/cmake)
[0.305s] -- Added test 'lint_cmake' to check CMake code style
[0.305s] -- Added test 'xmllint' to check XML markup files
[0.306s] -- Configuring done
[0.309s] -- Generating done
[0.310s] -- Build files have been written to: /home/abhinandan/ROS2-projects/manipulation/build/arduinobot_description
[0.322s] Invoked command in '/home/abhinandan/ROS2-projects/manipulation/build/arduinobot_description' returned '0': CMAKE_PREFIX_PATH=${CMAKE_PREFIX_PATH}:/home/abhinandan/ROS2-projects/manipulation/install/arduinobot_py_examples:/opt/ros/humble /usr/bin/cmake --build /home/abhinandan/ROS2-projects/manipulation/build/arduinobot_description -- -j4 -l4
[0.322s] Invoking command in '/home/abhinandan/ROS2-projects/manipulation/build/arduinobot_description': CMAKE_PREFIX_PATH=${CMAKE_PREFIX_PATH}:/home/abhinandan/ROS2-projects/manipulation/install/arduinobot_py_examples:/opt/ros/humble /usr/bin/cmake --install /home/abhinandan/ROS2-projects/manipulation/build/arduinobot_description
[0.328s] -- Install configuration: ""
[0.328s] -- Up-to-date: /home/abhinandan/ROS2-projects/manipulation/install/arduinobot_description/share/arduinobot_description/meshes
[0.328s] -- Up-to-date: /home/abhinandan/ROS2-projects/manipulation/install/arduinobot_description/share/arduinobot_description/meshes/link.STL
[0.328s] -- Up-to-date: /home/abhinandan/ROS2-projects/manipulation/install/arduinobot_description/share/arduinobot_description/meshes/right_finger.STL
[0.328s] -- Up-to-date: /home/abhinandan/ROS2-projects/manipulation/install/arduinobot_description/share/arduinobot_description/meshes/plate.STL
[0.328s] -- Up-to-date: /home/abhinandan/ROS2-projects/manipulation/install/arduinobot_description/share/arduinobot_description/meshes/left_finger.STL
[0.328s] -- Up-to-date: /home/abhinandan/ROS2-projects/manipulation/install/arduinobot_description/share/arduinobot_description/meshes/base_plate.STL
[0.328s] -- Up-to-date: /home/abhinandan/ROS2-projects/manipulation/install/arduinobot_description/share/arduinobot_description/meshes/servo_plate.STL
[0.328s] -- Up-to-date: /home/abhinandan/ROS2-projects/manipulation/install/arduinobot_description/share/arduinobot_description/meshes/basement.STL
[0.328s] -- Up-to-date: /home/abhinandan/ROS2-projects/manipulation/install/arduinobot_description/share/arduinobot_description/meshes/horizontal_arm.STL
[0.328s] -- Up-to-date: /home/abhinandan/ROS2-projects/manipulation/install/arduinobot_description/share/arduinobot_description/meshes/claw_support.STL
[0.328s] -- Up-to-date: /home/abhinandan/ROS2-projects/manipulation/install/arduinobot_description/share/arduinobot_description/meshes/vertical_drive_arm.STL
[0.328s] -- Up-to-date: /home/abhinandan/ROS2-projects/manipulation/install/arduinobot_description/share/arduinobot_description/meshes/forward_drive_arm.STL
[0.328s] -- Up-to-date: /home/abhinandan/ROS2-projects/manipulation/install/arduinobot_description/share/arduinobot_description/meshes/triangular_link.STL
[0.328s] -- Up-to-date: /home/abhinandan/ROS2-projects/manipulation/install/arduinobot_description/share/arduinobot_description/meshes/round_plate.STL
[0.328s] -- Up-to-date: /home/abhinandan/ROS2-projects/manipulation/install/arduinobot_description/share/arduinobot_description/urdf
[0.328s] -- Installing: /home/abhinandan/ROS2-projects/manipulation/install/arduinobot_description/share/arduinobot_description/urdf/arduinobot.urdf.xacro
[0.328s] -- Up-to-date: /home/abhinandan/ROS2-projects/manipulation/install/arduinobot_description/share/ament_index/resource_index/package_run_dependencies/arduinobot_description
[0.328s] -- Installing: /home/abhinandan/ROS2-projects/manipulation/install/arduinobot_description/share/ament_index/resource_index/parent_prefix_path/arduinobot_description
[0.328s] -- Up-to-date: /home/abhinandan/ROS2-projects/manipulation/install/arduinobot_description/share/arduinobot_description/environment/ament_prefix_path.sh
[0.328s] -- Installing: /home/abhinandan/ROS2-projects/manipulation/install/arduinobot_description/share/arduinobot_description/environment/ament_prefix_path.dsv
[0.328s] -- Up-to-date: /home/abhinandan/ROS2-projects/manipulation/install/arduinobot_description/share/arduinobot_description/environment/path.sh
[0.328s] -- Installing: /home/abhinandan/ROS2-projects/manipulation/install/arduinobot_description/share/arduinobot_description/environment/path.dsv
[0.329s] -- Up-to-date: /home/abhinandan/ROS2-projects/manipulation/install/arduinobot_description/share/arduinobot_description/local_setup.bash
[0.329s] -- Up-to-date: /home/abhinandan/ROS2-projects/manipulation/install/arduinobot_description/share/arduinobot_description/local_setup.sh
[0.329s] -- Up-to-date: /home/abhinandan/ROS2-projects/manipulation/install/arduinobot_description/share/arduinobot_description/local_setup.zsh
[0.329s] -- Installing: /home/abhinandan/ROS2-projects/manipulation/install/arduinobot_description/share/arduinobot_description/local_setup.dsv
[0.329s] -- Installing: /home/abhinandan/ROS2-projects/manipulation/install/arduinobot_description/share/arduinobot_description/package.dsv
[0.329s] -- Up-to-date: /home/abhinandan/ROS2-projects/manipulation/install/arduinobot_description/share/ament_index/resource_index/packages/arduinobot_description
[0.329s] -- Up-to-date: /home/abhinandan/ROS2-projects/manipulation/install/arduinobot_description/share/arduinobot_description/cmake/arduinobot_descriptionConfig.cmake
[0.329s] -- Up-to-date: /home/abhinandan/ROS2-projects/manipulation/install/arduinobot_description/share/arduinobot_description/cmake/arduinobot_descriptionConfig-version.cmake
[0.329s] -- Up-to-date: /home/abhinandan/ROS2-projects/manipulation/install/arduinobot_description/share/arduinobot_description/package.xml
[0.331s] Invoked command in '/home/abhinandan/ROS2-projects/manipulation/build/arduinobot_description' returned '0': CMAKE_PREFIX_PATH=${CMAKE_PREFIX_PATH}:/home/abhinandan/ROS2-projects/manipulation/install/arduinobot_py_examples:/opt/ros/humble /usr/bin/cmake --install /home/abhinandan/ROS2-projects/manipulation/build/arduinobot_description
