[0.078s] DEBUG:colcon:Command line arguments: ['/usr/bin/colcon', 'build']
[0.078s] DEBUG:colcon:Parsed command line arguments: Namespace(log_base=None, log_level=None, verb_name='build', build_base='build', install_base='install', merge_install=False, symlink_install=False, test_result_base=None, continue_on_error=False, executor='parallel', parallel_workers=4, event_handlers=None, ignore_user_meta=False, metas=['./colcon.meta'], base_paths=['.'], packages_ignore=None, packages_ignore_regex=None, paths=None, packages_up_to=None, packages_up_to_regex=None, packages_above=None, packages_above_and_dependencies=None, packages_above_depth=None, packages_select_by_dep=None, packages_skip_by_dep=None, packages_skip_up_to=None, packages_select_build_failed=False, packages_skip_build_finished=False, packages_select_test_failures=False, packages_skip_test_passed=False, packages_select=None, packages_skip=None, packages_select_regex=None, packages_skip_regex=None, packages_start=None, packages_end=None, allow_overriding=[], cmake_args=None, cmake_target=None, cmake_target_skip_unavailable=False, cmake_clean_cache=False, cmake_clean_first=False, cmake_force_configure=False, ament_cmake_args=None, catkin_cmake_args=None, catkin_skip_building_tests=False, mixin_files=None, mixin=None, verb_parser=<colcon_mixin.mixin.mixin_argument.MixinArgumentDecorator object at 0xffffbbd6f880>, verb_extension=<colcon_core.verb.build.BuildVerb object at 0xffffbbd25030>, main=<bound method BuildVerb.main of <colcon_core.verb.build.BuildVerb object at 0xffffbbd25030>>, mixin_verb=('build',))
[0.286s] Level 1:colcon.colcon_core.package_discovery:discover_packages(colcon_meta) check parameters
[0.286s] Level 1:colcon.colcon_core.package_discovery:discover_packages(recursive) check parameters
[0.286s] Level 1:colcon.colcon_core.package_discovery:discover_packages(ignore) check parameters
[0.286s] Level 1:colcon.colcon_core.package_discovery:discover_packages(path) check parameters
[0.286s] Level 1:colcon.colcon_core.package_discovery:discover_packages(colcon_meta) discover
[0.286s] Level 1:colcon.colcon_core.package_discovery:discover_packages(recursive) discover
[0.286s] INFO:colcon.colcon_core.package_discovery:Crawling recursively for packages in '/home/abhinandan/ROS2-projects/manipulation'
[0.286s] Level 1:colcon.colcon_core.package_identification:_identify(.) by extensions ['ignore', 'ignore_ament_install']
[0.286s] Level 1:colcon.colcon_core.package_identification:_identify(.) by extension 'ignore'
[0.286s] Level 1:colcon.colcon_core.package_identification:_identify(.) by extension 'ignore_ament_install'
[0.286s] Level 1:colcon.colcon_core.package_identification:_identify(.) by extensions ['colcon_pkg']
[0.286s] Level 1:colcon.colcon_core.package_identification:_identify(.) by extension 'colcon_pkg'
[0.286s] Level 1:colcon.colcon_core.package_identification:_identify(.) by extensions ['colcon_meta']
[0.286s] Level 1:colcon.colcon_core.package_identification:_identify(.) by extension 'colcon_meta'
[0.286s] Level 1:colcon.colcon_core.package_identification:_identify(.) by extensions ['ros']
[0.286s] Level 1:colcon.colcon_core.package_identification:_identify(.) by extension 'ros'
[0.293s] Level 1:colcon.colcon_core.package_identification:_identify(.) by extensions ['cmake', 'python']
[0.293s] Level 1:colcon.colcon_core.package_identification:_identify(.) by extension 'cmake'
[0.293s] Level 1:colcon.colcon_core.package_identification:_identify(.) by extension 'python'
[0.293s] Level 1:colcon.colcon_core.package_identification:_identify(.) by extensions ['python_setup_py']
[0.293s] Level 1:colcon.colcon_core.package_identification:_identify(.) by extension 'python_setup_py'
[0.294s] Level 1:colcon.colcon_core.package_identification:_identify(build) by extensions ['ignore', 'ignore_ament_install']
[0.294s] Level 1:colcon.colcon_core.package_identification:_identify(build) by extension 'ignore'
[0.294s] Level 1:colcon.colcon_core.package_identification:_identify(build) ignored
[0.294s] Level 1:colcon.colcon_core.package_identification:_identify(install) by extensions ['ignore', 'ignore_ament_install']
[0.294s] Level 1:colcon.colcon_core.package_identification:_identify(install) by extension 'ignore'
[0.294s] Level 1:colcon.colcon_core.package_identification:_identify(install) ignored
[0.294s] Level 1:colcon.colcon_core.package_identification:_identify(log) by extensions ['ignore', 'ignore_ament_install']
[0.294s] Level 1:colcon.colcon_core.package_identification:_identify(log) by extension 'ignore'
[0.294s] Level 1:colcon.colcon_core.package_identification:_identify(log) ignored
[0.294s] Level 1:colcon.colcon_core.package_identification:_identify(src) by extensions ['ignore', 'ignore_ament_install']
[0.294s] Level 1:colcon.colcon_core.package_identification:_identify(src) by extension 'ignore'
[0.294s] Level 1:colcon.colcon_core.package_identification:_identify(src) by extension 'ignore_ament_install'
[0.294s] Level 1:colcon.colcon_core.package_identification:_identify(src) by extensions ['colcon_pkg']
[0.294s] Level 1:colcon.colcon_core.package_identification:_identify(src) by extension 'colcon_pkg'
[0.294s] Level 1:colcon.colcon_core.package_identification:_identify(src) by extensions ['colcon_meta']
[0.294s] Level 1:colcon.colcon_core.package_identification:_identify(src) by extension 'colcon_meta'
[0.294s] Level 1:colcon.colcon_core.package_identification:_identify(src) by extensions ['ros']
[0.294s] Level 1:colcon.colcon_core.package_identification:_identify(src) by extension 'ros'
[0.294s] Level 1:colcon.colcon_core.package_identification:_identify(src) by extensions ['cmake', 'python']
[0.294s] Level 1:colcon.colcon_core.package_identification:_identify(src) by extension 'cmake'
[0.294s] Level 1:colcon.colcon_core.package_identification:_identify(src) by extension 'python'
[0.294s] Level 1:colcon.colcon_core.package_identification:_identify(src) by extensions ['python_setup_py']
[0.294s] Level 1:colcon.colcon_core.package_identification:_identify(src) by extension 'python_setup_py'
[0.295s] Level 1:colcon.colcon_core.package_identification:_identify(src/arduinobot_controller) by extensions ['ignore', 'ignore_ament_install']
[0.295s] Level 1:colcon.colcon_core.package_identification:_identify(src/arduinobot_controller) by extension 'ignore'
[0.295s] Level 1:colcon.colcon_core.package_identification:_identify(src/arduinobot_controller) by extension 'ignore_ament_install'
[0.295s] Level 1:colcon.colcon_core.package_identification:_identify(src/arduinobot_controller) by extensions ['colcon_pkg']
[0.295s] Level 1:colcon.colcon_core.package_identification:_identify(src/arduinobot_controller) by extension 'colcon_pkg'
[0.295s] Level 1:colcon.colcon_core.package_identification:_identify(src/arduinobot_controller) by extensions ['colcon_meta']
[0.295s] Level 1:colcon.colcon_core.package_identification:_identify(src/arduinobot_controller) by extension 'colcon_meta'
[0.295s] Level 1:colcon.colcon_core.package_identification:_identify(src/arduinobot_controller) by extensions ['ros']
[0.295s] Level 1:colcon.colcon_core.package_identification:_identify(src/arduinobot_controller) by extension 'ros'
[0.296s] DEBUG:colcon.colcon_core.package_identification:Package 'src/arduinobot_controller' with type 'ros.ament_cmake' and name 'arduinobot_controller'
[0.296s] Level 1:colcon.colcon_core.package_identification:_identify(src/arduinobot_cpp_examples) by extensions ['ignore', 'ignore_ament_install']
[0.296s] Level 1:colcon.colcon_core.package_identification:_identify(src/arduinobot_cpp_examples) by extension 'ignore'
[0.296s] Level 1:colcon.colcon_core.package_identification:_identify(src/arduinobot_cpp_examples) by extension 'ignore_ament_install'
[0.296s] Level 1:colcon.colcon_core.package_identification:_identify(src/arduinobot_cpp_examples) by extensions ['colcon_pkg']
[0.296s] Level 1:colcon.colcon_core.package_identification:_identify(src/arduinobot_cpp_examples) by extension 'colcon_pkg'
[0.296s] Level 1:colcon.colcon_core.package_identification:_identify(src/arduinobot_cpp_examples) by extensions ['colcon_meta']
[0.296s] Level 1:colcon.colcon_core.package_identification:_identify(src/arduinobot_cpp_examples) by extension 'colcon_meta'
[0.297s] Level 1:colcon.colcon_core.package_identification:_identify(src/arduinobot_cpp_examples) by extensions ['ros']
[0.297s] Level 1:colcon.colcon_core.package_identification:_identify(src/arduinobot_cpp_examples) by extension 'ros'
[0.297s] DEBUG:colcon.colcon_core.package_identification:Package 'src/arduinobot_cpp_examples' with type 'ros.ament_cmake' and name 'arduinobot_cpp_examples'
[0.297s] Level 1:colcon.colcon_core.package_identification:_identify(src/arduinobot_description) by extensions ['ignore', 'ignore_ament_install']
[0.297s] Level 1:colcon.colcon_core.package_identification:_identify(src/arduinobot_description) by extension 'ignore'
[0.297s] Level 1:colcon.colcon_core.package_identification:_identify(src/arduinobot_description) by extension 'ignore_ament_install'
[0.297s] Level 1:colcon.colcon_core.package_identification:_identify(src/arduinobot_description) by extensions ['colcon_pkg']
[0.297s] Level 1:colcon.colcon_core.package_identification:_identify(src/arduinobot_description) by extension 'colcon_pkg'
[0.297s] Level 1:colcon.colcon_core.package_identification:_identify(src/arduinobot_description) by extensions ['colcon_meta']
[0.297s] Level 1:colcon.colcon_core.package_identification:_identify(src/arduinobot_description) by extension 'colcon_meta'
[0.297s] Level 1:colcon.colcon_core.package_identification:_identify(src/arduinobot_description) by extensions ['ros']
[0.297s] Level 1:colcon.colcon_core.package_identification:_identify(src/arduinobot_description) by extension 'ros'
[0.303s] DEBUG:colcon.colcon_core.package_identification:Package 'src/arduinobot_description' with type 'ros.ament_cmake' and name 'arduinobot_description'
[0.303s] Level 1:colcon.colcon_core.package_identification:_identify(src/arduinobot_messages) by extensions ['ignore', 'ignore_ament_install']
[0.303s] Level 1:colcon.colcon_core.package_identification:_identify(src/arduinobot_messages) by extension 'ignore'
[0.303s] Level 1:colcon.colcon_core.package_identification:_identify(src/arduinobot_messages) by extension 'ignore_ament_install'
[0.303s] Level 1:colcon.colcon_core.package_identification:_identify(src/arduinobot_messages) by extensions ['colcon_pkg']
[0.303s] Level 1:colcon.colcon_core.package_identification:_identify(src/arduinobot_messages) by extension 'colcon_pkg'
[0.303s] Level 1:colcon.colcon_core.package_identification:_identify(src/arduinobot_messages) by extensions ['colcon_meta']
[0.303s] Level 1:colcon.colcon_core.package_identification:_identify(src/arduinobot_messages) by extension 'colcon_meta'
[0.303s] Level 1:colcon.colcon_core.package_identification:_identify(src/arduinobot_messages) by extensions ['ros']
[0.303s] Level 1:colcon.colcon_core.package_identification:_identify(src/arduinobot_messages) by extension 'ros'
[0.304s] DEBUG:colcon.colcon_core.package_identification:Package 'src/arduinobot_messages' with type 'ros.ament_cmake' and name 'arduinobot_messages'
[0.304s] Level 1:colcon.colcon_core.package_identification:_identify(src/arduinobot_moveit) by extensions ['ignore', 'ignore_ament_install']
[0.304s] Level 1:colcon.colcon_core.package_identification:_identify(src/arduinobot_moveit) by extension 'ignore'
[0.304s] Level 1:colcon.colcon_core.package_identification:_identify(src/arduinobot_moveit) by extension 'ignore_ament_install'
[0.304s] Level 1:colcon.colcon_core.package_identification:_identify(src/arduinobot_moveit) by extensions ['colcon_pkg']
[0.304s] Level 1:colcon.colcon_core.package_identification:_identify(src/arduinobot_moveit) by extension 'colcon_pkg'
[0.304s] Level 1:colcon.colcon_core.package_identification:_identify(src/arduinobot_moveit) by extensions ['colcon_meta']
[0.304s] Level 1:colcon.colcon_core.package_identification:_identify(src/arduinobot_moveit) by extension 'colcon_meta'
[0.304s] Level 1:colcon.colcon_core.package_identification:_identify(src/arduinobot_moveit) by extensions ['ros']
[0.304s] Level 1:colcon.colcon_core.package_identification:_identify(src/arduinobot_moveit) by extension 'ros'
[0.304s] DEBUG:colcon.colcon_core.package_identification:Package 'src/arduinobot_moveit' with type 'ros.ament_cmake' and name 'arduinobot_moveit'
[0.304s] Level 1:colcon.colcon_core.package_identification:_identify(src/arduinobot_py_examples) by extensions ['ignore', 'ignore_ament_install']
[0.304s] Level 1:colcon.colcon_core.package_identification:_identify(src/arduinobot_py_examples) by extension 'ignore'
[0.304s] Level 1:colcon.colcon_core.package_identification:_identify(src/arduinobot_py_examples) by extension 'ignore_ament_install'
[0.304s] Level 1:colcon.colcon_core.package_identification:_identify(src/arduinobot_py_examples) by extensions ['colcon_pkg']
[0.305s] Level 1:colcon.colcon_core.package_identification:_identify(src/arduinobot_py_examples) by extension 'colcon_pkg'
[0.305s] Level 1:colcon.colcon_core.package_identification:_identify(src/arduinobot_py_examples) by extensions ['colcon_meta']
[0.305s] Level 1:colcon.colcon_core.package_identification:_identify(src/arduinobot_py_examples) by extension 'colcon_meta'
[0.305s] Level 1:colcon.colcon_core.package_identification:_identify(src/arduinobot_py_examples) by extensions ['ros']
[0.305s] Level 1:colcon.colcon_core.package_identification:_identify(src/arduinobot_py_examples) by extension 'ros'
[0.305s] DEBUG:colcon.colcon_core.package_identification:Package 'src/arduinobot_py_examples' with type 'ros.ament_python' and name 'arduinobot_py_examples'
[0.305s] Level 1:colcon.colcon_core.package_identification:_identify(src/arduinobot_utils) by extensions ['ignore', 'ignore_ament_install']
[0.305s] Level 1:colcon.colcon_core.package_identification:_identify(src/arduinobot_utils) by extension 'ignore'
[0.305s] Level 1:colcon.colcon_core.package_identification:_identify(src/arduinobot_utils) by extension 'ignore_ament_install'
[0.305s] Level 1:colcon.colcon_core.package_identification:_identify(src/arduinobot_utils) by extensions ['colcon_pkg']
[0.305s] Level 1:colcon.colcon_core.package_identification:_identify(src/arduinobot_utils) by extension 'colcon_pkg'
[0.305s] Level 1:colcon.colcon_core.package_identification:_identify(src/arduinobot_utils) by extensions ['colcon_meta']
[0.305s] Level 1:colcon.colcon_core.package_identification:_identify(src/arduinobot_utils) by extension 'colcon_meta'
[0.305s] Level 1:colcon.colcon_core.package_identification:_identify(src/arduinobot_utils) by extensions ['ros']
[0.305s] Level 1:colcon.colcon_core.package_identification:_identify(src/arduinobot_utils) by extension 'ros'
[0.306s] DEBUG:colcon.colcon_core.package_identification:Package 'src/arduinobot_utils' with type 'ros.ament_cmake' and name 'arduinobot_utils'
[0.306s] Level 1:colcon.colcon_core.package_discovery:discover_packages(recursive) using defaults
[0.306s] Level 1:colcon.colcon_core.package_discovery:discover_packages(ignore) discover
[0.306s] Level 1:colcon.colcon_core.package_discovery:discover_packages(ignore) using defaults
[0.306s] Level 1:colcon.colcon_core.package_discovery:discover_packages(path) discover
[0.306s] Level 1:colcon.colcon_core.package_discovery:discover_packages(path) using defaults
[0.323s] Level 1:colcon.colcon_core.package_discovery:discover_packages(prefix_path) check parameters
[0.323s] Level 1:colcon.colcon_core.package_discovery:discover_packages(prefix_path) discover
[0.328s] DEBUG:colcon.colcon_installed_package_information.package_discovery:Found 6 installed packages in /home/abhinandan/ROS2-projects/manipulation/install
[0.329s] DEBUG:colcon.colcon_installed_package_information.package_discovery:Found 405 installed packages in /opt/ros/humble
[0.330s] Level 1:colcon.colcon_core.package_discovery:discover_packages(prefix_path) using defaults
[0.409s] Level 5:colcon.colcon_core.verb:set package 'arduinobot_controller' build argument 'cmake_args' from command line to 'None'
[0.410s] Level 5:colcon.colcon_core.verb:set package 'arduinobot_controller' build argument 'cmake_target' from command line to 'None'
[0.410s] Level 5:colcon.colcon_core.verb:set package 'arduinobot_controller' build argument 'cmake_target_skip_unavailable' from command line to 'False'
[0.410s] Level 5:colcon.colcon_core.verb:set package 'arduinobot_controller' build argument 'cmake_clean_cache' from command line to 'False'
[0.410s] Level 5:colcon.colcon_core.verb:set package 'arduinobot_controller' build argument 'cmake_clean_first' from command line to 'False'
[0.410s] Level 5:colcon.colcon_core.verb:set package 'arduinobot_controller' build argument 'cmake_force_configure' from command line to 'False'
[0.410s] Level 5:colcon.colcon_core.verb:set package 'arduinobot_controller' build argument 'ament_cmake_args' from command line to 'None'
[0.410s] Level 5:colcon.colcon_core.verb:set package 'arduinobot_controller' build argument 'catkin_cmake_args' from command line to 'None'
[0.410s] Level 5:colcon.colcon_core.verb:set package 'arduinobot_controller' build argument 'catkin_skip_building_tests' from command line to 'False'
[0.410s] DEBUG:colcon.colcon_core.verb:Building package 'arduinobot_controller' with the following arguments: {'ament_cmake_args': None, 'build_base': '/home/abhinandan/ROS2-projects/manipulation/build/arduinobot_controller', 'catkin_cmake_args': None, 'catkin_skip_building_tests': False, 'cmake_args': None, 'cmake_clean_cache': False, 'cmake_clean_first': False, 'cmake_force_configure': False, 'cmake_target': None, 'cmake_target_skip_unavailable': False, 'install_base': '/home/abhinandan/ROS2-projects/manipulation/install/arduinobot_controller', 'merge_install': False, 'path': '/home/abhinandan/ROS2-projects/manipulation/src/arduinobot_controller', 'symlink_install': False, 'test_result_base': None}
[0.410s] Level 5:colcon.colcon_core.verb:set package 'arduinobot_cpp_examples' build argument 'cmake_args' from command line to 'None'
[0.410s] Level 5:colcon.colcon_core.verb:set package 'arduinobot_cpp_examples' build argument 'cmake_target' from command line to 'None'
[0.410s] Level 5:colcon.colcon_core.verb:set package 'arduinobot_cpp_examples' build argument 'cmake_target_skip_unavailable' from command line to 'False'
[0.410s] Level 5:colcon.colcon_core.verb:set package 'arduinobot_cpp_examples' build argument 'cmake_clean_cache' from command line to 'False'
[0.410s] Level 5:colcon.colcon_core.verb:set package 'arduinobot_cpp_examples' build argument 'cmake_clean_first' from command line to 'False'
[0.410s] Level 5:colcon.colcon_core.verb:set package 'arduinobot_cpp_examples' build argument 'cmake_force_configure' from command line to 'False'
[0.410s] Level 5:colcon.colcon_core.verb:set package 'arduinobot_cpp_examples' build argument 'ament_cmake_args' from command line to 'None'
[0.410s] Level 5:colcon.colcon_core.verb:set package 'arduinobot_cpp_examples' build argument 'catkin_cmake_args' from command line to 'None'
[0.410s] Level 5:colcon.colcon_core.verb:set package 'arduinobot_cpp_examples' build argument 'catkin_skip_building_tests' from command line to 'False'
[0.410s] DEBUG:colcon.colcon_core.verb:Building package 'arduinobot_cpp_examples' with the following arguments: {'ament_cmake_args': None, 'build_base': '/home/abhinandan/ROS2-projects/manipulation/build/arduinobot_cpp_examples', 'catkin_cmake_args': None, 'catkin_skip_building_tests': False, 'cmake_args': None, 'cmake_clean_cache': False, 'cmake_clean_first': False, 'cmake_force_configure': False, 'cmake_target': None, 'cmake_target_skip_unavailable': False, 'install_base': '/home/abhinandan/ROS2-projects/manipulation/install/arduinobot_cpp_examples', 'merge_install': False, 'path': '/home/abhinandan/ROS2-projects/manipulation/src/arduinobot_cpp_examples', 'symlink_install': False, 'test_result_base': None}
[0.410s] Level 5:colcon.colcon_core.verb:set package 'arduinobot_description' build argument 'cmake_args' from command line to 'None'
[0.410s] Level 5:colcon.colcon_core.verb:set package 'arduinobot_description' build argument 'cmake_target' from command line to 'None'
[0.410s] Level 5:colcon.colcon_core.verb:set package 'arduinobot_description' build argument 'cmake_target_skip_unavailable' from command line to 'False'
[0.410s] Level 5:colcon.colcon_core.verb:set package 'arduinobot_description' build argument 'cmake_clean_cache' from command line to 'False'
[0.410s] Level 5:colcon.colcon_core.verb:set package 'arduinobot_description' build argument 'cmake_clean_first' from command line to 'False'
[0.410s] Level 5:colcon.colcon_core.verb:set package 'arduinobot_description' build argument 'cmake_force_configure' from command line to 'False'
[0.410s] Level 5:colcon.colcon_core.verb:set package 'arduinobot_description' build argument 'ament_cmake_args' from command line to 'None'
[0.410s] Level 5:colcon.colcon_core.verb:set package 'arduinobot_description' build argument 'catkin_cmake_args' from command line to 'None'
[0.410s] Level 5:colcon.colcon_core.verb:set package 'arduinobot_description' build argument 'catkin_skip_building_tests' from command line to 'False'
[0.410s] DEBUG:colcon.colcon_core.verb:Building package 'arduinobot_description' with the following arguments: {'ament_cmake_args': None, 'build_base': '/home/abhinandan/ROS2-projects/manipulation/build/arduinobot_description', 'catkin_cmake_args': None, 'catkin_skip_building_tests': False, 'cmake_args': None, 'cmake_clean_cache': False, 'cmake_clean_first': False, 'cmake_force_configure': False, 'cmake_target': None, 'cmake_target_skip_unavailable': False, 'install_base': '/home/abhinandan/ROS2-projects/manipulation/install/arduinobot_description', 'merge_install': False, 'path': '/home/abhinandan/ROS2-projects/manipulation/src/arduinobot_description', 'symlink_install': False, 'test_result_base': None}
[0.410s] Level 5:colcon.colcon_core.verb:set package 'arduinobot_messages' build argument 'cmake_args' from command line to 'None'
[0.410s] Level 5:colcon.colcon_core.verb:set package 'arduinobot_messages' build argument 'cmake_target' from command line to 'None'
[0.410s] Level 5:colcon.colcon_core.verb:set package 'arduinobot_messages' build argument 'cmake_target_skip_unavailable' from command line to 'False'
[0.410s] Level 5:colcon.colcon_core.verb:set package 'arduinobot_messages' build argument 'cmake_clean_cache' from command line to 'False'
[0.410s] Level 5:colcon.colcon_core.verb:set package 'arduinobot_messages' build argument 'cmake_clean_first' from command line to 'False'
[0.410s] Level 5:colcon.colcon_core.verb:set package 'arduinobot_messages' build argument 'cmake_force_configure' from command line to 'False'
[0.410s] Level 5:colcon.colcon_core.verb:set package 'arduinobot_messages' build argument 'ament_cmake_args' from command line to 'None'
[0.410s] Level 5:colcon.colcon_core.verb:set package 'arduinobot_messages' build argument 'catkin_cmake_args' from command line to 'None'
[0.410s] Level 5:colcon.colcon_core.verb:set package 'arduinobot_messages' build argument 'catkin_skip_building_tests' from command line to 'False'
[0.410s] DEBUG:colcon.colcon_core.verb:Building package 'arduinobot_messages' with the following arguments: {'ament_cmake_args': None, 'build_base': '/home/abhinandan/ROS2-projects/manipulation/build/arduinobot_messages', 'catkin_cmake_args': None, 'catkin_skip_building_tests': False, 'cmake_args': None, 'cmake_clean_cache': False, 'cmake_clean_first': False, 'cmake_force_configure': False, 'cmake_target': None, 'cmake_target_skip_unavailable': False, 'install_base': '/home/abhinandan/ROS2-projects/manipulation/install/arduinobot_messages', 'merge_install': False, 'path': '/home/abhinandan/ROS2-projects/manipulation/src/arduinobot_messages', 'symlink_install': False, 'test_result_base': None}
[0.411s] Level 5:colcon.colcon_core.verb:set package 'arduinobot_moveit' build argument 'cmake_args' from command line to 'None'
[0.411s] Level 5:colcon.colcon_core.verb:set package 'arduinobot_moveit' build argument 'cmake_target' from command line to 'None'
[0.411s] Level 5:colcon.colcon_core.verb:set package 'arduinobot_moveit' build argument 'cmake_target_skip_unavailable' from command line to 'False'
[0.411s] Level 5:colcon.colcon_core.verb:set package 'arduinobot_moveit' build argument 'cmake_clean_cache' from command line to 'False'
[0.411s] Level 5:colcon.colcon_core.verb:set package 'arduinobot_moveit' build argument 'cmake_clean_first' from command line to 'False'
[0.411s] Level 5:colcon.colcon_core.verb:set package 'arduinobot_moveit' build argument 'cmake_force_configure' from command line to 'False'
[0.411s] Level 5:colcon.colcon_core.verb:set package 'arduinobot_moveit' build argument 'ament_cmake_args' from command line to 'None'
[0.411s] Level 5:colcon.colcon_core.verb:set package 'arduinobot_moveit' build argument 'catkin_cmake_args' from command line to 'None'
[0.411s] Level 5:colcon.colcon_core.verb:set package 'arduinobot_moveit' build argument 'catkin_skip_building_tests' from command line to 'False'
[0.411s] DEBUG:colcon.colcon_core.verb:Building package 'arduinobot_moveit' with the following arguments: {'ament_cmake_args': None, 'build_base': '/home/abhinandan/ROS2-projects/manipulation/build/arduinobot_moveit', 'catkin_cmake_args': None, 'catkin_skip_building_tests': False, 'cmake_args': None, 'cmake_clean_cache': False, 'cmake_clean_first': False, 'cmake_force_configure': False, 'cmake_target': None, 'cmake_target_skip_unavailable': False, 'install_base': '/home/abhinandan/ROS2-projects/manipulation/install/arduinobot_moveit', 'merge_install': False, 'path': '/home/abhinandan/ROS2-projects/manipulation/src/arduinobot_moveit', 'symlink_install': False, 'test_result_base': None}
[0.411s] Level 5:colcon.colcon_core.verb:set package 'arduinobot_py_examples' build argument 'cmake_args' from command line to 'None'
[0.411s] Level 5:colcon.colcon_core.verb:set package 'arduinobot_py_examples' build argument 'cmake_target' from command line to 'None'
[0.411s] Level 5:colcon.colcon_core.verb:set package 'arduinobot_py_examples' build argument 'cmake_target_skip_unavailable' from command line to 'False'
[0.411s] Level 5:colcon.colcon_core.verb:set package 'arduinobot_py_examples' build argument 'cmake_clean_cache' from command line to 'False'
[0.411s] Level 5:colcon.colcon_core.verb:set package 'arduinobot_py_examples' build argument 'cmake_clean_first' from command line to 'False'
[0.411s] Level 5:colcon.colcon_core.verb:set package 'arduinobot_py_examples' build argument 'cmake_force_configure' from command line to 'False'
[0.411s] Level 5:colcon.colcon_core.verb:set package 'arduinobot_py_examples' build argument 'ament_cmake_args' from command line to 'None'
[0.411s] Level 5:colcon.colcon_core.verb:set package 'arduinobot_py_examples' build argument 'catkin_cmake_args' from command line to 'None'
[0.411s] Level 5:colcon.colcon_core.verb:set package 'arduinobot_py_examples' build argument 'catkin_skip_building_tests' from command line to 'False'
[0.411s] DEBUG:colcon.colcon_core.verb:Building package 'arduinobot_py_examples' with the following arguments: {'ament_cmake_args': None, 'build_base': '/home/abhinandan/ROS2-projects/manipulation/build/arduinobot_py_examples', 'catkin_cmake_args': None, 'catkin_skip_building_tests': False, 'cmake_args': None, 'cmake_clean_cache': False, 'cmake_clean_first': False, 'cmake_force_configure': False, 'cmake_target': None, 'cmake_target_skip_unavailable': False, 'install_base': '/home/abhinandan/ROS2-projects/manipulation/install/arduinobot_py_examples', 'merge_install': False, 'path': '/home/abhinandan/ROS2-projects/manipulation/src/arduinobot_py_examples', 'symlink_install': False, 'test_result_base': None}
[0.411s] Level 5:colcon.colcon_core.verb:set package 'arduinobot_utils' build argument 'cmake_args' from command line to 'None'
[0.411s] Level 5:colcon.colcon_core.verb:set package 'arduinobot_utils' build argument 'cmake_target' from command line to 'None'
[0.411s] Level 5:colcon.colcon_core.verb:set package 'arduinobot_utils' build argument 'cmake_target_skip_unavailable' from command line to 'False'
[0.411s] Level 5:colcon.colcon_core.verb:set package 'arduinobot_utils' build argument 'cmake_clean_cache' from command line to 'False'
[0.411s] Level 5:colcon.colcon_core.verb:set package 'arduinobot_utils' build argument 'cmake_clean_first' from command line to 'False'
[0.411s] Level 5:colcon.colcon_core.verb:set package 'arduinobot_utils' build argument 'cmake_force_configure' from command line to 'False'
[0.411s] Level 5:colcon.colcon_core.verb:set package 'arduinobot_utils' build argument 'ament_cmake_args' from command line to 'None'
[0.411s] Level 5:colcon.colcon_core.verb:set package 'arduinobot_utils' build argument 'catkin_cmake_args' from command line to 'None'
[0.411s] Level 5:colcon.colcon_core.verb:set package 'arduinobot_utils' build argument 'catkin_skip_building_tests' from command line to 'False'
[0.411s] DEBUG:colcon.colcon_core.verb:Building package 'arduinobot_utils' with the following arguments: {'ament_cmake_args': None, 'build_base': '/home/abhinandan/ROS2-projects/manipulation/build/arduinobot_utils', 'catkin_cmake_args': None, 'catkin_skip_building_tests': False, 'cmake_args': None, 'cmake_clean_cache': False, 'cmake_clean_first': False, 'cmake_force_configure': False, 'cmake_target': None, 'cmake_target_skip_unavailable': False, 'install_base': '/home/abhinandan/ROS2-projects/manipulation/install/arduinobot_utils', 'merge_install': False, 'path': '/home/abhinandan/ROS2-projects/manipulation/src/arduinobot_utils', 'symlink_install': False, 'test_result_base': None}
[0.411s] INFO:colcon.colcon_core.executor:Executing jobs using 'parallel' executor
[0.412s] DEBUG:colcon.colcon_parallel_executor.executor.parallel:run_until_complete
[0.412s] INFO:colcon.colcon_ros.task.ament_cmake.build:Building ROS package in '/home/abhinandan/ROS2-projects/manipulation/src/arduinobot_messages' with build type 'ament_cmake'
[0.412s] INFO:colcon.colcon_cmake.task.cmake.build:Building CMake package in '/home/abhinandan/ROS2-projects/manipulation/src/arduinobot_messages'
[0.415s] INFO:colcon.colcon_core.plugin_system:Skipping extension 'colcon_core.shell.bat': Not used on non-Windows systems
[0.415s] INFO:colcon.colcon_core.shell:Skip shell extension 'powershell' for command environment: Not usable outside of PowerShell
[0.415s] DEBUG:colcon.colcon_core.shell:Skip shell extension 'dsv' for command environment
[0.417s] INFO:colcon.colcon_ros.task.ament_cmake.build:Building ROS package in '/home/abhinandan/ROS2-projects/manipulation/src/arduinobot_controller' with build type 'ament_cmake'
[0.417s] INFO:colcon.colcon_cmake.task.cmake.build:Building CMake package in '/home/abhinandan/ROS2-projects/manipulation/src/arduinobot_controller'
[0.417s] INFO:colcon.colcon_core.shell:Skip shell extension 'powershell' for command environment: Not usable outside of PowerShell
[0.417s] DEBUG:colcon.colcon_core.shell:Skip shell extension 'dsv' for command environment
[0.419s] INFO:colcon.colcon_ros.task.ament_cmake.build:Building ROS package in '/home/abhinandan/ROS2-projects/manipulation/src/arduinobot_cpp_examples' with build type 'ament_cmake'
[0.419s] INFO:colcon.colcon_cmake.task.cmake.build:Building CMake package in '/home/abhinandan/ROS2-projects/manipulation/src/arduinobot_cpp_examples'
[0.419s] INFO:colcon.colcon_core.shell:Skip shell extension 'powershell' for command environment: Not usable outside of PowerShell
[0.419s] DEBUG:colcon.colcon_core.shell:Skip shell extension 'dsv' for command environment
[0.421s] INFO:colcon.colcon_ros.task.ament_cmake.build:Building ROS package in '/home/abhinandan/ROS2-projects/manipulation/src/arduinobot_description' with build type 'ament_cmake'
[0.421s] INFO:colcon.colcon_cmake.task.cmake.build:Building CMake package in '/home/abhinandan/ROS2-projects/manipulation/src/arduinobot_description'
[0.421s] INFO:colcon.colcon_core.shell:Skip shell extension 'powershell' for command environment: Not usable outside of PowerShell
[0.421s] DEBUG:colcon.colcon_core.shell:Skip shell extension 'dsv' for command environment
[0.440s] DEBUG:colcon.colcon_core.event_handler.log_command:Invoking command in '/home/abhinandan/ROS2-projects/manipulation/build/arduinobot_messages': CMAKE_PREFIX_PATH=${CMAKE_PREFIX_PATH}:/home/abhinandan/ROS2-projects/manipulation/install/arduinobot_py_examples:/opt/ros/humble /usr/bin/cmake --build /home/abhinandan/ROS2-projects/manipulation/build/arduinobot_messages -- -j4 -l4
[0.467s] DEBUG:colcon.colcon_core.event_handler.log_command:Invoking command in '/home/abhinandan/ROS2-projects/manipulation/build/arduinobot_controller': CMAKE_PREFIX_PATH=${CMAKE_PREFIX_PATH}:/home/abhinandan/ROS2-projects/manipulation/install/arduinobot_py_examples:/opt/ros/humble /usr/bin/cmake --build /home/abhinandan/ROS2-projects/manipulation/build/arduinobot_controller -- -j4 -l4
[0.487s] DEBUG:colcon.colcon_core.event_handler.log_command:Invoking command in '/home/abhinandan/ROS2-projects/manipulation/build/arduinobot_cpp_examples': CMAKE_PREFIX_PATH=${CMAKE_PREFIX_PATH}:/home/abhinandan/ROS2-projects/manipulation/install/arduinobot_py_examples:/opt/ros/humble /usr/bin/cmake --build /home/abhinandan/ROS2-projects/manipulation/build/arduinobot_cpp_examples -- -j4 -l4
[0.511s] DEBUG:colcon.colcon_core.event_handler.log_command:Invoking command in '/home/abhinandan/ROS2-projects/manipulation/build/arduinobot_description': CMAKE_PREFIX_PATH=${CMAKE_PREFIX_PATH}:/home/abhinandan/ROS2-projects/manipulation/install/arduinobot_py_examples:/opt/ros/humble /usr/bin/cmake --build /home/abhinandan/ROS2-projects/manipulation/build/arduinobot_description -- -j4 -l4
[0.520s] DEBUG:colcon.colcon_core.event_handler.log_command:Invoked command in '/home/abhinandan/ROS2-projects/manipulation/build/arduinobot_controller' returned '0': CMAKE_PREFIX_PATH=${CMAKE_PREFIX_PATH}:/home/abhinandan/ROS2-projects/manipulation/install/arduinobot_py_examples:/opt/ros/humble /usr/bin/cmake --build /home/abhinandan/ROS2-projects/manipulation/build/arduinobot_controller -- -j4 -l4
[0.531s] DEBUG:colcon.colcon_core.event_handler.log_command:Invoking command in '/home/abhinandan/ROS2-projects/manipulation/build/arduinobot_controller': CMAKE_PREFIX_PATH=${CMAKE_PREFIX_PATH}:/home/abhinandan/ROS2-projects/manipulation/install/arduinobot_py_examples:/opt/ros/humble /usr/bin/cmake --install /home/abhinandan/ROS2-projects/manipulation/build/arduinobot_controller
[0.551s] DEBUG:colcon.colcon_core.event_handler.log_command:Invoked command in '/home/abhinandan/ROS2-projects/manipulation/build/arduinobot_cpp_examples' returned '0': CMAKE_PREFIX_PATH=${CMAKE_PREFIX_PATH}:/home/abhinandan/ROS2-projects/manipulation/install/arduinobot_py_examples:/opt/ros/humble /usr/bin/cmake --build /home/abhinandan/ROS2-projects/manipulation/build/arduinobot_cpp_examples -- -j4 -l4
[0.559s] DEBUG:colcon.colcon_core.event_handler.log_command:Invoking command in '/home/abhinandan/ROS2-projects/manipulation/build/arduinobot_cpp_examples': CMAKE_PREFIX_PATH=${CMAKE_PREFIX_PATH}:/home/abhinandan/ROS2-projects/manipulation/install/arduinobot_py_examples:/opt/ros/humble /usr/bin/cmake --install /home/abhinandan/ROS2-projects/manipulation/build/arduinobot_cpp_examples
[0.569s] Level 1:colcon.colcon_core.environment:create_environment_scripts_only(arduinobot_controller)
[0.570s] DEBUG:colcon.colcon_core.event_handler.log_command:Invoked command in '/home/abhinandan/ROS2-projects/manipulation/build/arduinobot_controller' returned '0': CMAKE_PREFIX_PATH=${CMAKE_PREFIX_PATH}:/home/abhinandan/ROS2-projects/manipulation/install/arduinobot_py_examples:/opt/ros/humble /usr/bin/cmake --install /home/abhinandan/ROS2-projects/manipulation/build/arduinobot_controller
[0.572s] Level 1:colcon.colcon_core.environment:checking '/home/abhinandan/ROS2-projects/manipulation/install/arduinobot_controller' for CMake module files
[0.573s] Level 1:colcon.colcon_core.environment:checking '/home/abhinandan/ROS2-projects/manipulation/install/arduinobot_controller' for CMake config files
[0.573s] Level 1:colcon.colcon_core.shell:create_environment_hook('arduinobot_controller', 'cmake_prefix_path')
[0.573s] INFO:colcon.colcon_core.shell:Creating environment hook '/home/abhinandan/ROS2-projects/manipulation/install/arduinobot_controller/share/arduinobot_controller/hook/cmake_prefix_path.ps1'
[0.574s] INFO:colcon.colcon_core.shell:Creating environment descriptor '/home/abhinandan/ROS2-projects/manipulation/install/arduinobot_controller/share/arduinobot_controller/hook/cmake_prefix_path.dsv'
[0.574s] INFO:colcon.colcon_core.shell:Creating environment hook '/home/abhinandan/ROS2-projects/manipulation/install/arduinobot_controller/share/arduinobot_controller/hook/cmake_prefix_path.sh'
[0.575s] Level 1:colcon.colcon_core.environment:checking '/home/abhinandan/ROS2-projects/manipulation/install/arduinobot_controller/bin'
[0.575s] Level 1:colcon.colcon_core.environment:checking '/home/abhinandan/ROS2-projects/manipulation/install/arduinobot_controller/lib/pkgconfig/arduinobot_controller.pc'
[0.575s] Level 1:colcon.colcon_core.environment:checking '/home/abhinandan/ROS2-projects/manipulation/install/arduinobot_controller/lib/python3.10/site-packages'
[0.575s] Level 1:colcon.colcon_core.environment:checking '/home/abhinandan/ROS2-projects/manipulation/install/arduinobot_controller/bin'
[0.575s] INFO:colcon.colcon_core.shell:Creating package script '/home/abhinandan/ROS2-projects/manipulation/install/arduinobot_controller/share/arduinobot_controller/package.ps1'
[0.576s] INFO:colcon.colcon_core.shell:Creating package descriptor '/home/abhinandan/ROS2-projects/manipulation/install/arduinobot_controller/share/arduinobot_controller/package.dsv'
[0.576s] INFO:colcon.colcon_core.shell:Creating package script '/home/abhinandan/ROS2-projects/manipulation/install/arduinobot_controller/share/arduinobot_controller/package.sh'
[0.576s] INFO:colcon.colcon_core.shell:Creating package script '/home/abhinandan/ROS2-projects/manipulation/install/arduinobot_controller/share/arduinobot_controller/package.bash'
[0.577s] INFO:colcon.colcon_core.shell:Creating package script '/home/abhinandan/ROS2-projects/manipulation/install/arduinobot_controller/share/arduinobot_controller/package.zsh'
[0.577s] Level 1:colcon.colcon_core.environment:create_file_with_runtime_dependencies(/home/abhinandan/ROS2-projects/manipulation/install/arduinobot_controller/share/colcon-core/packages/arduinobot_controller)
[0.578s] Level 1:colcon.colcon_core.environment:create_environment_scripts_only(arduinobot_controller)
[0.578s] Level 1:colcon.colcon_core.environment:checking '/home/abhinandan/ROS2-projects/manipulation/install/arduinobot_controller' for CMake module files
[0.578s] Level 1:colcon.colcon_core.environment:checking '/home/abhinandan/ROS2-projects/manipulation/install/arduinobot_controller' for CMake config files
[0.578s] Level 1:colcon.colcon_core.shell:create_environment_hook('arduinobot_controller', 'cmake_prefix_path')
[0.578s] INFO:colcon.colcon_core.shell:Creating environment hook '/home/abhinandan/ROS2-projects/manipulation/install/arduinobot_controller/share/arduinobot_controller/hook/cmake_prefix_path.ps1'
[0.578s] INFO:colcon.colcon_core.shell:Creating environment descriptor '/home/abhinandan/ROS2-projects/manipulation/install/arduinobot_controller/share/arduinobot_controller/hook/cmake_prefix_path.dsv'
[0.578s] INFO:colcon.colcon_core.shell:Creating environment hook '/home/abhinandan/ROS2-projects/manipulation/install/arduinobot_controller/share/arduinobot_controller/hook/cmake_prefix_path.sh'
[0.579s] Level 1:colcon.colcon_core.environment:checking '/home/abhinandan/ROS2-projects/manipulation/install/arduinobot_controller/bin'
[0.579s] Level 1:colcon.colcon_core.environment:checking '/home/abhinandan/ROS2-projects/manipulation/install/arduinobot_controller/lib/pkgconfig/arduinobot_controller.pc'
[0.579s] Level 1:colcon.colcon_core.environment:checking '/home/abhinandan/ROS2-projects/manipulation/install/arduinobot_controller/lib/python3.10/site-packages'
[0.579s] Level 1:colcon.colcon_core.environment:checking '/home/abhinandan/ROS2-projects/manipulation/install/arduinobot_controller/bin'
[0.579s] INFO:colcon.colcon_core.shell:Creating package script '/home/abhinandan/ROS2-projects/manipulation/install/arduinobot_controller/share/arduinobot_controller/package.ps1'
[0.579s] INFO:colcon.colcon_core.shell:Creating package descriptor '/home/abhinandan/ROS2-projects/manipulation/install/arduinobot_controller/share/arduinobot_controller/package.dsv'
[0.579s] INFO:colcon.colcon_core.shell:Creating package script '/home/abhinandan/ROS2-projects/manipulation/install/arduinobot_controller/share/arduinobot_controller/package.sh'
[0.580s] INFO:colcon.colcon_core.shell:Creating package script '/home/abhinandan/ROS2-projects/manipulation/install/arduinobot_controller/share/arduinobot_controller/package.bash'
[0.580s] INFO:colcon.colcon_core.shell:Creating package script '/home/abhinandan/ROS2-projects/manipulation/install/arduinobot_controller/share/arduinobot_controller/package.zsh'
[0.580s] Level 1:colcon.colcon_core.environment:create_file_with_runtime_dependencies(/home/abhinandan/ROS2-projects/manipulation/install/arduinobot_controller/share/colcon-core/packages/arduinobot_controller)
[0.580s] INFO:colcon.colcon_ros.task.ament_cmake.build:Building ROS package in '/home/abhinandan/ROS2-projects/manipulation/src/arduinobot_moveit' with build type 'ament_cmake'
[0.580s] INFO:colcon.colcon_cmake.task.cmake.build:Building CMake package in '/home/abhinandan/ROS2-projects/manipulation/src/arduinobot_moveit'
[0.580s] INFO:colcon.colcon_core.shell:Skip shell extension 'powershell' for command environment: Not usable outside of PowerShell
[0.580s] DEBUG:colcon.colcon_core.shell:Skip shell extension 'dsv' for command environment
[0.593s] Level 1:colcon.colcon_core.environment:create_environment_scripts_only(arduinobot_cpp_examples)
[0.593s] Level 1:colcon.colcon_core.environment:checking '/home/abhinandan/ROS2-projects/manipulation/install/arduinobot_cpp_examples' for CMake module files
[0.593s] Level 1:colcon.colcon_core.environment:checking '/home/abhinandan/ROS2-projects/manipulation/install/arduinobot_cpp_examples' for CMake config files
[0.594s] DEBUG:colcon.colcon_core.event_handler.log_command:Invoked command in '/home/abhinandan/ROS2-projects/manipulation/build/arduinobot_cpp_examples' returned '0': CMAKE_PREFIX_PATH=${CMAKE_PREFIX_PATH}:/home/abhinandan/ROS2-projects/manipulation/install/arduinobot_py_examples:/opt/ros/humble /usr/bin/cmake --install /home/abhinandan/ROS2-projects/manipulation/build/arduinobot_cpp_examples
[0.594s] Level 1:colcon.colcon_core.shell:create_environment_hook('arduinobot_cpp_examples', 'cmake_prefix_path')
[0.594s] INFO:colcon.colcon_core.shell:Creating environment hook '/home/abhinandan/ROS2-projects/manipulation/install/arduinobot_cpp_examples/share/arduinobot_cpp_examples/hook/cmake_prefix_path.ps1'
[0.594s] INFO:colcon.colcon_core.shell:Creating environment descriptor '/home/abhinandan/ROS2-projects/manipulation/install/arduinobot_cpp_examples/share/arduinobot_cpp_examples/hook/cmake_prefix_path.dsv'
[0.594s] INFO:colcon.colcon_core.shell:Creating environment hook '/home/abhinandan/ROS2-projects/manipulation/install/arduinobot_cpp_examples/share/arduinobot_cpp_examples/hook/cmake_prefix_path.sh'
[0.595s] Level 1:colcon.colcon_core.environment:checking '/home/abhinandan/ROS2-projects/manipulation/install/arduinobot_cpp_examples/bin'
[0.595s] Level 1:colcon.colcon_core.environment:checking '/home/abhinandan/ROS2-projects/manipulation/install/arduinobot_cpp_examples/lib/pkgconfig/arduinobot_cpp_examples.pc'
[0.595s] Level 1:colcon.colcon_core.environment:checking '/home/abhinandan/ROS2-projects/manipulation/install/arduinobot_cpp_examples/lib/python3.10/site-packages'
[0.595s] Level 1:colcon.colcon_core.environment:checking '/home/abhinandan/ROS2-projects/manipulation/install/arduinobot_cpp_examples/bin'
[0.595s] INFO:colcon.colcon_core.shell:Creating package script '/home/abhinandan/ROS2-projects/manipulation/install/arduinobot_cpp_examples/share/arduinobot_cpp_examples/package.ps1'
[0.595s] INFO:colcon.colcon_core.shell:Creating package descriptor '/home/abhinandan/ROS2-projects/manipulation/install/arduinobot_cpp_examples/share/arduinobot_cpp_examples/package.dsv'
[0.595s] INFO:colcon.colcon_core.shell:Creating package script '/home/abhinandan/ROS2-projects/manipulation/install/arduinobot_cpp_examples/share/arduinobot_cpp_examples/package.sh'
[0.596s] INFO:colcon.colcon_core.shell:Creating package script '/home/abhinandan/ROS2-projects/manipulation/install/arduinobot_cpp_examples/share/arduinobot_cpp_examples/package.bash'
[0.596s] INFO:colcon.colcon_core.shell:Creating package script '/home/abhinandan/ROS2-projects/manipulation/install/arduinobot_cpp_examples/share/arduinobot_cpp_examples/package.zsh'
[0.596s] Level 1:colcon.colcon_core.environment:create_file_with_runtime_dependencies(/home/abhinandan/ROS2-projects/manipulation/install/arduinobot_cpp_examples/share/colcon-core/packages/arduinobot_cpp_examples)
[0.596s] Level 1:colcon.colcon_core.environment:create_environment_scripts_only(arduinobot_cpp_examples)
[0.596s] Level 1:colcon.colcon_core.environment:checking '/home/abhinandan/ROS2-projects/manipulation/install/arduinobot_cpp_examples' for CMake module files
[0.596s] Level 1:colcon.colcon_core.environment:checking '/home/abhinandan/ROS2-projects/manipulation/install/arduinobot_cpp_examples' for CMake config files
[0.596s] Level 1:colcon.colcon_core.shell:create_environment_hook('arduinobot_cpp_examples', 'cmake_prefix_path')
[0.596s] INFO:colcon.colcon_core.shell:Creating environment hook '/home/abhinandan/ROS2-projects/manipulation/install/arduinobot_cpp_examples/share/arduinobot_cpp_examples/hook/cmake_prefix_path.ps1'
[0.597s] INFO:colcon.colcon_core.shell:Creating environment descriptor '/home/abhinandan/ROS2-projects/manipulation/install/arduinobot_cpp_examples/share/arduinobot_cpp_examples/hook/cmake_prefix_path.dsv'
[0.597s] INFO:colcon.colcon_core.shell:Creating environment hook '/home/abhinandan/ROS2-projects/manipulation/install/arduinobot_cpp_examples/share/arduinobot_cpp_examples/hook/cmake_prefix_path.sh'
[0.597s] Level 1:colcon.colcon_core.environment:checking '/home/abhinandan/ROS2-projects/manipulation/install/arduinobot_cpp_examples/bin'
[0.597s] Level 1:colcon.colcon_core.environment:checking '/home/abhinandan/ROS2-projects/manipulation/install/arduinobot_cpp_examples/lib/pkgconfig/arduinobot_cpp_examples.pc'
[0.597s] Level 1:colcon.colcon_core.environment:checking '/home/abhinandan/ROS2-projects/manipulation/install/arduinobot_cpp_examples/lib/python3.10/site-packages'
[0.597s] Level 1:colcon.colcon_core.environment:checking '/home/abhinandan/ROS2-projects/manipulation/install/arduinobot_cpp_examples/bin'
[0.597s] INFO:colcon.colcon_core.shell:Creating package script '/home/abhinandan/ROS2-projects/manipulation/install/arduinobot_cpp_examples/share/arduinobot_cpp_examples/package.ps1'
[0.597s] INFO:colcon.colcon_core.shell:Creating package descriptor '/home/abhinandan/ROS2-projects/manipulation/install/arduinobot_cpp_examples/share/arduinobot_cpp_examples/package.dsv'
[0.598s] INFO:colcon.colcon_core.shell:Creating package script '/home/abhinandan/ROS2-projects/manipulation/install/arduinobot_cpp_examples/share/arduinobot_cpp_examples/package.sh'
[0.598s] INFO:colcon.colcon_core.shell:Creating package script '/home/abhinandan/ROS2-projects/manipulation/install/arduinobot_cpp_examples/share/arduinobot_cpp_examples/package.bash'
[0.598s] INFO:colcon.colcon_core.shell:Creating package script '/home/abhinandan/ROS2-projects/manipulation/install/arduinobot_cpp_examples/share/arduinobot_cpp_examples/package.zsh'
[0.598s] Level 1:colcon.colcon_core.environment:create_file_with_runtime_dependencies(/home/abhinandan/ROS2-projects/manipulation/install/arduinobot_cpp_examples/share/colcon-core/packages/arduinobot_cpp_examples)
[0.598s] DEBUG:colcon.colcon_core.event_handler.log_command:Invoked command in '/home/abhinandan/ROS2-projects/manipulation/build/arduinobot_description' returned '0': CMAKE_PREFIX_PATH=${CMAKE_PREFIX_PATH}:/home/abhinandan/ROS2-projects/manipulation/install/arduinobot_py_examples:/opt/ros/humble /usr/bin/cmake --build /home/abhinandan/ROS2-projects/manipulation/build/arduinobot_description -- -j4 -l4
[0.600s] DEBUG:colcon.colcon_core.event_handler.log_command:Invoking command in '/home/abhinandan/ROS2-projects/manipulation/build/arduinobot_description': CMAKE_PREFIX_PATH=${CMAKE_PREFIX_PATH}:/home/abhinandan/ROS2-projects/manipulation/install/arduinobot_py_examples:/opt/ros/humble /usr/bin/cmake --install /home/abhinandan/ROS2-projects/manipulation/build/arduinobot_description
[0.611s] DEBUG:colcon.colcon_core.event_handler.log_command:Invoking command in '/home/abhinandan/ROS2-projects/manipulation/build/arduinobot_moveit': CMAKE_PREFIX_PATH=${CMAKE_PREFIX_PATH}:/home/abhinandan/ROS2-projects/manipulation/install/arduinobot_py_examples:/opt/ros/humble /usr/bin/cmake /home/abhinandan/ROS2-projects/manipulation/src/arduinobot_moveit -DCMAKE_INSTALL_PREFIX=/home/abhinandan/ROS2-projects/manipulation/install/arduinobot_moveit
[0.615s] Level 1:colcon.colcon_core.environment:create_environment_scripts_only(arduinobot_description)
[0.615s] Level 1:colcon.colcon_core.environment:checking '/home/abhinandan/ROS2-projects/manipulation/install/arduinobot_description' for CMake module files
[0.615s] Level 1:colcon.colcon_core.environment:checking '/home/abhinandan/ROS2-projects/manipulation/install/arduinobot_description' for CMake config files
[0.615s] DEBUG:colcon.colcon_core.event_handler.log_command:Invoked command in '/home/abhinandan/ROS2-projects/manipulation/build/arduinobot_description' returned '0': CMAKE_PREFIX_PATH=${CMAKE_PREFIX_PATH}:/home/abhinandan/ROS2-projects/manipulation/install/arduinobot_py_examples:/opt/ros/humble /usr/bin/cmake --install /home/abhinandan/ROS2-projects/manipulation/build/arduinobot_description
[0.616s] Level 1:colcon.colcon_core.shell:create_environment_hook('arduinobot_description', 'cmake_prefix_path')
[0.616s] INFO:colcon.colcon_core.shell:Creating environment hook '/home/abhinandan/ROS2-projects/manipulation/install/arduinobot_description/share/arduinobot_description/hook/cmake_prefix_path.ps1'
[0.616s] INFO:colcon.colcon_core.shell:Creating environment descriptor '/home/abhinandan/ROS2-projects/manipulation/install/arduinobot_description/share/arduinobot_description/hook/cmake_prefix_path.dsv'
[0.616s] INFO:colcon.colcon_core.shell:Creating environment hook '/home/abhinandan/ROS2-projects/manipulation/install/arduinobot_description/share/arduinobot_description/hook/cmake_prefix_path.sh'
[0.616s] Level 1:colcon.colcon_core.environment:checking '/home/abhinandan/ROS2-projects/manipulation/install/arduinobot_description/bin'
[0.616s] Level 1:colcon.colcon_core.environment:checking '/home/abhinandan/ROS2-projects/manipulation/install/arduinobot_description/lib/pkgconfig/arduinobot_description.pc'
[0.616s] Level 1:colcon.colcon_core.environment:checking '/home/abhinandan/ROS2-projects/manipulation/install/arduinobot_description/lib/python3.10/site-packages'
[0.617s] Level 1:colcon.colcon_core.environment:checking '/home/abhinandan/ROS2-projects/manipulation/install/arduinobot_description/bin'
[0.617s] INFO:colcon.colcon_core.shell:Creating package script '/home/abhinandan/ROS2-projects/manipulation/install/arduinobot_description/share/arduinobot_description/package.ps1'
[0.617s] INFO:colcon.colcon_core.shell:Creating package descriptor '/home/abhinandan/ROS2-projects/manipulation/install/arduinobot_description/share/arduinobot_description/package.dsv'
[0.617s] INFO:colcon.colcon_core.shell:Creating package script '/home/abhinandan/ROS2-projects/manipulation/install/arduinobot_description/share/arduinobot_description/package.sh'
[0.617s] INFO:colcon.colcon_core.shell:Creating package script '/home/abhinandan/ROS2-projects/manipulation/install/arduinobot_description/share/arduinobot_description/package.bash'
[0.618s] INFO:colcon.colcon_core.shell:Creating package script '/home/abhinandan/ROS2-projects/manipulation/install/arduinobot_description/share/arduinobot_description/package.zsh'
[0.618s] Level 1:colcon.colcon_core.environment:create_file_with_runtime_dependencies(/home/abhinandan/ROS2-projects/manipulation/install/arduinobot_description/share/colcon-core/packages/arduinobot_description)
[0.618s] Level 1:colcon.colcon_core.environment:create_environment_scripts_only(arduinobot_description)
[0.618s] Level 1:colcon.colcon_core.environment:checking '/home/abhinandan/ROS2-projects/manipulation/install/arduinobot_description' for CMake module files
[0.618s] Level 1:colcon.colcon_core.environment:checking '/home/abhinandan/ROS2-projects/manipulation/install/arduinobot_description' for CMake config files
[0.618s] Level 1:colcon.colcon_core.shell:create_environment_hook('arduinobot_description', 'cmake_prefix_path')
[0.618s] INFO:colcon.colcon_core.shell:Creating environment hook '/home/abhinandan/ROS2-projects/manipulation/install/arduinobot_description/share/arduinobot_description/hook/cmake_prefix_path.ps1'
[0.618s] INFO:colcon.colcon_core.shell:Creating environment descriptor '/home/abhinandan/ROS2-projects/manipulation/install/arduinobot_description/share/arduinobot_description/hook/cmake_prefix_path.dsv'
[0.619s] INFO:colcon.colcon_core.shell:Creating environment hook '/home/abhinandan/ROS2-projects/manipulation/install/arduinobot_description/share/arduinobot_description/hook/cmake_prefix_path.sh'
[0.619s] Level 1:colcon.colcon_core.environment:checking '/home/abhinandan/ROS2-projects/manipulation/install/arduinobot_description/bin'
[0.619s] Level 1:colcon.colcon_core.environment:checking '/home/abhinandan/ROS2-projects/manipulation/install/arduinobot_description/lib/pkgconfig/arduinobot_description.pc'
[0.619s] Level 1:colcon.colcon_core.environment:checking '/home/abhinandan/ROS2-projects/manipulation/install/arduinobot_description/lib/python3.10/site-packages'
[0.619s] Level 1:colcon.colcon_core.environment:checking '/home/abhinandan/ROS2-projects/manipulation/install/arduinobot_description/bin'
[0.619s] INFO:colcon.colcon_core.shell:Creating package script '/home/abhinandan/ROS2-projects/manipulation/install/arduinobot_description/share/arduinobot_description/package.ps1'
[0.620s] INFO:colcon.colcon_core.shell:Creating package descriptor '/home/abhinandan/ROS2-projects/manipulation/install/arduinobot_description/share/arduinobot_description/package.dsv'
[0.620s] INFO:colcon.colcon_core.shell:Creating package script '/home/abhinandan/ROS2-projects/manipulation/install/arduinobot_description/share/arduinobot_description/package.sh'
[0.620s] INFO:colcon.colcon_core.shell:Creating package script '/home/abhinandan/ROS2-projects/manipulation/install/arduinobot_description/share/arduinobot_description/package.bash'
[0.620s] INFO:colcon.colcon_core.shell:Creating package script '/home/abhinandan/ROS2-projects/manipulation/install/arduinobot_description/share/arduinobot_description/package.zsh'
[0.620s] Level 1:colcon.colcon_core.environment:create_file_with_runtime_dependencies(/home/abhinandan/ROS2-projects/manipulation/install/arduinobot_description/share/colcon-core/packages/arduinobot_description)
[0.865s] DEBUG:colcon.colcon_core.event_handler.log_command:Invoked command in '/home/abhinandan/ROS2-projects/manipulation/build/arduinobot_messages' returned '0': CMAKE_PREFIX_PATH=${CMAKE_PREFIX_PATH}:/home/abhinandan/ROS2-projects/manipulation/install/arduinobot_py_examples:/opt/ros/humble /usr/bin/cmake --build /home/abhinandan/ROS2-projects/manipulation/build/arduinobot_messages -- -j4 -l4
[0.868s] DEBUG:colcon.colcon_core.event_handler.log_command:Invoking command in '/home/abhinandan/ROS2-projects/manipulation/build/arduinobot_messages': CMAKE_PREFIX_PATH=${CMAKE_PREFIX_PATH}:/home/abhinandan/ROS2-projects/manipulation/install/arduinobot_py_examples:/opt/ros/humble /usr/bin/cmake --install /home/abhinandan/ROS2-projects/manipulation/build/arduinobot_messages
[0.928s] Level 1:colcon.colcon_core.environment:create_environment_scripts_only(arduinobot_messages)
[0.929s] Level 1:colcon.colcon_core.environment:checking '/home/abhinandan/ROS2-projects/manipulation/install/arduinobot_messages' for CMake module files
[0.929s] DEBUG:colcon.colcon_core.event_handler.log_command:Invoked command in '/home/abhinandan/ROS2-projects/manipulation/build/arduinobot_messages' returned '0': CMAKE_PREFIX_PATH=${CMAKE_PREFIX_PATH}:/home/abhinandan/ROS2-projects/manipulation/install/arduinobot_py_examples:/opt/ros/humble /usr/bin/cmake --install /home/abhinandan/ROS2-projects/manipulation/build/arduinobot_messages
[0.929s] Level 1:colcon.colcon_core.environment:checking '/home/abhinandan/ROS2-projects/manipulation/install/arduinobot_messages' for CMake config files
[0.932s] Level 1:colcon.colcon_core.shell:create_environment_hook('arduinobot_messages', 'cmake_prefix_path')
[0.932s] INFO:colcon.colcon_core.shell:Creating environment hook '/home/abhinandan/ROS2-projects/manipulation/install/arduinobot_messages/share/arduinobot_messages/hook/cmake_prefix_path.ps1'
[0.932s] INFO:colcon.colcon_core.shell:Creating environment descriptor '/home/abhinandan/ROS2-projects/manipulation/install/arduinobot_messages/share/arduinobot_messages/hook/cmake_prefix_path.dsv'
[0.932s] INFO:colcon.colcon_core.shell:Creating environment hook '/home/abhinandan/ROS2-projects/manipulation/install/arduinobot_messages/share/arduinobot_messages/hook/cmake_prefix_path.sh'
[0.933s] Level 1:colcon.colcon_core.environment:checking '/home/abhinandan/ROS2-projects/manipulation/install/arduinobot_messages/lib'
[0.933s] Level 1:colcon.colcon_core.shell:create_environment_hook('arduinobot_messages', 'ld_library_path_lib')
[0.933s] INFO:colcon.colcon_core.shell:Creating environment hook '/home/abhinandan/ROS2-projects/manipulation/install/arduinobot_messages/share/arduinobot_messages/hook/ld_library_path_lib.ps1'
[0.933s] INFO:colcon.colcon_core.shell:Creating environment descriptor '/home/abhinandan/ROS2-projects/manipulation/install/arduinobot_messages/share/arduinobot_messages/hook/ld_library_path_lib.dsv'
[0.933s] INFO:colcon.colcon_core.shell:Creating environment hook '/home/abhinandan/ROS2-projects/manipulation/install/arduinobot_messages/share/arduinobot_messages/hook/ld_library_path_lib.sh'
[0.933s] Level 1:colcon.colcon_core.environment:checking '/home/abhinandan/ROS2-projects/manipulation/install/arduinobot_messages/bin'
[0.933s] Level 1:colcon.colcon_core.environment:checking '/home/abhinandan/ROS2-projects/manipulation/install/arduinobot_messages/lib/pkgconfig/arduinobot_messages.pc'
[0.934s] Level 1:colcon.colcon_core.environment:checking '/home/abhinandan/ROS2-projects/manipulation/install/arduinobot_messages/lib/python3.10/site-packages'
[0.934s] Level 1:colcon.colcon_core.environment:checking '/home/abhinandan/ROS2-projects/manipulation/install/arduinobot_messages/bin'
[0.934s] INFO:colcon.colcon_core.shell:Creating package script '/home/abhinandan/ROS2-projects/manipulation/install/arduinobot_messages/share/arduinobot_messages/package.ps1'
[0.934s] INFO:colcon.colcon_core.shell:Creating package descriptor '/home/abhinandan/ROS2-projects/manipulation/install/arduinobot_messages/share/arduinobot_messages/package.dsv'
[0.934s] INFO:colcon.colcon_core.shell:Creating package script '/home/abhinandan/ROS2-projects/manipulation/install/arduinobot_messages/share/arduinobot_messages/package.sh'
[0.935s] INFO:colcon.colcon_core.shell:Creating package script '/home/abhinandan/ROS2-projects/manipulation/install/arduinobot_messages/share/arduinobot_messages/package.bash'
[0.935s] INFO:colcon.colcon_core.shell:Creating package script '/home/abhinandan/ROS2-projects/manipulation/install/arduinobot_messages/share/arduinobot_messages/package.zsh'
[0.935s] Level 1:colcon.colcon_core.environment:create_file_with_runtime_dependencies(/home/abhinandan/ROS2-projects/manipulation/install/arduinobot_messages/share/colcon-core/packages/arduinobot_messages)
[0.935s] Level 1:colcon.colcon_core.environment:create_environment_scripts_only(arduinobot_messages)
[0.936s] Level 1:colcon.colcon_core.environment:checking '/home/abhinandan/ROS2-projects/manipulation/install/arduinobot_messages' for CMake module files
[0.936s] Level 1:colcon.colcon_core.environment:checking '/home/abhinandan/ROS2-projects/manipulation/install/arduinobot_messages' for CMake config files
[0.936s] Level 1:colcon.colcon_core.shell:create_environment_hook('arduinobot_messages', 'cmake_prefix_path')
[0.936s] INFO:colcon.colcon_core.shell:Creating environment hook '/home/abhinandan/ROS2-projects/manipulation/install/arduinobot_messages/share/arduinobot_messages/hook/cmake_prefix_path.ps1'
[0.936s] INFO:colcon.colcon_core.shell:Creating environment descriptor '/home/abhinandan/ROS2-projects/manipulation/install/arduinobot_messages/share/arduinobot_messages/hook/cmake_prefix_path.dsv'
[0.937s] INFO:colcon.colcon_core.shell:Creating environment hook '/home/abhinandan/ROS2-projects/manipulation/install/arduinobot_messages/share/arduinobot_messages/hook/cmake_prefix_path.sh'
[0.937s] Level 1:colcon.colcon_core.environment:checking '/home/abhinandan/ROS2-projects/manipulation/install/arduinobot_messages/lib'
[0.937s] Level 1:colcon.colcon_core.shell:create_environment_hook('arduinobot_messages', 'ld_library_path_lib')
[0.937s] INFO:colcon.colcon_core.shell:Creating environment hook '/home/abhinandan/ROS2-projects/manipulation/install/arduinobot_messages/share/arduinobot_messages/hook/ld_library_path_lib.ps1'
[0.937s] INFO:colcon.colcon_core.shell:Creating environment descriptor '/home/abhinandan/ROS2-projects/manipulation/install/arduinobot_messages/share/arduinobot_messages/hook/ld_library_path_lib.dsv'
[0.938s] INFO:colcon.colcon_core.shell:Creating environment hook '/home/abhinandan/ROS2-projects/manipulation/install/arduinobot_messages/share/arduinobot_messages/hook/ld_library_path_lib.sh'
[0.938s] Level 1:colcon.colcon_core.environment:checking '/home/abhinandan/ROS2-projects/manipulation/install/arduinobot_messages/bin'
[0.938s] Level 1:colcon.colcon_core.environment:checking '/home/abhinandan/ROS2-projects/manipulation/install/arduinobot_messages/lib/pkgconfig/arduinobot_messages.pc'
[0.938s] Level 1:colcon.colcon_core.environment:checking '/home/abhinandan/ROS2-projects/manipulation/install/arduinobot_messages/lib/python3.10/site-packages'
[0.938s] Level 1:colcon.colcon_core.environment:checking '/home/abhinandan/ROS2-projects/manipulation/install/arduinobot_messages/bin'
[0.939s] INFO:colcon.colcon_core.shell:Creating package script '/home/abhinandan/ROS2-projects/manipulation/install/arduinobot_messages/share/arduinobot_messages/package.ps1'
[0.940s] INFO:colcon.colcon_core.shell:Creating package descriptor '/home/abhinandan/ROS2-projects/manipulation/install/arduinobot_messages/share/arduinobot_messages/package.dsv'
[0.940s] INFO:colcon.colcon_core.shell:Creating package script '/home/abhinandan/ROS2-projects/manipulation/install/arduinobot_messages/share/arduinobot_messages/package.sh'
[0.940s] INFO:colcon.colcon_core.shell:Creating package script '/home/abhinandan/ROS2-projects/manipulation/install/arduinobot_messages/share/arduinobot_messages/package.bash'
[0.940s] INFO:colcon.colcon_core.shell:Creating package script '/home/abhinandan/ROS2-projects/manipulation/install/arduinobot_messages/share/arduinobot_messages/package.zsh'
[0.940s] Level 1:colcon.colcon_core.environment:create_file_with_runtime_dependencies(/home/abhinandan/ROS2-projects/manipulation/install/arduinobot_messages/share/colcon-core/packages/arduinobot_messages)
[0.941s] INFO:colcon.colcon_ros.task.ament_python.build:Building ROS package in '/home/abhinandan/ROS2-projects/manipulation/src/arduinobot_py_examples' with build type 'ament_python'
[0.941s] Level 1:colcon.colcon_core.shell:create_environment_hook('arduinobot_py_examples', 'ament_prefix_path')
[0.941s] INFO:colcon.colcon_core.shell:Creating environment hook '/home/abhinandan/ROS2-projects/manipulation/install/arduinobot_py_examples/share/arduinobot_py_examples/hook/ament_prefix_path.ps1'
[0.942s] INFO:colcon.colcon_core.shell:Creating environment descriptor '/home/abhinandan/ROS2-projects/manipulation/install/arduinobot_py_examples/share/arduinobot_py_examples/hook/ament_prefix_path.dsv'
[0.942s] INFO:colcon.colcon_core.shell:Creating environment hook '/home/abhinandan/ROS2-projects/manipulation/install/arduinobot_py_examples/share/arduinobot_py_examples/hook/ament_prefix_path.sh'
[0.942s] INFO:colcon.colcon_core.shell:Skip shell extension 'powershell' for command environment: Not usable outside of PowerShell
[0.942s] DEBUG:colcon.colcon_core.shell:Skip shell extension 'dsv' for command environment
[0.946s] INFO:colcon.colcon_ros.task.ament_cmake.build:Building ROS package in '/home/abhinandan/ROS2-projects/manipulation/src/arduinobot_utils' with build type 'ament_cmake'
[0.946s] INFO:colcon.colcon_cmake.task.cmake.build:Building CMake package in '/home/abhinandan/ROS2-projects/manipulation/src/arduinobot_utils'
[0.946s] INFO:colcon.colcon_core.shell:Skip shell extension 'powershell' for command environment: Not usable outside of PowerShell
[0.946s] DEBUG:colcon.colcon_core.shell:Skip shell extension 'dsv' for command environment
[1.236s] INFO:colcon.colcon_core.task.python.build:Building Python package in '/home/abhinandan/ROS2-projects/manipulation/src/arduinobot_py_examples'
[1.236s] INFO:colcon.colcon_core.shell:Skip shell extension 'powershell' for command environment: Not usable outside of PowerShell
[1.236s] DEBUG:colcon.colcon_core.shell:Skip shell extension 'dsv' for command environment
[1.260s] DEBUG:colcon.colcon_core.event_handler.log_command:Invoking command in '/home/abhinandan/ROS2-projects/manipulation/build/arduinobot_utils': CMAKE_PREFIX_PATH=/home/abhinandan/ROS2-projects/manipulation/install/arduinobot_messages:/home/abhinandan/ROS2-projects/manipulation/install/arduinobot_utils:/home/abhinandan/ROS2-projects/manipulation/install/arduinobot_description:/home/abhinandan/ROS2-projects/manipulation/install/arduinobot_cpp_examples:/home/abhinandan/ROS2-projects/manipulation/install/arduinobot_controller:/home/abhinandan/ROS2-projects/manipulation/install/arduinobot_py_examples:/opt/ros/humble /usr/bin/cmake --build /home/abhinandan/ROS2-projects/manipulation/build/arduinobot_utils -- -j4 -l4
[1.569s] DEBUG:colcon.colcon_core.event_handler.log_command:Invoked command in '/home/abhinandan/ROS2-projects/manipulation/build/arduinobot_utils' returned '0': CMAKE_PREFIX_PATH=/home/abhinandan/ROS2-projects/manipulation/install/arduinobot_messages:/home/abhinandan/ROS2-projects/manipulation/install/arduinobot_utils:/home/abhinandan/ROS2-projects/manipulation/install/arduinobot_description:/home/abhinandan/ROS2-projects/manipulation/install/arduinobot_cpp_examples:/home/abhinandan/ROS2-projects/manipulation/install/arduinobot_controller:/home/abhinandan/ROS2-projects/manipulation/install/arduinobot_py_examples:/opt/ros/humble /usr/bin/cmake --build /home/abhinandan/ROS2-projects/manipulation/build/arduinobot_utils -- -j4 -l4
[1.577s] DEBUG:colcon.colcon_core.event_handler.log_command:Invoking command in '/home/abhinandan/ROS2-projects/manipulation/build/arduinobot_utils': CMAKE_PREFIX_PATH=/home/abhinandan/ROS2-projects/manipulation/install/arduinobot_messages:/home/abhinandan/ROS2-projects/manipulation/install/arduinobot_utils:/home/abhinandan/ROS2-projects/manipulation/install/arduinobot_description:/home/abhinandan/ROS2-projects/manipulation/install/arduinobot_cpp_examples:/home/abhinandan/ROS2-projects/manipulation/install/arduinobot_controller:/home/abhinandan/ROS2-projects/manipulation/install/arduinobot_py_examples:/opt/ros/humble /usr/bin/cmake --install /home/abhinandan/ROS2-projects/manipulation/build/arduinobot_utils
[1.613s] Level 1:colcon.colcon_core.environment:create_environment_scripts_only(arduinobot_utils)
[1.613s] Level 1:colcon.colcon_core.environment:checking '/home/abhinandan/ROS2-projects/manipulation/install/arduinobot_utils' for CMake module files
[1.614s] DEBUG:colcon.colcon_core.event_handler.log_command:Invoked command in '/home/abhinandan/ROS2-projects/manipulation/build/arduinobot_utils' returned '0': CMAKE_PREFIX_PATH=/home/abhinandan/ROS2-projects/manipulation/install/arduinobot_messages:/home/abhinandan/ROS2-projects/manipulation/install/arduinobot_utils:/home/abhinandan/ROS2-projects/manipulation/install/arduinobot_description:/home/abhinandan/ROS2-projects/manipulation/install/arduinobot_cpp_examples:/home/abhinandan/ROS2-projects/manipulation/install/arduinobot_controller:/home/abhinandan/ROS2-projects/manipulation/install/arduinobot_py_examples:/opt/ros/humble /usr/bin/cmake --install /home/abhinandan/ROS2-projects/manipulation/build/arduinobot_utils
[1.615s] Level 1:colcon.colcon_core.environment:checking '/home/abhinandan/ROS2-projects/manipulation/install/arduinobot_utils' for CMake config files
[1.616s] Level 1:colcon.colcon_core.shell:create_environment_hook('arduinobot_utils', 'cmake_prefix_path')
[1.616s] INFO:colcon.colcon_core.shell:Creating environment hook '/home/abhinandan/ROS2-projects/manipulation/install/arduinobot_utils/share/arduinobot_utils/hook/cmake_prefix_path.ps1'
[1.616s] INFO:colcon.colcon_core.shell:Creating environment descriptor '/home/abhinandan/ROS2-projects/manipulation/install/arduinobot_utils/share/arduinobot_utils/hook/cmake_prefix_path.dsv'
[1.616s] INFO:colcon.colcon_core.shell:Creating environment hook '/home/abhinandan/ROS2-projects/manipulation/install/arduinobot_utils/share/arduinobot_utils/hook/cmake_prefix_path.sh'
[1.617s] Level 1:colcon.colcon_core.environment:checking '/home/abhinandan/ROS2-projects/manipulation/install/arduinobot_utils/lib'
[1.617s] Level 1:colcon.colcon_core.environment:checking '/home/abhinandan/ROS2-projects/manipulation/install/arduinobot_utils/bin'
[1.617s] Level 1:colcon.colcon_core.environment:checking '/home/abhinandan/ROS2-projects/manipulation/install/arduinobot_utils/lib/pkgconfig/arduinobot_utils.pc'
[1.617s] Level 1:colcon.colcon_core.environment:checking '/home/abhinandan/ROS2-projects/manipulation/install/arduinobot_utils/lib/python3.10/site-packages'
[1.617s] Level 1:colcon.colcon_core.environment:checking '/home/abhinandan/ROS2-projects/manipulation/install/arduinobot_utils/bin'
[1.617s] INFO:colcon.colcon_core.shell:Creating package script '/home/abhinandan/ROS2-projects/manipulation/install/arduinobot_utils/share/arduinobot_utils/package.ps1'
[1.618s] INFO:colcon.colcon_core.shell:Creating package descriptor '/home/abhinandan/ROS2-projects/manipulation/install/arduinobot_utils/share/arduinobot_utils/package.dsv'
[1.618s] INFO:colcon.colcon_core.shell:Creating package script '/home/abhinandan/ROS2-projects/manipulation/install/arduinobot_utils/share/arduinobot_utils/package.sh'
[1.618s] INFO:colcon.colcon_core.shell:Creating package script '/home/abhinandan/ROS2-projects/manipulation/install/arduinobot_utils/share/arduinobot_utils/package.bash'
[1.618s] INFO:colcon.colcon_core.shell:Creating package script '/home/abhinandan/ROS2-projects/manipulation/install/arduinobot_utils/share/arduinobot_utils/package.zsh'
[1.618s] Level 1:colcon.colcon_core.environment:create_file_with_runtime_dependencies(/home/abhinandan/ROS2-projects/manipulation/install/arduinobot_utils/share/colcon-core/packages/arduinobot_utils)
[1.619s] Level 1:colcon.colcon_core.environment:create_environment_scripts_only(arduinobot_utils)
[1.619s] Level 1:colcon.colcon_core.environment:checking '/home/abhinandan/ROS2-projects/manipulation/install/arduinobot_utils' for CMake module files
[1.619s] Level 1:colcon.colcon_core.environment:checking '/home/abhinandan/ROS2-projects/manipulation/install/arduinobot_utils' for CMake config files
[1.619s] Level 1:colcon.colcon_core.shell:create_environment_hook('arduinobot_utils', 'cmake_prefix_path')
[1.619s] INFO:colcon.colcon_core.shell:Creating environment hook '/home/abhinandan/ROS2-projects/manipulation/install/arduinobot_utils/share/arduinobot_utils/hook/cmake_prefix_path.ps1'
[1.620s] INFO:colcon.colcon_core.shell:Creating environment descriptor '/home/abhinandan/ROS2-projects/manipulation/install/arduinobot_utils/share/arduinobot_utils/hook/cmake_prefix_path.dsv'
[1.620s] INFO:colcon.colcon_core.shell:Creating environment hook '/home/abhinandan/ROS2-projects/manipulation/install/arduinobot_utils/share/arduinobot_utils/hook/cmake_prefix_path.sh'
[1.620s] Level 1:colcon.colcon_core.environment:checking '/home/abhinandan/ROS2-projects/manipulation/install/arduinobot_utils/lib'
[1.620s] Level 1:colcon.colcon_core.environment:checking '/home/abhinandan/ROS2-projects/manipulation/install/arduinobot_utils/bin'
[1.620s] Level 1:colcon.colcon_core.environment:checking '/home/abhinandan/ROS2-projects/manipulation/install/arduinobot_utils/lib/pkgconfig/arduinobot_utils.pc'
[1.620s] Level 1:colcon.colcon_core.environment:checking '/home/abhinandan/ROS2-projects/manipulation/install/arduinobot_utils/lib/python3.10/site-packages'
[1.620s] Level 1:colcon.colcon_core.environment:checking '/home/abhinandan/ROS2-projects/manipulation/install/arduinobot_utils/bin'
[1.621s] INFO:colcon.colcon_core.shell:Creating package script '/home/abhinandan/ROS2-projects/manipulation/install/arduinobot_utils/share/arduinobot_utils/package.ps1'
[1.621s] INFO:colcon.colcon_core.shell:Creating package descriptor '/home/abhinandan/ROS2-projects/manipulation/install/arduinobot_utils/share/arduinobot_utils/package.dsv'
[1.621s] INFO:colcon.colcon_core.shell:Creating package script '/home/abhinandan/ROS2-projects/manipulation/install/arduinobot_utils/share/arduinobot_utils/package.sh'
[1.622s] INFO:colcon.colcon_core.shell:Creating package script '/home/abhinandan/ROS2-projects/manipulation/install/arduinobot_utils/share/arduinobot_utils/package.bash'
[1.622s] INFO:colcon.colcon_core.shell:Creating package script '/home/abhinandan/ROS2-projects/manipulation/install/arduinobot_utils/share/arduinobot_utils/package.zsh'
[1.622s] Level 1:colcon.colcon_core.environment:create_file_with_runtime_dependencies(/home/abhinandan/ROS2-projects/manipulation/install/arduinobot_utils/share/colcon-core/packages/arduinobot_utils)
[1.628s] DEBUG:colcon.colcon_core.event_handler.log_command:Invoked command in '/home/abhinandan/ROS2-projects/manipulation/build/arduinobot_moveit' returned '0': CMAKE_PREFIX_PATH=${CMAKE_PREFIX_PATH}:/home/abhinandan/ROS2-projects/manipulation/install/arduinobot_py_examples:/opt/ros/humble /usr/bin/cmake /home/abhinandan/ROS2-projects/manipulation/src/arduinobot_moveit -DCMAKE_INSTALL_PREFIX=/home/abhinandan/ROS2-projects/manipulation/install/arduinobot_moveit
[1.628s] DEBUG:colcon.colcon_core.event_handler.log_command:Invoking command in '/home/abhinandan/ROS2-projects/manipulation/build/arduinobot_moveit': CMAKE_PREFIX_PATH=${CMAKE_PREFIX_PATH}:/home/abhinandan/ROS2-projects/manipulation/install/arduinobot_py_examples:/opt/ros/humble /usr/bin/cmake --build /home/abhinandan/ROS2-projects/manipulation/build/arduinobot_moveit -- -j4 -l4
[1.658s] DEBUG:colcon.colcon_core.event_handler.log_command:Invoked command in '/home/abhinandan/ROS2-projects/manipulation/build/arduinobot_moveit' returned '0': CMAKE_PREFIX_PATH=${CMAKE_PREFIX_PATH}:/home/abhinandan/ROS2-projects/manipulation/install/arduinobot_py_examples:/opt/ros/humble /usr/bin/cmake --build /home/abhinandan/ROS2-projects/manipulation/build/arduinobot_moveit -- -j4 -l4
[1.658s] DEBUG:colcon.colcon_core.event_handler.log_command:Invoking command in '/home/abhinandan/ROS2-projects/manipulation/build/arduinobot_moveit': CMAKE_PREFIX_PATH=${CMAKE_PREFIX_PATH}:/home/abhinandan/ROS2-projects/manipulation/install/arduinobot_py_examples:/opt/ros/humble /usr/bin/cmake --install /home/abhinandan/ROS2-projects/manipulation/build/arduinobot_moveit
[1.665s] Level 1:colcon.colcon_core.environment:create_environment_scripts_only(arduinobot_moveit)
[1.665s] DEBUG:colcon.colcon_core.event_handler.log_command:Invoked command in '/home/abhinandan/ROS2-projects/manipulation/build/arduinobot_moveit' returned '0': CMAKE_PREFIX_PATH=${CMAKE_PREFIX_PATH}:/home/abhinandan/ROS2-projects/manipulation/install/arduinobot_py_examples:/opt/ros/humble /usr/bin/cmake --install /home/abhinandan/ROS2-projects/manipulation/build/arduinobot_moveit
[1.665s] Level 1:colcon.colcon_core.environment:checking '/home/abhinandan/ROS2-projects/manipulation/install/arduinobot_moveit' for CMake module files
[1.666s] Level 1:colcon.colcon_core.environment:checking '/home/abhinandan/ROS2-projects/manipulation/install/arduinobot_moveit' for CMake config files
[1.666s] Level 1:colcon.colcon_core.shell:create_environment_hook('arduinobot_moveit', 'cmake_prefix_path')
[1.666s] INFO:colcon.colcon_core.shell:Creating environment hook '/home/abhinandan/ROS2-projects/manipulation/install/arduinobot_moveit/share/arduinobot_moveit/hook/cmake_prefix_path.ps1'
[1.666s] INFO:colcon.colcon_core.shell:Creating environment descriptor '/home/abhinandan/ROS2-projects/manipulation/install/arduinobot_moveit/share/arduinobot_moveit/hook/cmake_prefix_path.dsv'
[1.666s] INFO:colcon.colcon_core.shell:Creating environment hook '/home/abhinandan/ROS2-projects/manipulation/install/arduinobot_moveit/share/arduinobot_moveit/hook/cmake_prefix_path.sh'
[1.667s] Level 1:colcon.colcon_core.environment:checking '/home/abhinandan/ROS2-projects/manipulation/install/arduinobot_moveit/bin'
[1.667s] Level 1:colcon.colcon_core.environment:checking '/home/abhinandan/ROS2-projects/manipulation/install/arduinobot_moveit/lib/pkgconfig/arduinobot_moveit.pc'
[1.667s] Level 1:colcon.colcon_core.environment:checking '/home/abhinandan/ROS2-projects/manipulation/install/arduinobot_moveit/lib/python3.10/site-packages'
[1.667s] Level 1:colcon.colcon_core.environment:checking '/home/abhinandan/ROS2-projects/manipulation/install/arduinobot_moveit/bin'
[1.667s] INFO:colcon.colcon_core.shell:Creating package script '/home/abhinandan/ROS2-projects/manipulation/install/arduinobot_moveit/share/arduinobot_moveit/package.ps1'
[1.667s] INFO:colcon.colcon_core.shell:Creating package descriptor '/home/abhinandan/ROS2-projects/manipulation/install/arduinobot_moveit/share/arduinobot_moveit/package.dsv'
[1.667s] INFO:colcon.colcon_core.shell:Creating package script '/home/abhinandan/ROS2-projects/manipulation/install/arduinobot_moveit/share/arduinobot_moveit/package.sh'
[1.668s] INFO:colcon.colcon_core.shell:Creating package script '/home/abhinandan/ROS2-projects/manipulation/install/arduinobot_moveit/share/arduinobot_moveit/package.bash'
[1.668s] INFO:colcon.colcon_core.shell:Creating package script '/home/abhinandan/ROS2-projects/manipulation/install/arduinobot_moveit/share/arduinobot_moveit/package.zsh'
[1.668s] Level 1:colcon.colcon_core.environment:create_file_with_runtime_dependencies(/home/abhinandan/ROS2-projects/manipulation/install/arduinobot_moveit/share/colcon-core/packages/arduinobot_moveit)
[1.668s] Level 1:colcon.colcon_core.environment:create_environment_scripts_only(arduinobot_moveit)
[1.668s] Level 1:colcon.colcon_core.environment:checking '/home/abhinandan/ROS2-projects/manipulation/install/arduinobot_moveit' for CMake module files
[1.669s] Level 1:colcon.colcon_core.environment:checking '/home/abhinandan/ROS2-projects/manipulation/install/arduinobot_moveit' for CMake config files
[1.669s] Level 1:colcon.colcon_core.shell:create_environment_hook('arduinobot_moveit', 'cmake_prefix_path')
[1.669s] INFO:colcon.colcon_core.shell:Creating environment hook '/home/abhinandan/ROS2-projects/manipulation/install/arduinobot_moveit/share/arduinobot_moveit/hook/cmake_prefix_path.ps1'
[1.669s] INFO:colcon.colcon_core.shell:Creating environment descriptor '/home/abhinandan/ROS2-projects/manipulation/install/arduinobot_moveit/share/arduinobot_moveit/hook/cmake_prefix_path.dsv'
[1.669s] INFO:colcon.colcon_core.shell:Creating environment hook '/home/abhinandan/ROS2-projects/manipulation/install/arduinobot_moveit/share/arduinobot_moveit/hook/cmake_prefix_path.sh'
[1.669s] Level 1:colcon.colcon_core.environment:checking '/home/abhinandan/ROS2-projects/manipulation/install/arduinobot_moveit/bin'
[1.670s] Level 1:colcon.colcon_core.environment:checking '/home/abhinandan/ROS2-projects/manipulation/install/arduinobot_moveit/lib/pkgconfig/arduinobot_moveit.pc'
[1.670s] Level 1:colcon.colcon_core.environment:checking '/home/abhinandan/ROS2-projects/manipulation/install/arduinobot_moveit/lib/python3.10/site-packages'
[1.670s] Level 1:colcon.colcon_core.environment:checking '/home/abhinandan/ROS2-projects/manipulation/install/arduinobot_moveit/bin'
[1.670s] INFO:colcon.colcon_core.shell:Creating package script '/home/abhinandan/ROS2-projects/manipulation/install/arduinobot_moveit/share/arduinobot_moveit/package.ps1'
[1.670s] INFO:colcon.colcon_core.shell:Creating package descriptor '/home/abhinandan/ROS2-projects/manipulation/install/arduinobot_moveit/share/arduinobot_moveit/package.dsv'
[1.670s] INFO:colcon.colcon_core.shell:Creating package script '/home/abhinandan/ROS2-projects/manipulation/install/arduinobot_moveit/share/arduinobot_moveit/package.sh'
[1.671s] INFO:colcon.colcon_core.shell:Creating package script '/home/abhinandan/ROS2-projects/manipulation/install/arduinobot_moveit/share/arduinobot_moveit/package.bash'
[1.671s] INFO:colcon.colcon_core.shell:Creating package script '/home/abhinandan/ROS2-projects/manipulation/install/arduinobot_moveit/share/arduinobot_moveit/package.zsh'
[1.671s] Level 1:colcon.colcon_core.environment:create_file_with_runtime_dependencies(/home/abhinandan/ROS2-projects/manipulation/install/arduinobot_moveit/share/colcon-core/packages/arduinobot_moveit)
[1.816s] DEBUG:colcon.colcon_core.event_handler.log_command:Invoking command in '/home/abhinandan/ROS2-projects/manipulation/src/arduinobot_py_examples': CMAKE_PREFIX_PATH=/home/abhinandan/ROS2-projects/manipulation/install/arduinobot_messages:/home/abhinandan/ROS2-projects/manipulation/install/arduinobot_utils:/home/abhinandan/ROS2-projects/manipulation/install/arduinobot_description:/home/abhinandan/ROS2-projects/manipulation/install/arduinobot_cpp_examples:/home/abhinandan/ROS2-projects/manipulation/install/arduinobot_controller PYTHONPATH=/home/abhinandan/ROS2-projects/manipulation/build/arduinobot_py_examples/prefix_override:/usr/lib/python3/dist-packages/colcon_core/task/python/colcon_distutils_commands:/home/abhinandan/ROS2-projects/manipulation/install/arduinobot_py_examples/lib/python3.10/site-packages:${PYTHONPATH} /usr/bin/python3 -W ignore:setup.py install is deprecated -W ignore:easy_install command is deprecated setup.py egg_info --egg-base ../../build/arduinobot_py_examples build --build-base /home/abhinandan/ROS2-projects/manipulation/build/arduinobot_py_examples/build install --record /home/abhinandan/ROS2-projects/manipulation/build/arduinobot_py_examples/install.log --single-version-externally-managed install_data
[2.029s] Level 1:colcon.colcon_core.environment:checking '/home/abhinandan/ROS2-projects/manipulation/install/arduinobot_py_examples' for CMake module files
[2.029s] Level 1:colcon.colcon_core.environment:checking '/home/abhinandan/ROS2-projects/manipulation/install/arduinobot_py_examples' for CMake config files
[2.030s] Level 1:colcon.colcon_core.environment:checking '/home/abhinandan/ROS2-projects/manipulation/install/arduinobot_py_examples/lib'
[2.030s] Level 1:colcon.colcon_core.environment:checking '/home/abhinandan/ROS2-projects/manipulation/install/arduinobot_py_examples/bin'
[2.030s] Level 1:colcon.colcon_core.environment:checking '/home/abhinandan/ROS2-projects/manipulation/install/arduinobot_py_examples/lib/pkgconfig/arduinobot_py_examples.pc'
[2.030s] Level 1:colcon.colcon_core.environment:checking '/home/abhinandan/ROS2-projects/manipulation/install/arduinobot_py_examples/lib/python3.10/site-packages'
[2.030s] Level 1:colcon.colcon_core.shell:create_environment_hook('arduinobot_py_examples', 'pythonpath')
[2.030s] INFO:colcon.colcon_core.shell:Creating environment hook '/home/abhinandan/ROS2-projects/manipulation/install/arduinobot_py_examples/share/arduinobot_py_examples/hook/pythonpath.ps1'
[2.030s] INFO:colcon.colcon_core.shell:Creating environment descriptor '/home/abhinandan/ROS2-projects/manipulation/install/arduinobot_py_examples/share/arduinobot_py_examples/hook/pythonpath.dsv'
[2.030s] INFO:colcon.colcon_core.shell:Creating environment hook '/home/abhinandan/ROS2-projects/manipulation/install/arduinobot_py_examples/share/arduinobot_py_examples/hook/pythonpath.sh'
[2.031s] Level 1:colcon.colcon_core.environment:checking '/home/abhinandan/ROS2-projects/manipulation/install/arduinobot_py_examples/bin'
[2.031s] Level 1:colcon.colcon_core.environment:create_environment_scripts_only(arduinobot_py_examples)
[2.031s] INFO:colcon.colcon_core.shell:Creating package script '/home/abhinandan/ROS2-projects/manipulation/install/arduinobot_py_examples/share/arduinobot_py_examples/package.ps1'
[2.031s] INFO:colcon.colcon_core.shell:Creating package descriptor '/home/abhinandan/ROS2-projects/manipulation/install/arduinobot_py_examples/share/arduinobot_py_examples/package.dsv'
[2.031s] INFO:colcon.colcon_core.shell:Creating package script '/home/abhinandan/ROS2-projects/manipulation/install/arduinobot_py_examples/share/arduinobot_py_examples/package.sh'
[2.031s] INFO:colcon.colcon_core.shell:Creating package script '/home/abhinandan/ROS2-projects/manipulation/install/arduinobot_py_examples/share/arduinobot_py_examples/package.bash'
[2.031s] INFO:colcon.colcon_core.shell:Creating package script '/home/abhinandan/ROS2-projects/manipulation/install/arduinobot_py_examples/share/arduinobot_py_examples/package.zsh'
[2.031s] Level 1:colcon.colcon_core.environment:create_file_with_runtime_dependencies(/home/abhinandan/ROS2-projects/manipulation/install/arduinobot_py_examples/share/colcon-core/packages/arduinobot_py_examples)
[2.032s] DEBUG:colcon.colcon_parallel_executor.executor.parallel:closing loop
[2.032s] DEBUG:colcon.colcon_core.event_handler.log_command:Invoked command in '/home/abhinandan/ROS2-projects/manipulation/src/arduinobot_py_examples' returned '0': CMAKE_PREFIX_PATH=/home/abhinandan/ROS2-projects/manipulation/install/arduinobot_messages:/home/abhinandan/ROS2-projects/manipulation/install/arduinobot_utils:/home/abhinandan/ROS2-projects/manipulation/install/arduinobot_description:/home/abhinandan/ROS2-projects/manipulation/install/arduinobot_cpp_examples:/home/abhinandan/ROS2-projects/manipulation/install/arduinobot_controller PYTHONPATH=/home/abhinandan/ROS2-projects/manipulation/build/arduinobot_py_examples/prefix_override:/usr/lib/python3/dist-packages/colcon_core/task/python/colcon_distutils_commands:/home/abhinandan/ROS2-projects/manipulation/install/arduinobot_py_examples/lib/python3.10/site-packages:${PYTHONPATH} /usr/bin/python3 -W ignore:setup.py install is deprecated -W ignore:easy_install command is deprecated setup.py egg_info --egg-base ../../build/arduinobot_py_examples build --build-base /home/abhinandan/ROS2-projects/manipulation/build/arduinobot_py_examples/build install --record /home/abhinandan/ROS2-projects/manipulation/build/arduinobot_py_examples/install.log --single-version-externally-managed install_data
[2.032s] DEBUG:colcon.colcon_parallel_executor.executor.parallel:loop closed
[2.032s] DEBUG:colcon.colcon_parallel_executor.executor.parallel:run_until_complete finished with '0'
[2.032s] DEBUG:colcon.colcon_core.event_reactor:joining thread
[2.036s] INFO:colcon.colcon_core.plugin_system:Skipping extension 'colcon_notification.desktop_notification.terminal_notifier': Not used on non-Darwin systems
[2.036s] INFO:colcon.colcon_core.plugin_system:Skipping extension 'colcon_notification.desktop_notification.win32': Not used on non-Windows systems
[2.036s] INFO:colcon.colcon_notification.desktop_notification:Sending desktop notification using 'notify2'
[2.057s] DEBUG:colcon.colcon_core.event_reactor:joined thread
[2.058s] INFO:colcon.colcon_core.shell:Creating prefix script '/home/abhinandan/ROS2-projects/manipulation/install/local_setup.ps1'
[2.058s] INFO:colcon.colcon_core.shell:Creating prefix util module '/home/abhinandan/ROS2-projects/manipulation/install/_local_setup_util_ps1.py'
[2.059s] INFO:colcon.colcon_core.shell:Creating prefix chain script '/home/abhinandan/ROS2-projects/manipulation/install/setup.ps1'
[2.060s] INFO:colcon.colcon_core.shell:Creating prefix script '/home/abhinandan/ROS2-projects/manipulation/install/local_setup.sh'
[2.061s] INFO:colcon.colcon_core.shell:Creating prefix util module '/home/abhinandan/ROS2-projects/manipulation/install/_local_setup_util_sh.py'
[2.061s] INFO:colcon.colcon_core.shell:Creating prefix chain script '/home/abhinandan/ROS2-projects/manipulation/install/setup.sh'
[2.062s] INFO:colcon.colcon_core.shell:Creating prefix script '/home/abhinandan/ROS2-projects/manipulation/install/local_setup.bash'
[2.062s] INFO:colcon.colcon_core.shell:Creating prefix chain script '/home/abhinandan/ROS2-projects/manipulation/install/setup.bash'
[2.062s] INFO:colcon.colcon_core.shell:Creating prefix script '/home/abhinandan/ROS2-projects/manipulation/install/local_setup.zsh'
[2.063s] INFO:colcon.colcon_core.shell:Creating prefix chain script '/home/abhinandan/ROS2-projects/manipulation/install/setup.zsh'
