[0.051s] DEBUG:colcon:Command line arguments: ['/usr/bin/colcon', 'build']
[0.051s] DEBUG:colcon:Parsed command line arguments: Namespace(log_base=None, log_level=None, verb_name='build', build_base='build', install_base='install', merge_install=False, symlink_install=False, test_result_base=None, continue_on_error=False, executor='parallel', parallel_workers=4, event_handlers=None, ignore_user_meta=False, metas=['./colcon.meta'], base_paths=['.'], packages_ignore=None, packages_ignore_regex=None, paths=None, packages_up_to=None, packages_up_to_regex=None, packages_above=None, packages_above_and_dependencies=None, packages_above_depth=None, packages_select_by_dep=None, packages_skip_by_dep=None, packages_skip_up_to=None, packages_select_build_failed=False, packages_skip_build_finished=False, packages_select_test_failures=False, packages_skip_test_passed=False, packages_select=None, packages_skip=None, packages_select_regex=None, packages_skip_regex=None, packages_start=None, packages_end=None, allow_overriding=[], cmake_args=None, cmake_target=None, cmake_target_skip_unavailable=False, cmake_clean_cache=False, cmake_clean_first=False, cmake_force_configure=False, ament_cmake_args=None, catkin_cmake_args=None, catkin_skip_building_tests=False, mixin_files=None, mixin=None, verb_parser=<colcon_mixin.mixin.mixin_argument.MixinArgumentDecorator object at 0xffffa791b3d0>, verb_extension=<colcon_core.verb.build.BuildVerb object at 0xffffa78d0b80>, main=<bound method BuildVerb.main of <colcon_core.verb.build.BuildVerb object at 0xffffa78d0b80>>, mixin_verb=('build',))
[0.132s] Level 1:colcon.colcon_core.package_discovery:discover_packages(colcon_meta) check parameters
[0.132s] Level 1:colcon.colcon_core.package_discovery:discover_packages(recursive) check parameters
[0.132s] Level 1:colcon.colcon_core.package_discovery:discover_packages(ignore) check parameters
[0.132s] Level 1:colcon.colcon_core.package_discovery:discover_packages(path) check parameters
[0.132s] Level 1:colcon.colcon_core.package_discovery:discover_packages(colcon_meta) discover
[0.132s] Level 1:colcon.colcon_core.package_discovery:discover_packages(recursive) discover
[0.132s] INFO:colcon.colcon_core.package_discovery:Crawling recursively for packages in '/home/abhinandan/ROS2-projects/manipulation'
[0.133s] Level 1:colcon.colcon_core.package_identification:_identify(.) by extensions ['ignore', 'ignore_ament_install']
[0.133s] Level 1:colcon.colcon_core.package_identification:_identify(.) by extension 'ignore'
[0.133s] Level 1:colcon.colcon_core.package_identification:_identify(.) by extension 'ignore_ament_install'
[0.133s] Level 1:colcon.colcon_core.package_identification:_identify(.) by extensions ['colcon_pkg']
[0.133s] Level 1:colcon.colcon_core.package_identification:_identify(.) by extension 'colcon_pkg'
[0.133s] Level 1:colcon.colcon_core.package_identification:_identify(.) by extensions ['colcon_meta']
[0.133s] Level 1:colcon.colcon_core.package_identification:_identify(.) by extension 'colcon_meta'
[0.133s] Level 1:colcon.colcon_core.package_identification:_identify(.) by extensions ['ros']
[0.133s] Level 1:colcon.colcon_core.package_identification:_identify(.) by extension 'ros'
[0.139s] Level 1:colcon.colcon_core.package_identification:_identify(.) by extensions ['cmake', 'python']
[0.139s] Level 1:colcon.colcon_core.package_identification:_identify(.) by extension 'cmake'
[0.139s] Level 1:colcon.colcon_core.package_identification:_identify(.) by extension 'python'
[0.139s] Level 1:colcon.colcon_core.package_identification:_identify(.) by extensions ['python_setup_py']
[0.139s] Level 1:colcon.colcon_core.package_identification:_identify(.) by extension 'python_setup_py'
[0.139s] Level 1:colcon.colcon_core.package_identification:_identify(build) by extensions ['ignore', 'ignore_ament_install']
[0.139s] Level 1:colcon.colcon_core.package_identification:_identify(build) by extension 'ignore'
[0.139s] Level 1:colcon.colcon_core.package_identification:_identify(build) ignored
[0.139s] Level 1:colcon.colcon_core.package_identification:_identify(install) by extensions ['ignore', 'ignore_ament_install']
[0.139s] Level 1:colcon.colcon_core.package_identification:_identify(install) by extension 'ignore'
[0.139s] Level 1:colcon.colcon_core.package_identification:_identify(install) ignored
[0.139s] Level 1:colcon.colcon_core.package_identification:_identify(log) by extensions ['ignore', 'ignore_ament_install']
[0.139s] Level 1:colcon.colcon_core.package_identification:_identify(log) by extension 'ignore'
[0.139s] Level 1:colcon.colcon_core.package_identification:_identify(log) ignored
[0.139s] Level 1:colcon.colcon_core.package_identification:_identify(src) by extensions ['ignore', 'ignore_ament_install']
[0.139s] Level 1:colcon.colcon_core.package_identification:_identify(src) by extension 'ignore'
[0.139s] Level 1:colcon.colcon_core.package_identification:_identify(src) by extension 'ignore_ament_install'
[0.139s] Level 1:colcon.colcon_core.package_identification:_identify(src) by extensions ['colcon_pkg']
[0.139s] Level 1:colcon.colcon_core.package_identification:_identify(src) by extension 'colcon_pkg'
[0.139s] Level 1:colcon.colcon_core.package_identification:_identify(src) by extensions ['colcon_meta']
[0.139s] Level 1:colcon.colcon_core.package_identification:_identify(src) by extension 'colcon_meta'
[0.139s] Level 1:colcon.colcon_core.package_identification:_identify(src) by extensions ['ros']
[0.139s] Level 1:colcon.colcon_core.package_identification:_identify(src) by extension 'ros'
[0.139s] Level 1:colcon.colcon_core.package_identification:_identify(src) by extensions ['cmake', 'python']
[0.139s] Level 1:colcon.colcon_core.package_identification:_identify(src) by extension 'cmake'
[0.139s] Level 1:colcon.colcon_core.package_identification:_identify(src) by extension 'python'
[0.139s] Level 1:colcon.colcon_core.package_identification:_identify(src) by extensions ['python_setup_py']
[0.140s] Level 1:colcon.colcon_core.package_identification:_identify(src) by extension 'python_setup_py'
[0.140s] Level 1:colcon.colcon_core.package_identification:_identify(src/arduinobot_controller) by extensions ['ignore', 'ignore_ament_install']
[0.140s] Level 1:colcon.colcon_core.package_identification:_identify(src/arduinobot_controller) by extension 'ignore'
[0.140s] Level 1:colcon.colcon_core.package_identification:_identify(src/arduinobot_controller) by extension 'ignore_ament_install'
[0.140s] Level 1:colcon.colcon_core.package_identification:_identify(src/arduinobot_controller) by extensions ['colcon_pkg']
[0.140s] Level 1:colcon.colcon_core.package_identification:_identify(src/arduinobot_controller) by extension 'colcon_pkg'
[0.140s] Level 1:colcon.colcon_core.package_identification:_identify(src/arduinobot_controller) by extensions ['colcon_meta']
[0.140s] Level 1:colcon.colcon_core.package_identification:_identify(src/arduinobot_controller) by extension 'colcon_meta'
[0.140s] Level 1:colcon.colcon_core.package_identification:_identify(src/arduinobot_controller) by extensions ['ros']
[0.140s] Level 1:colcon.colcon_core.package_identification:_identify(src/arduinobot_controller) by extension 'ros'
[0.141s] DEBUG:colcon.colcon_core.package_identification:Package 'src/arduinobot_controller' with type 'ros.ament_cmake' and name 'arduinobot_controller'
[0.141s] Level 1:colcon.colcon_core.package_identification:_identify(src/arduinobot_cpp_examples) by extensions ['ignore', 'ignore_ament_install']
[0.141s] Level 1:colcon.colcon_core.package_identification:_identify(src/arduinobot_cpp_examples) by extension 'ignore'
[0.141s] Level 1:colcon.colcon_core.package_identification:_identify(src/arduinobot_cpp_examples) by extension 'ignore_ament_install'
[0.141s] Level 1:colcon.colcon_core.package_identification:_identify(src/arduinobot_cpp_examples) by extensions ['colcon_pkg']
[0.141s] Level 1:colcon.colcon_core.package_identification:_identify(src/arduinobot_cpp_examples) by extension 'colcon_pkg'
[0.141s] Level 1:colcon.colcon_core.package_identification:_identify(src/arduinobot_cpp_examples) by extensions ['colcon_meta']
[0.141s] Level 1:colcon.colcon_core.package_identification:_identify(src/arduinobot_cpp_examples) by extension 'colcon_meta'
[0.141s] Level 1:colcon.colcon_core.package_identification:_identify(src/arduinobot_cpp_examples) by extensions ['ros']
[0.141s] Level 1:colcon.colcon_core.package_identification:_identify(src/arduinobot_cpp_examples) by extension 'ros'
[0.141s] DEBUG:colcon.colcon_core.package_identification:Package 'src/arduinobot_cpp_examples' with type 'ros.ament_cmake' and name 'arduinobot_cpp_examples'
[0.141s] Level 1:colcon.colcon_core.package_identification:_identify(src/arduinobot_description) by extensions ['ignore', 'ignore_ament_install']
[0.141s] Level 1:colcon.colcon_core.package_identification:_identify(src/arduinobot_description) by extension 'ignore'
[0.141s] Level 1:colcon.colcon_core.package_identification:_identify(src/arduinobot_description) by extension 'ignore_ament_install'
[0.141s] Level 1:colcon.colcon_core.package_identification:_identify(src/arduinobot_description) by extensions ['colcon_pkg']
[0.141s] Level 1:colcon.colcon_core.package_identification:_identify(src/arduinobot_description) by extension 'colcon_pkg'
[0.141s] Level 1:colcon.colcon_core.package_identification:_identify(src/arduinobot_description) by extensions ['colcon_meta']
[0.141s] Level 1:colcon.colcon_core.package_identification:_identify(src/arduinobot_description) by extension 'colcon_meta'
[0.141s] Level 1:colcon.colcon_core.package_identification:_identify(src/arduinobot_description) by extensions ['ros']
[0.141s] Level 1:colcon.colcon_core.package_identification:_identify(src/arduinobot_description) by extension 'ros'
[0.146s] DEBUG:colcon.colcon_core.package_identification:Package 'src/arduinobot_description' with type 'ros.ament_cmake' and name 'arduinobot_description'
[0.147s] Level 1:colcon.colcon_core.package_identification:_identify(src/arduinobot_py_examples) by extensions ['ignore', 'ignore_ament_install']
[0.147s] Level 1:colcon.colcon_core.package_identification:_identify(src/arduinobot_py_examples) by extension 'ignore'
[0.147s] Level 1:colcon.colcon_core.package_identification:_identify(src/arduinobot_py_examples) by extension 'ignore_ament_install'
[0.147s] Level 1:colcon.colcon_core.package_identification:_identify(src/arduinobot_py_examples) by extensions ['colcon_pkg']
[0.147s] Level 1:colcon.colcon_core.package_identification:_identify(src/arduinobot_py_examples) by extension 'colcon_pkg'
[0.147s] Level 1:colcon.colcon_core.package_identification:_identify(src/arduinobot_py_examples) by extensions ['colcon_meta']
[0.147s] Level 1:colcon.colcon_core.package_identification:_identify(src/arduinobot_py_examples) by extension 'colcon_meta'
[0.147s] Level 1:colcon.colcon_core.package_identification:_identify(src/arduinobot_py_examples) by extensions ['ros']
[0.147s] Level 1:colcon.colcon_core.package_identification:_identify(src/arduinobot_py_examples) by extension 'ros'
[0.147s] DEBUG:colcon.colcon_core.package_identification:Package 'src/arduinobot_py_examples' with type 'ros.ament_python' and name 'arduinobot_py_examples'
[0.147s] Level 1:colcon.colcon_core.package_discovery:discover_packages(recursive) using defaults
[0.147s] Level 1:colcon.colcon_core.package_discovery:discover_packages(ignore) discover
[0.147s] Level 1:colcon.colcon_core.package_discovery:discover_packages(ignore) using defaults
[0.147s] Level 1:colcon.colcon_core.package_discovery:discover_packages(path) discover
[0.147s] Level 1:colcon.colcon_core.package_discovery:discover_packages(path) using defaults
[0.157s] Level 1:colcon.colcon_core.package_discovery:discover_packages(prefix_path) check parameters
[0.157s] Level 1:colcon.colcon_core.package_discovery:discover_packages(prefix_path) discover
[0.157s] WARNING:colcon.colcon_ros.prefix_path.ament:The path '/home/abhinandan/ROS2-projects/manipulation/install/ros_ign_interfaces' in the environment variable AMENT_PREFIX_PATH doesn't exist
[0.157s] WARNING:colcon.colcon_ros.prefix_path.ament:The path '/home/abhinandan/ROS2-projects/manipulation/install/ros_ign_gazebo' in the environment variable AMENT_PREFIX_PATH doesn't exist
[0.157s] WARNING:colcon.colcon_ros.prefix_path.ament:The path '/home/abhinandan/ROS2-projects/manipulation/install/ros_gz_sim' in the environment variable AMENT_PREFIX_PATH doesn't exist
[0.157s] WARNING:colcon.colcon_ros.prefix_path.ament:The path '/home/abhinandan/ROS2-projects/manipulation/install/ros_gz_interfaces' in the environment variable AMENT_PREFIX_PATH doesn't exist
[0.157s] WARNING:colcon.colcon_ros.prefix_path.ament:The path '/home/abhinandan/ROS2-projects/manipulation/install/arduinobot_controller' in the environment variable AMENT_PREFIX_PATH doesn't exist
[0.157s] WARNING:colcon.colcon_ros.prefix_path.ament:The path '/home/abhinandan/ROS2-projects/manipulation/install/arduinobot_py_examples' in the environment variable AMENT_PREFIX_PATH doesn't exist
[0.157s] WARNING:colcon.colcon_ros.prefix_path.ament:The path '/home/abhinandan/ROS2-projects/manipulation/install/arduinobot_description' in the environment variable AMENT_PREFIX_PATH doesn't exist
[0.157s] WARNING:colcon.colcon_ros.prefix_path.ament:The path '/home/abhinandan/ROS2-projects/manipulation/install/arduinobot_cpp_examples' in the environment variable AMENT_PREFIX_PATH doesn't exist
[0.157s] WARNING:colcon.colcon_ros.prefix_path.catkin:The path '/home/abhinandan/ROS2-projects/manipulation/install/ros_ign_interfaces' in the environment variable CMAKE_PREFIX_PATH doesn't exist
[0.157s] WARNING:colcon.colcon_ros.prefix_path.catkin:The path '/home/abhinandan/ROS2-projects/manipulation/install/ros_ign_gazebo' in the environment variable CMAKE_PREFIX_PATH doesn't exist
[0.157s] WARNING:colcon.colcon_ros.prefix_path.catkin:The path '/home/abhinandan/ROS2-projects/manipulation/install/ros_gz_sim' in the environment variable CMAKE_PREFIX_PATH doesn't exist
[0.157s] WARNING:colcon.colcon_ros.prefix_path.catkin:The path '/home/abhinandan/ROS2-projects/manipulation/install/ros_gz_interfaces' in the environment variable CMAKE_PREFIX_PATH doesn't exist
[0.157s] WARNING:colcon.colcon_ros.prefix_path.catkin:The path '/home/abhinandan/ROS2-projects/manipulation/install/arduinobot_controller' in the environment variable CMAKE_PREFIX_PATH doesn't exist
[0.157s] WARNING:colcon.colcon_ros.prefix_path.catkin:The path '/home/abhinandan/ROS2-projects/manipulation/install/arduinobot_description' in the environment variable CMAKE_PREFIX_PATH doesn't exist
[0.158s] WARNING:colcon.colcon_ros.prefix_path.catkin:The path '/home/abhinandan/ROS2-projects/manipulation/install/arduinobot_cpp_examples' in the environment variable CMAKE_PREFIX_PATH doesn't exist
[0.158s] DEBUG:colcon.colcon_installed_package_information.package_discovery:Found 0 installed packages in /home/abhinandan/ROS2-projects/manipulation/install
[0.159s] DEBUG:colcon.colcon_installed_package_information.package_discovery:Found 402 installed packages in /opt/ros/humble
[0.160s] Level 1:colcon.colcon_core.package_discovery:discover_packages(prefix_path) using defaults
[0.184s] Level 5:colcon.colcon_core.verb:set package 'arduinobot_controller' build argument 'cmake_args' from command line to 'None'
[0.185s] Level 5:colcon.colcon_core.verb:set package 'arduinobot_controller' build argument 'cmake_target' from command line to 'None'
[0.185s] Level 5:colcon.colcon_core.verb:set package 'arduinobot_controller' build argument 'cmake_target_skip_unavailable' from command line to 'False'
[0.185s] Level 5:colcon.colcon_core.verb:set package 'arduinobot_controller' build argument 'cmake_clean_cache' from command line to 'False'
[0.185s] Level 5:colcon.colcon_core.verb:set package 'arduinobot_controller' build argument 'cmake_clean_first' from command line to 'False'
[0.185s] Level 5:colcon.colcon_core.verb:set package 'arduinobot_controller' build argument 'cmake_force_configure' from command line to 'False'
[0.185s] Level 5:colcon.colcon_core.verb:set package 'arduinobot_controller' build argument 'ament_cmake_args' from command line to 'None'
[0.185s] Level 5:colcon.colcon_core.verb:set package 'arduinobot_controller' build argument 'catkin_cmake_args' from command line to 'None'
[0.185s] Level 5:colcon.colcon_core.verb:set package 'arduinobot_controller' build argument 'catkin_skip_building_tests' from command line to 'False'
[0.185s] DEBUG:colcon.colcon_core.verb:Building package 'arduinobot_controller' with the following arguments: {'ament_cmake_args': None, 'build_base': '/home/abhinandan/ROS2-projects/manipulation/build/arduinobot_controller', 'catkin_cmake_args': None, 'catkin_skip_building_tests': False, 'cmake_args': None, 'cmake_clean_cache': False, 'cmake_clean_first': False, 'cmake_force_configure': False, 'cmake_target': None, 'cmake_target_skip_unavailable': False, 'install_base': '/home/abhinandan/ROS2-projects/manipulation/install/arduinobot_controller', 'merge_install': False, 'path': '/home/abhinandan/ROS2-projects/manipulation/src/arduinobot_controller', 'symlink_install': False, 'test_result_base': None}
[0.185s] Level 5:colcon.colcon_core.verb:set package 'arduinobot_cpp_examples' build argument 'cmake_args' from command line to 'None'
[0.185s] Level 5:colcon.colcon_core.verb:set package 'arduinobot_cpp_examples' build argument 'cmake_target' from command line to 'None'
[0.185s] Level 5:colcon.colcon_core.verb:set package 'arduinobot_cpp_examples' build argument 'cmake_target_skip_unavailable' from command line to 'False'
[0.185s] Level 5:colcon.colcon_core.verb:set package 'arduinobot_cpp_examples' build argument 'cmake_clean_cache' from command line to 'False'
[0.185s] Level 5:colcon.colcon_core.verb:set package 'arduinobot_cpp_examples' build argument 'cmake_clean_first' from command line to 'False'
[0.185s] Level 5:colcon.colcon_core.verb:set package 'arduinobot_cpp_examples' build argument 'cmake_force_configure' from command line to 'False'
[0.185s] Level 5:colcon.colcon_core.verb:set package 'arduinobot_cpp_examples' build argument 'ament_cmake_args' from command line to 'None'
[0.185s] Level 5:colcon.colcon_core.verb:set package 'arduinobot_cpp_examples' build argument 'catkin_cmake_args' from command line to 'None'
[0.185s] Level 5:colcon.colcon_core.verb:set package 'arduinobot_cpp_examples' build argument 'catkin_skip_building_tests' from command line to 'False'
[0.185s] DEBUG:colcon.colcon_core.verb:Building package 'arduinobot_cpp_examples' with the following arguments: {'ament_cmake_args': None, 'build_base': '/home/abhinandan/ROS2-projects/manipulation/build/arduinobot_cpp_examples', 'catkin_cmake_args': None, 'catkin_skip_building_tests': False, 'cmake_args': None, 'cmake_clean_cache': False, 'cmake_clean_first': False, 'cmake_force_configure': False, 'cmake_target': None, 'cmake_target_skip_unavailable': False, 'install_base': '/home/abhinandan/ROS2-projects/manipulation/install/arduinobot_cpp_examples', 'merge_install': False, 'path': '/home/abhinandan/ROS2-projects/manipulation/src/arduinobot_cpp_examples', 'symlink_install': False, 'test_result_base': None}
[0.185s] Level 5:colcon.colcon_core.verb:set package 'arduinobot_description' build argument 'cmake_args' from command line to 'None'
[0.185s] Level 5:colcon.colcon_core.verb:set package 'arduinobot_description' build argument 'cmake_target' from command line to 'None'
[0.185s] Level 5:colcon.colcon_core.verb:set package 'arduinobot_description' build argument 'cmake_target_skip_unavailable' from command line to 'False'
[0.185s] Level 5:colcon.colcon_core.verb:set package 'arduinobot_description' build argument 'cmake_clean_cache' from command line to 'False'
[0.185s] Level 5:colcon.colcon_core.verb:set package 'arduinobot_description' build argument 'cmake_clean_first' from command line to 'False'
[0.185s] Level 5:colcon.colcon_core.verb:set package 'arduinobot_description' build argument 'cmake_force_configure' from command line to 'False'
[0.185s] Level 5:colcon.colcon_core.verb:set package 'arduinobot_description' build argument 'ament_cmake_args' from command line to 'None'
[0.185s] Level 5:colcon.colcon_core.verb:set package 'arduinobot_description' build argument 'catkin_cmake_args' from command line to 'None'
[0.185s] Level 5:colcon.colcon_core.verb:set package 'arduinobot_description' build argument 'catkin_skip_building_tests' from command line to 'False'
[0.185s] DEBUG:colcon.colcon_core.verb:Building package 'arduinobot_description' with the following arguments: {'ament_cmake_args': None, 'build_base': '/home/abhinandan/ROS2-projects/manipulation/build/arduinobot_description', 'catkin_cmake_args': None, 'catkin_skip_building_tests': False, 'cmake_args': None, 'cmake_clean_cache': False, 'cmake_clean_first': False, 'cmake_force_configure': False, 'cmake_target': None, 'cmake_target_skip_unavailable': False, 'install_base': '/home/abhinandan/ROS2-projects/manipulation/install/arduinobot_description', 'merge_install': False, 'path': '/home/abhinandan/ROS2-projects/manipulation/src/arduinobot_description', 'symlink_install': False, 'test_result_base': None}
[0.185s] Level 5:colcon.colcon_core.verb:set package 'arduinobot_py_examples' build argument 'cmake_args' from command line to 'None'
[0.185s] Level 5:colcon.colcon_core.verb:set package 'arduinobot_py_examples' build argument 'cmake_target' from command line to 'None'
[0.185s] Level 5:colcon.colcon_core.verb:set package 'arduinobot_py_examples' build argument 'cmake_target_skip_unavailable' from command line to 'False'
[0.185s] Level 5:colcon.colcon_core.verb:set package 'arduinobot_py_examples' build argument 'cmake_clean_cache' from command line to 'False'
[0.185s] Level 5:colcon.colcon_core.verb:set package 'arduinobot_py_examples' build argument 'cmake_clean_first' from command line to 'False'
[0.185s] Level 5:colcon.colcon_core.verb:set package 'arduinobot_py_examples' build argument 'cmake_force_configure' from command line to 'False'
[0.185s] Level 5:colcon.colcon_core.verb:set package 'arduinobot_py_examples' build argument 'ament_cmake_args' from command line to 'None'
[0.185s] Level 5:colcon.colcon_core.verb:set package 'arduinobot_py_examples' build argument 'catkin_cmake_args' from command line to 'None'
[0.185s] Level 5:colcon.colcon_core.verb:set package 'arduinobot_py_examples' build argument 'catkin_skip_building_tests' from command line to 'False'
[0.185s] DEBUG:colcon.colcon_core.verb:Building package 'arduinobot_py_examples' with the following arguments: {'ament_cmake_args': None, 'build_base': '/home/abhinandan/ROS2-projects/manipulation/build/arduinobot_py_examples', 'catkin_cmake_args': None, 'catkin_skip_building_tests': False, 'cmake_args': None, 'cmake_clean_cache': False, 'cmake_clean_first': False, 'cmake_force_configure': False, 'cmake_target': None, 'cmake_target_skip_unavailable': False, 'install_base': '/home/abhinandan/ROS2-projects/manipulation/install/arduinobot_py_examples', 'merge_install': False, 'path': '/home/abhinandan/ROS2-projects/manipulation/src/arduinobot_py_examples', 'symlink_install': False, 'test_result_base': None}
[0.185s] INFO:colcon.colcon_core.executor:Executing jobs using 'parallel' executor
[0.188s] DEBUG:colcon.colcon_parallel_executor.executor.parallel:run_until_complete
[0.188s] INFO:colcon.colcon_ros.task.ament_cmake.build:Building ROS package in '/home/abhinandan/ROS2-projects/manipulation/src/arduinobot_controller' with build type 'ament_cmake'
[0.188s] INFO:colcon.colcon_cmake.task.cmake.build:Building CMake package in '/home/abhinandan/ROS2-projects/manipulation/src/arduinobot_controller'
[0.189s] INFO:colcon.colcon_core.plugin_system:Skipping extension 'colcon_core.shell.bat': Not used on non-Windows systems
[0.189s] INFO:colcon.colcon_core.shell:Skip shell extension 'powershell' for command environment: Not usable outside of PowerShell
[0.189s] DEBUG:colcon.colcon_core.shell:Skip shell extension 'dsv' for command environment
[0.191s] INFO:colcon.colcon_ros.task.ament_cmake.build:Building ROS package in '/home/abhinandan/ROS2-projects/manipulation/src/arduinobot_cpp_examples' with build type 'ament_cmake'
[0.191s] INFO:colcon.colcon_cmake.task.cmake.build:Building CMake package in '/home/abhinandan/ROS2-projects/manipulation/src/arduinobot_cpp_examples'
[0.192s] INFO:colcon.colcon_core.shell:Skip shell extension 'powershell' for command environment: Not usable outside of PowerShell
[0.192s] DEBUG:colcon.colcon_core.shell:Skip shell extension 'dsv' for command environment
[0.193s] INFO:colcon.colcon_ros.task.ament_cmake.build:Building ROS package in '/home/abhinandan/ROS2-projects/manipulation/src/arduinobot_description' with build type 'ament_cmake'
[0.193s] INFO:colcon.colcon_cmake.task.cmake.build:Building CMake package in '/home/abhinandan/ROS2-projects/manipulation/src/arduinobot_description'
[0.193s] INFO:colcon.colcon_core.shell:Skip shell extension 'powershell' for command environment: Not usable outside of PowerShell
[0.193s] DEBUG:colcon.colcon_core.shell:Skip shell extension 'dsv' for command environment
[0.205s] INFO:colcon.colcon_ros.task.ament_python.build:Building ROS package in '/home/abhinandan/ROS2-projects/manipulation/src/arduinobot_py_examples' with build type 'ament_python'
[0.206s] Level 1:colcon.colcon_core.shell:create_environment_hook('arduinobot_py_examples', 'ament_prefix_path')
[0.206s] INFO:colcon.colcon_core.shell:Creating environment hook '/home/abhinandan/ROS2-projects/manipulation/install/arduinobot_py_examples/share/arduinobot_py_examples/hook/ament_prefix_path.ps1'
[0.206s] INFO:colcon.colcon_core.shell:Creating environment descriptor '/home/abhinandan/ROS2-projects/manipulation/install/arduinobot_py_examples/share/arduinobot_py_examples/hook/ament_prefix_path.dsv'
[0.206s] INFO:colcon.colcon_core.shell:Creating environment hook '/home/abhinandan/ROS2-projects/manipulation/install/arduinobot_py_examples/share/arduinobot_py_examples/hook/ament_prefix_path.sh'
[0.206s] INFO:colcon.colcon_core.shell:Skip shell extension 'powershell' for command environment: Not usable outside of PowerShell
[0.206s] DEBUG:colcon.colcon_core.shell:Skip shell extension 'dsv' for command environment
[0.210s] DEBUG:colcon.colcon_core.event_handler.log_command:Invoking command in '/home/abhinandan/ROS2-projects/manipulation/build/arduinobot_controller': CMAKE_PREFIX_PATH=${CMAKE_PREFIX_PATH}:/home/abhinandan/ROS2-projects/manipulation/install/arduinobot_py_examples:/opt/ros/humble /usr/bin/cmake /home/abhinandan/ROS2-projects/manipulation/src/arduinobot_controller -DCMAKE_INSTALL_PREFIX=/home/abhinandan/ROS2-projects/manipulation/install/arduinobot_controller
[0.211s] DEBUG:colcon.colcon_core.event_handler.log_command:Invoking command in '/home/abhinandan/ROS2-projects/manipulation/build/arduinobot_cpp_examples': CMAKE_PREFIX_PATH=${CMAKE_PREFIX_PATH}:/home/abhinandan/ROS2-projects/manipulation/install/arduinobot_py_examples:/opt/ros/humble /usr/bin/cmake /home/abhinandan/ROS2-projects/manipulation/src/arduinobot_cpp_examples -DCMAKE_INSTALL_PREFIX=/home/abhinandan/ROS2-projects/manipulation/install/arduinobot_cpp_examples
[0.212s] DEBUG:colcon.colcon_core.event_handler.log_command:Invoking command in '/home/abhinandan/ROS2-projects/manipulation/build/arduinobot_description': CMAKE_PREFIX_PATH=${CMAKE_PREFIX_PATH}:/home/abhinandan/ROS2-projects/manipulation/install/arduinobot_py_examples:/opt/ros/humble /usr/bin/cmake /home/abhinandan/ROS2-projects/manipulation/src/arduinobot_description -DCMAKE_INSTALL_PREFIX=/home/abhinandan/ROS2-projects/manipulation/install/arduinobot_description
[0.428s] INFO:colcon.colcon_core.task.python.build:Building Python package in '/home/abhinandan/ROS2-projects/manipulation/src/arduinobot_py_examples'
[0.428s] INFO:colcon.colcon_core.shell:Skip shell extension 'powershell' for command environment: Not usable outside of PowerShell
[0.428s] DEBUG:colcon.colcon_core.shell:Skip shell extension 'dsv' for command environment
[0.745s] DEBUG:colcon.colcon_core.event_handler.log_command:Invoking command in '/home/abhinandan/ROS2-projects/manipulation/src/arduinobot_py_examples': PYTHONPATH=/home/abhinandan/ROS2-projects/manipulation/build/arduinobot_py_examples/prefix_override:/usr/lib/python3/dist-packages/colcon_core/task/python/colcon_distutils_commands:/home/abhinandan/ROS2-projects/manipulation/install/arduinobot_py_examples/lib/python3.10/site-packages:${PYTHONPATH} /usr/bin/python3 -W ignore:setup.py install is deprecated -W ignore:easy_install command is deprecated setup.py egg_info --egg-base ../../build/arduinobot_py_examples build --build-base /home/abhinandan/ROS2-projects/manipulation/build/arduinobot_py_examples/build install --record /home/abhinandan/ROS2-projects/manipulation/build/arduinobot_py_examples/install.log --single-version-externally-managed install_data
[0.917s] Level 1:colcon.colcon_core.environment:checking '/home/abhinandan/ROS2-projects/manipulation/install/arduinobot_py_examples' for CMake module files
[0.917s] Level 1:colcon.colcon_core.environment:checking '/home/abhinandan/ROS2-projects/manipulation/install/arduinobot_py_examples' for CMake config files
[0.917s] Level 1:colcon.colcon_core.environment:checking '/home/abhinandan/ROS2-projects/manipulation/install/arduinobot_py_examples/lib'
[0.917s] Level 1:colcon.colcon_core.environment:checking '/home/abhinandan/ROS2-projects/manipulation/install/arduinobot_py_examples/bin'
[0.917s] Level 1:colcon.colcon_core.environment:checking '/home/abhinandan/ROS2-projects/manipulation/install/arduinobot_py_examples/lib/pkgconfig/arduinobot_py_examples.pc'
[0.917s] Level 1:colcon.colcon_core.environment:checking '/home/abhinandan/ROS2-projects/manipulation/install/arduinobot_py_examples/lib/python3.10/site-packages'
[0.917s] Level 1:colcon.colcon_core.shell:create_environment_hook('arduinobot_py_examples', 'pythonpath')
[0.917s] INFO:colcon.colcon_core.shell:Creating environment hook '/home/abhinandan/ROS2-projects/manipulation/install/arduinobot_py_examples/share/arduinobot_py_examples/hook/pythonpath.ps1'
[0.918s] INFO:colcon.colcon_core.shell:Creating environment descriptor '/home/abhinandan/ROS2-projects/manipulation/install/arduinobot_py_examples/share/arduinobot_py_examples/hook/pythonpath.dsv'
[0.918s] INFO:colcon.colcon_core.shell:Creating environment hook '/home/abhinandan/ROS2-projects/manipulation/install/arduinobot_py_examples/share/arduinobot_py_examples/hook/pythonpath.sh'
[0.918s] Level 1:colcon.colcon_core.environment:checking '/home/abhinandan/ROS2-projects/manipulation/install/arduinobot_py_examples/bin'
[0.918s] Level 1:colcon.colcon_core.environment:create_environment_scripts_only(arduinobot_py_examples)
[0.918s] INFO:colcon.colcon_core.shell:Creating package script '/home/abhinandan/ROS2-projects/manipulation/install/arduinobot_py_examples/share/arduinobot_py_examples/package.ps1'
[0.918s] INFO:colcon.colcon_core.shell:Creating package descriptor '/home/abhinandan/ROS2-projects/manipulation/install/arduinobot_py_examples/share/arduinobot_py_examples/package.dsv'
[0.919s] INFO:colcon.colcon_core.shell:Creating package script '/home/abhinandan/ROS2-projects/manipulation/install/arduinobot_py_examples/share/arduinobot_py_examples/package.sh'
[0.919s] INFO:colcon.colcon_core.shell:Creating package script '/home/abhinandan/ROS2-projects/manipulation/install/arduinobot_py_examples/share/arduinobot_py_examples/package.bash'
[0.928s] DEBUG:colcon.colcon_core.event_handler.log_command:Invoked command in '/home/abhinandan/ROS2-projects/manipulation/src/arduinobot_py_examples' returned '0': PYTHONPATH=/home/abhinandan/ROS2-projects/manipulation/build/arduinobot_py_examples/prefix_override:/usr/lib/python3/dist-packages/colcon_core/task/python/colcon_distutils_commands:/home/abhinandan/ROS2-projects/manipulation/install/arduinobot_py_examples/lib/python3.10/site-packages:${PYTHONPATH} /usr/bin/python3 -W ignore:setup.py install is deprecated -W ignore:easy_install command is deprecated setup.py egg_info --egg-base ../../build/arduinobot_py_examples build --build-base /home/abhinandan/ROS2-projects/manipulation/build/arduinobot_py_examples/build install --record /home/abhinandan/ROS2-projects/manipulation/build/arduinobot_py_examples/install.log --single-version-externally-managed install_data
[0.928s] INFO:colcon.colcon_core.shell:Creating package script '/home/abhinandan/ROS2-projects/manipulation/install/arduinobot_py_examples/share/arduinobot_py_examples/package.zsh'
[0.928s] Level 1:colcon.colcon_core.environment:create_file_with_runtime_dependencies(/home/abhinandan/ROS2-projects/manipulation/install/arduinobot_py_examples/share/colcon-core/packages/arduinobot_py_examples)
[1.018s] DEBUG:colcon.colcon_core.event_handler.log_command:Invoked command in '/home/abhinandan/ROS2-projects/manipulation/build/arduinobot_description' returned '0': CMAKE_PREFIX_PATH=${CMAKE_PREFIX_PATH}:/home/abhinandan/ROS2-projects/manipulation/install/arduinobot_py_examples:/opt/ros/humble /usr/bin/cmake /home/abhinandan/ROS2-projects/manipulation/src/arduinobot_description -DCMAKE_INSTALL_PREFIX=/home/abhinandan/ROS2-projects/manipulation/install/arduinobot_description
[1.018s] DEBUG:colcon.colcon_core.event_handler.log_command:Invoking command in '/home/abhinandan/ROS2-projects/manipulation/build/arduinobot_description': CMAKE_PREFIX_PATH=${CMAKE_PREFIX_PATH}:/home/abhinandan/ROS2-projects/manipulation/install/arduinobot_py_examples:/opt/ros/humble /usr/bin/cmake --build /home/abhinandan/ROS2-projects/manipulation/build/arduinobot_description -- -j4 -l4
[1.023s] DEBUG:colcon.colcon_core.event_handler.log_command:Invoked command in '/home/abhinandan/ROS2-projects/manipulation/build/arduinobot_cpp_examples' returned '0': CMAKE_PREFIX_PATH=${CMAKE_PREFIX_PATH}:/home/abhinandan/ROS2-projects/manipulation/install/arduinobot_py_examples:/opt/ros/humble /usr/bin/cmake /home/abhinandan/ROS2-projects/manipulation/src/arduinobot_cpp_examples -DCMAKE_INSTALL_PREFIX=/home/abhinandan/ROS2-projects/manipulation/install/arduinobot_cpp_examples
[1.023s] DEBUG:colcon.colcon_core.event_handler.log_command:Invoking command in '/home/abhinandan/ROS2-projects/manipulation/build/arduinobot_cpp_examples': CMAKE_PREFIX_PATH=${CMAKE_PREFIX_PATH}:/home/abhinandan/ROS2-projects/manipulation/install/arduinobot_py_examples:/opt/ros/humble /usr/bin/cmake --build /home/abhinandan/ROS2-projects/manipulation/build/arduinobot_cpp_examples -- -j4 -l4
[1.045s] DEBUG:colcon.colcon_core.event_handler.log_command:Invoked command in '/home/abhinandan/ROS2-projects/manipulation/build/arduinobot_cpp_examples' returned '0': CMAKE_PREFIX_PATH=${CMAKE_PREFIX_PATH}:/home/abhinandan/ROS2-projects/manipulation/install/arduinobot_py_examples:/opt/ros/humble /usr/bin/cmake --build /home/abhinandan/ROS2-projects/manipulation/build/arduinobot_cpp_examples -- -j4 -l4
[1.051s] DEBUG:colcon.colcon_core.event_handler.log_command:Invoking command in '/home/abhinandan/ROS2-projects/manipulation/build/arduinobot_cpp_examples': CMAKE_PREFIX_PATH=${CMAKE_PREFIX_PATH}:/home/abhinandan/ROS2-projects/manipulation/install/arduinobot_py_examples:/opt/ros/humble /usr/bin/cmake --install /home/abhinandan/ROS2-projects/manipulation/build/arduinobot_cpp_examples
[1.055s] Level 1:colcon.colcon_core.environment:create_environment_scripts_only(arduinobot_cpp_examples)
[1.055s] Level 1:colcon.colcon_core.environment:checking '/home/abhinandan/ROS2-projects/manipulation/install/arduinobot_cpp_examples' for CMake module files
[1.055s] Level 1:colcon.colcon_core.environment:checking '/home/abhinandan/ROS2-projects/manipulation/install/arduinobot_cpp_examples' for CMake config files
[1.056s] Level 1:colcon.colcon_core.shell:create_environment_hook('arduinobot_cpp_examples', 'cmake_prefix_path')
[1.056s] INFO:colcon.colcon_core.shell:Creating environment hook '/home/abhinandan/ROS2-projects/manipulation/install/arduinobot_cpp_examples/share/arduinobot_cpp_examples/hook/cmake_prefix_path.ps1'
[1.056s] INFO:colcon.colcon_core.shell:Creating environment descriptor '/home/abhinandan/ROS2-projects/manipulation/install/arduinobot_cpp_examples/share/arduinobot_cpp_examples/hook/cmake_prefix_path.dsv'
[1.056s] INFO:colcon.colcon_core.shell:Creating environment hook '/home/abhinandan/ROS2-projects/manipulation/install/arduinobot_cpp_examples/share/arduinobot_cpp_examples/hook/cmake_prefix_path.sh'
[1.056s] Level 1:colcon.colcon_core.environment:checking '/home/abhinandan/ROS2-projects/manipulation/install/arduinobot_cpp_examples/bin'
[1.056s] Level 1:colcon.colcon_core.environment:checking '/home/abhinandan/ROS2-projects/manipulation/install/arduinobot_cpp_examples/lib/pkgconfig/arduinobot_cpp_examples.pc'
[1.056s] Level 1:colcon.colcon_core.environment:checking '/home/abhinandan/ROS2-projects/manipulation/install/arduinobot_cpp_examples/lib/python3.10/site-packages'
[1.056s] Level 1:colcon.colcon_core.environment:checking '/home/abhinandan/ROS2-projects/manipulation/install/arduinobot_cpp_examples/bin'
[1.056s] INFO:colcon.colcon_core.shell:Creating package script '/home/abhinandan/ROS2-projects/manipulation/install/arduinobot_cpp_examples/share/arduinobot_cpp_examples/package.ps1'
[1.057s] INFO:colcon.colcon_core.shell:Creating package descriptor '/home/abhinandan/ROS2-projects/manipulation/install/arduinobot_cpp_examples/share/arduinobot_cpp_examples/package.dsv'
[1.057s] INFO:colcon.colcon_core.shell:Creating package script '/home/abhinandan/ROS2-projects/manipulation/install/arduinobot_cpp_examples/share/arduinobot_cpp_examples/package.sh'
[1.057s] INFO:colcon.colcon_core.shell:Creating package script '/home/abhinandan/ROS2-projects/manipulation/install/arduinobot_cpp_examples/share/arduinobot_cpp_examples/package.bash'
[1.057s] INFO:colcon.colcon_core.shell:Creating package script '/home/abhinandan/ROS2-projects/manipulation/install/arduinobot_cpp_examples/share/arduinobot_cpp_examples/package.zsh'
[1.057s] Level 1:colcon.colcon_core.environment:create_file_with_runtime_dependencies(/home/abhinandan/ROS2-projects/manipulation/install/arduinobot_cpp_examples/share/colcon-core/packages/arduinobot_cpp_examples)
[1.057s] Level 1:colcon.colcon_core.environment:create_environment_scripts_only(arduinobot_cpp_examples)
[1.057s] Level 1:colcon.colcon_core.environment:checking '/home/abhinandan/ROS2-projects/manipulation/install/arduinobot_cpp_examples' for CMake module files
[1.058s] Level 1:colcon.colcon_core.environment:checking '/home/abhinandan/ROS2-projects/manipulation/install/arduinobot_cpp_examples' for CMake config files
[1.058s] Level 1:colcon.colcon_core.shell:create_environment_hook('arduinobot_cpp_examples', 'cmake_prefix_path')
[1.058s] INFO:colcon.colcon_core.shell:Creating environment hook '/home/abhinandan/ROS2-projects/manipulation/install/arduinobot_cpp_examples/share/arduinobot_cpp_examples/hook/cmake_prefix_path.ps1'
[1.058s] INFO:colcon.colcon_core.shell:Creating environment descriptor '/home/abhinandan/ROS2-projects/manipulation/install/arduinobot_cpp_examples/share/arduinobot_cpp_examples/hook/cmake_prefix_path.dsv'
[1.058s] INFO:colcon.colcon_core.shell:Creating environment hook '/home/abhinandan/ROS2-projects/manipulation/install/arduinobot_cpp_examples/share/arduinobot_cpp_examples/hook/cmake_prefix_path.sh'
[1.058s] Level 1:colcon.colcon_core.environment:checking '/home/abhinandan/ROS2-projects/manipulation/install/arduinobot_cpp_examples/bin'
[1.058s] Level 1:colcon.colcon_core.environment:checking '/home/abhinandan/ROS2-projects/manipulation/install/arduinobot_cpp_examples/lib/pkgconfig/arduinobot_cpp_examples.pc'
[1.058s] Level 1:colcon.colcon_core.environment:checking '/home/abhinandan/ROS2-projects/manipulation/install/arduinobot_cpp_examples/lib/python3.10/site-packages'
[1.058s] Level 1:colcon.colcon_core.environment:checking '/home/abhinandan/ROS2-projects/manipulation/install/arduinobot_cpp_examples/bin'
[1.059s] INFO:colcon.colcon_core.shell:Creating package script '/home/abhinandan/ROS2-projects/manipulation/install/arduinobot_cpp_examples/share/arduinobot_cpp_examples/package.ps1'
[1.059s] DEBUG:colcon.colcon_core.event_handler.log_command:Invoked command in '/home/abhinandan/ROS2-projects/manipulation/build/arduinobot_cpp_examples' returned '0': CMAKE_PREFIX_PATH=${CMAKE_PREFIX_PATH}:/home/abhinandan/ROS2-projects/manipulation/install/arduinobot_py_examples:/opt/ros/humble /usr/bin/cmake --install /home/abhinandan/ROS2-projects/manipulation/build/arduinobot_cpp_examples
[1.059s] INFO:colcon.colcon_core.shell:Creating package descriptor '/home/abhinandan/ROS2-projects/manipulation/install/arduinobot_cpp_examples/share/arduinobot_cpp_examples/package.dsv'
[1.059s] INFO:colcon.colcon_core.shell:Creating package script '/home/abhinandan/ROS2-projects/manipulation/install/arduinobot_cpp_examples/share/arduinobot_cpp_examples/package.sh'
[1.059s] INFO:colcon.colcon_core.shell:Creating package script '/home/abhinandan/ROS2-projects/manipulation/install/arduinobot_cpp_examples/share/arduinobot_cpp_examples/package.bash'
[1.059s] INFO:colcon.colcon_core.shell:Creating package script '/home/abhinandan/ROS2-projects/manipulation/install/arduinobot_cpp_examples/share/arduinobot_cpp_examples/package.zsh'
[1.060s] Level 1:colcon.colcon_core.environment:create_file_with_runtime_dependencies(/home/abhinandan/ROS2-projects/manipulation/install/arduinobot_cpp_examples/share/colcon-core/packages/arduinobot_cpp_examples)
[1.060s] DEBUG:colcon.colcon_core.event_handler.log_command:Invoked command in '/home/abhinandan/ROS2-projects/manipulation/build/arduinobot_description' returned '0': CMAKE_PREFIX_PATH=${CMAKE_PREFIX_PATH}:/home/abhinandan/ROS2-projects/manipulation/install/arduinobot_py_examples:/opt/ros/humble /usr/bin/cmake --build /home/abhinandan/ROS2-projects/manipulation/build/arduinobot_description -- -j4 -l4
[1.060s] DEBUG:colcon.colcon_core.event_handler.log_command:Invoking command in '/home/abhinandan/ROS2-projects/manipulation/build/arduinobot_description': CMAKE_PREFIX_PATH=${CMAKE_PREFIX_PATH}:/home/abhinandan/ROS2-projects/manipulation/install/arduinobot_py_examples:/opt/ros/humble /usr/bin/cmake --install /home/abhinandan/ROS2-projects/manipulation/build/arduinobot_description
[1.118s] Level 1:colcon.colcon_core.environment:create_environment_scripts_only(arduinobot_description)
[1.118s] Level 1:colcon.colcon_core.environment:checking '/home/abhinandan/ROS2-projects/manipulation/install/arduinobot_description' for CMake module files
[1.118s] Level 1:colcon.colcon_core.environment:checking '/home/abhinandan/ROS2-projects/manipulation/install/arduinobot_description' for CMake config files
[1.118s] Level 1:colcon.colcon_core.shell:create_environment_hook('arduinobot_description', 'cmake_prefix_path')
[1.118s] INFO:colcon.colcon_core.shell:Creating environment hook '/home/abhinandan/ROS2-projects/manipulation/install/arduinobot_description/share/arduinobot_description/hook/cmake_prefix_path.ps1'
[1.118s] INFO:colcon.colcon_core.shell:Creating environment descriptor '/home/abhinandan/ROS2-projects/manipulation/install/arduinobot_description/share/arduinobot_description/hook/cmake_prefix_path.dsv'
[1.118s] INFO:colcon.colcon_core.shell:Creating environment hook '/home/abhinandan/ROS2-projects/manipulation/install/arduinobot_description/share/arduinobot_description/hook/cmake_prefix_path.sh'
[1.119s] Level 1:colcon.colcon_core.environment:checking '/home/abhinandan/ROS2-projects/manipulation/install/arduinobot_description/bin'
[1.119s] Level 1:colcon.colcon_core.environment:checking '/home/abhinandan/ROS2-projects/manipulation/install/arduinobot_description/lib/pkgconfig/arduinobot_description.pc'
[1.119s] Level 1:colcon.colcon_core.environment:checking '/home/abhinandan/ROS2-projects/manipulation/install/arduinobot_description/lib/python3.10/site-packages'
[1.119s] Level 1:colcon.colcon_core.environment:checking '/home/abhinandan/ROS2-projects/manipulation/install/arduinobot_description/bin'
[1.119s] INFO:colcon.colcon_core.shell:Creating package script '/home/abhinandan/ROS2-projects/manipulation/install/arduinobot_description/share/arduinobot_description/package.ps1'
[1.119s] INFO:colcon.colcon_core.shell:Creating package descriptor '/home/abhinandan/ROS2-projects/manipulation/install/arduinobot_description/share/arduinobot_description/package.dsv'
[1.119s] INFO:colcon.colcon_core.shell:Creating package script '/home/abhinandan/ROS2-projects/manipulation/install/arduinobot_description/share/arduinobot_description/package.sh'
[1.119s] INFO:colcon.colcon_core.shell:Creating package script '/home/abhinandan/ROS2-projects/manipulation/install/arduinobot_description/share/arduinobot_description/package.bash'
[1.120s] INFO:colcon.colcon_core.shell:Creating package script '/home/abhinandan/ROS2-projects/manipulation/install/arduinobot_description/share/arduinobot_description/package.zsh'
[1.120s] Level 1:colcon.colcon_core.environment:create_file_with_runtime_dependencies(/home/abhinandan/ROS2-projects/manipulation/install/arduinobot_description/share/colcon-core/packages/arduinobot_description)
[1.120s] Level 1:colcon.colcon_core.environment:create_environment_scripts_only(arduinobot_description)
[1.120s] Level 1:colcon.colcon_core.environment:checking '/home/abhinandan/ROS2-projects/manipulation/install/arduinobot_description' for CMake module files
[1.120s] Level 1:colcon.colcon_core.environment:checking '/home/abhinandan/ROS2-projects/manipulation/install/arduinobot_description' for CMake config files
[1.120s] Level 1:colcon.colcon_core.shell:create_environment_hook('arduinobot_description', 'cmake_prefix_path')
[1.120s] INFO:colcon.colcon_core.shell:Creating environment hook '/home/abhinandan/ROS2-projects/manipulation/install/arduinobot_description/share/arduinobot_description/hook/cmake_prefix_path.ps1'
[1.120s] INFO:colcon.colcon_core.shell:Creating environment descriptor '/home/abhinandan/ROS2-projects/manipulation/install/arduinobot_description/share/arduinobot_description/hook/cmake_prefix_path.dsv'
[1.121s] DEBUG:colcon.colcon_core.event_handler.log_command:Invoked command in '/home/abhinandan/ROS2-projects/manipulation/build/arduinobot_description' returned '0': CMAKE_PREFIX_PATH=${CMAKE_PREFIX_PATH}:/home/abhinandan/ROS2-projects/manipulation/install/arduinobot_py_examples:/opt/ros/humble /usr/bin/cmake --install /home/abhinandan/ROS2-projects/manipulation/build/arduinobot_description
[1.121s] INFO:colcon.colcon_core.shell:Creating environment hook '/home/abhinandan/ROS2-projects/manipulation/install/arduinobot_description/share/arduinobot_description/hook/cmake_prefix_path.sh'
[1.121s] Level 1:colcon.colcon_core.environment:checking '/home/abhinandan/ROS2-projects/manipulation/install/arduinobot_description/bin'
[1.121s] Level 1:colcon.colcon_core.environment:checking '/home/abhinandan/ROS2-projects/manipulation/install/arduinobot_description/lib/pkgconfig/arduinobot_description.pc'
[1.121s] Level 1:colcon.colcon_core.environment:checking '/home/abhinandan/ROS2-projects/manipulation/install/arduinobot_description/lib/python3.10/site-packages'
[1.121s] Level 1:colcon.colcon_core.environment:checking '/home/abhinandan/ROS2-projects/manipulation/install/arduinobot_description/bin'
[1.121s] INFO:colcon.colcon_core.shell:Creating package script '/home/abhinandan/ROS2-projects/manipulation/install/arduinobot_description/share/arduinobot_description/package.ps1'
[1.122s] INFO:colcon.colcon_core.shell:Creating package descriptor '/home/abhinandan/ROS2-projects/manipulation/install/arduinobot_description/share/arduinobot_description/package.dsv'
[1.122s] INFO:colcon.colcon_core.shell:Creating package script '/home/abhinandan/ROS2-projects/manipulation/install/arduinobot_description/share/arduinobot_description/package.sh'
[1.122s] INFO:colcon.colcon_core.shell:Creating package script '/home/abhinandan/ROS2-projects/manipulation/install/arduinobot_description/share/arduinobot_description/package.bash'
[1.122s] INFO:colcon.colcon_core.shell:Creating package script '/home/abhinandan/ROS2-projects/manipulation/install/arduinobot_description/share/arduinobot_description/package.zsh'
[1.122s] Level 1:colcon.colcon_core.environment:create_file_with_runtime_dependencies(/home/abhinandan/ROS2-projects/manipulation/install/arduinobot_description/share/colcon-core/packages/arduinobot_description)
[1.154s] DEBUG:colcon.colcon_core.event_handler.log_command:Invoked command in '/home/abhinandan/ROS2-projects/manipulation/build/arduinobot_controller' returned '0': CMAKE_PREFIX_PATH=${CMAKE_PREFIX_PATH}:/home/abhinandan/ROS2-projects/manipulation/install/arduinobot_py_examples:/opt/ros/humble /usr/bin/cmake /home/abhinandan/ROS2-projects/manipulation/src/arduinobot_controller -DCMAKE_INSTALL_PREFIX=/home/abhinandan/ROS2-projects/manipulation/install/arduinobot_controller
[1.164s] DEBUG:colcon.colcon_core.event_handler.log_command:Invoking command in '/home/abhinandan/ROS2-projects/manipulation/build/arduinobot_controller': CMAKE_PREFIX_PATH=${CMAKE_PREFIX_PATH}:/home/abhinandan/ROS2-projects/manipulation/install/arduinobot_py_examples:/opt/ros/humble /usr/bin/cmake --build /home/abhinandan/ROS2-projects/manipulation/build/arduinobot_controller -- -j4 -l4
[1.193s] DEBUG:colcon.colcon_core.event_handler.log_command:Invoked command in '/home/abhinandan/ROS2-projects/manipulation/build/arduinobot_controller' returned '0': CMAKE_PREFIX_PATH=${CMAKE_PREFIX_PATH}:/home/abhinandan/ROS2-projects/manipulation/install/arduinobot_py_examples:/opt/ros/humble /usr/bin/cmake --build /home/abhinandan/ROS2-projects/manipulation/build/arduinobot_controller -- -j4 -l4
[1.194s] DEBUG:colcon.colcon_core.event_handler.log_command:Invoking command in '/home/abhinandan/ROS2-projects/manipulation/build/arduinobot_controller': CMAKE_PREFIX_PATH=${CMAKE_PREFIX_PATH}:/home/abhinandan/ROS2-projects/manipulation/install/arduinobot_py_examples:/opt/ros/humble /usr/bin/cmake --install /home/abhinandan/ROS2-projects/manipulation/build/arduinobot_controller
[1.212s] Level 1:colcon.colcon_core.environment:create_environment_scripts_only(arduinobot_controller)
[1.212s] Level 1:colcon.colcon_core.environment:checking '/home/abhinandan/ROS2-projects/manipulation/install/arduinobot_controller' for CMake module files
[1.212s] Level 1:colcon.colcon_core.environment:checking '/home/abhinandan/ROS2-projects/manipulation/install/arduinobot_controller' for CMake config files
[1.212s] Level 1:colcon.colcon_core.shell:create_environment_hook('arduinobot_controller', 'cmake_prefix_path')
[1.212s] INFO:colcon.colcon_core.shell:Creating environment hook '/home/abhinandan/ROS2-projects/manipulation/install/arduinobot_controller/share/arduinobot_controller/hook/cmake_prefix_path.ps1'
[1.212s] INFO:colcon.colcon_core.shell:Creating environment descriptor '/home/abhinandan/ROS2-projects/manipulation/install/arduinobot_controller/share/arduinobot_controller/hook/cmake_prefix_path.dsv'
[1.213s] INFO:colcon.colcon_core.shell:Creating environment hook '/home/abhinandan/ROS2-projects/manipulation/install/arduinobot_controller/share/arduinobot_controller/hook/cmake_prefix_path.sh'
[1.213s] Level 1:colcon.colcon_core.environment:checking '/home/abhinandan/ROS2-projects/manipulation/install/arduinobot_controller/bin'
[1.213s] Level 1:colcon.colcon_core.environment:checking '/home/abhinandan/ROS2-projects/manipulation/install/arduinobot_controller/lib/pkgconfig/arduinobot_controller.pc'
[1.213s] Level 1:colcon.colcon_core.environment:checking '/home/abhinandan/ROS2-projects/manipulation/install/arduinobot_controller/lib/python3.10/site-packages'
[1.213s] Level 1:colcon.colcon_core.environment:checking '/home/abhinandan/ROS2-projects/manipulation/install/arduinobot_controller/bin'
[1.213s] INFO:colcon.colcon_core.shell:Creating package script '/home/abhinandan/ROS2-projects/manipulation/install/arduinobot_controller/share/arduinobot_controller/package.ps1'
[1.213s] INFO:colcon.colcon_core.shell:Creating package descriptor '/home/abhinandan/ROS2-projects/manipulation/install/arduinobot_controller/share/arduinobot_controller/package.dsv'
[1.213s] INFO:colcon.colcon_core.shell:Creating package script '/home/abhinandan/ROS2-projects/manipulation/install/arduinobot_controller/share/arduinobot_controller/package.sh'
[1.214s] INFO:colcon.colcon_core.shell:Creating package script '/home/abhinandan/ROS2-projects/manipulation/install/arduinobot_controller/share/arduinobot_controller/package.bash'
[1.214s] INFO:colcon.colcon_core.shell:Creating package script '/home/abhinandan/ROS2-projects/manipulation/install/arduinobot_controller/share/arduinobot_controller/package.zsh'
[1.214s] Level 1:colcon.colcon_core.environment:create_file_with_runtime_dependencies(/home/abhinandan/ROS2-projects/manipulation/install/arduinobot_controller/share/colcon-core/packages/arduinobot_controller)
[1.214s] Level 1:colcon.colcon_core.environment:create_environment_scripts_only(arduinobot_controller)
[1.214s] Level 1:colcon.colcon_core.environment:checking '/home/abhinandan/ROS2-projects/manipulation/install/arduinobot_controller' for CMake module files
[1.214s] Level 1:colcon.colcon_core.environment:checking '/home/abhinandan/ROS2-projects/manipulation/install/arduinobot_controller' for CMake config files
[1.214s] Level 1:colcon.colcon_core.shell:create_environment_hook('arduinobot_controller', 'cmake_prefix_path')
[1.214s] INFO:colcon.colcon_core.shell:Creating environment hook '/home/abhinandan/ROS2-projects/manipulation/install/arduinobot_controller/share/arduinobot_controller/hook/cmake_prefix_path.ps1'
[1.215s] INFO:colcon.colcon_core.shell:Creating environment descriptor '/home/abhinandan/ROS2-projects/manipulation/install/arduinobot_controller/share/arduinobot_controller/hook/cmake_prefix_path.dsv'
[1.215s] INFO:colcon.colcon_core.shell:Creating environment hook '/home/abhinandan/ROS2-projects/manipulation/install/arduinobot_controller/share/arduinobot_controller/hook/cmake_prefix_path.sh'
[1.215s] Level 1:colcon.colcon_core.environment:checking '/home/abhinandan/ROS2-projects/manipulation/install/arduinobot_controller/bin'
[1.215s] Level 1:colcon.colcon_core.environment:checking '/home/abhinandan/ROS2-projects/manipulation/install/arduinobot_controller/lib/pkgconfig/arduinobot_controller.pc'
[1.215s] Level 1:colcon.colcon_core.environment:checking '/home/abhinandan/ROS2-projects/manipulation/install/arduinobot_controller/lib/python3.10/site-packages'
[1.215s] Level 1:colcon.colcon_core.environment:checking '/home/abhinandan/ROS2-projects/manipulation/install/arduinobot_controller/bin'
[1.215s] INFO:colcon.colcon_core.shell:Creating package script '/home/abhinandan/ROS2-projects/manipulation/install/arduinobot_controller/share/arduinobot_controller/package.ps1'
[1.215s] INFO:colcon.colcon_core.shell:Creating package descriptor '/home/abhinandan/ROS2-projects/manipulation/install/arduinobot_controller/share/arduinobot_controller/package.dsv'
[1.216s] INFO:colcon.colcon_core.shell:Creating package script '/home/abhinandan/ROS2-projects/manipulation/install/arduinobot_controller/share/arduinobot_controller/package.sh'
[1.216s] INFO:colcon.colcon_core.shell:Creating package script '/home/abhinandan/ROS2-projects/manipulation/install/arduinobot_controller/share/arduinobot_controller/package.bash'
[1.216s] INFO:colcon.colcon_core.shell:Creating package script '/home/abhinandan/ROS2-projects/manipulation/install/arduinobot_controller/share/arduinobot_controller/package.zsh'
[1.216s] Level 1:colcon.colcon_core.environment:create_file_with_runtime_dependencies(/home/abhinandan/ROS2-projects/manipulation/install/arduinobot_controller/share/colcon-core/packages/arduinobot_controller)
[1.216s] DEBUG:colcon.colcon_parallel_executor.executor.parallel:closing loop
[1.216s] DEBUG:colcon.colcon_parallel_executor.executor.parallel:loop closed
[1.216s] DEBUG:colcon.colcon_parallel_executor.executor.parallel:run_until_complete finished with '0'
[1.216s] DEBUG:colcon.colcon_core.event_reactor:joining thread
[1.216s] DEBUG:colcon.colcon_core.event_handler.log_command:Invoked command in '/home/abhinandan/ROS2-projects/manipulation/build/arduinobot_controller' returned '0': CMAKE_PREFIX_PATH=${CMAKE_PREFIX_PATH}:/home/abhinandan/ROS2-projects/manipulation/install/arduinobot_py_examples:/opt/ros/humble /usr/bin/cmake --install /home/abhinandan/ROS2-projects/manipulation/build/arduinobot_controller
[1.219s] INFO:colcon.colcon_core.plugin_system:Skipping extension 'colcon_notification.desktop_notification.terminal_notifier': Not used on non-Darwin systems
[1.219s] INFO:colcon.colcon_core.plugin_system:Skipping extension 'colcon_notification.desktop_notification.win32': Not used on non-Windows systems
[1.219s] INFO:colcon.colcon_notification.desktop_notification:Sending desktop notification using 'notify2'
[1.263s] DEBUG:colcon.colcon_core.event_reactor:joined thread
[1.264s] INFO:colcon.colcon_core.shell:Creating prefix script '/home/abhinandan/ROS2-projects/manipulation/install/local_setup.ps1'
[1.264s] INFO:colcon.colcon_core.shell:Creating prefix util module '/home/abhinandan/ROS2-projects/manipulation/install/_local_setup_util_ps1.py'
[1.265s] INFO:colcon.colcon_core.shell:Creating prefix chain script '/home/abhinandan/ROS2-projects/manipulation/install/setup.ps1'
[1.265s] INFO:colcon.colcon_core.shell:Creating prefix script '/home/abhinandan/ROS2-projects/manipulation/install/local_setup.sh'
[1.265s] INFO:colcon.colcon_core.shell:Creating prefix util module '/home/abhinandan/ROS2-projects/manipulation/install/_local_setup_util_sh.py'
[1.265s] INFO:colcon.colcon_core.shell:Creating prefix chain script '/home/abhinandan/ROS2-projects/manipulation/install/setup.sh'
[1.266s] INFO:colcon.colcon_core.shell:Creating prefix script '/home/abhinandan/ROS2-projects/manipulation/install/local_setup.bash'
[1.266s] INFO:colcon.colcon_core.shell:Creating prefix chain script '/home/abhinandan/ROS2-projects/manipulation/install/setup.bash'
[1.266s] INFO:colcon.colcon_core.shell:Creating prefix script '/home/abhinandan/ROS2-projects/manipulation/install/local_setup.zsh'
[1.267s] INFO:colcon.colcon_core.shell:Creating prefix chain script '/home/abhinandan/ROS2-projects/manipulation/install/setup.zsh'
