[0.038s] Invoking command in '/home/abhinandan/ROS2-projects/manipulation/build/arduinobot_utils': CMAKE_PREFIX_PATH=${CMAKE_PREFIX_PATH}:/home/abhinandan/ROS2-projects/manipulation/install/arduinobot_py_examples:/opt/ros/humble /usr/bin/cmake --build /home/abhinandan/ROS2-projects/manipulation/build/arduinobot_utils -- -j4 -l4
[0.088s] -- Found ament_cmake: 1.3.11 (/opt/ros/humble/share/ament_cmake/cmake)
[0.202s] -- Found rclpy: 3.3.16 (/opt/ros/humble/share/rclpy/cmake)
[0.223s] [31mCMake Error at CMakeLists.txt:11 (find_package):
[0.223s]   By not providing "Findarduinobot_msgs.cmake" in CMAKE_MODULE_PATH this
[0.223s]   project has asked CMake to find a package configuration file provided by
[0.223s]   "arduinobot_msgs", but CMake did not find one.
[0.223s] 
[0.223s]   Could not find a package configuration file provided by "arduinobot_msgs"
[0.223s]   with any of the following names:
[0.223s] 
[0.223s]     arduinobot_msgsConfig.cmake
[0.223s]     arduinobot_msgs-config.cmake
[0.224s] 
[0.224s]   Add the installation prefix of "arduinobot_msgs" to CMAKE_PREFIX_PATH or
[0.224s]   set "arduinobot_msgs_DIR" to a directory containing one of the above files.
[0.224s]   If "arduinobot_msgs" provides a separate development package or SDK, be
[0.224s]   sure it has been installed.
[0.224s] 
[0.224s] [0m
[0.224s] -- Configuring incomplete, errors occurred!
[0.224s] See also "/home/abhinandan/ROS2-projects/manipulation/build/arduinobot_utils/CMakeFiles/CMakeOutput.log".
[0.225s] gmake: *** [Makefile:226: cmake_check_build_system] Error 1
[0.229s] Invoked command in '/home/abhinandan/ROS2-projects/manipulation/build/arduinobot_utils' returned '2': CMAKE_PREFIX_PATH=${CMAKE_PREFIX_PATH}:/home/abhinandan/ROS2-projects/manipulation/install/arduinobot_py_examples:/opt/ros/humble /usr/bin/cmake --build /home/abhinandan/ROS2-projects/manipulation/build/arduinobot_utils -- -j4 -l4
