[0.011s] Invoking command in '/home/abhinandan/ROS2-projects/manipulation/build/arduinobot_messages': CMAKE_PREFIX_PATH=${CMAKE_PREFIX_PATH}:/home/abhinandan/ROS2-projects/manipulation/install/arduinobot_py_examples:/opt/ros/humble /usr/bin/cmake --build /home/abhinandan/ROS2-projects/manipulation/build/arduinobot_messages -- -j4 -l4
[0.050s] -- Found ament_cmake: 1.3.11 (/opt/ros/humble/share/ament_cmake/cmake)
[0.129s] -- Found std_msgs: 4.8.0 (/opt/ros/humble/share/std_msgs/cmake)
[0.155s] -- Found rosidl_generator_c: 3.1.6 (/opt/ros/humble/share/rosidl_generator_c/cmake)
[0.155s] -- Found rosidl_adapter: 3.1.6 (/opt/ros/humble/share/rosidl_adapter/cmake)
[0.164s] -- Found rosidl_generator_cpp: 3.1.6 (/opt/ros/humble/share/rosidl_generator_cpp/cmake)
[0.176s] -- Using all available rosidl_typesupport_c: rosidl_typesupport_fastrtps_c;rosidl_typesupport_introspection_c
[0.178s] -- Using all available rosidl_typesupport_cpp: rosidl_typesupport_fastrtps_cpp;rosidl_typesupport_introspection_cpp
[0.191s] -- Found rosidl_default_generators: 1.2.0 (/opt/ros/humble/share/rosidl_default_generators/cmake)
[0.363s] -- Found ament_cmake_ros: 0.10.0 (/opt/ros/humble/share/ament_cmake_ros/cmake)
[0.548s] -- Using all available rosidl_typesupport_c: rosidl_typesupport_fastrtps_c;rosidl_typesupport_introspection_c
[0.624s] -- Using all available rosidl_typesupport_cpp: rosidl_typesupport_fastrtps_cpp;rosidl_typesupport_introspection_cpp
[0.637s] -- Found python_cmake_module: 0.10.0 (/opt/ros/humble/share/python_cmake_module/cmake)
[0.649s] -- Using PYTHON_EXECUTABLE: /usr/bin/python3
[0.655s] -- Using PYTHON_INCLUDE_DIRS: /usr/include/python3.10
[0.655s] -- Using PYTHON_LIBRARIES: /usr/lib/aarch64-linux-gnu/libpython3.10.so
[0.655s] -- Found ament_lint_auto: 0.12.12 (/opt/ros/humble/share/ament_lint_auto/cmake)
[0.662s] -- Added test 'lint_cmake' to check CMake code style
[0.663s] -- Added test 'xmllint' to check XML markup files
[0.664s] -- Configuring done
[0.706s] -- Generating done
[0.712s] -- Build files have been written to: /home/abhinandan/ROS2-projects/manipulation/build/arduinobot_messages
[0.736s] [  2%] [34m[1mGenerating C code for ROS interfaces[0m
[0.768s] [  4%] [34m[1mGenerating C++ code for ROS interfaces[0m
[0.823s] [  4%] Built target ament_cmake_python_copy_arduinobot_messages
[1.043s] running egg_info
[1.043s] writing arduinobot_messages.egg-info/PKG-INFO
[1.043s] writing dependency_links to arduinobot_messages.egg-info/dependency_links.txt
[1.056s] writing top-level names to arduinobot_messages.egg-info/top_level.txt
[1.058s] reading manifest file 'arduinobot_messages.egg-info/SOURCES.txt'
[1.058s] writing manifest file 'arduinobot_messages.egg-info/SOURCES.txt'
[1.122s] [  4%] Built target ament_cmake_python_build_arduinobot_messages_egg
[1.301s] [  4%] Built target arduinobot_messages__cpp
[1.320s] [  6%] [34m[1mGenerating C++ type support for eProsima Fast-RTPS[0m
[1.336s] [  8%] [34m[1mGenerating C++ type support dispatch for ROS interfaces[0m
[1.351s] [35m[1mConsolidate compiler generated dependencies of target arduinobot_messages__rosidl_generator_c[0m
[1.357s] [ 10%] [34m[1mGenerating C++ introspection for ROS interfaces[0m
[1.430s] [ 12%] [32mBuilding C object CMakeFiles/arduinobot_messages__rosidl_generator_c.dir/rosidl_generator_c/arduinobot_messages/srv/detail/add_twoints__functions.c.o[0m
[1.533s] [ 14%] [32mBuilding C object CMakeFiles/arduinobot_messages__rosidl_generator_c.dir/rosidl_generator_c/arduinobot_messages/srv/detail/euler_to_quaternion__functions.c.o[0m
[1.605s] [ 17%] [32mBuilding C object CMakeFiles/arduinobot_messages__rosidl_generator_c.dir/rosidl_generator_c/arduinobot_messages/srv/detail/quaternion_to_euler__functions.c.o[0m
[1.690s] [ 19%] [32m[1mLinking C shared library libarduinobot_messages__rosidl_generator_c.so[0m
[1.759s] [35m[1mConsolidate compiler generated dependencies of target arduinobot_messages__rosidl_typesupport_cpp[0m
[1.800s] [ 19%] Built target arduinobot_messages__rosidl_generator_c
[1.814s] [ 21%] [32mBuilding CXX object CMakeFiles/arduinobot_messages__rosidl_typesupport_cpp.dir/rosidl_typesupport_cpp/arduinobot_messages/srv/add_twoints__type_support.cpp.o[0m
[1.815s] [ 23%] [34m[1mGenerating C type support for eProsima Fast-RTPS[0m
[1.832s] [35m[1mConsolidate compiler generated dependencies of target arduinobot_messages__rosidl_typesupport_introspection_cpp[0m
[1.843s] [ 25%] [32mBuilding CXX object CMakeFiles/arduinobot_messages__rosidl_typesupport_introspection_cpp.dir/rosidl_typesupport_introspection_cpp/arduinobot_messages/srv/detail/add_twoints__type_support.cpp.o[0m
[1.918s] [35m[1mConsolidate compiler generated dependencies of target arduinobot_messages__rosidl_typesupport_fastrtps_cpp[0m
[1.997s] [ 27%] [32mBuilding CXX object CMakeFiles/arduinobot_messages__rosidl_typesupport_fastrtps_cpp.dir/rosidl_typesupport_fastrtps_cpp/arduinobot_messages/srv/detail/dds_fastrtps/add_twoints__type_support.cpp.o[0m
[2.012s] [ 29%] [32mBuilding CXX object CMakeFiles/arduinobot_messages__rosidl_typesupport_cpp.dir/rosidl_typesupport_cpp/arduinobot_messages/srv/euler_to_quaternion__type_support.cpp.o[0m
[2.159s] [ 31%] [32mBuilding CXX object CMakeFiles/arduinobot_messages__rosidl_typesupport_introspection_cpp.dir/rosidl_typesupport_introspection_cpp/arduinobot_messages/srv/detail/euler_to_quaternion__type_support.cpp.o[0m
[2.212s] [ 34%] [32mBuilding CXX object CMakeFiles/arduinobot_messages__rosidl_typesupport_cpp.dir/rosidl_typesupport_cpp/arduinobot_messages/srv/quaternion_to_euler__type_support.cpp.o[0m
[2.344s] [35m[1mConsolidate compiler generated dependencies of target arduinobot_messages__rosidl_typesupport_fastrtps_c[0m
[2.370s] [ 36%] [32mBuilding CXX object CMakeFiles/arduinobot_messages__rosidl_typesupport_fastrtps_c.dir/rosidl_typesupport_fastrtps_c/arduinobot_messages/srv/detail/add_twoints__type_support_c.cpp.o[0m
[2.374s] [ 38%] [32m[1mLinking CXX shared library libarduinobot_messages__rosidl_typesupport_cpp.so[0m
[2.403s] [ 38%] Built target arduinobot_messages__rosidl_typesupport_cpp
[2.407s] [ 40%] [34m[1mGenerating C introspection for ROS interfaces[0m
[2.420s] [ 42%] [32mBuilding CXX object CMakeFiles/arduinobot_messages__rosidl_typesupport_fastrtps_cpp.dir/rosidl_typesupport_fastrtps_cpp/arduinobot_messages/srv/detail/dds_fastrtps/euler_to_quaternion__type_support.cpp.o[0m
[2.470s] [ 44%] [32mBuilding CXX object CMakeFiles/arduinobot_messages__rosidl_typesupport_introspection_cpp.dir/rosidl_typesupport_introspection_cpp/arduinobot_messages/srv/detail/quaternion_to_euler__type_support.cpp.o[0m
[2.686s] [ 46%] [32m[1mLinking CXX shared library libarduinobot_messages__rosidl_typesupport_introspection_cpp.so[0m
[2.687s] [ 48%] [32mBuilding CXX object CMakeFiles/arduinobot_messages__rosidl_typesupport_fastrtps_c.dir/rosidl_typesupport_fastrtps_c/arduinobot_messages/srv/detail/euler_to_quaternion__type_support_c.cpp.o[0m
[2.690s] [35m[1mConsolidate compiler generated dependencies of target arduinobot_messages__rosidl_typesupport_introspection_c[0m
[2.726s] [ 51%] [32mBuilding CXX object CMakeFiles/arduinobot_messages__rosidl_typesupport_fastrtps_cpp.dir/rosidl_typesupport_fastrtps_cpp/arduinobot_messages/srv/detail/dds_fastrtps/quaternion_to_euler__type_support.cpp.o[0m
[2.726s] [ 53%] [32mBuilding C object CMakeFiles/arduinobot_messages__rosidl_typesupport_introspection_c.dir/rosidl_typesupport_introspection_c/arduinobot_messages/srv/detail/add_twoints__type_support.c.o[0m
[2.736s] [ 53%] Built target arduinobot_messages__rosidl_typesupport_introspection_cpp
[2.784s] [ 55%] [34m[1mGenerating C type support dispatch for ROS interfaces[0m
[2.807s] [ 57%] [32mBuilding C object CMakeFiles/arduinobot_messages__rosidl_typesupport_introspection_c.dir/rosidl_typesupport_introspection_c/arduinobot_messages/srv/detail/euler_to_quaternion__type_support.c.o[0m
[2.860s] [ 59%] [32mBuilding C object CMakeFiles/arduinobot_messages__rosidl_typesupport_introspection_c.dir/rosidl_typesupport_introspection_c/arduinobot_messages/srv/detail/quaternion_to_euler__type_support.c.o[0m
[2.880s] [ 61%] [32m[1mLinking C shared library libarduinobot_messages__rosidl_typesupport_introspection_c.so[0m
[2.887s] [ 63%] [32mBuilding CXX object CMakeFiles/arduinobot_messages__rosidl_typesupport_fastrtps_c.dir/rosidl_typesupport_fastrtps_c/arduinobot_messages/srv/detail/quaternion_to_euler__type_support_c.cpp.o[0m
[2.984s] [ 63%] Built target arduinobot_messages__rosidl_typesupport_introspection_c
[3.033s] [ 65%] [32m[1mLinking CXX shared library libarduinobot_messages__rosidl_typesupport_fastrtps_cpp.so[0m
[3.049s] [ 68%] [32m[1mLinking CXX shared library libarduinobot_messages__rosidl_typesupport_fastrtps_c.so[0m
[3.087s] [ 68%] Built target arduinobot_messages__rosidl_typesupport_fastrtps_cpp
[3.096s] [ 68%] Built target arduinobot_messages__rosidl_typesupport_fastrtps_c
[3.097s] [35m[1mConsolidate compiler generated dependencies of target arduinobot_messages__rosidl_typesupport_c[0m
[3.101s] [ 70%] [32mBuilding CXX object CMakeFiles/arduinobot_messages__rosidl_typesupport_c.dir/rosidl_typesupport_c/arduinobot_messages/srv/add_twoints__type_support.cpp.o[0m
[3.101s] [ 72%] [32mBuilding CXX object CMakeFiles/arduinobot_messages__rosidl_typesupport_c.dir/rosidl_typesupport_c/arduinobot_messages/srv/euler_to_quaternion__type_support.cpp.o[0m
[3.102s] [ 74%] [32mBuilding CXX object CMakeFiles/arduinobot_messages__rosidl_typesupport_c.dir/rosidl_typesupport_c/arduinobot_messages/srv/quaternion_to_euler__type_support.cpp.o[0m
[3.118s] [ 76%] [32m[1mLinking CXX shared library libarduinobot_messages__rosidl_typesupport_c.so[0m
[3.137s] [ 76%] Built target arduinobot_messages__rosidl_typesupport_c
[3.151s] [ 76%] Built target arduinobot_messages
[3.152s] [ 78%] [34m[1mGenerating Python code for ROS interfaces[0m
[3.519s] [ 78%] Built target arduinobot_messages__py
[3.524s] [35m[1mConsolidate compiler generated dependencies of target arduinobot_messages__rosidl_generator_py[0m
[3.535s] [ 80%] [32mBuilding C object CMakeFiles/arduinobot_messages__rosidl_generator_py.dir/rosidl_generator_py/arduinobot_messages/srv/_add_twoints_s.c.o[0m
[3.535s] [ 82%] [32mBuilding C object CMakeFiles/arduinobot_messages__rosidl_generator_py.dir/rosidl_generator_py/arduinobot_messages/srv/_euler_to_quaternion_s.c.o[0m
[3.546s] [ 85%] [32mBuilding C object CMakeFiles/arduinobot_messages__rosidl_generator_py.dir/rosidl_generator_py/arduinobot_messages/srv/_quaternion_to_euler_s.c.o[0m
[3.631s] [ 87%] [32m[1mLinking C shared library rosidl_generator_py/arduinobot_messages/libarduinobot_messages__rosidl_generator_py.so[0m
[3.673s] [ 87%] Built target arduinobot_messages__rosidl_generator_py
[3.683s] [35m[1mConsolidate compiler generated dependencies of target arduinobot_messages__rosidl_typesupport_fastrtps_c__pyext[0m
[3.683s] [35m[1mConsolidate compiler generated dependencies of target arduinobot_messages__rosidl_typesupport_c__pyext[0m
[3.687s] [35m[1mConsolidate compiler generated dependencies of target arduinobot_messages__rosidl_typesupport_introspection_c__pyext[0m
[3.690s] [ 89%] [32mBuilding C object CMakeFiles/arduinobot_messages__rosidl_typesupport_fastrtps_c__pyext.dir/rosidl_generator_py/arduinobot_messages/_arduinobot_messages_s.ep.rosidl_typesupport_fastrtps_c.c.o[0m
[3.692s] [ 91%] [32mBuilding C object CMakeFiles/arduinobot_messages__rosidl_typesupport_introspection_c__pyext.dir/rosidl_generator_py/arduinobot_messages/_arduinobot_messages_s.ep.rosidl_typesupport_introspection_c.c.o[0m
[3.736s] [ 93%] [32mBuilding C object CMakeFiles/arduinobot_messages__rosidl_typesupport_c__pyext.dir/rosidl_generator_py/arduinobot_messages/_arduinobot_messages_s.ep.rosidl_typesupport_c.c.o[0m
[3.745s] [ 95%] [32m[1mLinking C shared library rosidl_generator_py/arduinobot_messages/arduinobot_messages_s__rosidl_typesupport_introspection_c.cpython-310-aarch64-linux-gnu.so[0m
[3.776s] [ 97%] [32m[1mLinking C shared library rosidl_generator_py/arduinobot_messages/arduinobot_messages_s__rosidl_typesupport_fastrtps_c.cpython-310-aarch64-linux-gnu.so[0m
[3.803s] [ 97%] Built target arduinobot_messages__rosidl_typesupport_introspection_c__pyext
[3.805s] [100%] [32m[1mLinking C shared library rosidl_generator_py/arduinobot_messages/arduinobot_messages_s__rosidl_typesupport_c.cpython-310-aarch64-linux-gnu.so[0m
[3.808s] [100%] Built target arduinobot_messages__rosidl_typesupport_fastrtps_c__pyext
[3.819s] [100%] Built target arduinobot_messages__rosidl_typesupport_c__pyext
[3.824s] Invoked command in '/home/abhinandan/ROS2-projects/manipulation/build/arduinobot_messages' returned '0': CMAKE_PREFIX_PATH=${CMAKE_PREFIX_PATH}:/home/abhinandan/ROS2-projects/manipulation/install/arduinobot_py_examples:/opt/ros/humble /usr/bin/cmake --build /home/abhinandan/ROS2-projects/manipulation/build/arduinobot_messages -- -j4 -l4
[3.825s] Invoking command in '/home/abhinandan/ROS2-projects/manipulation/build/arduinobot_messages': CMAKE_PREFIX_PATH=${CMAKE_PREFIX_PATH}:/home/abhinandan/ROS2-projects/manipulation/install/arduinobot_py_examples:/opt/ros/humble /usr/bin/cmake --install /home/abhinandan/ROS2-projects/manipulation/build/arduinobot_messages
[3.829s] -- Install configuration: ""
[3.829s] -- Installing: /home/abhinandan/ROS2-projects/manipulation/install/arduinobot_messages/share/ament_index/resource_index/rosidl_interfaces/arduinobot_messages
[3.829s] -- Up-to-date: /home/abhinandan/ROS2-projects/manipulation/install/arduinobot_messages/include/arduinobot_messages/arduinobot_messages
[3.829s] -- Up-to-date: /home/abhinandan/ROS2-projects/manipulation/install/arduinobot_messages/include/arduinobot_messages/arduinobot_messages/srv
[3.829s] -- Installing: /home/abhinandan/ROS2-projects/manipulation/install/arduinobot_messages/include/arduinobot_messages/arduinobot_messages/srv/quaternion_to_euler.h
[3.829s] -- Installing: /home/abhinandan/ROS2-projects/manipulation/install/arduinobot_messages/include/arduinobot_messages/arduinobot_messages/srv/add_twoints.h
[3.830s] -- Up-to-date: /home/abhinandan/ROS2-projects/manipulation/install/arduinobot_messages/include/arduinobot_messages/arduinobot_messages/srv/detail
[3.830s] -- Installing: /home/abhinandan/ROS2-projects/manipulation/install/arduinobot_messages/include/arduinobot_messages/arduinobot_messages/srv/detail/euler_to_quaternion__functions.c
[3.830s] -- Installing: /home/abhinandan/ROS2-projects/manipulation/install/arduinobot_messages/include/arduinobot_messages/arduinobot_messages/srv/detail/euler_to_quaternion__struct.h
[3.830s] -- Installing: /home/abhinandan/ROS2-projects/manipulation/install/arduinobot_messages/include/arduinobot_messages/arduinobot_messages/srv/detail/euler_to_quaternion__type_support.h
[3.830s] -- Installing: /home/abhinandan/ROS2-projects/manipulation/install/arduinobot_messages/include/arduinobot_messages/arduinobot_messages/srv/detail/quaternion_to_euler__struct.h
[3.830s] -- Installing: /home/abhinandan/ROS2-projects/manipulation/install/arduinobot_messages/include/arduinobot_messages/arduinobot_messages/srv/detail/quaternion_to_euler__type_support.h
[3.830s] -- Installing: /home/abhinandan/ROS2-projects/manipulation/install/arduinobot_messages/include/arduinobot_messages/arduinobot_messages/srv/detail/add_twoints__struct.h
[3.830s] -- Installing: /home/abhinandan/ROS2-projects/manipulation/install/arduinobot_messages/include/arduinobot_messages/arduinobot_messages/srv/detail/add_twoints__type_support.h
[3.830s] -- Installing: /home/abhinandan/ROS2-projects/manipulation/install/arduinobot_messages/include/arduinobot_messages/arduinobot_messages/srv/detail/quaternion_to_euler__functions.h
[3.830s] -- Installing: /home/abhinandan/ROS2-projects/manipulation/install/arduinobot_messages/include/arduinobot_messages/arduinobot_messages/srv/detail/add_twoints__functions.c
[3.830s] -- Installing: /home/abhinandan/ROS2-projects/manipulation/install/arduinobot_messages/include/arduinobot_messages/arduinobot_messages/srv/detail/add_twoints__functions.h
[3.830s] -- Installing: /home/abhinandan/ROS2-projects/manipulation/install/arduinobot_messages/include/arduinobot_messages/arduinobot_messages/srv/detail/quaternion_to_euler__functions.c
[3.830s] -- Installing: /home/abhinandan/ROS2-projects/manipulation/install/arduinobot_messages/include/arduinobot_messages/arduinobot_messages/srv/detail/euler_to_quaternion__functions.h
[3.830s] -- Installing: /home/abhinandan/ROS2-projects/manipulation/install/arduinobot_messages/include/arduinobot_messages/arduinobot_messages/srv/euler_to_quaternion.h
[3.830s] -- Up-to-date: /home/abhinandan/ROS2-projects/manipulation/install/arduinobot_messages/include/arduinobot_messages/arduinobot_messages/msg
[3.830s] -- Up-to-date: /home/abhinandan/ROS2-projects/manipulation/install/arduinobot_messages/include/arduinobot_messages/arduinobot_messages/msg/rosidl_generator_c__visibility_control.h
[3.830s] -- Up-to-date: /home/abhinandan/ROS2-projects/manipulation/install/arduinobot_messages/share/arduinobot_messages/environment/library_path.sh
[3.830s] -- Installing: /home/abhinandan/ROS2-projects/manipulation/install/arduinobot_messages/share/arduinobot_messages/environment/library_path.dsv
[3.830s] -- Installing: /home/abhinandan/ROS2-projects/manipulation/install/arduinobot_messages/lib/libarduinobot_messages__rosidl_generator_c.so
[3.830s] -- Set runtime path of "/home/abhinandan/ROS2-projects/manipulation/install/arduinobot_messages/lib/libarduinobot_messages__rosidl_generator_c.so" to ""
[3.830s] -- Up-to-date: /home/abhinandan/ROS2-projects/manipulation/install/arduinobot_messages/include/arduinobot_messages/arduinobot_messages
[3.830s] -- Up-to-date: /home/abhinandan/ROS2-projects/manipulation/install/arduinobot_messages/include/arduinobot_messages/arduinobot_messages/srv
[3.831s] -- Up-to-date: /home/abhinandan/ROS2-projects/manipulation/install/arduinobot_messages/include/arduinobot_messages/arduinobot_messages/srv/detail
[3.831s] -- Installing: /home/abhinandan/ROS2-projects/manipulation/install/arduinobot_messages/include/arduinobot_messages/arduinobot_messages/srv/detail/euler_to_quaternion__rosidl_typesupport_fastrtps_c.h
[3.831s] -- Installing: /home/abhinandan/ROS2-projects/manipulation/install/arduinobot_messages/include/arduinobot_messages/arduinobot_messages/srv/detail/add_twoints__rosidl_typesupport_fastrtps_c.h
[3.831s] -- Installing: /home/abhinandan/ROS2-projects/manipulation/install/arduinobot_messages/include/arduinobot_messages/arduinobot_messages/srv/detail/quaternion_to_euler__rosidl_typesupport_fastrtps_c.h
[3.831s] -- Up-to-date: /home/abhinandan/ROS2-projects/manipulation/install/arduinobot_messages/include/arduinobot_messages/arduinobot_messages/msg
[3.831s] -- Up-to-date: /home/abhinandan/ROS2-projects/manipulation/install/arduinobot_messages/include/arduinobot_messages/arduinobot_messages/msg/rosidl_typesupport_fastrtps_c__visibility_control.h
[3.831s] -- Installing: /home/abhinandan/ROS2-projects/manipulation/install/arduinobot_messages/lib/libarduinobot_messages__rosidl_typesupport_fastrtps_c.so
[3.831s] -- Set runtime path of "/home/abhinandan/ROS2-projects/manipulation/install/arduinobot_messages/lib/libarduinobot_messages__rosidl_typesupport_fastrtps_c.so" to ""
[3.831s] -- Up-to-date: /home/abhinandan/ROS2-projects/manipulation/install/arduinobot_messages/include/arduinobot_messages/arduinobot_messages
[3.831s] -- Up-to-date: /home/abhinandan/ROS2-projects/manipulation/install/arduinobot_messages/include/arduinobot_messages/arduinobot_messages/srv
[3.831s] -- Installing: /home/abhinandan/ROS2-projects/manipulation/install/arduinobot_messages/include/arduinobot_messages/arduinobot_messages/srv/euler_to_quaternion.hpp
[3.831s] -- Installing: /home/abhinandan/ROS2-projects/manipulation/install/arduinobot_messages/include/arduinobot_messages/arduinobot_messages/srv/quaternion_to_euler.hpp
[3.831s] -- Installing: /home/abhinandan/ROS2-projects/manipulation/install/arduinobot_messages/include/arduinobot_messages/arduinobot_messages/srv/add_twoints.hpp
[3.831s] -- Up-to-date: /home/abhinandan/ROS2-projects/manipulation/install/arduinobot_messages/include/arduinobot_messages/arduinobot_messages/srv/detail
[3.831s] -- Installing: /home/abhinandan/ROS2-projects/manipulation/install/arduinobot_messages/include/arduinobot_messages/arduinobot_messages/srv/detail/euler_to_quaternion__builder.hpp
[3.831s] -- Installing: /home/abhinandan/ROS2-projects/manipulation/install/arduinobot_messages/include/arduinobot_messages/arduinobot_messages/srv/detail/add_twoints__traits.hpp
[3.831s] -- Installing: /home/abhinandan/ROS2-projects/manipulation/install/arduinobot_messages/include/arduinobot_messages/arduinobot_messages/srv/detail/quaternion_to_euler__type_support.hpp
[3.831s] -- Installing: /home/abhinandan/ROS2-projects/manipulation/install/arduinobot_messages/include/arduinobot_messages/arduinobot_messages/srv/detail/add_twoints__builder.hpp
[3.831s] -- Installing: /home/abhinandan/ROS2-projects/manipulation/install/arduinobot_messages/include/arduinobot_messages/arduinobot_messages/srv/detail/euler_to_quaternion__traits.hpp
[3.831s] -- Installing: /home/abhinandan/ROS2-projects/manipulation/install/arduinobot_messages/include/arduinobot_messages/arduinobot_messages/srv/detail/euler_to_quaternion__type_support.hpp
[3.831s] -- Installing: /home/abhinandan/ROS2-projects/manipulation/install/arduinobot_messages/include/arduinobot_messages/arduinobot_messages/srv/detail/euler_to_quaternion__struct.hpp
[3.831s] -- Installing: /home/abhinandan/ROS2-projects/manipulation/install/arduinobot_messages/include/arduinobot_messages/arduinobot_messages/srv/detail/quaternion_to_euler__traits.hpp
[3.831s] -- Installing: /home/abhinandan/ROS2-projects/manipulation/install/arduinobot_messages/include/arduinobot_messages/arduinobot_messages/srv/detail/quaternion_to_euler__builder.hpp
[3.831s] -- Installing: /home/abhinandan/ROS2-projects/manipulation/install/arduinobot_messages/include/arduinobot_messages/arduinobot_messages/srv/detail/add_twoints__struct.hpp
[3.832s] -- Installing: /home/abhinandan/ROS2-projects/manipulation/install/arduinobot_messages/include/arduinobot_messages/arduinobot_messages/srv/detail/add_twoints__type_support.hpp
[3.832s] -- Installing: /home/abhinandan/ROS2-projects/manipulation/install/arduinobot_messages/include/arduinobot_messages/arduinobot_messages/srv/detail/quaternion_to_euler__struct.hpp
[3.832s] -- Up-to-date: /home/abhinandan/ROS2-projects/manipulation/install/arduinobot_messages/include/arduinobot_messages/arduinobot_messages/msg
[3.832s] -- Up-to-date: /home/abhinandan/ROS2-projects/manipulation/install/arduinobot_messages/include/arduinobot_messages/arduinobot_messages/msg/rosidl_generator_cpp__visibility_control.hpp
[3.832s] -- Up-to-date: /home/abhinandan/ROS2-projects/manipulation/install/arduinobot_messages/include/arduinobot_messages/arduinobot_messages
[3.832s] -- Up-to-date: /home/abhinandan/ROS2-projects/manipulation/install/arduinobot_messages/include/arduinobot_messages/arduinobot_messages/srv
[3.832s] -- Up-to-date: /home/abhinandan/ROS2-projects/manipulation/install/arduinobot_messages/include/arduinobot_messages/arduinobot_messages/srv/detail
[3.832s] -- Installing: /home/abhinandan/ROS2-projects/manipulation/install/arduinobot_messages/include/arduinobot_messages/arduinobot_messages/srv/detail/quaternion_to_euler__rosidl_typesupport_fastrtps_cpp.hpp
[3.832s] -- Installing: /home/abhinandan/ROS2-projects/manipulation/install/arduinobot_messages/include/arduinobot_messages/arduinobot_messages/srv/detail/euler_to_quaternion__rosidl_typesupport_fastrtps_cpp.hpp
[3.832s] -- Up-to-date: /home/abhinandan/ROS2-projects/manipulation/install/arduinobot_messages/include/arduinobot_messages/arduinobot_messages/srv/detail/dds_fastrtps
[3.832s] -- Installing: /home/abhinandan/ROS2-projects/manipulation/install/arduinobot_messages/include/arduinobot_messages/arduinobot_messages/srv/detail/add_twoints__rosidl_typesupport_fastrtps_cpp.hpp
[3.832s] -- Up-to-date: /home/abhinandan/ROS2-projects/manipulation/install/arduinobot_messages/include/arduinobot_messages/arduinobot_messages/msg
[3.832s] -- Up-to-date: /home/abhinandan/ROS2-projects/manipulation/install/arduinobot_messages/include/arduinobot_messages/arduinobot_messages/msg/rosidl_typesupport_fastrtps_cpp__visibility_control.h
[3.832s] -- Installing: /home/abhinandan/ROS2-projects/manipulation/install/arduinobot_messages/lib/libarduinobot_messages__rosidl_typesupport_fastrtps_cpp.so
[3.832s] -- Set runtime path of "/home/abhinandan/ROS2-projects/manipulation/install/arduinobot_messages/lib/libarduinobot_messages__rosidl_typesupport_fastrtps_cpp.so" to ""
[3.832s] -- Up-to-date: /home/abhinandan/ROS2-projects/manipulation/install/arduinobot_messages/include/arduinobot_messages/arduinobot_messages
[3.832s] -- Up-to-date: /home/abhinandan/ROS2-projects/manipulation/install/arduinobot_messages/include/arduinobot_messages/arduinobot_messages/srv
[3.832s] -- Up-to-date: /home/abhinandan/ROS2-projects/manipulation/install/arduinobot_messages/include/arduinobot_messages/arduinobot_messages/srv/detail
[3.832s] -- Installing: /home/abhinandan/ROS2-projects/manipulation/install/arduinobot_messages/include/arduinobot_messages/arduinobot_messages/srv/detail/quaternion_to_euler__type_support.c
[3.832s] -- Installing: /home/abhinandan/ROS2-projects/manipulation/install/arduinobot_messages/include/arduinobot_messages/arduinobot_messages/srv/detail/euler_to_quaternion__type_support.c
[3.833s] -- Installing: /home/abhinandan/ROS2-projects/manipulation/install/arduinobot_messages/include/arduinobot_messages/arduinobot_messages/srv/detail/quaternion_to_euler__rosidl_typesupport_introspection_c.h
[3.833s] -- Installing: /home/abhinandan/ROS2-projects/manipulation/install/arduinobot_messages/include/arduinobot_messages/arduinobot_messages/srv/detail/add_twoints__rosidl_typesupport_introspection_c.h
[3.833s] -- Installing: /home/abhinandan/ROS2-projects/manipulation/install/arduinobot_messages/include/arduinobot_messages/arduinobot_messages/srv/detail/euler_to_quaternion__rosidl_typesupport_introspection_c.h
[3.833s] -- Installing: /home/abhinandan/ROS2-projects/manipulation/install/arduinobot_messages/include/arduinobot_messages/arduinobot_messages/srv/detail/add_twoints__type_support.c
[3.833s] -- Up-to-date: /home/abhinandan/ROS2-projects/manipulation/install/arduinobot_messages/include/arduinobot_messages/arduinobot_messages/msg
[3.833s] -- Up-to-date: /home/abhinandan/ROS2-projects/manipulation/install/arduinobot_messages/include/arduinobot_messages/arduinobot_messages/msg/rosidl_typesupport_introspection_c__visibility_control.h
[3.833s] -- Installing: /home/abhinandan/ROS2-projects/manipulation/install/arduinobot_messages/lib/libarduinobot_messages__rosidl_typesupport_introspection_c.so
[3.833s] -- Set runtime path of "/home/abhinandan/ROS2-projects/manipulation/install/arduinobot_messages/lib/libarduinobot_messages__rosidl_typesupport_introspection_c.so" to ""
[3.833s] -- Installing: /home/abhinandan/ROS2-projects/manipulation/install/arduinobot_messages/lib/libarduinobot_messages__rosidl_typesupport_c.so
[3.833s] -- Set runtime path of "/home/abhinandan/ROS2-projects/manipulation/install/arduinobot_messages/lib/libarduinobot_messages__rosidl_typesupport_c.so" to ""
[3.833s] -- Up-to-date: /home/abhinandan/ROS2-projects/manipulation/install/arduinobot_messages/include/arduinobot_messages/arduinobot_messages
[3.833s] -- Up-to-date: /home/abhinandan/ROS2-projects/manipulation/install/arduinobot_messages/include/arduinobot_messages/arduinobot_messages/srv
[3.833s] -- Up-to-date: /home/abhinandan/ROS2-projects/manipulation/install/arduinobot_messages/include/arduinobot_messages/arduinobot_messages/srv/detail
[3.833s] -- Installing: /home/abhinandan/ROS2-projects/manipulation/install/arduinobot_messages/include/arduinobot_messages/arduinobot_messages/srv/detail/quaternion_to_euler__type_support.cpp
[3.833s] -- Installing: /home/abhinandan/ROS2-projects/manipulation/install/arduinobot_messages/include/arduinobot_messages/arduinobot_messages/srv/detail/quaternion_to_euler__rosidl_typesupport_introspection_cpp.hpp
[3.834s] -- Installing: /home/abhinandan/ROS2-projects/manipulation/install/arduinobot_messages/include/arduinobot_messages/arduinobot_messages/srv/detail/euler_to_quaternion__type_support.cpp
[3.834s] -- Installing: /home/abhinandan/ROS2-projects/manipulation/install/arduinobot_messages/include/arduinobot_messages/arduinobot_messages/srv/detail/add_twoints__type_support.cpp
[3.834s] -- Installing: /home/abhinandan/ROS2-projects/manipulation/install/arduinobot_messages/include/arduinobot_messages/arduinobot_messages/srv/detail/add_twoints__rosidl_typesupport_introspection_cpp.hpp
[3.834s] -- Installing: /home/abhinandan/ROS2-projects/manipulation/install/arduinobot_messages/include/arduinobot_messages/arduinobot_messages/srv/detail/euler_to_quaternion__rosidl_typesupport_introspection_cpp.hpp
[3.834s] -- Installing: /home/abhinandan/ROS2-projects/manipulation/install/arduinobot_messages/lib/libarduinobot_messages__rosidl_typesupport_introspection_cpp.so
[3.834s] -- Set runtime path of "/home/abhinandan/ROS2-projects/manipulation/install/arduinobot_messages/lib/libarduinobot_messages__rosidl_typesupport_introspection_cpp.so" to ""
[3.834s] -- Installing: /home/abhinandan/ROS2-projects/manipulation/install/arduinobot_messages/lib/libarduinobot_messages__rosidl_typesupport_cpp.so
[3.834s] -- Set runtime path of "/home/abhinandan/ROS2-projects/manipulation/install/arduinobot_messages/lib/libarduinobot_messages__rosidl_typesupport_cpp.so" to ""
[3.834s] -- Up-to-date: /home/abhinandan/ROS2-projects/manipulation/install/arduinobot_messages/share/arduinobot_messages/environment/pythonpath.sh
[3.834s] -- Installing: /home/abhinandan/ROS2-projects/manipulation/install/arduinobot_messages/share/arduinobot_messages/environment/pythonpath.dsv
[3.834s] -- Up-to-date: /home/abhinandan/ROS2-projects/manipulation/install/arduinobot_messages/local/lib/python3.10/dist-packages/arduinobot_messages-0.0.0-py3.10.egg-info
[3.834s] -- Installing: /home/abhinandan/ROS2-projects/manipulation/install/arduinobot_messages/local/lib/python3.10/dist-packages/arduinobot_messages-0.0.0-py3.10.egg-info/SOURCES.txt
[3.834s] -- Installing: /home/abhinandan/ROS2-projects/manipulation/install/arduinobot_messages/local/lib/python3.10/dist-packages/arduinobot_messages-0.0.0-py3.10.egg-info/top_level.txt
[3.834s] -- Installing: /home/abhinandan/ROS2-projects/manipulation/install/arduinobot_messages/local/lib/python3.10/dist-packages/arduinobot_messages-0.0.0-py3.10.egg-info/dependency_links.txt
[3.834s] -- Installing: /home/abhinandan/ROS2-projects/manipulation/install/arduinobot_messages/local/lib/python3.10/dist-packages/arduinobot_messages-0.0.0-py3.10.egg-info/PKG-INFO
[3.834s] -- Up-to-date: /home/abhinandan/ROS2-projects/manipulation/install/arduinobot_messages/local/lib/python3.10/dist-packages/arduinobot_messages
[3.835s] -- Installing: /home/abhinandan/ROS2-projects/manipulation/install/arduinobot_messages/local/lib/python3.10/dist-packages/arduinobot_messages/_arduinobot_messages_s.ep.rosidl_typesupport_fastrtps_c.c
[3.835s] -- Up-to-date: /home/abhinandan/ROS2-projects/manipulation/install/arduinobot_messages/local/lib/python3.10/dist-packages/arduinobot_messages/srv
[3.835s] -- Installing: /home/abhinandan/ROS2-projects/manipulation/install/arduinobot_messages/local/lib/python3.10/dist-packages/arduinobot_messages/srv/_add_twoints_s.c
[3.835s] -- Installing: /home/abhinandan/ROS2-projects/manipulation/install/arduinobot_messages/local/lib/python3.10/dist-packages/arduinobot_messages/srv/_quaternion_to_euler.py
[3.835s] -- Installing: /home/abhinandan/ROS2-projects/manipulation/install/arduinobot_messages/local/lib/python3.10/dist-packages/arduinobot_messages/srv/_quaternion_to_euler_s.c
[3.835s] -- Installing: /home/abhinandan/ROS2-projects/manipulation/install/arduinobot_messages/local/lib/python3.10/dist-packages/arduinobot_messages/srv/_euler_to_quaternion_s.c
[3.835s] -- Installing: /home/abhinandan/ROS2-projects/manipulation/install/arduinobot_messages/local/lib/python3.10/dist-packages/arduinobot_messages/srv/_euler_to_quaternion.py
[3.835s] -- Installing: /home/abhinandan/ROS2-projects/manipulation/install/arduinobot_messages/local/lib/python3.10/dist-packages/arduinobot_messages/srv/__init__.py
[3.835s] -- Installing: /home/abhinandan/ROS2-projects/manipulation/install/arduinobot_messages/local/lib/python3.10/dist-packages/arduinobot_messages/srv/_add_twoints.py
[3.835s] -- Installing: /home/abhinandan/ROS2-projects/manipulation/install/arduinobot_messages/local/lib/python3.10/dist-packages/arduinobot_messages/libarduinobot_messages__rosidl_generator_py.so
[3.835s] -- Installing: /home/abhinandan/ROS2-projects/manipulation/install/arduinobot_messages/local/lib/python3.10/dist-packages/arduinobot_messages/arduinobot_messages_s__rosidl_typesupport_introspection_c.cpython-310-aarch64-linux-gnu.so
[3.835s] -- Installing: /home/abhinandan/ROS2-projects/manipulation/install/arduinobot_messages/local/lib/python3.10/dist-packages/arduinobot_messages/arduinobot_messages_s__rosidl_typesupport_c.cpython-310-aarch64-linux-gnu.so
[3.835s] -- Installing: /home/abhinandan/ROS2-projects/manipulation/install/arduinobot_messages/local/lib/python3.10/dist-packages/arduinobot_messages/_arduinobot_messages_s.ep.rosidl_typesupport_introspection_c.c
[3.835s] -- Installing: /home/abhinandan/ROS2-projects/manipulation/install/arduinobot_messages/local/lib/python3.10/dist-packages/arduinobot_messages/_arduinobot_messages_s.ep.rosidl_typesupport_c.c
[3.836s] -- Installing: /home/abhinandan/ROS2-projects/manipulation/install/arduinobot_messages/local/lib/python3.10/dist-packages/arduinobot_messages/__init__.py
[3.836s] -- Installing: /home/abhinandan/ROS2-projects/manipulation/install/arduinobot_messages/local/lib/python3.10/dist-packages/arduinobot_messages/arduinobot_messages_s__rosidl_typesupport_fastrtps_c.cpython-310-aarch64-linux-gnu.so
[3.857s] Listing '/home/abhinandan/ROS2-projects/manipulation/install/arduinobot_messages/local/lib/python3.10/dist-packages/arduinobot_messages'...
[3.857s] Compiling '/home/abhinandan/ROS2-projects/manipulation/install/arduinobot_messages/local/lib/python3.10/dist-packages/arduinobot_messages/__init__.py'...
[3.857s] Listing '/home/abhinandan/ROS2-projects/manipulation/install/arduinobot_messages/local/lib/python3.10/dist-packages/arduinobot_messages/srv'...
[3.857s] Compiling '/home/abhinandan/ROS2-projects/manipulation/install/arduinobot_messages/local/lib/python3.10/dist-packages/arduinobot_messages/srv/__init__.py'...
[3.857s] Compiling '/home/abhinandan/ROS2-projects/manipulation/install/arduinobot_messages/local/lib/python3.10/dist-packages/arduinobot_messages/srv/_add_twoints.py'...
[3.858s] Compiling '/home/abhinandan/ROS2-projects/manipulation/install/arduinobot_messages/local/lib/python3.10/dist-packages/arduinobot_messages/srv/_euler_to_quaternion.py'...
[3.858s] Compiling '/home/abhinandan/ROS2-projects/manipulation/install/arduinobot_messages/local/lib/python3.10/dist-packages/arduinobot_messages/srv/_quaternion_to_euler.py'...
[3.858s] -- Installing: /home/abhinandan/ROS2-projects/manipulation/install/arduinobot_messages/local/lib/python3.10/dist-packages/arduinobot_messages/arduinobot_messages_s__rosidl_typesupport_fastrtps_c.cpython-310-aarch64-linux-gnu.so
[3.858s] -- Set runtime path of "/home/abhinandan/ROS2-projects/manipulation/install/arduinobot_messages/local/lib/python3.10/dist-packages/arduinobot_messages/arduinobot_messages_s__rosidl_typesupport_fastrtps_c.cpython-310-aarch64-linux-gnu.so" to ""
[3.858s] -- Installing: /home/abhinandan/ROS2-projects/manipulation/install/arduinobot_messages/local/lib/python3.10/dist-packages/arduinobot_messages/arduinobot_messages_s__rosidl_typesupport_introspection_c.cpython-310-aarch64-linux-gnu.so
[3.858s] -- Set runtime path of "/home/abhinandan/ROS2-projects/manipulation/install/arduinobot_messages/local/lib/python3.10/dist-packages/arduinobot_messages/arduinobot_messages_s__rosidl_typesupport_introspection_c.cpython-310-aarch64-linux-gnu.so" to ""
[3.859s] -- Installing: /home/abhinandan/ROS2-projects/manipulation/install/arduinobot_messages/local/lib/python3.10/dist-packages/arduinobot_messages/arduinobot_messages_s__rosidl_typesupport_c.cpython-310-aarch64-linux-gnu.so
[3.859s] -- Set runtime path of "/home/abhinandan/ROS2-projects/manipulation/install/arduinobot_messages/local/lib/python3.10/dist-packages/arduinobot_messages/arduinobot_messages_s__rosidl_typesupport_c.cpython-310-aarch64-linux-gnu.so" to ""
[3.859s] -- Installing: /home/abhinandan/ROS2-projects/manipulation/install/arduinobot_messages/lib/libarduinobot_messages__rosidl_generator_py.so
[3.859s] -- Set runtime path of "/home/abhinandan/ROS2-projects/manipulation/install/arduinobot_messages/lib/libarduinobot_messages__rosidl_generator_py.so" to ""
[3.859s] -- Up-to-date: /home/abhinandan/ROS2-projects/manipulation/install/arduinobot_messages/share/arduinobot_messages/srv/AddTwoints.idl
[3.859s] -- Installing: /home/abhinandan/ROS2-projects/manipulation/install/arduinobot_messages/share/arduinobot_messages/srv/EulerToQuaternion.idl
[3.859s] -- Installing: /home/abhinandan/ROS2-projects/manipulation/install/arduinobot_messages/share/arduinobot_messages/srv/QuaternionToEuler.idl
[3.859s] -- Up-to-date: /home/abhinandan/ROS2-projects/manipulation/install/arduinobot_messages/share/arduinobot_messages/srv/AddTwoints.srv
[3.859s] -- Up-to-date: /home/abhinandan/ROS2-projects/manipulation/install/arduinobot_messages/share/arduinobot_messages/srv/AddTwoints_Request.msg
[3.860s] -- Up-to-date: /home/abhinandan/ROS2-projects/manipulation/install/arduinobot_messages/share/arduinobot_messages/srv/AddTwoints_Response.msg
[3.860s] -- Installing: /home/abhinandan/ROS2-projects/manipulation/install/arduinobot_messages/share/arduinobot_messages/srv/EulerToQuaternion.srv
[3.860s] -- Installing: /home/abhinandan/ROS2-projects/manipulation/install/arduinobot_messages/share/arduinobot_messages/srv/EulerToQuaternion_Request.msg
[3.860s] -- Installing: /home/abhinandan/ROS2-projects/manipulation/install/arduinobot_messages/share/arduinobot_messages/srv/EulerToQuaternion_Response.msg
[3.860s] -- Installing: /home/abhinandan/ROS2-projects/manipulation/install/arduinobot_messages/share/arduinobot_messages/srv/QuaternionToEuler.srv
[3.860s] -- Installing: /home/abhinandan/ROS2-projects/manipulation/install/arduinobot_messages/share/arduinobot_messages/srv/QuaternionToEuler_Request.msg
[3.860s] -- Installing: /home/abhinandan/ROS2-projects/manipulation/install/arduinobot_messages/share/arduinobot_messages/srv/QuaternionToEuler_Response.msg
[3.860s] -- Up-to-date: /home/abhinandan/ROS2-projects/manipulation/install/arduinobot_messages/share/ament_index/resource_index/package_run_dependencies/arduinobot_messages
[3.860s] -- Installing: /home/abhinandan/ROS2-projects/manipulation/install/arduinobot_messages/share/ament_index/resource_index/parent_prefix_path/arduinobot_messages
[3.860s] -- Up-to-date: /home/abhinandan/ROS2-projects/manipulation/install/arduinobot_messages/share/arduinobot_messages/environment/ament_prefix_path.sh
[3.860s] -- Installing: /home/abhinandan/ROS2-projects/manipulation/install/arduinobot_messages/share/arduinobot_messages/environment/ament_prefix_path.dsv
[3.861s] -- Up-to-date: /home/abhinandan/ROS2-projects/manipulation/install/arduinobot_messages/share/arduinobot_messages/environment/path.sh
[3.861s] -- Installing: /home/abhinandan/ROS2-projects/manipulation/install/arduinobot_messages/share/arduinobot_messages/environment/path.dsv
[3.861s] -- Up-to-date: /home/abhinandan/ROS2-projects/manipulation/install/arduinobot_messages/share/arduinobot_messages/local_setup.bash
[3.861s] -- Up-to-date: /home/abhinandan/ROS2-projects/manipulation/install/arduinobot_messages/share/arduinobot_messages/local_setup.sh
[3.861s] -- Up-to-date: /home/abhinandan/ROS2-projects/manipulation/install/arduinobot_messages/share/arduinobot_messages/local_setup.zsh
[3.861s] -- Installing: /home/abhinandan/ROS2-projects/manipulation/install/arduinobot_messages/share/arduinobot_messages/local_setup.dsv
[3.861s] -- Installing: /home/abhinandan/ROS2-projects/manipulation/install/arduinobot_messages/share/arduinobot_messages/package.dsv
[3.861s] -- Up-to-date: /home/abhinandan/ROS2-projects/manipulation/install/arduinobot_messages/share/ament_index/resource_index/packages/arduinobot_messages
[3.861s] -- Up-to-date: /home/abhinandan/ROS2-projects/manipulation/install/arduinobot_messages/share/arduinobot_messages/cmake/export_arduinobot_messages__rosidl_generator_cExport.cmake
[3.861s] -- Up-to-date: /home/abhinandan/ROS2-projects/manipulation/install/arduinobot_messages/share/arduinobot_messages/cmake/export_arduinobot_messages__rosidl_generator_cExport-noconfig.cmake
[3.861s] -- Up-to-date: /home/abhinandan/ROS2-projects/manipulation/install/arduinobot_messages/share/arduinobot_messages/cmake/export_arduinobot_messages__rosidl_typesupport_fastrtps_cExport.cmake
[3.861s] -- Up-to-date: /home/abhinandan/ROS2-projects/manipulation/install/arduinobot_messages/share/arduinobot_messages/cmake/export_arduinobot_messages__rosidl_typesupport_fastrtps_cExport-noconfig.cmake
[3.861s] -- Up-to-date: /home/abhinandan/ROS2-projects/manipulation/install/arduinobot_messages/share/arduinobot_messages/cmake/export_arduinobot_messages__rosidl_generator_cppExport.cmake
[3.861s] -- Up-to-date: /home/abhinandan/ROS2-projects/manipulation/install/arduinobot_messages/share/arduinobot_messages/cmake/export_arduinobot_messages__rosidl_typesupport_fastrtps_cppExport.cmake
[3.862s] -- Up-to-date: /home/abhinandan/ROS2-projects/manipulation/install/arduinobot_messages/share/arduinobot_messages/cmake/export_arduinobot_messages__rosidl_typesupport_fastrtps_cppExport-noconfig.cmake
[3.862s] -- Up-to-date: /home/abhinandan/ROS2-projects/manipulation/install/arduinobot_messages/share/arduinobot_messages/cmake/arduinobot_messages__rosidl_typesupport_introspection_cExport.cmake
[3.862s] -- Up-to-date: /home/abhinandan/ROS2-projects/manipulation/install/arduinobot_messages/share/arduinobot_messages/cmake/arduinobot_messages__rosidl_typesupport_introspection_cExport-noconfig.cmake
[3.862s] -- Up-to-date: /home/abhinandan/ROS2-projects/manipulation/install/arduinobot_messages/share/arduinobot_messages/cmake/arduinobot_messages__rosidl_typesupport_cExport.cmake
[3.862s] -- Up-to-date: /home/abhinandan/ROS2-projects/manipulation/install/arduinobot_messages/share/arduinobot_messages/cmake/arduinobot_messages__rosidl_typesupport_cExport-noconfig.cmake
[3.862s] -- Up-to-date: /home/abhinandan/ROS2-projects/manipulation/install/arduinobot_messages/share/arduinobot_messages/cmake/arduinobot_messages__rosidl_typesupport_introspection_cppExport.cmake
[3.862s] -- Up-to-date: /home/abhinandan/ROS2-projects/manipulation/install/arduinobot_messages/share/arduinobot_messages/cmake/arduinobot_messages__rosidl_typesupport_introspection_cppExport-noconfig.cmake
[3.862s] -- Up-to-date: /home/abhinandan/ROS2-projects/manipulation/install/arduinobot_messages/share/arduinobot_messages/cmake/arduinobot_messages__rosidl_typesupport_cppExport.cmake
[3.862s] -- Up-to-date: /home/abhinandan/ROS2-projects/manipulation/install/arduinobot_messages/share/arduinobot_messages/cmake/arduinobot_messages__rosidl_typesupport_cppExport-noconfig.cmake
[3.862s] -- Up-to-date: /home/abhinandan/ROS2-projects/manipulation/install/arduinobot_messages/share/arduinobot_messages/cmake/export_arduinobot_messages__rosidl_generator_pyExport.cmake
[3.862s] -- Up-to-date: /home/abhinandan/ROS2-projects/manipulation/install/arduinobot_messages/share/arduinobot_messages/cmake/export_arduinobot_messages__rosidl_generator_pyExport-noconfig.cmake
[3.862s] -- Installing: /home/abhinandan/ROS2-projects/manipulation/install/arduinobot_messages/share/arduinobot_messages/cmake/rosidl_cmake-extras.cmake
[3.862s] -- Up-to-date: /home/abhinandan/ROS2-projects/manipulation/install/arduinobot_messages/share/arduinobot_messages/cmake/ament_cmake_export_include_directories-extras.cmake
[3.862s] -- Up-to-date: /home/abhinandan/ROS2-projects/manipulation/install/arduinobot_messages/share/arduinobot_messages/cmake/ament_cmake_export_libraries-extras.cmake
[3.863s] -- Up-to-date: /home/abhinandan/ROS2-projects/manipulation/install/arduinobot_messages/share/arduinobot_messages/cmake/ament_cmake_export_targets-extras.cmake
[3.863s] -- Up-to-date: /home/abhinandan/ROS2-projects/manipulation/install/arduinobot_messages/share/arduinobot_messages/cmake/rosidl_cmake_export_typesupport_targets-extras.cmake
[3.863s] -- Up-to-date: /home/abhinandan/ROS2-projects/manipulation/install/arduinobot_messages/share/arduinobot_messages/cmake/ament_cmake_export_dependencies-extras.cmake
[3.863s] -- Up-to-date: /home/abhinandan/ROS2-projects/manipulation/install/arduinobot_messages/share/arduinobot_messages/cmake/rosidl_cmake_export_typesupport_libraries-extras.cmake
[3.863s] -- Up-to-date: /home/abhinandan/ROS2-projects/manipulation/install/arduinobot_messages/share/arduinobot_messages/cmake/arduinobot_messagesConfig.cmake
[3.863s] -- Up-to-date: /home/abhinandan/ROS2-projects/manipulation/install/arduinobot_messages/share/arduinobot_messages/cmake/arduinobot_messagesConfig-version.cmake
[3.863s] -- Up-to-date: /home/abhinandan/ROS2-projects/manipulation/install/arduinobot_messages/share/arduinobot_messages/package.xml
[3.867s] Invoked command in '/home/abhinandan/ROS2-projects/manipulation/build/arduinobot_messages' returned '0': CMAKE_PREFIX_PATH=${CMAKE_PREFIX_PATH}:/home/abhinandan/ROS2-projects/manipulation/install/arduinobot_py_examples:/opt/ros/humble /usr/bin/cmake --install /home/abhinandan/ROS2-projects/manipulation/build/arduinobot_messages
