[0.032s] Invoking command in '/home/abhinandan/ROS2-projects/manipulation/build/arduinobot_utils': CMAKE_PREFIX_PATH=${CMAKE_PREFIX_PATH}:/home/abhinandan/ROS2-projects/manipulation/install/arduinobot_py_examples:/opt/ros/humble /usr/bin/cmake /home/abhinandan/ROS2-projects/manipulation/src/arduinobot_utils -DCMAKE_INSTALL_PREFIX=/home/abhinandan/ROS2-projects/manipulation/install/arduinobot_utils
[0.152s] -- The C compiler identification is GNU 11.4.0
[0.190s] -- The CXX compiler identification is GNU 11.4.0
[0.203s] -- Detecting C compiler ABI info
[0.339s] -- Detecting C compiler ABI info - done
[0.339s] -- Check for working C compiler: /usr/bin/cc - skipped
[0.340s] -- Detecting C compile features
[0.340s] -- Detecting C compile features - done
[0.342s] -- Detecting CXX compiler ABI info
[0.471s] -- Detecting CXX compiler ABI info - done
[0.473s] -- Check for working CXX compiler: /usr/bin/c++ - skipped
[0.474s] -- Detecting CXX compile features
[0.474s] -- Detecting CXX compile features - done
[0.482s] -- Found ament_cmake: 1.3.11 (/opt/ros/humble/share/ament_cmake/cmake)
[0.574s] -- Found Python3: /usr/bin/python3 (found version "3.10.12") found components: Interpreter 
[0.673s] -- Found ament_lint_auto: 0.12.12 (/opt/ros/humble/share/ament_lint_auto/cmake)
[0.780s] -- Added test 'flake8' to check Python code syntax and style conventions
[0.781s] -- Added test 'lint_cmake' to check CMake code style
[0.782s] -- Added test 'pep257' to check Python code against some of the docstring style conventions in PEP 257
[0.782s] -- Added test 'xmllint' to check XML markup files
[0.784s] -- Configuring done
[0.791s] -- Generating done
[0.798s] -- Build files have been written to: /home/abhinandan/ROS2-projects/manipulation/build/arduinobot_utils
[0.837s] Invoked command in '/home/abhinandan/ROS2-projects/manipulation/build/arduinobot_utils' returned '0': CMAKE_PREFIX_PATH=${CMAKE_PREFIX_PATH}:/home/abhinandan/ROS2-projects/manipulation/install/arduinobot_py_examples:/opt/ros/humble /usr/bin/cmake /home/abhinandan/ROS2-projects/manipulation/src/arduinobot_utils -DCMAKE_INSTALL_PREFIX=/home/abhinandan/ROS2-projects/manipulation/install/arduinobot_utils
[0.837s] Invoking command in '/home/abhinandan/ROS2-projects/manipulation/build/arduinobot_utils': CMAKE_PREFIX_PATH=${CMAKE_PREFIX_PATH}:/home/abhinandan/ROS2-projects/manipulation/install/arduinobot_py_examples:/opt/ros/humble /usr/bin/cmake --build /home/abhinandan/ROS2-projects/manipulation/build/arduinobot_utils -- -j4 -l4
[0.918s] Invoked command in '/home/abhinandan/ROS2-projects/manipulation/build/arduinobot_utils' returned '0': CMAKE_PREFIX_PATH=${CMAKE_PREFIX_PATH}:/home/abhinandan/ROS2-projects/manipulation/install/arduinobot_py_examples:/opt/ros/humble /usr/bin/cmake --build /home/abhinandan/ROS2-projects/manipulation/build/arduinobot_utils -- -j4 -l4
[0.924s] Invoking command in '/home/abhinandan/ROS2-projects/manipulation/build/arduinobot_utils': CMAKE_PREFIX_PATH=${CMAKE_PREFIX_PATH}:/home/abhinandan/ROS2-projects/manipulation/install/arduinobot_py_examples:/opt/ros/humble /usr/bin/cmake --install /home/abhinandan/ROS2-projects/manipulation/build/arduinobot_utils
[0.941s] -- Install configuration: ""
[0.942s] -- Installing: /home/abhinandan/ROS2-projects/manipulation/install/arduinobot_utils/share/ament_index/resource_index/package_run_dependencies/arduinobot_utils
[0.943s] -- Installing: /home/abhinandan/ROS2-projects/manipulation/install/arduinobot_utils/share/ament_index/resource_index/parent_prefix_path/arduinobot_utils
[0.943s] -- Installing: /home/abhinandan/ROS2-projects/manipulation/install/arduinobot_utils/share/arduinobot_utils/environment/ament_prefix_path.sh
[0.944s] -- Installing: /home/abhinandan/ROS2-projects/manipulation/install/arduinobot_utils/share/arduinobot_utils/environment/ament_prefix_path.dsv
[0.945s] -- Installing: /home/abhinandan/ROS2-projects/manipulation/install/arduinobot_utils/share/arduinobot_utils/environment/path.sh
[0.945s] -- Installing: /home/abhinandan/ROS2-projects/manipulation/install/arduinobot_utils/share/arduinobot_utils/environment/path.dsv
[0.946s] -- Installing: /home/abhinandan/ROS2-projects/manipulation/install/arduinobot_utils/share/arduinobot_utils/local_setup.bash
[0.947s] -- Installing: /home/abhinandan/ROS2-projects/manipulation/install/arduinobot_utils/share/arduinobot_utils/local_setup.sh
[0.948s] -- Installing: /home/abhinandan/ROS2-projects/manipulation/install/arduinobot_utils/share/arduinobot_utils/local_setup.zsh
[0.948s] -- Installing: /home/abhinandan/ROS2-projects/manipulation/install/arduinobot_utils/share/arduinobot_utils/local_setup.dsv
[0.949s] -- Installing: /home/abhinandan/ROS2-projects/manipulation/install/arduinobot_utils/share/arduinobot_utils/package.dsv
[0.950s] -- Installing: /home/abhinandan/ROS2-projects/manipulation/install/arduinobot_utils/share/ament_index/resource_index/packages/arduinobot_utils
[0.951s] -- Installing: /home/abhinandan/ROS2-projects/manipulation/install/arduinobot_utils/share/arduinobot_utils/cmake/arduinobot_utilsConfig.cmake
[0.952s] -- Installing: /home/abhinandan/ROS2-projects/manipulation/install/arduinobot_utils/share/arduinobot_utils/cmake/arduinobot_utilsConfig-version.cmake
[0.952s] -- Installing: /home/abhinandan/ROS2-projects/manipulation/install/arduinobot_utils/share/arduinobot_utils/package.xml
[0.958s] Invoked command in '/home/abhinandan/ROS2-projects/manipulation/build/arduinobot_utils' returned '0': CMAKE_PREFIX_PATH=${CMAKE_PREFIX_PATH}:/home/abhinandan/ROS2-projects/manipulation/install/arduinobot_py_examples:/opt/ros/humble /usr/bin/cmake --install /home/abhinandan/ROS2-projects/manipulation/build/arduinobot_utils
